New log file opened at Sun Apr 26 22:59:23 CEST 2015 by 10832@usuario-PC
Sending msg to client play-fork-run-b87e8609-aeb4-4645-a3ba-95eeaec4a68a: DetachedLogEvent(LogMessage(debug,sbt server socket logs are in: C:\Program Files (x86)\Git\cmd\gameWeb\just-play-java\.sbtserver\connections\master.log))
Sending msg to client play-fork-run-b87e8609-aeb4-4645-a3ba-95eeaec4a68a: DetachedLogEvent(LogMessage(debug,sbt client logs are in: C:\Program Files (x86)\Git\cmd\gameWeb\just-play-java\.sbtserver\connections\play-fork-run-b87e8609-aeb4-4645-a3ba-95eeaec4a68a.log))
Sending msg to client play-fork-run-b87e8609-aeb4-4645-a3ba-95eeaec4a68a: DetachedLogEvent(LogMessage(debug,sbt general server logs are in: C:\Program Files (x86)\Git\cmd\gameWeb\just-play-java\.sbtserver\master.log))
Dropping message DetachedLogEvent(LogMessage(debug,sbt client logs are in: C:\Program Files (x86)\Git\cmd\gameWeb\just-play-java\.sbtserver\connections\play-fork-run-b87e8609-aeb4-4645-a3ba-95eeaec4a68a.log)) because client play-fork-run-b87e8609-aeb4-4645-a3ba-95eeaec4a68a of an exception serializing and sending: java.net.SocketException: Software caused connection abort: socket write error
Dropping message DetachedLogEvent(LogMessage(debug,sbt general server logs are in: C:\Program Files (x86)\Git\cmd\gameWeb\just-play-java\.sbtserver\master.log)) because client play-fork-run-b87e8609-aeb4-4645-a3ba-95eeaec4a68a of an exception serializing and sending: java.net.SocketException: Software caused connection abort: socket write error
stack trace sending message was 
java.net.SocketException: Software caused connection abort: socket write error
	at java.net.SocketOutputStream.socketWrite0(Native Method)
	at java.net.SocketOutputStream.socketWrite(Unknown Source)
	at java.net.SocketOutputStream.write(Unknown Source)
	at java.io.BufferedOutputStream.flushBuffer(Unknown Source)
	at java.io.BufferedOutputStream.flush(Unknown Source)
	at java.io.DataOutputStream.flush(Unknown Source)
	at sbt.impl.ipc.Peer.send(IPC.scala:79)
	at sbt.impl.ipc.Peer.send(IPC.scala:83)
	at sbt.impl.ipc.Peer.sendString(IPC.scala:106)
	at sbt.impl.ipc.Peer.sendJson(IPC.scala:119)
	at sbt.server.SbtClientHandler$$anonfun$send$1.apply$mcV$sp(SbtClientHandler.scala:128)
	at sbt.server.SbtClientHandler.wrappedSend(SbtClientHandler.scala:113)
	at sbt.server.SbtClientHandler.send(SbtClientHandler.scala:128)
	at sbt.server.SbtServerSocketHandler$$anon$1.run(SbtServerSocketHandler.scala:94)
stack trace sending message was 
java.net.SocketException: Software caused connection abort: socket write error
	at java.net.SocketOutputStream.socketWrite0(Native Method)
	at java.net.SocketOutputStream.socketWrite(Unknown Source)
	at java.net.SocketOutputStream.write(Unknown Source)
	at java.io.BufferedOutputStream.flushBuffer(Unknown Source)
	at java.io.BufferedOutputStream.flush(Unknown Source)
	at java.io.DataOutputStream.flush(Unknown Source)
	at sbt.impl.ipc.Peer.send(IPC.scala:79)
	at sbt.impl.ipc.Peer.send(IPC.scala:83)
	at sbt.impl.ipc.Peer.sendString(IPC.scala:106)
	at sbt.impl.ipc.Peer.sendJson(IPC.scala:119)
	at sbt.server.SbtClientHandler$$anonfun$send$1.apply$mcV$sp(SbtClientHandler.scala:128)
	at sbt.server.SbtClientHandler.wrappedSend(SbtClientHandler.scala:113)
	at sbt.server.SbtClientHandler.send(SbtClientHandler.scala:128)
	at sbt.server.SbtClientHandler$clientThread$.run(SbtClientHandler.scala:42)
Reading next message from client.
Client play-fork-run-b87e8609-aeb4-4645-a3ba-95eeaec4a68a closed, java.net.SocketException: socket is closed, shutting down
Dropping message (0,ReceivedResponse()) to dead client play-fork-run-b87e8609-aeb4-4645-a3ba-95eeaec4a68a
Client play-fork-run-b87e8609-aeb4-4645-a3ba-95eeaec4a68a thread exiting.
