New log file opened at Thu Apr 23 13:24:32 CEST 2015 by 3808@Admin-PC
Taking next connection to: 49618
New client attempting to connect on port: 49619-49618
  Address = /192.168.0.10:49618
This client on port 49619 has uuid 0fba5b7d-a80b-4bcf-946a-30b2365f154d configName activator humanReadableName Activator protocolVersion 1 featureTags Vector()
Connected Clients: activator-0fba5b7d-a80b-4bcf-946a-30b2365f154d
Taking next connection to: 49618
Checking to see if clients are empty...
We have 1 non-daemon clients, continuing serving connections.
Taking next connection to: 49618
Checking to see if clients are empty...
We have 1 non-daemon clients, continuing serving connections.
Taking next connection to: 49618
Checking to see if clients are empty...
We have 1 non-daemon clients, continuing serving connections.
Taking next connection to: 49618
Checking to see if clients are empty...
We have 1 non-daemon clients, continuing serving connections.
Taking next connection to: 49618
Checking to see if clients are empty...
We have 1 non-daemon clients, continuing serving connections.
Taking next connection to: 49618
New client attempting to connect on port: 49906-49618
  Address = /192.168.0.10:49618
Handshake exception on socket: 49906
sbt.impl.ipc.HandshakeException: Unable to perform handshake
	at sbt.impl.ipc.Peer.handshake(IPC.scala:46)
	at sbt.impl.ipc.MultiClientServer.<init>(IPC.scala:150)
	at sbt.server.SbtServerSocketHandler$$anon$1.run(SbtServerSocketHandler.scala:43)
Caused by: java.net.SocketException: Software caused connection abort: recv failed
	at java.net.SocketInputStream.socketRead0(Native Method)
	at java.net.SocketInputStream.read(Unknown Source)
	at java.net.SocketInputStream.read(Unknown Source)
	at java.io.BufferedInputStream.fill(Unknown Source)
	at java.io.BufferedInputStream.read(Unknown Source)
	at java.io.DataInputStream.readInt(Unknown Source)
	at sbt.impl.ipc.Peer.receive(IPC.scala:95)
	at sbt.impl.ipc.Peer.handshake(IPC.scala:49)
	... 2 more
Taking next connection to: 49618
New client attempting to connect on port: 49907-49618
  Address = /192.168.0.10:49618
This client on port 49907 has uuid a31de017-47c3-443d-96ac-628db9bfb8f2 configName play-fork-run humanReadableName Play Fork Run protocolVersion 1 featureTags Vector()
Connected Clients: activator-0fba5b7d-a80b-4bcf-946a-30b2365f154d, play-fork-run-a31de017-47c3-443d-96ac-628db9bfb8f2
Taking next connection to: 49618
New client attempting to connect on port: 49945-49618
  Address = /192.168.0.10:49618
Handshake exception on socket: 49945
sbt.impl.ipc.HandshakeException: Unable to perform handshake
	at sbt.impl.ipc.Peer.handshake(IPC.scala:46)
	at sbt.impl.ipc.MultiClientServer.<init>(IPC.scala:150)
	at sbt.server.SbtServerSocketHandler$$anon$1.run(SbtServerSocketHandler.scala:43)
Caused by: java.net.SocketException: Software caused connection abort: recv failed
	at java.net.SocketInputStream.socketRead0(Native Method)
	at java.net.SocketInputStream.read(Unknown Source)
	at java.net.SocketInputStream.read(Unknown Source)
	at java.io.BufferedInputStream.fill(Unknown Source)
	at java.io.BufferedInputStream.read(Unknown Source)
	at java.io.DataInputStream.readInt(Unknown Source)
	at sbt.impl.ipc.Peer.receive(IPC.scala:95)
	at sbt.impl.ipc.Peer.handshake(IPC.scala:49)
	... 2 more
Taking next connection to: 49618
New client attempting to connect on port: 49946-49618
  Address = /192.168.0.10:49618
This client on port 49946 has uuid a37e27dc-e249-40c8-9411-69608852109c configName play-fork-run humanReadableName Play Fork Run protocolVersion 1 featureTags Vector()
Connected Clients: activator-0fba5b7d-a80b-4bcf-946a-30b2365f154d, play-fork-run-a37e27dc-e249-40c8-9411-69608852109c
Taking next connection to: 49618
New client attempting to connect on port: 50000-49618
  Address = /192.168.0.10:49618
Handshake exception on socket: 50000
sbt.impl.ipc.HandshakeException: Unable to perform handshake
	at sbt.impl.ipc.Peer.handshake(IPC.scala:46)
	at sbt.impl.ipc.MultiClientServer.<init>(IPC.scala:150)
	at sbt.server.SbtServerSocketHandler$$anon$1.run(SbtServerSocketHandler.scala:43)
Caused by: java.net.SocketException: Software caused connection abort: recv failed
	at java.net.SocketInputStream.socketRead0(Native Method)
	at java.net.SocketInputStream.read(Unknown Source)
	at java.net.SocketInputStream.read(Unknown Source)
	at java.io.BufferedInputStream.fill(Unknown Source)
	at java.io.BufferedInputStream.read(Unknown Source)
	at java.io.DataInputStream.readInt(Unknown Source)
	at sbt.impl.ipc.Peer.receive(IPC.scala:95)
	at sbt.impl.ipc.Peer.handshake(IPC.scala:49)
	... 2 more
Taking next connection to: 49618
New client attempting to connect on port: 50001-49618
  Address = /192.168.0.10:49618
This client on port 50001 has uuid 8f07f07a-7c8d-40ae-a35b-8c2440ec7c5c configName play-fork-run humanReadableName Play Fork Run protocolVersion 1 featureTags Vector()
Connected Clients: activator-0fba5b7d-a80b-4bcf-946a-30b2365f154d, play-fork-run-8f07f07a-7c8d-40ae-a35b-8c2440ec7c5c
Taking next connection to: 49618
New client attempting to connect on port: 50073-49618
  Address = /192.168.0.10:49618
Handshake exception on socket: 50073
sbt.impl.ipc.HandshakeException: Unable to perform handshake
	at sbt.impl.ipc.Peer.handshake(IPC.scala:46)
	at sbt.impl.ipc.MultiClientServer.<init>(IPC.scala:150)
	at sbt.server.SbtServerSocketHandler$$anon$1.run(SbtServerSocketHandler.scala:43)
Caused by: java.net.SocketException: Software caused connection abort: recv failed
	at java.net.SocketInputStream.socketRead0(Native Method)
	at java.net.SocketInputStream.read(Unknown Source)
	at java.net.SocketInputStream.read(Unknown Source)
	at java.io.BufferedInputStream.fill(Unknown Source)
	at java.io.BufferedInputStream.read(Unknown Source)
	at java.io.DataInputStream.readInt(Unknown Source)
	at sbt.impl.ipc.Peer.receive(IPC.scala:95)
	at sbt.impl.ipc.Peer.handshake(IPC.scala:49)
	... 2 more
Taking next connection to: 49618
New client attempting to connect on port: 50074-49618
  Address = /192.168.0.10:49618
This client on port 50074 has uuid 7cc16832-ef75-462e-99de-3335ace58dca configName play-fork-run humanReadableName Play Fork Run protocolVersion 1 featureTags Vector()
Connected Clients: activator-0fba5b7d-a80b-4bcf-946a-30b2365f154d, play-fork-run-7cc16832-ef75-462e-99de-3335ace58dca
Taking next connection to: 49618
