New log file opened at Thu Apr 23 13:39:58 CEST 2015 by 3808@Admin-PC
Sending msg to client play-fork-run-a31de017-47c3-443d-96ac-628db9bfb8f2: DetachedLogEvent(LogMessage(debug,sbt server socket logs are in: C:\Users\Admin\just-play-java\.sbtserver\connections\master.log))
Sending msg to client play-fork-run-a31de017-47c3-443d-96ac-628db9bfb8f2: DetachedLogEvent(LogMessage(debug,sbt general server logs are in: C:\Users\Admin\just-play-java\.sbtserver\master.log))
Sending msg to client play-fork-run-a31de017-47c3-443d-96ac-628db9bfb8f2: DetachedLogEvent(LogMessage(debug,sbt client logs are in: C:\Users\Admin\just-play-java\.sbtserver\connections\play-fork-run-a31de017-47c3-443d-96ac-628db9bfb8f2.log))
Reading next message from client.
Got request: DaemonRequest(true)
Reading next message from client.
Sending msg to client play-fork-run-a31de017-47c3-443d-96ac-628db9bfb8f2: (3,ReceivedResponse())
Got request: ListenToEvents()
Reading next message from client.
Sending msg to client play-fork-run-a31de017-47c3-443d-96ac-628db9bfb8f2: BackgroundJobStarted(18,BackgroundJobInfo(1,backgroundRun,AttributeKey[sbt.BackgroundJobHandle]("backgroundRun") in Scope(Build: file:/C:/Users/Admin/just-play-java/, , Project: ProjectReference(file:/C:/Users/Admin/just-play-java/,root), Config: compile)))
Sending msg to client play-fork-run-a31de017-47c3-443d-96ac-628db9bfb8f2: (4,ReceivedResponse())
Got request: KeyLookupRequest(root/playForkConfig)
Reading next message from client.
Sending msg to client play-fork-run-a31de017-47c3-443d-96ac-628db9bfb8f2: (5,KeyLookupResponse(root/playForkConfig,Vector(AttributeKey[play.forkrun.protocol.ForkConfig]("playForkConfig") in Scope(Build: file:/C:/Users/Admin/just-play-java/, , Project: ProjectReference(file:/C:/Users/Admin/just-play-java/,root)))))
Got request: ListenToValue(AttributeKey[play.forkrun.protocol.ForkConfig]("playForkConfig") in Scope(Build: file:/C:/Users/Admin/just-play-java/, , Project: ProjectReference(file:/C:/Users/Admin/just-play-java/,root)))
Reading next message from client.
Sending msg to client play-fork-run-a31de017-47c3-443d-96ac-628db9bfb8f2: (6,ReceivedResponse())
Got request: KeyExecutionRequest(AttributeKey[play.forkrun.protocol.ForkConfig]("playForkConfig") in Scope(Build: file:/C:/Users/Admin/just-play-java/, , Project: ProjectReference(file:/C:/Users/Admin/just-play-java/,root)))
Reading next message from client.
Sending msg to client play-fork-run-a31de017-47c3-443d-96ac-628db9bfb8f2: (7,ExecutionRequestReceived(19))
Sending msg to client play-fork-run-a31de017-47c3-443d-96ac-628db9bfb8f2: ExecutionWaiting(19,{file:/C:/Users/Admin/just-play-java/}root/*:playForkConfig,ClientInfo(a31de017-47c3-443d-96ac-628db9bfb8f2,play-fork-run,Play Fork Run,1,Vector()))
Sending msg to client play-fork-run-a31de017-47c3-443d-96ac-628db9bfb8f2: ExecutionStarting(19)
Sending msg to client play-fork-run-a31de017-47c3-443d-96ac-628db9bfb8f2: DetachedLogEvent(LogMessage(debug,> {file:/C:/Users/Admin/just-play-java/}root/*:playForkConfig))
Sending msg to client play-fork-run-a31de017-47c3-443d-96ac-628db9bfb8f2: DetachedLogEvent(LogMessage(debug,Evaluating tasks: *:playForkConfig))
Sending msg to client play-fork-run-a31de017-47c3-443d-96ac-628db9bfb8f2: DetachedLogEvent(LogMessage(debug,Running task... Cancel: sbt.server.ServerTaskCancellation@1533f2ea, check cycles: false))
Sending msg to client play-fork-run-a31de017-47c3-443d-96ac-628db9bfb8f2: DetachedLogEvent(LogMessage(debug,cancel strategy start enabled=true lastCommand=Some(LastCommand(CommandExecutionWork(ExecutionId(19),{file:/C:/Users/Admin/just-play-java/}root/*:playForkConfig,Set(LiveClient(play-fork-run a31de017-47c3-443d-96ac-628db9bfb8f2)),sbt.server.WorkCancellationStatus$$anon$1@5b88876c)))))
Sending msg to client play-fork-run-a31de017-47c3-443d-96ac-628db9bfb8f2: TaskStarted(19,2205,None)
Sending msg to client play-fork-run-a31de017-47c3-443d-96ac-628db9bfb8f2: TaskStarted(19,2208,None)
Sending msg to client play-fork-run-a31de017-47c3-443d-96ac-628db9bfb8f2: TaskStarted(19,2211,Some(AttributeKey[java.lang.String]("updateCacheName") in Scope(Build: file:/C:/Users/Admin/just-play-java/, , Project: ProjectReference(file:/C:/Users/Admin/just-play-java/,root))))
Sending msg to client play-fork-run-a31de017-47c3-443d-96ac-628db9bfb8f2: TaskStarted(19,2213,None)
Sending msg to client play-fork-run-a31de017-47c3-443d-96ac-628db9bfb8f2: TaskStarted(19,2221,Some(AttributeKey[scala.collection.Seq[sbt.Credentials]]("credentials") in Scope(Global)))
Sending msg to client play-fork-run-a31de017-47c3-443d-96ac-628db9bfb8f2: TaskStarted(19,2225,Some(AttributeKey[scala.collection.Seq[sbt.Resolver]]("externalResolvers") in Scope(Build: file:/C:/Users/Admin/just-play-java/, , Project: ProjectReference(file:/C:/Users/Admin/just-play-java/,root))))
Sending msg to client play-fork-run-a31de017-47c3-443d-96ac-628db9bfb8f2: TaskStarted(19,2229,Some(AttributeKey[scala.Option[scala.collection.Seq[sbt.Resolver]]]("bootResolvers") in Scope(Build: file:/C:/Users/Admin/just-play-java/, , Project: ProjectReference(file:/C:/Users/Admin/just-play-java/,root))))
Sending msg to client play-fork-run-a31de017-47c3-443d-96ac-628db9bfb8f2: TaskStarted(19,2230,Some(AttributeKey[boolean]("skip") in Scope(Global)))
Sending msg to client play-fork-run-a31de017-47c3-443d-96ac-628db9bfb8f2: TaskStarted(19,2232,None)
Sending msg to client play-fork-run-a31de017-47c3-443d-96ac-628db9bfb8f2: TaskStarted(19,2233,None)
Sending msg to client play-fork-run-a31de017-47c3-443d-96ac-628db9bfb8f2: TaskStarted(19,2235,None)
Sending msg to client play-fork-run-a31de017-47c3-443d-96ac-628db9bfb8f2: TaskStarted(19,2237,Some(AttributeKey[scala.collection.Seq[java.lang.String]]("javaOptions") in Scope(Global)))
Sending msg to client play-fork-run-a31de017-47c3-443d-96ac-628db9bfb8f2: TaskStarted(19,2249,None)
Sending msg to client play-fork-run-a31de017-47c3-443d-96ac-628db9bfb8f2: TaskStarted(19,2254,Some(AttributeKey[scala.Tuple2[java.lang.String,java.io.File]]("playPrefixAndAssets") in Scope(Build: file:/C:/Users/Admin/just-play-java/, , Project: ProjectReference(file:/C:/Users/Admin/just-play-java/,root))))
Sending msg to client play-fork-run-a31de017-47c3-443d-96ac-628db9bfb8f2: TaskFinished(19,2205,None,true,None)
Sending msg to client play-fork-run-a31de017-47c3-443d-96ac-628db9bfb8f2: TaskFinished(19,2208,None,true,None)
Sending msg to client play-fork-run-a31de017-47c3-443d-96ac-628db9bfb8f2: TaskStarted(19,2207,Some(AttributeKey[sbt.BuildStructure]("buildStructure") in Scope(Global)))
Sending msg to client play-fork-run-a31de017-47c3-443d-96ac-628db9bfb8f2: TaskStarted(19,2214,Some(AttributeKey[java.io.File]("dependencyCacheDirectory") in Scope(Build: file:/C:/Users/Admin/just-play-java/, , Project: ProjectReference(file:/C:/Users/Admin/just-play-java/,root))))
Sending msg to client play-fork-run-a31de017-47c3-443d-96ac-628db9bfb8f2: TaskStarted(19,2236,Some(AttributeKey[scala.collection.Seq[java.lang.String]]("playMonitoredFiles") in Scope(Build: file:/C:/Users/Admin/just-play-java/, , Project: ProjectReference(file:/C:/Users/Admin/just-play-java/,root))))
Sending msg to client play-fork-run-a31de017-47c3-443d-96ac-628db9bfb8f2: TaskFinished(19,2211,Some(AttributeKey[java.lang.String]("updateCacheName") in Scope(Build: file:/C:/Users/Admin/just-play-java/, , Project: ProjectReference(file:/C:/Users/Admin/just-play-java/,root))),true,None)
Sending msg to client play-fork-run-a31de017-47c3-443d-96ac-628db9bfb8f2: TaskFinished(19,2221,Some(AttributeKey[scala.collection.Seq[sbt.Credentials]]("credentials") in Scope(Global)),true,None)
Sending msg to client play-fork-run-a31de017-47c3-443d-96ac-628db9bfb8f2: TaskFinished(19,2237,Some(AttributeKey[scala.collection.Seq[java.lang.String]]("javaOptions") in Scope(Global)),true,None)
Sending msg to client play-fork-run-a31de017-47c3-443d-96ac-628db9bfb8f2: TaskFinished(19,2249,None,true,None)
Sending msg to client play-fork-run-a31de017-47c3-443d-96ac-628db9bfb8f2: TaskFinished(19,2213,None,true,None)
Sending msg to client play-fork-run-a31de017-47c3-443d-96ac-628db9bfb8f2: TaskStarted(19,2212,None)
Sending msg to client play-fork-run-a31de017-47c3-443d-96ac-628db9bfb8f2: TaskStarted(19,2220,None)
Sending msg to client play-fork-run-a31de017-47c3-443d-96ac-628db9bfb8f2: TaskStarted(19,2223,None)
Sending msg to client play-fork-run-a31de017-47c3-443d-96ac-628db9bfb8f2: TaskStarted(19,2228,None)
Sending msg to client play-fork-run-a31de017-47c3-443d-96ac-628db9bfb8f2: TaskStarted(19,2234,None)
Sending msg to client play-fork-run-a31de017-47c3-443d-96ac-628db9bfb8f2: TaskStarted(19,2242,None)
Sending msg to client play-fork-run-a31de017-47c3-443d-96ac-628db9bfb8f2: TaskStarted(19,2244,None)
Sending msg to client play-fork-run-a31de017-47c3-443d-96ac-628db9bfb8f2: TaskStarted(19,2250,None)
Sending msg to client play-fork-run-a31de017-47c3-443d-96ac-628db9bfb8f2: TaskFinished(19,2254,Some(AttributeKey[scala.Tuple2[java.lang.String,java.io.File]]("playPrefixAndAssets") in Scope(Build: file:/C:/Users/Admin/just-play-java/, , Project: ProjectReference(file:/C:/Users/Admin/just-play-java/,root))),true,None)
Sending msg to client play-fork-run-a31de017-47c3-443d-96ac-628db9bfb8f2: TaskStarted(19,2253,None)
Sending msg to client play-fork-run-a31de017-47c3-443d-96ac-628db9bfb8f2: TaskFinished(19,2214,Some(AttributeKey[java.io.File]("dependencyCacheDirectory") in Scope(Build: file:/C:/Users/Admin/just-play-java/, , Project: ProjectReference(file:/C:/Users/Admin/just-play-java/,root))),true,None)
Sending msg to client play-fork-run-a31de017-47c3-443d-96ac-628db9bfb8f2: TaskFinished(19,2207,Some(AttributeKey[sbt.BuildStructure]("buildStructure") in Scope(Global)),true,None)
Sending msg to client play-fork-run-a31de017-47c3-443d-96ac-628db9bfb8f2: TaskStarted(19,2206,Some(AttributeKey[sbt.Settings[sbt.Scope]]("settingsData") in Scope(Global)))
Sending msg to client play-fork-run-a31de017-47c3-443d-96ac-628db9bfb8f2: TaskFinished(19,2225,Some(AttributeKey[scala.collection.Seq[sbt.Resolver]]("externalResolvers") in Scope(Build: file:/C:/Users/Admin/just-play-java/, , Project: ProjectReference(file:/C:/Users/Admin/just-play-java/,root))),true,None)
Sending msg to client play-fork-run-a31de017-47c3-443d-96ac-628db9bfb8f2: TaskFinished(19,2212,None,true,None)
Sending msg to client play-fork-run-a31de017-47c3-443d-96ac-628db9bfb8f2: TaskStarted(19,2210,Some(AttributeKey[scala.collection.immutable.Map[sbt.ModuleID,sbt.SourcePosition]]("dependencyPositions") in Scope(Build: file:/C:/Users/Admin/just-play-java/, , Project: ProjectReference(file:/C:/Users/Admin/just-play-java/,root))))
Sending msg to client play-fork-run-a31de017-47c3-443d-96ac-628db9bfb8f2: TaskFinished(19,2220,None,true,None)
Sending msg to client play-fork-run-a31de017-47c3-443d-96ac-628db9bfb8f2: TaskFinished(19,2235,None,true,None)
Sending msg to client play-fork-run-a31de017-47c3-443d-96ac-628db9bfb8f2: TaskFinished(19,2236,Some(AttributeKey[scala.collection.Seq[java.lang.String]]("playMonitoredFiles") in Scope(Build: file:/C:/Users/Admin/just-play-java/, , Project: ProjectReference(file:/C:/Users/Admin/just-play-java/,root))),true,None)
Sending msg to client play-fork-run-a31de017-47c3-443d-96ac-628db9bfb8f2: TaskFinished(19,2234,None,true,None)
Sending msg to client play-fork-run-a31de017-47c3-443d-96ac-628db9bfb8f2: TaskFinished(19,2244,None,true,None)
Sending msg to client play-fork-run-a31de017-47c3-443d-96ac-628db9bfb8f2: TaskFinished(19,2242,None,true,None)
Sending msg to client play-fork-run-a31de017-47c3-443d-96ac-628db9bfb8f2: TaskFinished(19,2250,None,true,None)
Sending msg to client play-fork-run-a31de017-47c3-443d-96ac-628db9bfb8f2: TaskFinished(19,2253,None,true,None)
Sending msg to client play-fork-run-a31de017-47c3-443d-96ac-628db9bfb8f2: TaskStarted(19,2252,None)
Sending msg to client play-fork-run-a31de017-47c3-443d-96ac-628db9bfb8f2: TaskFinished(19,2206,Some(AttributeKey[sbt.Settings[sbt.Scope]]("settingsData") in Scope(Global)),true,None)
Sending msg to client play-fork-run-a31de017-47c3-443d-96ac-628db9bfb8f2: TaskStarted(19,2204,None)
Sending msg to client play-fork-run-a31de017-47c3-443d-96ac-628db9bfb8f2: TaskStarted(19,2218,Some(AttributeKey[scala.collection.Seq[sbt.ModuleID]]("projectDependencies") in Scope(Build: file:/C:/Users/Admin/just-play-java/, , Project: ProjectReference(file:/C:/Users/Admin/just-play-java/,root))))
Sending msg to client play-fork-run-a31de017-47c3-443d-96ac-628db9bfb8f2: TaskStarted(19,2241,None)
Sending msg to client play-fork-run-a31de017-47c3-443d-96ac-628db9bfb8f2: TaskFinished(19,2229,Some(AttributeKey[scala.Option[scala.collection.Seq[sbt.Resolver]]]("bootResolvers") in Scope(Build: file:/C:/Users/Admin/just-play-java/, , Project: ProjectReference(file:/C:/Users/Admin/just-play-java/,root))),true,None)
Sending msg to client play-fork-run-a31de017-47c3-443d-96ac-628db9bfb8f2: TaskFinished(19,2233,None,true,None)
Sending msg to client play-fork-run-a31de017-47c3-443d-96ac-628db9bfb8f2: TaskFinished(19,2228,None,true,None)
Sending msg to client play-fork-run-a31de017-47c3-443d-96ac-628db9bfb8f2: TaskStarted(19,2227,Some(AttributeKey[scala.collection.immutable.Map[org.apache.ivy.core.module.id.ModuleRevisionId,org.apache.ivy.core.module.descriptor.ModuleDescriptor]]("projectDescriptors") in Scope(Build: file:/C:/Users/Admin/just-play-java/, , Project: ProjectReference(file:/C:/Users/Admin/just-play-java/,root))))
Sending msg to client play-fork-run-a31de017-47c3-443d-96ac-628db9bfb8f2: TaskFinished(19,2223,None,true,None)
Sending msg to client play-fork-run-a31de017-47c3-443d-96ac-628db9bfb8f2: TaskFinished(19,2232,None,true,None)
Sending msg to client play-fork-run-a31de017-47c3-443d-96ac-628db9bfb8f2: TaskStarted(19,2231,Some(AttributeKey[scala.collection.Seq[sbt.UpdateReport]]("transitiveUpdate") in Scope(Build: file:/C:/Users/Admin/just-play-java/, , Project: ProjectReference(file:/C:/Users/Admin/just-play-java/,root))))
Sending msg to client play-fork-run-a31de017-47c3-443d-96ac-628db9bfb8f2: TaskFinished(19,2230,Some(AttributeKey[boolean]("skip") in Scope(Global)),true,None)
Sending msg to client play-fork-run-a31de017-47c3-443d-96ac-628db9bfb8f2: TaskFinished(19,2210,Some(AttributeKey[scala.collection.immutable.Map[sbt.ModuleID,sbt.SourcePosition]]("dependencyPositions") in Scope(Build: file:/C:/Users/Admin/just-play-java/, , Project: ProjectReference(file:/C:/Users/Admin/just-play-java/,root))),true,None)
Sending msg to client play-fork-run-a31de017-47c3-443d-96ac-628db9bfb8f2: TaskStarted(19,2209,Some(AttributeKey[sbt.UnresolvedWarningConfiguration]("unresolvedWarningConfiguration") in Scope(Build: file:/C:/Users/Admin/just-play-java/, , Project: ProjectReference(file:/C:/Users/Admin/just-play-java/,root), Task: AttributeKey[sbt.UpdateReport]("update"))))
Sending msg to client play-fork-run-a31de017-47c3-443d-96ac-628db9bfb8f2: TaskFinished(19,2252,None,true,None)
Sending msg to client play-fork-run-a31de017-47c3-443d-96ac-628db9bfb8f2: TaskStarted(19,2251,Some(AttributeKey[scala.collection.Seq[scala.Tuple2[java.lang.String,java.io.File]]]("playAllAssets") in Scope(Build: file:/C:/Users/Admin/just-play-java/, , Project: ProjectReference(file:/C:/Users/Admin/just-play-java/,root))))
Sending msg to client play-fork-run-a31de017-47c3-443d-96ac-628db9bfb8f2: TaskStarted(19,2255,None)
Sending msg to client play-fork-run-a31de017-47c3-443d-96ac-628db9bfb8f2: TaskStarted(19,2259,None)
Sending msg to client play-fork-run-a31de017-47c3-443d-96ac-628db9bfb8f2: TaskStarted(19,2260,None)
Sending msg to client play-fork-run-a31de017-47c3-443d-96ac-628db9bfb8f2: TaskStarted(19,2263,None)
Sending msg to client play-fork-run-a31de017-47c3-443d-96ac-628db9bfb8f2: TaskStarted(19,2265,None)
Sending msg to client play-fork-run-a31de017-47c3-443d-96ac-628db9bfb8f2: TaskStarted(19,2266,None)
Sending msg to client play-fork-run-a31de017-47c3-443d-96ac-628db9bfb8f2: TaskFinished(19,2218,Some(AttributeKey[scala.collection.Seq[sbt.ModuleID]]("projectDependencies") in Scope(Build: file:/C:/Users/Admin/just-play-java/, , Project: ProjectReference(file:/C:/Users/Admin/just-play-java/,root))),true,None)
Sending msg to client play-fork-run-a31de017-47c3-443d-96ac-628db9bfb8f2: TaskStarted(19,2217,Some(AttributeKey[scala.collection.Seq[sbt.ModuleID]]("allDependencies") in Scope(Build: file:/C:/Users/Admin/just-play-java/, , Project: ProjectReference(file:/C:/Users/Admin/just-play-java/,root))))
Sending msg to client play-fork-run-a31de017-47c3-443d-96ac-628db9bfb8f2: TaskStarted(19,2268,None)
Sending msg to client play-fork-run-a31de017-47c3-443d-96ac-628db9bfb8f2: TaskFinished(19,2231,Some(AttributeKey[scala.collection.Seq[sbt.UpdateReport]]("transitiveUpdate") in Scope(Build: file:/C:/Users/Admin/just-play-java/, , Project: ProjectReference(file:/C:/Users/Admin/just-play-java/,root))),true,None)
Sending msg to client play-fork-run-a31de017-47c3-443d-96ac-628db9bfb8f2: TaskFinished(19,2209,Some(AttributeKey[sbt.UnresolvedWarningConfiguration]("unresolvedWarningConfiguration") in Scope(Build: file:/C:/Users/Admin/just-play-java/, , Project: ProjectReference(file:/C:/Users/Admin/just-play-java/,root), Task: AttributeKey[sbt.UpdateReport]("update"))),true,None)
Sending msg to client play-fork-run-a31de017-47c3-443d-96ac-628db9bfb8f2: TaskFinished(19,2255,None,true,None)
Sending msg to client play-fork-run-a31de017-47c3-443d-96ac-628db9bfb8f2: TaskFinished(19,2204,None,true,None)
Sending msg to client play-fork-run-a31de017-47c3-443d-96ac-628db9bfb8f2: TaskFinished(19,2260,None,true,None)
Sending msg to client play-fork-run-a31de017-47c3-443d-96ac-628db9bfb8f2: TaskFinished(19,2259,None,true,None)
Sending msg to client play-fork-run-a31de017-47c3-443d-96ac-628db9bfb8f2: TaskStarted(19,2258,Some(AttributeKey[scala.collection.Seq[sbt.Attributed[java.io.File]]]("unmanagedJars") in Scope(Build: file:/C:/Users/Admin/just-play-java/, , Project: ProjectReference(file:/C:/Users/Admin/just-play-java/,root), Config: runtime)))
Sending msg to client play-fork-run-a31de017-47c3-443d-96ac-628db9bfb8f2: TaskFinished(19,2265,None,true,None)
Sending msg to client play-fork-run-a31de017-47c3-443d-96ac-628db9bfb8f2: TaskFinished(19,2251,Some(AttributeKey[scala.collection.Seq[scala.Tuple2[java.lang.String,java.io.File]]]("playAllAssets") in Scope(Build: file:/C:/Users/Admin/just-play-java/, , Project: ProjectReference(file:/C:/Users/Admin/just-play-java/,root))),true,None)
Sending msg to client play-fork-run-a31de017-47c3-443d-96ac-628db9bfb8f2: TaskFinished(19,2263,None,true,None)
Sending msg to client play-fork-run-a31de017-47c3-443d-96ac-628db9bfb8f2: TaskStarted(19,2262,None)
Sending msg to client play-fork-run-a31de017-47c3-443d-96ac-628db9bfb8f2: TaskFinished(19,2266,None,true,None)
Sending msg to client play-fork-run-a31de017-47c3-443d-96ac-628db9bfb8f2: TaskStarted(19,2264,Some(AttributeKey[scala.collection.Seq[sbt.Attributed[java.io.File]]]("unmanagedJars") in Scope(Build: file:/C:/Users/Admin/just-play-java/, , Project: ProjectReference(file:/C:/Users/Admin/just-play-java/,root), Config: compile)))
Sending msg to client play-fork-run-a31de017-47c3-443d-96ac-628db9bfb8f2: TaskFinished(19,2268,None,true,None)
Sending msg to client play-fork-run-a31de017-47c3-443d-96ac-628db9bfb8f2: TaskStarted(19,2267,None)
Sending msg to client play-fork-run-a31de017-47c3-443d-96ac-628db9bfb8f2: TaskFinished(19,2217,Some(AttributeKey[scala.collection.Seq[sbt.ModuleID]]("allDependencies") in Scope(Build: file:/C:/Users/Admin/just-play-java/, , Project: ProjectReference(file:/C:/Users/Admin/just-play-java/,root))),true,None)
Sending msg to client play-fork-run-a31de017-47c3-443d-96ac-628db9bfb8f2: TaskStarted(19,2216,Some(AttributeKey[sbt.ModuleSettings]("moduleSettings") in Scope(Build: file:/C:/Users/Admin/just-play-java/, , Project: ProjectReference(file:/C:/Users/Admin/just-play-java/,root))))
Sending msg to client play-fork-run-a31de017-47c3-443d-96ac-628db9bfb8f2: TaskFinished(19,2258,Some(AttributeKey[scala.collection.Seq[sbt.Attributed[java.io.File]]]("unmanagedJars") in Scope(Build: file:/C:/Users/Admin/just-play-java/, , Project: ProjectReference(file:/C:/Users/Admin/just-play-java/,root), Config: runtime)),true,None)
Sending msg to client play-fork-run-a31de017-47c3-443d-96ac-628db9bfb8f2: TaskStarted(19,2269,None)
Sending msg to client play-fork-run-a31de017-47c3-443d-96ac-628db9bfb8f2: TaskFinished(19,2264,Some(AttributeKey[scala.collection.Seq[sbt.Attributed[java.io.File]]]("unmanagedJars") in Scope(Build: file:/C:/Users/Admin/just-play-java/, , Project: ProjectReference(file:/C:/Users/Admin/just-play-java/,root), Config: compile)),true,None)
Sending msg to client play-fork-run-a31de017-47c3-443d-96ac-628db9bfb8f2: TaskFinished(19,2216,Some(AttributeKey[sbt.ModuleSettings]("moduleSettings") in Scope(Build: file:/C:/Users/Admin/just-play-java/, , Project: ProjectReference(file:/C:/Users/Admin/just-play-java/,root))),true,None)
Sending msg to client play-fork-run-a31de017-47c3-443d-96ac-628db9bfb8f2: TaskFinished(19,2267,None,true,None)
Sending msg to client play-fork-run-a31de017-47c3-443d-96ac-628db9bfb8f2: TaskFinished(19,2227,Some(AttributeKey[scala.collection.immutable.Map[org.apache.ivy.core.module.id.ModuleRevisionId,org.apache.ivy.core.module.descriptor.ModuleDescriptor]]("projectDescriptors") in Scope(Build: file:/C:/Users/Admin/just-play-java/, , Project: ProjectReference(file:/C:/Users/Admin/just-play-java/,root))),true,None)
Sending msg to client play-fork-run-a31de017-47c3-443d-96ac-628db9bfb8f2: TaskStarted(19,2226,Some(AttributeKey[sbt.Resolver]("projectResolver") in Scope(Build: file:/C:/Users/Admin/just-play-java/, , Project: ProjectReference(file:/C:/Users/Admin/just-play-java/,root))))
Sending msg to client play-fork-run-a31de017-47c3-443d-96ac-628db9bfb8f2: TaskFinished(19,2269,None,true,None)
Sending msg to client play-fork-run-a31de017-47c3-443d-96ac-628db9bfb8f2: TaskFinished(19,2262,None,true,None)
Sending msg to client play-fork-run-a31de017-47c3-443d-96ac-628db9bfb8f2: TaskStarted(19,2261,Some(AttributeKey[scala.collection.Seq[sbt.Attributed[java.io.File]]]("unmanagedJars") in Scope(Build: file:/C:/Users/Admin/just-play-java/, , Project: ProjectReference(file:/C:/Users/Admin/just-play-java/,root), Config: compile)))
Sending msg to client play-fork-run-a31de017-47c3-443d-96ac-628db9bfb8f2: TaskFinished(19,2261,Some(AttributeKey[scala.collection.Seq[sbt.Attributed[java.io.File]]]("unmanagedJars") in Scope(Build: file:/C:/Users/Admin/just-play-java/, , Project: ProjectReference(file:/C:/Users/Admin/just-play-java/,root), Config: compile)),true,None)
Sending msg to client play-fork-run-a31de017-47c3-443d-96ac-628db9bfb8f2: TaskStarted(19,2257,None)
Sending msg to client play-fork-run-a31de017-47c3-443d-96ac-628db9bfb8f2: TaskFinished(19,2257,None,true,None)
Sending msg to client play-fork-run-a31de017-47c3-443d-96ac-628db9bfb8f2: TaskStarted(19,2256,None)
Sending msg to client play-fork-run-a31de017-47c3-443d-96ac-628db9bfb8f2: TaskFinished(19,2256,None,true,None)
Sending msg to client play-fork-run-a31de017-47c3-443d-96ac-628db9bfb8f2: TaskFinished(19,2241,None,true,None)
Sending msg to client play-fork-run-a31de017-47c3-443d-96ac-628db9bfb8f2: TaskStarted(19,2240,Some(AttributeKey[scala.collection.Seq[sbt.Attributed[java.io.File]]]("unmanagedClasspath") in Scope(Build: file:/C:/Users/Admin/just-play-java/, , Project: ProjectReference(file:/C:/Users/Admin/just-play-java/,root), Config: runtime)))
Sending msg to client play-fork-run-a31de017-47c3-443d-96ac-628db9bfb8f2: TaskFinished(19,2240,Some(AttributeKey[scala.collection.Seq[sbt.Attributed[java.io.File]]]("unmanagedClasspath") in Scope(Build: file:/C:/Users/Admin/just-play-java/, , Project: ProjectReference(file:/C:/Users/Admin/just-play-java/,root), Config: runtime)),true,None)
Sending msg to client play-fork-run-a31de017-47c3-443d-96ac-628db9bfb8f2: TaskFinished(19,2226,Some(AttributeKey[sbt.Resolver]("projectResolver") in Scope(Build: file:/C:/Users/Admin/just-play-java/, , Project: ProjectReference(file:/C:/Users/Admin/just-play-java/,root))),true,None)
Sending msg to client play-fork-run-a31de017-47c3-443d-96ac-628db9bfb8f2: TaskStarted(19,2224,Some(AttributeKey[scala.collection.Seq[sbt.Resolver]]("fullResolvers") in Scope(Build: file:/C:/Users/Admin/just-play-java/, , Project: ProjectReference(file:/C:/Users/Admin/just-play-java/,root))))
Sending msg to client play-fork-run-a31de017-47c3-443d-96ac-628db9bfb8f2: TaskFinished(19,2224,Some(AttributeKey[scala.collection.Seq[sbt.Resolver]]("fullResolvers") in Scope(Build: file:/C:/Users/Admin/just-play-java/, , Project: ProjectReference(file:/C:/Users/Admin/just-play-java/,root))),true,None)
Sending msg to client play-fork-run-a31de017-47c3-443d-96ac-628db9bfb8f2: TaskStarted(19,2222,Some(AttributeKey[sbt.IvyConfiguration]("ivyConfiguration") in Scope(Build: file:/C:/Users/Admin/just-play-java/, , Project: ProjectReference(file:/C:/Users/Admin/just-play-java/,root))))
Sending msg to client play-fork-run-a31de017-47c3-443d-96ac-628db9bfb8f2: TaskFinished(19,2222,Some(AttributeKey[sbt.IvyConfiguration]("ivyConfiguration") in Scope(Build: file:/C:/Users/Admin/just-play-java/, , Project: ProjectReference(file:/C:/Users/Admin/just-play-java/,root))),true,None)
Sending msg to client play-fork-run-a31de017-47c3-443d-96ac-628db9bfb8f2: TaskStarted(19,2219,Some(AttributeKey[sbt.IvySbt]("ivySbt") in Scope(Build: file:/C:/Users/Admin/just-play-java/, , Project: ProjectReference(file:/C:/Users/Admin/just-play-java/,root))))
Sending msg to client play-fork-run-a31de017-47c3-443d-96ac-628db9bfb8f2: TaskFinished(19,2219,Some(AttributeKey[sbt.IvySbt]("ivySbt") in Scope(Build: file:/C:/Users/Admin/just-play-java/, , Project: ProjectReference(file:/C:/Users/Admin/just-play-java/,root))),true,None)
Sending msg to client play-fork-run-a31de017-47c3-443d-96ac-628db9bfb8f2: TaskStarted(19,2215,Some(AttributeKey[sbt.IvySbt$Module]("ivyModule") in Scope(Build: file:/C:/Users/Admin/just-play-java/, , Project: ProjectReference(file:/C:/Users/Admin/just-play-java/,root))))
Sending msg to client play-fork-run-a31de017-47c3-443d-96ac-628db9bfb8f2: TaskFinished(19,2215,Some(AttributeKey[sbt.IvySbt$Module]("ivyModule") in Scope(Build: file:/C:/Users/Admin/just-play-java/, , Project: ProjectReference(file:/C:/Users/Admin/just-play-java/,root))),true,None)
Sending msg to client play-fork-run-a31de017-47c3-443d-96ac-628db9bfb8f2: TaskStarted(19,2203,Some(AttributeKey[sbt.UpdateReport]("update") in Scope(Build: file:/C:/Users/Admin/just-play-java/, , Project: ProjectReference(file:/C:/Users/Admin/just-play-java/,root))))
Sending msg to client play-fork-run-a31de017-47c3-443d-96ac-628db9bfb8f2: TaskFinished(19,2203,Some(AttributeKey[sbt.UpdateReport]("update") in Scope(Build: file:/C:/Users/Admin/just-play-java/, , Project: ProjectReference(file:/C:/Users/Admin/just-play-java/,root))),true,None)
Sending msg to client play-fork-run-a31de017-47c3-443d-96ac-628db9bfb8f2: TaskStarted(19,2202,Some(AttributeKey[sbt.UpdateReport]("update") in Scope(Build: file:/C:/Users/Admin/just-play-java/, , Project: ProjectReference(file:/C:/Users/Admin/just-play-java/,root))))
Sending msg to client play-fork-run-a31de017-47c3-443d-96ac-628db9bfb8f2: TaskFinished(19,2202,Some(AttributeKey[sbt.UpdateReport]("update") in Scope(Build: file:/C:/Users/Admin/just-play-java/, , Project: ProjectReference(file:/C:/Users/Admin/just-play-java/,root))),true,None)
Sending msg to client play-fork-run-a31de017-47c3-443d-96ac-628db9bfb8f2: TaskStarted(19,2201,Some(AttributeKey[scala.collection.Seq[sbt.Attributed[java.io.File]]]("managedClasspath") in Scope(Build: file:/C:/Users/Admin/just-play-java/, , Project: ProjectReference(file:/C:/Users/Admin/just-play-java/,root), Config: docs)))
Sending msg to client play-fork-run-a31de017-47c3-443d-96ac-628db9bfb8f2: TaskStarted(19,2248,Some(AttributeKey[sbt.Configuration]("classpathConfiguration") in Scope(Build: file:/C:/Users/Admin/just-play-java/, , Project: ProjectReference(file:/C:/Users/Admin/just-play-java/,root), Config: compile)))
Sending msg to client play-fork-run-a31de017-47c3-443d-96ac-628db9bfb8f2: TaskFinished(19,2248,Some(AttributeKey[sbt.Configuration]("classpathConfiguration") in Scope(Build: file:/C:/Users/Admin/just-play-java/, , Project: ProjectReference(file:/C:/Users/Admin/just-play-java/,root), Config: compile)),true,None)
Sending msg to client play-fork-run-a31de017-47c3-443d-96ac-628db9bfb8f2: TaskStarted(19,2247,None)
Sending msg to client play-fork-run-a31de017-47c3-443d-96ac-628db9bfb8f2: TaskFinished(19,2201,Some(AttributeKey[scala.collection.Seq[sbt.Attributed[java.io.File]]]("managedClasspath") in Scope(Build: file:/C:/Users/Admin/just-play-java/, , Project: ProjectReference(file:/C:/Users/Admin/just-play-java/,root), Config: docs)),true,None)
Sending msg to client play-fork-run-a31de017-47c3-443d-96ac-628db9bfb8f2: TaskFinished(19,2247,None,true,None)
Sending msg to client play-fork-run-a31de017-47c3-443d-96ac-628db9bfb8f2: TaskStarted(19,2246,Some(AttributeKey[sbt.Configuration]("classpathConfiguration") in Scope(Build: file:/C:/Users/Admin/just-play-java/, , Project: ProjectReference(file:/C:/Users/Admin/just-play-java/,root), Config: runtime)))
Sending msg to client play-fork-run-a31de017-47c3-443d-96ac-628db9bfb8f2: TaskFinished(19,2246,Some(AttributeKey[sbt.Configuration]("classpathConfiguration") in Scope(Build: file:/C:/Users/Admin/just-play-java/, , Project: ProjectReference(file:/C:/Users/Admin/just-play-java/,root), Config: runtime)),true,None)
Sending msg to client play-fork-run-a31de017-47c3-443d-96ac-628db9bfb8f2: TaskStarted(19,2245,None)
Sending msg to client play-fork-run-a31de017-47c3-443d-96ac-628db9bfb8f2: TaskFinished(19,2245,None,true,None)
Sending msg to client play-fork-run-a31de017-47c3-443d-96ac-628db9bfb8f2: TaskStarted(19,2243,Some(AttributeKey[scala.collection.Seq[sbt.Attributed[java.io.File]]]("managedClasspath") in Scope(Build: file:/C:/Users/Admin/just-play-java/, , Project: ProjectReference(file:/C:/Users/Admin/just-play-java/,root), Config: runtime)))
Sending msg to client play-fork-run-a31de017-47c3-443d-96ac-628db9bfb8f2: TaskFinished(19,2243,Some(AttributeKey[scala.collection.Seq[sbt.Attributed[java.io.File]]]("managedClasspath") in Scope(Build: file:/C:/Users/Admin/just-play-java/, , Project: ProjectReference(file:/C:/Users/Admin/just-play-java/,root), Config: runtime)),true,None)
Sending msg to client play-fork-run-a31de017-47c3-443d-96ac-628db9bfb8f2: TaskStarted(19,2239,None)
Sending msg to client play-fork-run-a31de017-47c3-443d-96ac-628db9bfb8f2: TaskFinished(19,2239,None,true,None)
Sending msg to client play-fork-run-a31de017-47c3-443d-96ac-628db9bfb8f2: TaskStarted(19,2238,Some(AttributeKey[scala.collection.Seq[sbt.Attributed[java.io.File]]]("playDependencyClasspath") in Scope(Build: file:/C:/Users/Admin/just-play-java/, , Project: ProjectReference(file:/C:/Users/Admin/just-play-java/,root))))
Sending msg to client play-fork-run-a31de017-47c3-443d-96ac-628db9bfb8f2: TaskFinished(19,2238,Some(AttributeKey[scala.collection.Seq[sbt.Attributed[java.io.File]]]("playDependencyClasspath") in Scope(Build: file:/C:/Users/Admin/just-play-java/, , Project: ProjectReference(file:/C:/Users/Admin/just-play-java/,root))),true,None)
Sending msg to client play-fork-run-a31de017-47c3-443d-96ac-628db9bfb8f2: TaskStarted(19,2200,Some(AttributeKey[play.forkrun.protocol.ForkConfig]("playForkConfig") in Scope(Build: file:/C:/Users/Admin/just-play-java/, , Project: ProjectReference(file:/C:/Users/Admin/just-play-java/,root))))
Sending msg to client play-fork-run-a31de017-47c3-443d-96ac-628db9bfb8f2: TaskFinished(19,2200,Some(AttributeKey[play.forkrun.protocol.ForkConfig]("playForkConfig") in Scope(Build: file:/C:/Users/Admin/just-play-java/, , Project: ProjectReference(file:/C:/Users/Admin/just-play-java/,root))),true,None)
Sending msg to client play-fork-run-a31de017-47c3-443d-96ac-628db9bfb8f2: ValueChanged(AttributeKey[play.forkrun.protocol.ForkConfig]("playForkConfig") in Scope(Build: file:/C:/Users/Admin/just-play-java/, , Project: ProjectReference(file:/C:/Users/Admin/just-play-java/,root)),TaskSuccess(BuildValue(LazyValue(ForkConfig(C:\Users\Admin\just-play-java,List(),List(C:\Users\Admin\.sbt\boot\scala-2.10.4\lib\scala-library.jar, C:\Users\Admin\.ivy2\cache\com.typesafe.play\twirl-api_2.10\jars\twirl-api_2.10-1.0.2.jar, C:\Users\Admin\.ivy2\cache\org.apache.commons\commons-lang3\jars\commons-lang3-3.1.jar, C:\Users\Admin\.ivy2\cache\com.typesafe.play\play_2.10\jars\play_2.10-2.3.8.jar, C:\Users\Admin\.ivy2\cache\com.typesafe.play\build-link\jars\build-link-2.3.8.jar, C:\Users\Admin\.ivy2\cache\com.typesafe.play\play-exceptions\jars\play-exceptions-2.3.8.jar, C:\Users\Admin\.ivy2\cache\com.typesafe.play\play-iteratees_2.10\jars\play-iteratees_2.10-2.3.8.jar, C:\Users\Admin\.ivy2\cache\org.scala-stm\scala-stm_2.10\jars\scala-stm_2.10-0.7.jar, C:\Users\Admin\.ivy2\cache\com.typesafe\config\bundles\config-1.2.1.jar, C:\Users\Admin\.ivy2\cache\com.typesafe.play\play-json_2.10\jars\play-json_2.10-2.3.8.jar, C:\Users\Admin\.ivy2\cache\com.typesafe.play\play-functional_2.10\jars\play-functional_2.10-2.3.8.jar, C:\Users\Admin\.ivy2\cache\com.typesafe.play\play-datacommons_2.10\jars\play-datacommons_2.10-2.3.8.jar, C:\Users\Admin\.ivy2\cache\joda-time\joda-time\jars\joda-time-2.3.jar, C:\Users\Admin\.ivy2\cache\org.joda\joda-convert\jars\joda-convert-1.6.jar, C:\Users\Admin\.ivy2\cache\com.fasterxml.jackson.core\jackson-annotations\bundles\jackson-annotations-2.3.2.jar, C:\Users\Admin\.ivy2\cache\com.fasterxml.jackson.core\jackson-core\bundles\jackson-core-2.3.2.jar, C:\Users\Admin\.ivy2\cache\com.fasterxml.jackson.core\jackson-databind\bundles\jackson-databind-2.3.2.jar, C:\Users\Admin\.sbt\boot\scala-2.10.4\lib\scala-reflect.jar, C:\Users\Admin\.ivy2\cache\io.netty\netty\bundles\netty-3.9.3.Final.jar, C:\Users\Admin\.ivy2\cache\com.typesafe.netty\netty-http-pipelining\jars\netty-http-pipelining-1.1.2.jar, C:\Users\Admin\.ivy2\cache\org.slf4j\slf4j-api\jars\slf4j-api-1.7.6.jar, C:\Users\Admin\.ivy2\cache\org.slf4j\jul-to-slf4j\jars\jul-to-slf4j-1.7.6.jar, C:\Users\Admin\.ivy2\cache\org.slf4j\jcl-over-slf4j\jars\jcl-over-slf4j-1.7.6.jar, C:\Users\Admin\.ivy2\cache\ch.qos.logback\logback-core\jars\logback-core-1.1.1.jar, C:\Users\Admin\.ivy2\cache\ch.qos.logback\logback-classic\jars\logback-classic-1.1.1.jar, C:\Users\Admin\.ivy2\cache\com.typesafe.akka\akka-actor_2.10\jars\akka-actor_2.10-2.3.4.jar, C:\Users\Admin\.ivy2\cache\com.typesafe.akka\akka-slf4j_2.10\jars\akka-slf4j_2.10-2.3.4.jar, C:\Users\Admin\.ivy2\cache\commons-codec\commons-codec\jars\commons-codec-1.9.jar, C:\Users\Admin\.ivy2\cache\xerces\xercesImpl\jars\xercesImpl-2.11.0.jar, C:\Users\Admin\.ivy2\cache\xml-apis\xml-apis\jars\xml-apis-1.4.01.jar, C:\Users\Admin\.ivy2\cache\javax.transaction\jta\jars\jta-1.1.jar, C:\Users\Admin\.ivy2\cache\com.typesafe.play\play-java_2.10\jars\play-java_2.10-2.3.8.jar, C:\Users\Admin\.ivy2\cache\org.yaml\snakeyaml\bundles\snakeyaml-1.13.jar, C:\Users\Admin\.ivy2\cache\org.hibernate\hibernate-validator\jars\hibernate-validator-5.0.3.Final.jar, C:\Users\Admin\.ivy2\cache\javax.validation\validation-api\jars\validation-api-1.1.0.Final.jar, C:\Users\Admin\.ivy2\cache\com.fasterxml\classmate\bundles\classmate-1.0.0.jar, C:\Users\Admin\.ivy2\cache\org.jboss.logging\jboss-logging\jars\jboss-logging-3.2.0.Final.jar, C:\Users\Admin\.ivy2\cache\org.springframework\spring-context\jars\spring-context-4.0.3.RELEASE.jar, C:\Users\Admin\.ivy2\cache\org.springframework\spring-core\jars\spring-core-4.0.3.RELEASE.jar, C:\Users\Admin\.ivy2\cache\org.springframework\spring-beans\jars\spring-beans-4.0.3.RELEASE.jar, C:\Users\Admin\.ivy2\cache\org.javassist\javassist\bundles\javassist-3.19.0-GA.jar, C:\Users\Admin\.ivy2\cache\org.reflections\reflections\jars\reflections-0.9.8.jar, C:\Users\Admin\.ivy2\cache\com.google.guava\guava\bundles\guava-16.0.1.jar, C:\Users\Admin\.ivy2\cache\dom4j\dom4j\jars\dom4j-1.6.1.jar, C:\Users\Admin\.ivy2\cache\com.google.code.findbugs\jsr305\jars\jsr305-2.0.3.jar, C:\Users\Admin\.ivy2\cache\org.apache.tomcat\tomcat-servlet-api\jars\tomcat-servlet-api-8.0.5.jar),List((public/,C:\Users\Admin\just-play-java\target\web\public\main)),List(C:\Users\Admin\.ivy2\cache\com.typesafe.play\play-docs_2.10\jars\play-docs_2.10-2.3.8.jar, C:\Users\Admin\.sbt\boot\scala-2.10.4\lib\scala-library.jar, C:\Users\Admin\.ivy2\cache\com.typesafe.play\play_2.10\jars\play_2.10-2.3.8.jar, C:\Users\Admin\.ivy2\cache\com.typesafe.play\build-link\jars\build-link-2.3.8.jar, C:\Users\Admin\.ivy2\cache\com.typesafe.play\play-exceptions\jars\play-exceptions-2.3.8.jar, C:\Users\Admin\.ivy2\cache\org.javassist\javassist\bundles\javassist-3.18.2-GA.jar, C:\Users\Admin\.ivy2\cache\com.typesafe.play\play-iteratees_2.10\jars\play-iteratees_2.10-2.3.8.jar, C:\Users\Admin\.ivy2\cache\org.scala-stm\scala-stm_2.10\jars\scala-stm_2.10-0.7.jar, C:\Users\Admin\.ivy2\cache\com.typesafe\config\bundles\config-1.2.1.jar, C:\Users\Admin\.ivy2\cache\com.typesafe.play\play-json_2.10\jars\play-json_2.10-2.3.8.jar, C:\Users\Admin\.ivy2\cache\com.typesafe.play\play-functional_2.10\jars\play-functional_2.10-2.3.8.jar, C:\Users\Admin\.ivy2\cache\com.typesafe.play\play-datacommons_2.10\jars\play-datacommons_2.10-2.3.8.jar, C:\Users\Admin\.ivy2\cache\joda-time\joda-time\jars\joda-time-2.3.jar, C:\Users\Admin\.ivy2\cache\org.joda\joda-convert\jars\joda-convert-1.6.jar, C:\Users\Admin\.ivy2\cache\com.fasterxml.jackson.core\jackson-annotations\bundles\jackson-annotations-2.3.2.jar, C:\Users\Admin\.ivy2\cache\com.fasterxml.jackson.core\jackson-core\bundles\jackson-core-2.3.2.jar, C:\Users\Admin\.ivy2\cache\com.fasterxml.jackson.core\jackson-databind\bundles\jackson-databind-2.3.2.jar, C:\Users\Admin\.sbt\boot\scala-2.10.4\lib\scala-reflect.jar, C:\Users\Admin\.ivy2\cache\com.typesafe.play\twirl-api_2.10\jars\twirl-api_2.10-1.0.2.jar, C:\Users\Admin\.ivy2\cache\org.apache.commons\commons-lang3\jars\commons-lang3-3.1.jar, C:\Users\Admin\.ivy2\cache\io.netty\netty\bundles\netty-3.9.3.Final.jar, C:\Users\Admin\.ivy2\cache\com.typesafe.netty\netty-http-pipelining\jars\netty-http-pipelining-1.1.2.jar, C:\Users\Admin\.ivy2\cache\org.slf4j\slf4j-api\jars\slf4j-api-1.7.6.jar, C:\Users\Admin\.ivy2\cache\org.slf4j\jul-to-slf4j\jars\jul-to-slf4j-1.7.6.jar, C:\Users\Admin\.ivy2\cache\org.slf4j\jcl-over-slf4j\jars\jcl-over-slf4j-1.7.6.jar, C:\Users\Admin\.ivy2\cache\ch.qos.logback\logback-core\jars\logback-core-1.1.1.jar, C:\Users\Admin\.ivy2\cache\ch.qos.logback\logback-classic\jars\logback-classic-1.1.1.jar, C:\Users\Admin\.ivy2\cache\com.typesafe.akka\akka-actor_2.10\jars\akka-actor_2.10-2.3.4.jar, C:\Users\Admin\.ivy2\cache\com.typesafe.akka\akka-slf4j_2.10\jars\akka-slf4j_2.10-2.3.4.jar, C:\Users\Admin\.ivy2\cache\commons-codec\commons-codec\jars\commons-codec-1.9.jar, C:\Users\Admin\.ivy2\cache\xerces\xercesImpl\jars\xercesImpl-2.11.0.jar, C:\Users\Admin\.ivy2\cache\xml-apis\xml-apis\jars\xml-apis-1.4.01.jar, C:\Users\Admin\.ivy2\cache\javax.transaction\jta\jars\jta-1.1.jar, C:\Users\Admin\.ivy2\cache\com.typesafe.play\play-doc_2.10\jars\play-doc_2.10-1.1.0.jar, C:\Users\Admin\.ivy2\cache\org.pegdown\pegdown\jars\pegdown-1.4.0.jar, C:\Users\Admin\.ivy2\cache\org.parboiled\parboiled-java\bundles\parboiled-java-1.1.5.jar, C:\Users\Admin\.ivy2\cache\org.parboiled\parboiled-core\bundles\parboiled-core-1.1.5.jar, C:\Users\Admin\.ivy2\cache\org.ow2.asm\asm\jars\asm-4.1.jar, C:\Users\Admin\.ivy2\cache\org.ow2.asm\asm-tree\jars\asm-tree-4.1.jar, C:\Users\Admin\.ivy2\cache\org.ow2.asm\asm-analysis\jars\asm-analysis-4.1.jar, C:\Users\Admin\.ivy2\cache\org.ow2.asm\asm-util\jars\asm-util-4.1.jar, C:\Users\Admin\.ivy2\cache\commons-io\commons-io\jars\commons-io-2.4.jar),List(),9000,DefaultWatchService,List(C:\Users\Admin\just-play-java\app-2.10, C:\Users\Admin\just-play-java\app, C:\Users\Admin\just-play-java\conf, C:\Users\Admin\just-play-java\app\assets, C:\Users\Admin\just-play-java\public),C:\Users\Admin\just-play-java\target,500,root/playForkNotifyStart,root/playForkReload,300000),scala.pickling.PicklerUnpickler$DelegatingPicklerUnpickler@2ed54e5a),ForkConfig(C:\Users\Admin\just-play-java,List(),List(C:\Users\Admin\.sbt\boot\scala-2.10.4\lib\scala-library.jar, C:\Users\Admin\.ivy2\cache\com.typesafe.play\twirl-api_2.10\jars\twirl-api_2.10-1.0.2.jar, C:\Users\Admin\.ivy2\cache\org.apache.commons\commons-lang3\jars\commons-lang3-3.1.jar, C:\Users\Admin\.ivy2\cache\com.typesafe.play\play_2.10\jars\play_2.10-2.3.8.jar, C:\Users\Admin\.ivy2\cache\com.typesafe.play\build-link\jars\build-link-2.3.8.jar, C:\Users\Admin\.ivy2\cache\com.typesafe.play\play-exceptions\jars\play-exceptions-2.3.8.jar, C:\Users\Admin\.ivy2\cache\com.typesafe.play\play-iteratees_2.10\jars\play-iteratees_2.10-2.3.8.jar, C:\Users\Admin\.ivy2\cache\org.scala-stm\scala-stm_2.10\jars\scala-stm_2.10-0.7.jar, C:\Users\Admin\.ivy2\cache\com.typesafe\config\bundles\config-1.2.1.jar, C:\Users\Admin\.ivy2\cache\com.typesafe.play\play-json_2.10\jars\play-json_2.10-2.3.8.jar, C:\Users\Admin\.ivy2\cache\com.typesafe.play\play-functional_2.10\jars\play-functional_2.10-2.3.8.jar, C:\Users\Admin\.ivy2\cache\com.typesafe.play\play-datacommons_2.10\jars\play-datacommons_2.10-2.3.8.jar, C:\Users\Admin\.ivy2\cache\joda-time\joda-time\jars\joda-time-2.3.jar, C:\Users\Admin\.ivy2\cache\org.joda\joda-convert\jars\joda-convert-1.6.jar, C:\Users\Admin\.ivy2\cache\com.fasterxml.jackson.core\jackson-annotations\bundles\jackson-annotations-2.3.2.jar, C:\Users\Admin\.ivy2\cache\com.fasterxml.jackson.core\jackson-core\bundles\jackson-core-2.3.2.jar, C:\Users\Admin\.ivy2\cache\com.fasterxml.jackson.core\jackson-databind\bundles\jackson-databind-2.3.2.jar, C:\Users\Admin\.sbt\boot\scala-2.10.4\lib\scala-reflect.jar, C:\Users\Admin\.ivy2\cache\io.netty\netty\bundles\netty-3.9.3.Final.jar, C:\Users\Admin\.ivy2\cache\com.typesafe.netty\netty-http-pipelining\jars\netty-http-pipelining-1.1.2.jar, C:\Users\Admin\.ivy2\cache\org.slf4j\slf4j-api\jars\slf4j-api-1.7.6.jar, C:\Users\Admin\.ivy2\cache\org.slf4j\jul-to-slf4j\jars\jul-to-slf4j-1.7.6.jar, C:\Users\Admin\.ivy2\cache\org.slf4j\jcl-over-slf4j\jars\jcl-over-slf4j-1.7.6.jar, C:\Users\Admin\.ivy2\cache\ch.qos.logback\logback-core\jars\logback-core-1.1.1.jar, C:\Users\Admin\.ivy2\cache\ch.qos.logback\logback-classic\jars\logback-classic-1.1.1.jar, C:\Users\Admin\.ivy2\cache\com.typesafe.akka\akka-actor_2.10\jars\akka-actor_2.10-2.3.4.jar, C:\Users\Admin\.ivy2\cache\com.typesafe.akka\akka-slf4j_2.10\jars\akka-slf4j_2.10-2.3.4.jar, C:\Users\Admin\.ivy2\cache\commons-codec\commons-codec\jars\commons-codec-1.9.jar, C:\Users\Admin\.ivy2\cache\xerces\xercesImpl\jars\xercesImpl-2.11.0.jar, C:\Users\Admin\.ivy2\cache\xml-apis\xml-apis\jars\xml-apis-1.4.01.jar, C:\Users\Admin\.ivy2\cache\javax.transaction\jta\jars\jta-1.1.jar, C:\Users\Admin\.ivy2\cache\com.typesafe.play\play-java_2.10\jars\play-java_2.10-2.3.8.jar, C:\Users\Admin\.ivy2\cache\org.yaml\snakeyaml\bundles\snakeyaml-1.13.jar, C:\Users\Admin\.ivy2\cache\org.hibernate\hibernate-validator\jars\hibernate-validator-5.0.3.Final.jar, C:\Users\Admin\.ivy2\cache\javax.validation\validation-api\jars\validation-api-1.1.0.Final.jar, C:\Users\Admin\.ivy2\cache\com.fasterxml\classmate\bundles\classmate-1.0.0.jar, C:\Users\Admin\.ivy2\cache\org.jboss.logging\jboss-logging\jars\jboss-logging-3.2.0.Final.jar, C:\Users\Admin\.ivy2\cache\org.springframework\spring-context\jars\spring-context-4.0.3.RELEASE.jar, C:\Users\Admin\.ivy2\cache\org.springframework\spring-core\jars\spring-core-4.0.3.RELEASE.jar, C:\Users\Admin\.ivy2\cache\org.springframework\spring-beans\jars\spring-beans-4.0.3.RELEASE.jar, C:\Users\Admin\.ivy2\cache\org.javassist\javassist\bundles\javassist-3.19.0-GA.jar, C:\Users\Admin\.ivy2\cache\org.reflections\reflections\jars\reflections-0.9.8.jar, C:\Users\Admin\.ivy2\cache\com.google.guava\guava\bundles\guava-16.0.1.jar, C:\Users\Admin\.ivy2\cache\dom4j\dom4j\jars\dom4j-1.6.1.jar, C:\Users\Admin\.ivy2\cache\com.google.code.findbugs\jsr305\jars\jsr305-2.0.3.jar, C:\Users\Admin\.ivy2\cache\org.apache.tomcat\tomcat-servlet-api\jars\tomcat-servlet-api-8.0.5.jar),List((public/,C:\Users\Admin\just-play-java\target\web\public\main)),List(C:\Users\Admin\.ivy2\cache\com.typesafe.play\play-docs_2.10\jars\play-docs_2.10-2.3.8.jar, C:\Users\Admin\.sbt\boot\scala-2.10.4\lib\scala-library.jar, C:\Users\Admin\.ivy2\cache\com.typesafe.play\play_2.10\jars\play_2.10-2.3.8.jar, C:\Users\Admin\.ivy2\cache\com.typesafe.play\build-link\jars\build-link-2.3.8.jar, C:\Users\Admin\.ivy2\cache\com.typesafe.play\play-exceptions\jars\play-exceptions-2.3.8.jar, C:\Users\Admin\.ivy2\cache\org.javassist\javassist\bundles\javassist-3.18.2-GA.jar, C:\Users\Admin\.ivy2\cache\com.typesafe.play\play-iteratees_2.10\jars\play-iteratees_2.10-2.3.8.jar, C:\Users\Admin\.ivy2\cache\org.scala-stm\scala-stm_2.10\jars\scala-stm_2.10-0.7.jar, C:\Users\Admin\.ivy2\cache\com.typesafe\config\bundles\config-1.2.1.jar, C:\Users\Admin\.ivy2\cache\com.typesafe.play\play-json_2.10\jars\play-json_2.10-2.3.8.jar, C:\Users\Admin\.ivy2\cache\com.typesafe.play\play-functional_2.10\jars\play-functional_2.10-2.3.8.jar, C:\Users\Admin\.ivy2\cache\com.typesafe.play\play-datacommons_2.10\jars\play-datacommons_2.10-2.3.8.jar, C:\Users\Admin\.ivy2\cache\joda-time\joda-time\jars\joda-time-2.3.jar, C:\Users\Admin\.ivy2\cache\org.joda\joda-convert\jars\joda-convert-1.6.jar, C:\Users\Admin\.ivy2\cache\com.fasterxml.jackson.core\jackson-annotations\bundles\jackson-annotations-2.3.2.jar, C:\Users\Admin\.ivy2\cache\com.fasterxml.jackson.core\jackson-core\bundles\jackson-core-2.3.2.jar, C:\Users\Admin\.ivy2\cache\com.fasterxml.jackson.core\jackson-databind\bundles\jackson-databind-2.3.2.jar, C:\Users\Admin\.sbt\boot\scala-2.10.4\lib\scala-reflect.jar, C:\Users\Admin\.ivy2\cache\com.typesafe.play\twirl-api_2.10\jars\twirl-api_2.10-1.0.2.jar, C:\Users\Admin\.ivy2\cache\org.apache.commons\commons-lang3\jars\commons-lang3-3.1.jar, C:\Users\Admin\.ivy2\cache\io.netty\netty\bundles\netty-3.9.3.Final.jar, C:\Users\Admin\.ivy2\cache\com.typesafe.netty\netty-http-pipelining\jars\netty-http-pipelining-1.1.2.jar, C:\Users\Admin\.ivy2\cache\org.slf4j\slf4j-api\jars\slf4j-api-1.7.6.jar, C:\Users\Admin\.ivy2\cache\org.slf4j\jul-to-slf4j\jars\jul-to-slf4j-1.7.6.jar, C:\Users\Admin\.ivy2\cache\org.slf4j\jcl-over-slf4j\jars\jcl-over-slf4j-1.7.6.jar, C:\Users\Admin\.ivy2\cache\ch.qos.logback\logback-core\jars\logback-core-1.1.1.jar, C:\Users\Admin\.ivy2\cache\ch.qos.logback\logback-classic\jars\logback-classic-1.1.1.jar, C:\Users\Admin\.ivy2\cache\com.typesafe.akka\akka-actor_2.10\jars\akka-actor_2.10-2.3.4.jar, C:\Users\Admin\.ivy2\cache\com.typesafe.akka\akka-slf4j_2.10\jars\akka-slf4j_2.10-2.3.4.jar, C:\Users\Admin\.ivy2\cache\commons-codec\commons-codec\jars\commons-codec-1.9.jar, C:\Users\Admin\.ivy2\cache\xerces\xercesImpl\jars\xercesImpl-2.11.0.jar, C:\Users\Admin\.ivy2\cache\xml-apis\xml-apis\jars\xml-apis-1.4.01.jar, C:\Users\Admin\.ivy2\cache\javax.transaction\jta\jars\jta-1.1.jar, C:\Users\Admin\.ivy2\cache\com.typesafe.play\play-doc_2.10\jars\play-doc_2.10-1.1.0.jar, C:\Users\Admin\.ivy2\cache\org.pegdown\pegdown\jars\pegdown-1.4.0.jar, C:\Users\Admin\.ivy2\cache\org.parboiled\parboiled-java\bundles\parboiled-java-1.1.5.jar, C:\Users\Admin\.ivy2\cache\org.parboiled\parboiled-core\bundles\parboiled-core-1.1.5.jar, C:\Users\Admin\.ivy2\cache\org.ow2.asm\asm\jars\asm-4.1.jar, C:\Users\Admin\.ivy2\cache\org.ow2.asm\asm-tree\jars\asm-tree-4.1.jar, C:\Users\Admin\.ivy2\cache\org.ow2.asm\asm-analysis\jars\asm-analysis-4.1.jar, C:\Users\Admin\.ivy2\cache\org.ow2.asm\asm-util\jars\asm-util-4.1.jar, C:\Users\Admin\.ivy2\cache\commons-io\commons-io\jars\commons-io-2.4.jar),List(),9000,DefaultWatchService,List(C:\Users\Admin\just-play-java\app-2.10, C:\Users\Admin\just-play-java\app, C:\Users\Admin\just-play-java\conf, C:\Users\Admin\just-play-java\app\assets, C:\Users\Admin\just-play-java\public),C:\Users\Admin\just-play-java\target,500,root/playForkNotifyStart,root/playForkReload,300000))))
Sending msg to client play-fork-run-a31de017-47c3-443d-96ac-628db9bfb8f2: TaskStarted(19,2199,None)
Sending msg to client play-fork-run-a31de017-47c3-443d-96ac-628db9bfb8f2: TaskFinished(19,2199,None,true,None)
Sending msg to client play-fork-run-a31de017-47c3-443d-96ac-628db9bfb8f2: TaskStarted(19,2198,None)
Sending msg to client play-fork-run-a31de017-47c3-443d-96ac-628db9bfb8f2: TaskFinished(19,2198,None,true,None)
Sending msg to client play-fork-run-a31de017-47c3-443d-96ac-628db9bfb8f2: DetachedLogEvent(LogMessage(debug,cancel strategy finish enabled=false lastCommand=Some(LastCommand(CommandExecutionWork(ExecutionId(19),{file:/C:/Users/Admin/just-play-java/}root/*:playForkConfig,Set(LiveClient(play-fork-run a31de017-47c3-443d-96ac-628db9bfb8f2)),sbt.server.WorkCancellationStatus$$anon$1@5b88876c)))))
Sending msg to client play-fork-run-a31de017-47c3-443d-96ac-628db9bfb8f2: DetachedLogEvent(LogSuccess(Total time: 0 s, completed 23-abr-2015 13:39:59))
Sending msg to client play-fork-run-a31de017-47c3-443d-96ac-628db9bfb8f2: DetachedLogEvent(LogMessage(debug,> server-post-command-cleanup))
Sending msg to client play-fork-run-a31de017-47c3-443d-96ac-628db9bfb8f2: ExecutionSuccess(19)
Sending msg to client play-fork-run-a31de017-47c3-443d-96ac-628db9bfb8f2: DetachedLogEvent(LogMessage(debug,> server-handle-next-server-request))
Sending msg to client play-fork-run-a31de017-47c3-443d-96ac-628db9bfb8f2: BackgroundJobLogEvent(1,LogMessage(info,))
Sending msg to client play-fork-run-a31de017-47c3-443d-96ac-628db9bfb8f2: BackgroundJobLogEvent(1,LogMessage(info,--- (Running the application, auto-reloading is enabled) ---))
Sending msg to client play-fork-run-a31de017-47c3-443d-96ac-628db9bfb8f2: BackgroundJobLogEvent(1,LogMessage(info,))
Sending msg to client play-fork-run-a31de017-47c3-443d-96ac-628db9bfb8f2: BackgroundJobLogEvent(1,LogMessage(info,play - Listening for HTTP on /0:0:0:0:0:0:0:0:9000))
Sending msg to client play-fork-run-a31de017-47c3-443d-96ac-628db9bfb8f2: BackgroundJobLogEvent(1,LogMessage(info,))
Sending msg to client play-fork-run-a31de017-47c3-443d-96ac-628db9bfb8f2: BackgroundJobLogEvent(1,LogMessage(info,(Server started, use Ctrl+D to stop and go back to the console...)))
Sending msg to client play-fork-run-a31de017-47c3-443d-96ac-628db9bfb8f2: BackgroundJobLogEvent(1,LogMessage(info,))
Got request: ExecutionRequest(root/playForkNotifyStart http://localhost:9000)
Reading next message from client.
Sending msg to client play-fork-run-a31de017-47c3-443d-96ac-628db9bfb8f2: (8,ExecutionRequestReceived(20))
Sending msg to client play-fork-run-a31de017-47c3-443d-96ac-628db9bfb8f2: ExecutionWaiting(20,root/playForkNotifyStart http://localhost:9000,ClientInfo(a31de017-47c3-443d-96ac-628db9bfb8f2,play-fork-run,Play Fork Run,1,Vector()))
Sending msg to client play-fork-run-a31de017-47c3-443d-96ac-628db9bfb8f2: ExecutionStarting(20)
Sending msg to client play-fork-run-a31de017-47c3-443d-96ac-628db9bfb8f2: DetachedLogEvent(LogMessage(debug,> root/playForkNotifyStart http://localhost:9000))
Sending msg to client play-fork-run-a31de017-47c3-443d-96ac-628db9bfb8f2: DetachedLogEvent(LogMessage(debug,Evaluating tasks: *:playForkNotifyStart))
Sending msg to client play-fork-run-a31de017-47c3-443d-96ac-628db9bfb8f2: DetachedLogEvent(LogMessage(debug,Running task... Cancel: sbt.server.ServerTaskCancellation@7c7ec647, check cycles: false))
Sending msg to client play-fork-run-a31de017-47c3-443d-96ac-628db9bfb8f2: DetachedLogEvent(LogMessage(debug,cancel strategy start enabled=true lastCommand=Some(LastCommand(CommandExecutionWork(ExecutionId(20),root/playForkNotifyStart http://localhost:9000,Set(LiveClient(play-fork-run a31de017-47c3-443d-96ac-628db9bfb8f2)),sbt.server.WorkCancellationStatus$$anon$1@7a195f05)))))
Sending msg to client play-fork-run-a31de017-47c3-443d-96ac-628db9bfb8f2: TaskStarted(20,2274,Some(AttributeKey[sbt.SendEventService]("sendEventService") in Scope(Global)))
Sending msg to client play-fork-run-a31de017-47c3-443d-96ac-628db9bfb8f2: TaskFinished(20,2274,Some(AttributeKey[sbt.SendEventService]("sendEventService") in Scope(Global)),true,None)
Sending msg to client play-fork-run-a31de017-47c3-443d-96ac-628db9bfb8f2: TaskStarted(20,2273,Some(AttributeKey[scala.Function1[java.lang.String,void]]("playForkStarted") in Scope(Build: file:/C:/Users/Admin/just-play-java/, , Project: ProjectReference(file:/C:/Users/Admin/just-play-java/,root))))
Sending msg to client play-fork-run-a31de017-47c3-443d-96ac-628db9bfb8f2: TaskFinished(20,2273,Some(AttributeKey[scala.Function1[java.lang.String,void]]("playForkStarted") in Scope(Build: file:/C:/Users/Admin/just-play-java/, , Project: ProjectReference(file:/C:/Users/Admin/just-play-java/,root))),true,None)
Sending msg to client play-fork-run-a31de017-47c3-443d-96ac-628db9bfb8f2: TaskStarted(20,2272,Some(AttributeKey[void]("playForkNotifyStart") in Scope(Build: file:/C:/Users/Admin/just-play-java/, , Project: ProjectReference(file:/C:/Users/Admin/just-play-java/,root))))
Sending msg to client play-fork-run-a31de017-47c3-443d-96ac-628db9bfb8f2: TaskEvent(2272,LazyValue(PlayServerStarted(http://localhost:9000),play.forkrun.protocol.Serializers$PlayForkrunProtocolPlayServerStartedPickler1$2$@3308f38d))
Sending msg to client play-fork-run-a31de017-47c3-443d-96ac-628db9bfb8f2: TaskFinished(20,2272,Some(AttributeKey[void]("playForkNotifyStart") in Scope(Build: file:/C:/Users/Admin/just-play-java/, , Project: ProjectReference(file:/C:/Users/Admin/just-play-java/,root))),true,None)
Sending msg to client play-fork-run-a31de017-47c3-443d-96ac-628db9bfb8f2: TaskStarted(20,2271,None)
Sending msg to client play-fork-run-a31de017-47c3-443d-96ac-628db9bfb8f2: TaskFinished(20,2271,None,true,None)
Sending msg to client play-fork-run-a31de017-47c3-443d-96ac-628db9bfb8f2: TaskStarted(20,2270,None)
Sending msg to client play-fork-run-a31de017-47c3-443d-96ac-628db9bfb8f2: TaskFinished(20,2270,None,true,None)
Sending msg to client play-fork-run-a31de017-47c3-443d-96ac-628db9bfb8f2: DetachedLogEvent(LogMessage(debug,cancel strategy finish enabled=false lastCommand=Some(LastCommand(CommandExecutionWork(ExecutionId(20),root/playForkNotifyStart http://localhost:9000,Set(LiveClient(play-fork-run a31de017-47c3-443d-96ac-628db9bfb8f2)),sbt.server.WorkCancellationStatus$$anon$1@7a195f05)))))
Sending msg to client play-fork-run-a31de017-47c3-443d-96ac-628db9bfb8f2: DetachedLogEvent(LogSuccess(Total time: 0 s, completed 23-abr-2015 13:39:59))
Sending msg to client play-fork-run-a31de017-47c3-443d-96ac-628db9bfb8f2: DetachedLogEvent(LogMessage(debug,> server-post-command-cleanup))
Sending msg to client play-fork-run-a31de017-47c3-443d-96ac-628db9bfb8f2: ExecutionSuccess(20)
Sending msg to client play-fork-run-a31de017-47c3-443d-96ac-628db9bfb8f2: DetachedLogEvent(LogMessage(debug,> server-handle-next-server-request))
Sending msg to client play-fork-run-a31de017-47c3-443d-96ac-628db9bfb8f2: ExecutionWaiting(21,jobStop 1,ClientInfo(0fba5b7d-a80b-4bcf-946a-30b2365f154d,activator,Activator,1,Vector()))
Sending msg to client play-fork-run-a31de017-47c3-443d-96ac-628db9bfb8f2: ExecutionStarting(21)
Sending msg to client play-fork-run-a31de017-47c3-443d-96ac-628db9bfb8f2: DetachedLogEvent(LogMessage(debug,> jobStop 1))
Sending msg to client play-fork-run-a31de017-47c3-443d-96ac-628db9bfb8f2: DetachedLogEvent(LogMessage(debug,Evaluating tasks: *:jobStop))
Sending msg to client play-fork-run-a31de017-47c3-443d-96ac-628db9bfb8f2: DetachedLogEvent(LogMessage(debug,Running task... Cancel: sbt.server.ServerTaskCancellation@6d0b8a8e, check cycles: false))
Sending msg to client play-fork-run-a31de017-47c3-443d-96ac-628db9bfb8f2: DetachedLogEvent(LogMessage(debug,cancel strategy start enabled=true lastCommand=Some(LastCommand(CommandExecutionWork(ExecutionId(21),jobStop 1,Set(LiveClient(activator 0fba5b7d-a80b-4bcf-946a-30b2365f154d)),sbt.server.WorkCancellationStatus$$anon$1@23bf762a)))))
Sending msg to client play-fork-run-a31de017-47c3-443d-96ac-628db9bfb8f2: TaskStarted(21,2277,Some(AttributeKey[void]("jobStop") in Scope(Global)))
Sending msg to client play-fork-run-a31de017-47c3-443d-96ac-628db9bfb8f2: TaskFinished(21,2277,Some(AttributeKey[void]("jobStop") in Scope(Global)),true,None)
Sending msg to client play-fork-run-a31de017-47c3-443d-96ac-628db9bfb8f2: TaskStarted(21,2276,None)
Sending msg to client play-fork-run-a31de017-47c3-443d-96ac-628db9bfb8f2: BackgroundJobLogEvent(1,LogMessage(info,Stopping Play fork run ...))
Sending msg to client play-fork-run-a31de017-47c3-443d-96ac-628db9bfb8f2: TaskFinished(21,2276,None,true,None)
Sending msg to client play-fork-run-a31de017-47c3-443d-96ac-628db9bfb8f2: TaskStarted(21,2275,None)
Sending msg to client play-fork-run-a31de017-47c3-443d-96ac-628db9bfb8f2: TaskFinished(21,2275,None,true,None)
Sending msg to client play-fork-run-a31de017-47c3-443d-96ac-628db9bfb8f2: DetachedLogEvent(LogMessage(debug,cancel strategy finish enabled=false lastCommand=Some(LastCommand(CommandExecutionWork(ExecutionId(21),jobStop 1,Set(LiveClient(activator 0fba5b7d-a80b-4bcf-946a-30b2365f154d)),sbt.server.WorkCancellationStatus$$anon$1@23bf762a)))))
Sending msg to client play-fork-run-a31de017-47c3-443d-96ac-628db9bfb8f2: DetachedLogEvent(LogSuccess(Total time: 0 s, completed 23-abr-2015 13:40:53))
Sending msg to client play-fork-run-a31de017-47c3-443d-96ac-628db9bfb8f2: DetachedLogEvent(LogMessage(debug,> server-post-command-cleanup))
Sending msg to client play-fork-run-a31de017-47c3-443d-96ac-628db9bfb8f2: ExecutionSuccess(21)
Sending msg to client play-fork-run-a31de017-47c3-443d-96ac-628db9bfb8f2: DetachedLogEvent(LogMessage(debug,> server-handle-next-server-request))
Got request: UnlistenToEvents()
Reading next message from client.
Sending msg to client play-fork-run-a31de017-47c3-443d-96ac-628db9bfb8f2: (9,ReceivedResponse())
Got request: UnlistenToValue(AttributeKey[play.forkrun.protocol.ForkConfig]("playForkConfig") in Scope(Build: file:/C:/Users/Admin/just-play-java/, , Project: ProjectReference(file:/C:/Users/Admin/just-play-java/,root)))
Reading next message from client.
Client play-fork-run-a31de017-47c3-443d-96ac-628db9bfb8f2 EOF, shutting down.
Stopping client.
Dropping message (10,ReceivedResponse()) to dead client play-fork-run-a31de017-47c3-443d-96ac-628db9bfb8f2
Client play-fork-run-a31de017-47c3-443d-96ac-628db9bfb8f2 thread exiting.
Dropping message (0,ReceivedResponse()) to dead client play-fork-run-a31de017-47c3-443d-96ac-628db9bfb8f2
