New log file opened at Sun May 10 12:00:40 CEST 2015 by 6036@usuario-PC
Sending msg to client activator-3d65721c-c143-4081-9803-811667e50169: DetachedLogEvent(LogMessage(debug,sbt client logs are in: C:\Users\usuario\Desktop\Trivial_i2a-Integration\gW\Users-master\.sbtserver\connections\activator-3d65721c-c143-4081-9803-811667e50169.log))
Sending msg to client activator-3d65721c-c143-4081-9803-811667e50169: DetachedLogEvent(LogMessage(debug,sbt server socket logs are in: C:\Users\usuario\Desktop\Trivial_i2a-Integration\gW\Users-master\.sbtserver\connections\master.log))
Reading next message from client.
Client activator-3d65721c-c143-4081-9803-811667e50169 closed, java.net.SocketException: Software caused connection abort: recv failed, shutting down
Stopping client.
Dropping message DetachedLogEvent(LogMessage(debug,sbt server socket logs are in: C:\Users\usuario\Desktop\Trivial_i2a-Integration\gW\Users-master\.sbtserver\connections\master.log)) because client activator-3d65721c-c143-4081-9803-811667e50169 of an exception serializing and sending: java.net.SocketException: Software caused connection abort: socket write error
stack trace sending message was 
java.net.SocketException: Software caused connection abort: socket write error
	at java.net.SocketOutputStream.socketWrite0(Native Method)
	at java.net.SocketOutputStream.socketWrite(SocketOutputStream.java:109)
	at java.net.SocketOutputStream.write(SocketOutputStream.java:153)
	at java.io.BufferedOutputStream.flushBuffer(BufferedOutputStream.java:82)
	at java.io.BufferedOutputStream.flush(BufferedOutputStream.java:140)
	at java.io.DataOutputStream.flush(DataOutputStream.java:123)
	at sbt.impl.ipc.Peer.send(IPC.scala:79)
	at sbt.impl.ipc.Peer.send(IPC.scala:83)
	at sbt.impl.ipc.Peer.sendString(IPC.scala:106)
	at sbt.impl.ipc.Peer.sendJson(IPC.scala:119)
	at sbt.server.SbtClientHandler$$anonfun$send$1.apply$mcV$sp(SbtClientHandler.scala:128)
	at sbt.server.SbtClientHandler.wrappedSend(SbtClientHandler.scala:113)
	at sbt.server.SbtClientHandler.send(SbtClientHandler.scala:128)
	at sbt.server.SbtServerSocketHandler$$anon$1.run(SbtServerSocketHandler.scala:93)
Dropping message DetachedLogEvent(LogMessage(debug,sbt general server logs are in: C:\Users\usuario\Desktop\Trivial_i2a-Integration\gW\Users-master\.sbtserver\master.log)) to dead client activator-3d65721c-c143-4081-9803-811667e50169
Dropping message (0,ReceivedResponse()) to dead client activator-3d65721c-c143-4081-9803-811667e50169
Client activator-3d65721c-c143-4081-9803-811667e50169 thread exiting.
