New log file opened at Sun May 10 23:24:27 CEST 2015 by 6676@Admin-PC
Sending msg to client play-fork-run-d98e51a7-1421-42f4-956a-6e13611e3446: DetachedLogEvent(LogMessage(debug,sbt server socket logs are in: C:\Users\Admin\Desktop\Trivial_i2a-26dc43ae54fff02aac097c592fbf57d0912135e1\Trivial_i2a-26dc43ae54fff02aac097c592fbf57d0912135e1\gW\Users-master\.sbtserver\connections\master.log))
Sending msg to client play-fork-run-d98e51a7-1421-42f4-956a-6e13611e3446: DetachedLogEvent(LogMessage(debug,sbt client logs are in: C:\Users\Admin\Desktop\Trivial_i2a-26dc43ae54fff02aac097c592fbf57d0912135e1\Trivial_i2a-26dc43ae54fff02aac097c592fbf57d0912135e1\gW\Users-master\.sbtserver\connections\play-fork-run-d98e51a7-1421-42f4-956a-6e13611e3446.log))
Sending msg to client play-fork-run-d98e51a7-1421-42f4-956a-6e13611e3446: DetachedLogEvent(LogMessage(debug,sbt general server logs are in: C:\Users\Admin\Desktop\Trivial_i2a-26dc43ae54fff02aac097c592fbf57d0912135e1\Trivial_i2a-26dc43ae54fff02aac097c592fbf57d0912135e1\gW\Users-master\.sbtserver\master.log))
Reading next message from client.
Got request: DaemonRequest(true)
Reading next message from client.
Sending msg to client play-fork-run-d98e51a7-1421-42f4-956a-6e13611e3446: (3,ReceivedResponse())
Got request: ListenToEvents()
Reading next message from client.
Sending msg to client play-fork-run-d98e51a7-1421-42f4-956a-6e13611e3446: BackgroundJobStarted(22,BackgroundJobInfo(2,backgroundRun,AttributeKey[sbt.BackgroundJobHandle]("backgroundRun") in Scope(Build: file:/C:/Users/Admin/Desktop/Trivial_i2a-26dc43ae54fff02aac097c592fbf57d0912135e1/Trivial_i2a-26dc43ae54fff02aac097c592fbf57d0912135e1/gW/Users-master/, , Project: ProjectReference(file:/C:/Users/Admin/Desktop/Trivial_i2a-26dc43ae54fff02aac097c592fbf57d0912135e1/Trivial_i2a-26dc43ae54fff02aac097c592fbf57d0912135e1/gW/Users-master/,root), Config: compile)))
Sending msg to client play-fork-run-d98e51a7-1421-42f4-956a-6e13611e3446: BackgroundJobStarted(19,BackgroundJobInfo(1,backgroundRun,AttributeKey[sbt.BackgroundJobHandle]("backgroundRun") in Scope(Build: file:/C:/Users/Admin/Desktop/Trivial_i2a-26dc43ae54fff02aac097c592fbf57d0912135e1/Trivial_i2a-26dc43ae54fff02aac097c592fbf57d0912135e1/gW/Users-master/, , Project: ProjectReference(file:/C:/Users/Admin/Desktop/Trivial_i2a-26dc43ae54fff02aac097c592fbf57d0912135e1/Trivial_i2a-26dc43ae54fff02aac097c592fbf57d0912135e1/gW/Users-master/,root), Config: compile)))
Sending msg to client play-fork-run-d98e51a7-1421-42f4-956a-6e13611e3446: (4,ReceivedResponse())
Got request: KeyLookupRequest(root/playForkConfig)
Reading next message from client.
Sending msg to client play-fork-run-d98e51a7-1421-42f4-956a-6e13611e3446: (5,KeyLookupResponse(root/playForkConfig,Vector(AttributeKey[play.forkrun.protocol.ForkConfig]("playForkConfig") in Scope(Build: file:/C:/Users/Admin/Desktop/Trivial_i2a-26dc43ae54fff02aac097c592fbf57d0912135e1/Trivial_i2a-26dc43ae54fff02aac097c592fbf57d0912135e1/gW/Users-master/, , Project: ProjectReference(file:/C:/Users/Admin/Desktop/Trivial_i2a-26dc43ae54fff02aac097c592fbf57d0912135e1/Trivial_i2a-26dc43ae54fff02aac097c592fbf57d0912135e1/gW/Users-master/,root)))))
Got request: ListenToValue(AttributeKey[play.forkrun.protocol.ForkConfig]("playForkConfig") in Scope(Build: file:/C:/Users/Admin/Desktop/Trivial_i2a-26dc43ae54fff02aac097c592fbf57d0912135e1/Trivial_i2a-26dc43ae54fff02aac097c592fbf57d0912135e1/gW/Users-master/, , Project: ProjectReference(file:/C:/Users/Admin/Desktop/Trivial_i2a-26dc43ae54fff02aac097c592fbf57d0912135e1/Trivial_i2a-26dc43ae54fff02aac097c592fbf57d0912135e1/gW/Users-master/,root)))
Reading next message from client.
Sending msg to client play-fork-run-d98e51a7-1421-42f4-956a-6e13611e3446: (6,ReceivedResponse())
Got request: KeyExecutionRequest(AttributeKey[play.forkrun.protocol.ForkConfig]("playForkConfig") in Scope(Build: file:/C:/Users/Admin/Desktop/Trivial_i2a-26dc43ae54fff02aac097c592fbf57d0912135e1/Trivial_i2a-26dc43ae54fff02aac097c592fbf57d0912135e1/gW/Users-master/, , Project: ProjectReference(file:/C:/Users/Admin/Desktop/Trivial_i2a-26dc43ae54fff02aac097c592fbf57d0912135e1/Trivial_i2a-26dc43ae54fff02aac097c592fbf57d0912135e1/gW/Users-master/,root)))
Reading next message from client.
Sending msg to client play-fork-run-d98e51a7-1421-42f4-956a-6e13611e3446: (7,ExecutionRequestReceived(23))
Sending msg to client play-fork-run-d98e51a7-1421-42f4-956a-6e13611e3446: ExecutionWaiting(23,{file:/C:/Users/Admin/Desktop/Trivial_i2a-26dc43ae54fff02aac097c592fbf57d0912135e1/Trivial_i2a-26dc43ae54fff02aac097c592fbf57d0912135e1/gW/Users-master/}root/*:playForkConfig,ClientInfo(d98e51a7-1421-42f4-956a-6e13611e3446,play-fork-run,Play Fork Run,1,Vector()))
Sending msg to client play-fork-run-d98e51a7-1421-42f4-956a-6e13611e3446: ExecutionStarting(23)
Sending msg to client play-fork-run-d98e51a7-1421-42f4-956a-6e13611e3446: DetachedLogEvent(LogMessage(debug,> {file:/C:/Users/Admin/Desktop/Trivial_i2a-26dc43ae54fff02aac097c592fbf57d0912135e1/Trivial_i2a-26dc43ae54fff02aac097c592fbf57d0912135e1/gW/Users-master/}root/*:playForkConfig))
Sending msg to client play-fork-run-d98e51a7-1421-42f4-956a-6e13611e3446: DetachedLogEvent(LogMessage(debug,Evaluating tasks: *:playForkConfig))
Sending msg to client play-fork-run-d98e51a7-1421-42f4-956a-6e13611e3446: DetachedLogEvent(LogMessage(debug,Running task... Cancel: sbt.server.ServerTaskCancellation@49708ae9, check cycles: false))
Sending msg to client play-fork-run-d98e51a7-1421-42f4-956a-6e13611e3446: DetachedLogEvent(LogMessage(debug,cancel strategy start enabled=true lastCommand=Some(LastCommand(CommandExecutionWork(ExecutionId(23),{file:/C:/Users/Admin/Desktop/Trivial_i2a-26dc43ae54fff02aac097c592fbf57d0912135e1/Trivial_i2a-26dc43ae54fff02aac097c592fbf57d0912135e1/gW/Users-master/}root/*:playForkConfig,Set(LiveClient(play-fork-run d98e51a7-1421-42f4-956a-6e13611e3446)),sbt.server.WorkCancellationStatus$$anon$1@19375bb9)))))
Sending msg to client play-fork-run-d98e51a7-1421-42f4-956a-6e13611e3446: TaskStarted(23,2061,Some(AttributeKey[scala.collection.Seq[java.lang.String]]("javaOptions") in Scope(Global)))
Sending msg to client play-fork-run-d98e51a7-1421-42f4-956a-6e13611e3446: TaskStarted(23,2063,Some(AttributeKey[scala.Tuple2[java.lang.String,java.io.File]]("playPrefixAndAssets") in Scope(Build: file:/C:/Users/Admin/Desktop/Trivial_i2a-26dc43ae54fff02aac097c592fbf57d0912135e1/Trivial_i2a-26dc43ae54fff02aac097c592fbf57d0912135e1/gW/Users-master/, , Project: ProjectReference(file:/C:/Users/Admin/Desktop/Trivial_i2a-26dc43ae54fff02aac097c592fbf57d0912135e1/Trivial_i2a-26dc43ae54fff02aac097c592fbf57d0912135e1/gW/Users-master/,root))))
Sending msg to client play-fork-run-d98e51a7-1421-42f4-956a-6e13611e3446: TaskStarted(23,2067,None)
Sending msg to client play-fork-run-d98e51a7-1421-42f4-956a-6e13611e3446: TaskStarted(23,2072,None)
Sending msg to client play-fork-run-d98e51a7-1421-42f4-956a-6e13611e3446: TaskStarted(23,2073,None)
Sending msg to client play-fork-run-d98e51a7-1421-42f4-956a-6e13611e3446: TaskStarted(23,2074,Some(AttributeKey[boolean]("skip") in Scope(Global)))
Sending msg to client play-fork-run-d98e51a7-1421-42f4-956a-6e13611e3446: TaskStarted(23,2078,None)
Sending msg to client play-fork-run-d98e51a7-1421-42f4-956a-6e13611e3446: TaskStarted(23,2079,Some(AttributeKey[java.lang.String]("updateCacheName") in Scope(Build: file:/C:/Users/Admin/Desktop/Trivial_i2a-26dc43ae54fff02aac097c592fbf57d0912135e1/Trivial_i2a-26dc43ae54fff02aac097c592fbf57d0912135e1/gW/Users-master/, , Project: ProjectReference(file:/C:/Users/Admin/Desktop/Trivial_i2a-26dc43ae54fff02aac097c592fbf57d0912135e1/Trivial_i2a-26dc43ae54fff02aac097c592fbf57d0912135e1/gW/Users-master/,root))))
Sending msg to client play-fork-run-d98e51a7-1421-42f4-956a-6e13611e3446: TaskStarted(23,2083,None)
Sending msg to client play-fork-run-d98e51a7-1421-42f4-956a-6e13611e3446: TaskStarted(23,2084,None)
Sending msg to client play-fork-run-d98e51a7-1421-42f4-956a-6e13611e3446: TaskStarted(23,2092,Some(AttributeKey[scala.collection.Seq[sbt.Credentials]]("credentials") in Scope(Global)))
Sending msg to client play-fork-run-d98e51a7-1421-42f4-956a-6e13611e3446: TaskStarted(23,2096,Some(AttributeKey[scala.collection.Seq[sbt.Resolver]]("externalResolvers") in Scope(Build: file:/C:/Users/Admin/Desktop/Trivial_i2a-26dc43ae54fff02aac097c592fbf57d0912135e1/Trivial_i2a-26dc43ae54fff02aac097c592fbf57d0912135e1/gW/Users-master/, , Project: ProjectReference(file:/C:/Users/Admin/Desktop/Trivial_i2a-26dc43ae54fff02aac097c592fbf57d0912135e1/Trivial_i2a-26dc43ae54fff02aac097c592fbf57d0912135e1/gW/Users-master/,root))))
Sending msg to client play-fork-run-d98e51a7-1421-42f4-956a-6e13611e3446: TaskStarted(23,2097,Some(AttributeKey[scala.Option[scala.collection.Seq[sbt.Resolver]]]("bootResolvers") in Scope(Build: file:/C:/Users/Admin/Desktop/Trivial_i2a-26dc43ae54fff02aac097c592fbf57d0912135e1/Trivial_i2a-26dc43ae54fff02aac097c592fbf57d0912135e1/gW/Users-master/, , Project: ProjectReference(file:/C:/Users/Admin/Desktop/Trivial_i2a-26dc43ae54fff02aac097c592fbf57d0912135e1/Trivial_i2a-26dc43ae54fff02aac097c592fbf57d0912135e1/gW/Users-master/,root))))
Sending msg to client play-fork-run-d98e51a7-1421-42f4-956a-6e13611e3446: TaskStarted(23,2113,None)
Sending msg to client play-fork-run-d98e51a7-1421-42f4-956a-6e13611e3446: TaskFinished(23,2061,Some(AttributeKey[scala.collection.Seq[java.lang.String]]("javaOptions") in Scope(Global)),true,None)
Sending msg to client play-fork-run-d98e51a7-1421-42f4-956a-6e13611e3446: TaskFinished(23,2063,Some(AttributeKey[scala.Tuple2[java.lang.String,java.io.File]]("playPrefixAndAssets") in Scope(Build: file:/C:/Users/Admin/Desktop/Trivial_i2a-26dc43ae54fff02aac097c592fbf57d0912135e1/Trivial_i2a-26dc43ae54fff02aac097c592fbf57d0912135e1/gW/Users-master/, , Project: ProjectReference(file:/C:/Users/Admin/Desktop/Trivial_i2a-26dc43ae54fff02aac097c592fbf57d0912135e1/Trivial_i2a-26dc43ae54fff02aac097c592fbf57d0912135e1/gW/Users-master/,root))),true,None)
Sending msg to client play-fork-run-d98e51a7-1421-42f4-956a-6e13611e3446: TaskStarted(23,2065,None)
Sending msg to client play-fork-run-d98e51a7-1421-42f4-956a-6e13611e3446: TaskFinished(23,2072,None,true,None)
Sending msg to client play-fork-run-d98e51a7-1421-42f4-956a-6e13611e3446: TaskFinished(23,2074,Some(AttributeKey[boolean]("skip") in Scope(Global)),true,None)
Sending msg to client play-fork-run-d98e51a7-1421-42f4-956a-6e13611e3446: TaskFinished(23,2078,None,true,None)
Sending msg to client play-fork-run-d98e51a7-1421-42f4-956a-6e13611e3446: TaskFinished(23,2079,Some(AttributeKey[java.lang.String]("updateCacheName") in Scope(Build: file:/C:/Users/Admin/Desktop/Trivial_i2a-26dc43ae54fff02aac097c592fbf57d0912135e1/Trivial_i2a-26dc43ae54fff02aac097c592fbf57d0912135e1/gW/Users-master/, , Project: ProjectReference(file:/C:/Users/Admin/Desktop/Trivial_i2a-26dc43ae54fff02aac097c592fbf57d0912135e1/Trivial_i2a-26dc43ae54fff02aac097c592fbf57d0912135e1/gW/Users-master/,root))),true,None)
Sending msg to client play-fork-run-d98e51a7-1421-42f4-956a-6e13611e3446: TaskFinished(23,2083,None,true,None)
Sending msg to client play-fork-run-d98e51a7-1421-42f4-956a-6e13611e3446: TaskStarted(23,2082,None)
Sending msg to client play-fork-run-d98e51a7-1421-42f4-956a-6e13611e3446: TaskStarted(23,2085,None)
Sending msg to client play-fork-run-d98e51a7-1421-42f4-956a-6e13611e3446: TaskStarted(23,2094,None)
Sending msg to client play-fork-run-d98e51a7-1421-42f4-956a-6e13611e3446: TaskStarted(23,2100,None)
Sending msg to client play-fork-run-d98e51a7-1421-42f4-956a-6e13611e3446: TaskStarted(23,2101,None)
Sending msg to client play-fork-run-d98e51a7-1421-42f4-956a-6e13611e3446: TaskStarted(23,2103,None)
Sending msg to client play-fork-run-d98e51a7-1421-42f4-956a-6e13611e3446: TaskStarted(23,2106,None)
Sending msg to client play-fork-run-d98e51a7-1421-42f4-956a-6e13611e3446: TaskStarted(23,2114,None)
Sending msg to client play-fork-run-d98e51a7-1421-42f4-956a-6e13611e3446: TaskFinished(23,2084,None,true,None)
Sending msg to client play-fork-run-d98e51a7-1421-42f4-956a-6e13611e3446: TaskFinished(23,2092,Some(AttributeKey[scala.collection.Seq[sbt.Credentials]]("credentials") in Scope(Global)),true,None)
Sending msg to client play-fork-run-d98e51a7-1421-42f4-956a-6e13611e3446: TaskFinished(23,2113,None,true,None)
Sending msg to client play-fork-run-d98e51a7-1421-42f4-956a-6e13611e3446: TaskFinished(23,2065,None,true,None)
Sending msg to client play-fork-run-d98e51a7-1421-42f4-956a-6e13611e3446: TaskStarted(23,2064,None)
Sending msg to client play-fork-run-d98e51a7-1421-42f4-956a-6e13611e3446: TaskFinished(23,2097,Some(AttributeKey[scala.Option[scala.collection.Seq[sbt.Resolver]]]("bootResolvers") in Scope(Build: file:/C:/Users/Admin/Desktop/Trivial_i2a-26dc43ae54fff02aac097c592fbf57d0912135e1/Trivial_i2a-26dc43ae54fff02aac097c592fbf57d0912135e1/gW/Users-master/, , Project: ProjectReference(file:/C:/Users/Admin/Desktop/Trivial_i2a-26dc43ae54fff02aac097c592fbf57d0912135e1/Trivial_i2a-26dc43ae54fff02aac097c592fbf57d0912135e1/gW/Users-master/,root))),true,None)
Sending msg to client play-fork-run-d98e51a7-1421-42f4-956a-6e13611e3446: TaskFinished(23,2082,None,true,None)
Sending msg to client play-fork-run-d98e51a7-1421-42f4-956a-6e13611e3446: TaskFinished(23,2085,None,true,None)
Sending msg to client play-fork-run-d98e51a7-1421-42f4-956a-6e13611e3446: TaskFinished(23,2100,None,true,None)
Sending msg to client play-fork-run-d98e51a7-1421-42f4-956a-6e13611e3446: TaskFinished(23,2067,None,true,None)
Sending msg to client play-fork-run-d98e51a7-1421-42f4-956a-6e13611e3446: TaskStarted(23,2066,Some(AttributeKey[scala.collection.Seq[java.lang.String]]("playMonitoredFiles") in Scope(Build: file:/C:/Users/Admin/Desktop/Trivial_i2a-26dc43ae54fff02aac097c592fbf57d0912135e1/Trivial_i2a-26dc43ae54fff02aac097c592fbf57d0912135e1/gW/Users-master/, , Project: ProjectReference(file:/C:/Users/Admin/Desktop/Trivial_i2a-26dc43ae54fff02aac097c592fbf57d0912135e1/Trivial_i2a-26dc43ae54fff02aac097c592fbf57d0912135e1/gW/Users-master/,root))))
Sending msg to client play-fork-run-d98e51a7-1421-42f4-956a-6e13611e3446: TaskStarted(23,2077,Some(AttributeKey[sbt.BuildStructure]("buildStructure") in Scope(Global)))
Sending msg to client play-fork-run-d98e51a7-1421-42f4-956a-6e13611e3446: TaskStarted(23,2081,Some(AttributeKey[scala.collection.immutable.Map[sbt.ModuleID,sbt.SourcePosition]]("dependencyPositions") in Scope(Build: file:/C:/Users/Admin/Desktop/Trivial_i2a-26dc43ae54fff02aac097c592fbf57d0912135e1/Trivial_i2a-26dc43ae54fff02aac097c592fbf57d0912135e1/gW/Users-master/, , Project: ProjectReference(file:/C:/Users/Admin/Desktop/Trivial_i2a-26dc43ae54fff02aac097c592fbf57d0912135e1/Trivial_i2a-26dc43ae54fff02aac097c592fbf57d0912135e1/gW/Users-master/,root))))
Sending msg to client play-fork-run-d98e51a7-1421-42f4-956a-6e13611e3446: TaskStarted(23,2086,Some(AttributeKey[java.io.File]("dependencyCacheDirectory") in Scope(Build: file:/C:/Users/Admin/Desktop/Trivial_i2a-26dc43ae54fff02aac097c592fbf57d0912135e1/Trivial_i2a-26dc43ae54fff02aac097c592fbf57d0912135e1/gW/Users-master/, , Project: ProjectReference(file:/C:/Users/Admin/Desktop/Trivial_i2a-26dc43ae54fff02aac097c592fbf57d0912135e1/Trivial_i2a-26dc43ae54fff02aac097c592fbf57d0912135e1/gW/Users-master/,root))))
Sending msg to client play-fork-run-d98e51a7-1421-42f4-956a-6e13611e3446: TaskFinished(23,2073,None,true,None)
Sending msg to client play-fork-run-d98e51a7-1421-42f4-956a-6e13611e3446: TaskStarted(23,2071,Some(AttributeKey[scala.collection.Seq[sbt.UpdateReport]]("transitiveUpdate") in Scope(Build: file:/C:/Users/Admin/Desktop/Trivial_i2a-26dc43ae54fff02aac097c592fbf57d0912135e1/Trivial_i2a-26dc43ae54fff02aac097c592fbf57d0912135e1/gW/Users-master/, , Project: ProjectReference(file:/C:/Users/Admin/Desktop/Trivial_i2a-26dc43ae54fff02aac097c592fbf57d0912135e1/Trivial_i2a-26dc43ae54fff02aac097c592fbf57d0912135e1/gW/Users-master/,root))))
Sending msg to client play-fork-run-d98e51a7-1421-42f4-956a-6e13611e3446: TaskFinished(23,2096,Some(AttributeKey[scala.collection.Seq[sbt.Resolver]]("externalResolvers") in Scope(Build: file:/C:/Users/Admin/Desktop/Trivial_i2a-26dc43ae54fff02aac097c592fbf57d0912135e1/Trivial_i2a-26dc43ae54fff02aac097c592fbf57d0912135e1/gW/Users-master/, , Project: ProjectReference(file:/C:/Users/Admin/Desktop/Trivial_i2a-26dc43ae54fff02aac097c592fbf57d0912135e1/Trivial_i2a-26dc43ae54fff02aac097c592fbf57d0912135e1/gW/Users-master/,root))),true,None)
Sending msg to client play-fork-run-d98e51a7-1421-42f4-956a-6e13611e3446: TaskFinished(23,2094,None,true,None)
Sending msg to client play-fork-run-d98e51a7-1421-42f4-956a-6e13611e3446: TaskFinished(23,2101,None,true,None)
Sending msg to client play-fork-run-d98e51a7-1421-42f4-956a-6e13611e3446: TaskFinished(23,2103,None,true,None)
Sending msg to client play-fork-run-d98e51a7-1421-42f4-956a-6e13611e3446: TaskFinished(23,2106,None,true,None)
Sending msg to client play-fork-run-d98e51a7-1421-42f4-956a-6e13611e3446: TaskFinished(23,2114,None,true,None)
Sending msg to client play-fork-run-d98e51a7-1421-42f4-956a-6e13611e3446: TaskFinished(23,2064,None,true,None)
Sending msg to client play-fork-run-d98e51a7-1421-42f4-956a-6e13611e3446: TaskStarted(23,2062,Some(AttributeKey[scala.collection.Seq[scala.Tuple2[java.lang.String,java.io.File]]]("playAllAssets") in Scope(Build: file:/C:/Users/Admin/Desktop/Trivial_i2a-26dc43ae54fff02aac097c592fbf57d0912135e1/Trivial_i2a-26dc43ae54fff02aac097c592fbf57d0912135e1/gW/Users-master/, , Project: ProjectReference(file:/C:/Users/Admin/Desktop/Trivial_i2a-26dc43ae54fff02aac097c592fbf57d0912135e1/Trivial_i2a-26dc43ae54fff02aac097c592fbf57d0912135e1/gW/Users-master/,root))))
Sending msg to client play-fork-run-d98e51a7-1421-42f4-956a-6e13611e3446: TaskFinished(23,2081,Some(AttributeKey[scala.collection.immutable.Map[sbt.ModuleID,sbt.SourcePosition]]("dependencyPositions") in Scope(Build: file:/C:/Users/Admin/Desktop/Trivial_i2a-26dc43ae54fff02aac097c592fbf57d0912135e1/Trivial_i2a-26dc43ae54fff02aac097c592fbf57d0912135e1/gW/Users-master/, , Project: ProjectReference(file:/C:/Users/Admin/Desktop/Trivial_i2a-26dc43ae54fff02aac097c592fbf57d0912135e1/Trivial_i2a-26dc43ae54fff02aac097c592fbf57d0912135e1/gW/Users-master/,root))),true,None)
Sending msg to client play-fork-run-d98e51a7-1421-42f4-956a-6e13611e3446: TaskStarted(23,2080,Some(AttributeKey[sbt.UnresolvedWarningConfiguration]("unresolvedWarningConfiguration") in Scope(Build: file:/C:/Users/Admin/Desktop/Trivial_i2a-26dc43ae54fff02aac097c592fbf57d0912135e1/Trivial_i2a-26dc43ae54fff02aac097c592fbf57d0912135e1/gW/Users-master/, , Project: ProjectReference(file:/C:/Users/Admin/Desktop/Trivial_i2a-26dc43ae54fff02aac097c592fbf57d0912135e1/Trivial_i2a-26dc43ae54fff02aac097c592fbf57d0912135e1/gW/Users-master/,root), Task: AttributeKey[sbt.UpdateReport]("update"))))
Sending msg to client play-fork-run-d98e51a7-1421-42f4-956a-6e13611e3446: TaskFinished(23,2077,Some(AttributeKey[sbt.BuildStructure]("buildStructure") in Scope(Global)),true,None)
Sending msg to client play-fork-run-d98e51a7-1421-42f4-956a-6e13611e3446: TaskStarted(23,2076,Some(AttributeKey[sbt.Settings[sbt.Scope]]("settingsData") in Scope(Global)))
Sending msg to client play-fork-run-d98e51a7-1421-42f4-956a-6e13611e3446: TaskFinished(23,2086,Some(AttributeKey[java.io.File]("dependencyCacheDirectory") in Scope(Build: file:/C:/Users/Admin/Desktop/Trivial_i2a-26dc43ae54fff02aac097c592fbf57d0912135e1/Trivial_i2a-26dc43ae54fff02aac097c592fbf57d0912135e1/gW/Users-master/, , Project: ProjectReference(file:/C:/Users/Admin/Desktop/Trivial_i2a-26dc43ae54fff02aac097c592fbf57d0912135e1/Trivial_i2a-26dc43ae54fff02aac097c592fbf57d0912135e1/gW/Users-master/,root))),true,None)
Sending msg to client play-fork-run-d98e51a7-1421-42f4-956a-6e13611e3446: TaskFinished(23,2066,Some(AttributeKey[scala.collection.Seq[java.lang.String]]("playMonitoredFiles") in Scope(Build: file:/C:/Users/Admin/Desktop/Trivial_i2a-26dc43ae54fff02aac097c592fbf57d0912135e1/Trivial_i2a-26dc43ae54fff02aac097c592fbf57d0912135e1/gW/Users-master/, , Project: ProjectReference(file:/C:/Users/Admin/Desktop/Trivial_i2a-26dc43ae54fff02aac097c592fbf57d0912135e1/Trivial_i2a-26dc43ae54fff02aac097c592fbf57d0912135e1/gW/Users-master/,root))),true,None)
Sending msg to client play-fork-run-d98e51a7-1421-42f4-956a-6e13611e3446: TaskFinished(23,2071,Some(AttributeKey[scala.collection.Seq[sbt.UpdateReport]]("transitiveUpdate") in Scope(Build: file:/C:/Users/Admin/Desktop/Trivial_i2a-26dc43ae54fff02aac097c592fbf57d0912135e1/Trivial_i2a-26dc43ae54fff02aac097c592fbf57d0912135e1/gW/Users-master/, , Project: ProjectReference(file:/C:/Users/Admin/Desktop/Trivial_i2a-26dc43ae54fff02aac097c592fbf57d0912135e1/Trivial_i2a-26dc43ae54fff02aac097c592fbf57d0912135e1/gW/Users-master/,root))),true,None)
Sending msg to client play-fork-run-d98e51a7-1421-42f4-956a-6e13611e3446: TaskFinished(23,2062,Some(AttributeKey[scala.collection.Seq[scala.Tuple2[java.lang.String,java.io.File]]]("playAllAssets") in Scope(Build: file:/C:/Users/Admin/Desktop/Trivial_i2a-26dc43ae54fff02aac097c592fbf57d0912135e1/Trivial_i2a-26dc43ae54fff02aac097c592fbf57d0912135e1/gW/Users-master/, , Project: ProjectReference(file:/C:/Users/Admin/Desktop/Trivial_i2a-26dc43ae54fff02aac097c592fbf57d0912135e1/Trivial_i2a-26dc43ae54fff02aac097c592fbf57d0912135e1/gW/Users-master/,root))),true,None)
Sending msg to client play-fork-run-d98e51a7-1421-42f4-956a-6e13611e3446: TaskFinished(23,2080,Some(AttributeKey[sbt.UnresolvedWarningConfiguration]("unresolvedWarningConfiguration") in Scope(Build: file:/C:/Users/Admin/Desktop/Trivial_i2a-26dc43ae54fff02aac097c592fbf57d0912135e1/Trivial_i2a-26dc43ae54fff02aac097c592fbf57d0912135e1/gW/Users-master/, , Project: ProjectReference(file:/C:/Users/Admin/Desktop/Trivial_i2a-26dc43ae54fff02aac097c592fbf57d0912135e1/Trivial_i2a-26dc43ae54fff02aac097c592fbf57d0912135e1/gW/Users-master/,root), Task: AttributeKey[sbt.UpdateReport]("update"))),true,None)
Sending msg to client play-fork-run-d98e51a7-1421-42f4-956a-6e13611e3446: TaskFinished(23,2076,Some(AttributeKey[sbt.Settings[sbt.Scope]]("settingsData") in Scope(Global)),true,None)
Sending msg to client play-fork-run-d98e51a7-1421-42f4-956a-6e13611e3446: TaskStarted(23,2075,None)
Sending msg to client play-fork-run-d98e51a7-1421-42f4-956a-6e13611e3446: TaskStarted(23,2090,Some(AttributeKey[scala.collection.Seq[sbt.ModuleID]]("projectDependencies") in Scope(Build: file:/C:/Users/Admin/Desktop/Trivial_i2a-26dc43ae54fff02aac097c592fbf57d0912135e1/Trivial_i2a-26dc43ae54fff02aac097c592fbf57d0912135e1/gW/Users-master/, , Project: ProjectReference(file:/C:/Users/Admin/Desktop/Trivial_i2a-26dc43ae54fff02aac097c592fbf57d0912135e1/Trivial_i2a-26dc43ae54fff02aac097c592fbf57d0912135e1/gW/Users-master/,root))))
Sending msg to client play-fork-run-d98e51a7-1421-42f4-956a-6e13611e3446: TaskStarted(23,2099,Some(AttributeKey[scala.collection.immutable.Map[org.apache.ivy.core.module.id.ModuleRevisionId,org.apache.ivy.core.module.descriptor.ModuleDescriptor]]("projectDescriptors") in Scope(Build: file:/C:/Users/Admin/Desktop/Trivial_i2a-26dc43ae54fff02aac097c592fbf57d0912135e1/Trivial_i2a-26dc43ae54fff02aac097c592fbf57d0912135e1/gW/Users-master/, , Project: ProjectReference(file:/C:/Users/Admin/Desktop/Trivial_i2a-26dc43ae54fff02aac097c592fbf57d0912135e1/Trivial_i2a-26dc43ae54fff02aac097c592fbf57d0912135e1/gW/Users-master/,root))))
Sending msg to client play-fork-run-d98e51a7-1421-42f4-956a-6e13611e3446: TaskStarted(23,2107,None)
Sending msg to client play-fork-run-d98e51a7-1421-42f4-956a-6e13611e3446: TaskStarted(23,2115,None)
Sending msg to client play-fork-run-d98e51a7-1421-42f4-956a-6e13611e3446: TaskStarted(23,2117,None)
Sending msg to client play-fork-run-d98e51a7-1421-42f4-956a-6e13611e3446: TaskFinished(23,2090,Some(AttributeKey[scala.collection.Seq[sbt.ModuleID]]("projectDependencies") in Scope(Build: file:/C:/Users/Admin/Desktop/Trivial_i2a-26dc43ae54fff02aac097c592fbf57d0912135e1/Trivial_i2a-26dc43ae54fff02aac097c592fbf57d0912135e1/gW/Users-master/, , Project: ProjectReference(file:/C:/Users/Admin/Desktop/Trivial_i2a-26dc43ae54fff02aac097c592fbf57d0912135e1/Trivial_i2a-26dc43ae54fff02aac097c592fbf57d0912135e1/gW/Users-master/,root))),true,None)
Sending msg to client play-fork-run-d98e51a7-1421-42f4-956a-6e13611e3446: TaskStarted(23,2089,Some(AttributeKey[scala.collection.Seq[sbt.ModuleID]]("allDependencies") in Scope(Build: file:/C:/Users/Admin/Desktop/Trivial_i2a-26dc43ae54fff02aac097c592fbf57d0912135e1/Trivial_i2a-26dc43ae54fff02aac097c592fbf57d0912135e1/gW/Users-master/, , Project: ProjectReference(file:/C:/Users/Admin/Desktop/Trivial_i2a-26dc43ae54fff02aac097c592fbf57d0912135e1/Trivial_i2a-26dc43ae54fff02aac097c592fbf57d0912135e1/gW/Users-master/,root))))
Sending msg to client play-fork-run-d98e51a7-1421-42f4-956a-6e13611e3446: TaskFinished(23,2117,None,true,None)
Sending msg to client play-fork-run-d98e51a7-1421-42f4-956a-6e13611e3446: TaskStarted(23,2116,None)
Sending msg to client play-fork-run-d98e51a7-1421-42f4-956a-6e13611e3446: TaskFinished(23,2089,Some(AttributeKey[scala.collection.Seq[sbt.ModuleID]]("allDependencies") in Scope(Build: file:/C:/Users/Admin/Desktop/Trivial_i2a-26dc43ae54fff02aac097c592fbf57d0912135e1/Trivial_i2a-26dc43ae54fff02aac097c592fbf57d0912135e1/gW/Users-master/, , Project: ProjectReference(file:/C:/Users/Admin/Desktop/Trivial_i2a-26dc43ae54fff02aac097c592fbf57d0912135e1/Trivial_i2a-26dc43ae54fff02aac097c592fbf57d0912135e1/gW/Users-master/,root))),true,None)
Sending msg to client play-fork-run-d98e51a7-1421-42f4-956a-6e13611e3446: TaskStarted(23,2088,Some(AttributeKey[sbt.ModuleSettings]("moduleSettings") in Scope(Build: file:/C:/Users/Admin/Desktop/Trivial_i2a-26dc43ae54fff02aac097c592fbf57d0912135e1/Trivial_i2a-26dc43ae54fff02aac097c592fbf57d0912135e1/gW/Users-master/, , Project: ProjectReference(file:/C:/Users/Admin/Desktop/Trivial_i2a-26dc43ae54fff02aac097c592fbf57d0912135e1/Trivial_i2a-26dc43ae54fff02aac097c592fbf57d0912135e1/gW/Users-master/,root))))
Sending msg to client play-fork-run-d98e51a7-1421-42f4-956a-6e13611e3446: TaskFinished(23,2116,None,true,None)
Sending msg to client play-fork-run-d98e51a7-1421-42f4-956a-6e13611e3446: TaskFinished(23,2099,Some(AttributeKey[scala.collection.immutable.Map[org.apache.ivy.core.module.id.ModuleRevisionId,org.apache.ivy.core.module.descriptor.ModuleDescriptor]]("projectDescriptors") in Scope(Build: file:/C:/Users/Admin/Desktop/Trivial_i2a-26dc43ae54fff02aac097c592fbf57d0912135e1/Trivial_i2a-26dc43ae54fff02aac097c592fbf57d0912135e1/gW/Users-master/, , Project: ProjectReference(file:/C:/Users/Admin/Desktop/Trivial_i2a-26dc43ae54fff02aac097c592fbf57d0912135e1/Trivial_i2a-26dc43ae54fff02aac097c592fbf57d0912135e1/gW/Users-master/,root))),true,None)
Sending msg to client play-fork-run-d98e51a7-1421-42f4-956a-6e13611e3446: TaskStarted(23,2098,Some(AttributeKey[sbt.Resolver]("projectResolver") in Scope(Build: file:/C:/Users/Admin/Desktop/Trivial_i2a-26dc43ae54fff02aac097c592fbf57d0912135e1/Trivial_i2a-26dc43ae54fff02aac097c592fbf57d0912135e1/gW/Users-master/, , Project: ProjectReference(file:/C:/Users/Admin/Desktop/Trivial_i2a-26dc43ae54fff02aac097c592fbf57d0912135e1/Trivial_i2a-26dc43ae54fff02aac097c592fbf57d0912135e1/gW/Users-master/,root))))
Sending msg to client play-fork-run-d98e51a7-1421-42f4-956a-6e13611e3446: TaskFinished(23,2088,Some(AttributeKey[sbt.ModuleSettings]("moduleSettings") in Scope(Build: file:/C:/Users/Admin/Desktop/Trivial_i2a-26dc43ae54fff02aac097c592fbf57d0912135e1/Trivial_i2a-26dc43ae54fff02aac097c592fbf57d0912135e1/gW/Users-master/, , Project: ProjectReference(file:/C:/Users/Admin/Desktop/Trivial_i2a-26dc43ae54fff02aac097c592fbf57d0912135e1/Trivial_i2a-26dc43ae54fff02aac097c592fbf57d0912135e1/gW/Users-master/,root))),true,None)
Sending msg to client play-fork-run-d98e51a7-1421-42f4-956a-6e13611e3446: TaskFinished(23,2115,None,true,None)
Sending msg to client play-fork-run-d98e51a7-1421-42f4-956a-6e13611e3446: TaskFinished(23,2075,None,true,None)
Sending msg to client play-fork-run-d98e51a7-1421-42f4-956a-6e13611e3446: TaskFinished(23,2098,Some(AttributeKey[sbt.Resolver]("projectResolver") in Scope(Build: file:/C:/Users/Admin/Desktop/Trivial_i2a-26dc43ae54fff02aac097c592fbf57d0912135e1/Trivial_i2a-26dc43ae54fff02aac097c592fbf57d0912135e1/gW/Users-master/, , Project: ProjectReference(file:/C:/Users/Admin/Desktop/Trivial_i2a-26dc43ae54fff02aac097c592fbf57d0912135e1/Trivial_i2a-26dc43ae54fff02aac097c592fbf57d0912135e1/gW/Users-master/,root))),true,None)
Sending msg to client play-fork-run-d98e51a7-1421-42f4-956a-6e13611e3446: TaskStarted(23,2095,Some(AttributeKey[scala.collection.Seq[sbt.Resolver]]("fullResolvers") in Scope(Build: file:/C:/Users/Admin/Desktop/Trivial_i2a-26dc43ae54fff02aac097c592fbf57d0912135e1/Trivial_i2a-26dc43ae54fff02aac097c592fbf57d0912135e1/gW/Users-master/, , Project: ProjectReference(file:/C:/Users/Admin/Desktop/Trivial_i2a-26dc43ae54fff02aac097c592fbf57d0912135e1/Trivial_i2a-26dc43ae54fff02aac097c592fbf57d0912135e1/gW/Users-master/,root))))
Sending msg to client play-fork-run-d98e51a7-1421-42f4-956a-6e13611e3446: TaskFinished(23,2095,Some(AttributeKey[scala.collection.Seq[sbt.Resolver]]("fullResolvers") in Scope(Build: file:/C:/Users/Admin/Desktop/Trivial_i2a-26dc43ae54fff02aac097c592fbf57d0912135e1/Trivial_i2a-26dc43ae54fff02aac097c592fbf57d0912135e1/gW/Users-master/, , Project: ProjectReference(file:/C:/Users/Admin/Desktop/Trivial_i2a-26dc43ae54fff02aac097c592fbf57d0912135e1/Trivial_i2a-26dc43ae54fff02aac097c592fbf57d0912135e1/gW/Users-master/,root))),true,None)
Sending msg to client play-fork-run-d98e51a7-1421-42f4-956a-6e13611e3446: TaskStarted(23,2093,Some(AttributeKey[sbt.IvyConfiguration]("ivyConfiguration") in Scope(Build: file:/C:/Users/Admin/Desktop/Trivial_i2a-26dc43ae54fff02aac097c592fbf57d0912135e1/Trivial_i2a-26dc43ae54fff02aac097c592fbf57d0912135e1/gW/Users-master/, , Project: ProjectReference(file:/C:/Users/Admin/Desktop/Trivial_i2a-26dc43ae54fff02aac097c592fbf57d0912135e1/Trivial_i2a-26dc43ae54fff02aac097c592fbf57d0912135e1/gW/Users-master/,root))))
Sending msg to client play-fork-run-d98e51a7-1421-42f4-956a-6e13611e3446: TaskFinished(23,2093,Some(AttributeKey[sbt.IvyConfiguration]("ivyConfiguration") in Scope(Build: file:/C:/Users/Admin/Desktop/Trivial_i2a-26dc43ae54fff02aac097c592fbf57d0912135e1/Trivial_i2a-26dc43ae54fff02aac097c592fbf57d0912135e1/gW/Users-master/, , Project: ProjectReference(file:/C:/Users/Admin/Desktop/Trivial_i2a-26dc43ae54fff02aac097c592fbf57d0912135e1/Trivial_i2a-26dc43ae54fff02aac097c592fbf57d0912135e1/gW/Users-master/,root))),true,None)
Sending msg to client play-fork-run-d98e51a7-1421-42f4-956a-6e13611e3446: TaskStarted(23,2091,Some(AttributeKey[sbt.IvySbt]("ivySbt") in Scope(Build: file:/C:/Users/Admin/Desktop/Trivial_i2a-26dc43ae54fff02aac097c592fbf57d0912135e1/Trivial_i2a-26dc43ae54fff02aac097c592fbf57d0912135e1/gW/Users-master/, , Project: ProjectReference(file:/C:/Users/Admin/Desktop/Trivial_i2a-26dc43ae54fff02aac097c592fbf57d0912135e1/Trivial_i2a-26dc43ae54fff02aac097c592fbf57d0912135e1/gW/Users-master/,root))))
Sending msg to client play-fork-run-d98e51a7-1421-42f4-956a-6e13611e3446: TaskFinished(23,2091,Some(AttributeKey[sbt.IvySbt]("ivySbt") in Scope(Build: file:/C:/Users/Admin/Desktop/Trivial_i2a-26dc43ae54fff02aac097c592fbf57d0912135e1/Trivial_i2a-26dc43ae54fff02aac097c592fbf57d0912135e1/gW/Users-master/, , Project: ProjectReference(file:/C:/Users/Admin/Desktop/Trivial_i2a-26dc43ae54fff02aac097c592fbf57d0912135e1/Trivial_i2a-26dc43ae54fff02aac097c592fbf57d0912135e1/gW/Users-master/,root))),true,None)
Sending msg to client play-fork-run-d98e51a7-1421-42f4-956a-6e13611e3446: TaskStarted(23,2087,Some(AttributeKey[sbt.IvySbt$Module]("ivyModule") in Scope(Build: file:/C:/Users/Admin/Desktop/Trivial_i2a-26dc43ae54fff02aac097c592fbf57d0912135e1/Trivial_i2a-26dc43ae54fff02aac097c592fbf57d0912135e1/gW/Users-master/, , Project: ProjectReference(file:/C:/Users/Admin/Desktop/Trivial_i2a-26dc43ae54fff02aac097c592fbf57d0912135e1/Trivial_i2a-26dc43ae54fff02aac097c592fbf57d0912135e1/gW/Users-master/,root))))
Sending msg to client play-fork-run-d98e51a7-1421-42f4-956a-6e13611e3446: TaskFinished(23,2087,Some(AttributeKey[sbt.IvySbt$Module]("ivyModule") in Scope(Build: file:/C:/Users/Admin/Desktop/Trivial_i2a-26dc43ae54fff02aac097c592fbf57d0912135e1/Trivial_i2a-26dc43ae54fff02aac097c592fbf57d0912135e1/gW/Users-master/, , Project: ProjectReference(file:/C:/Users/Admin/Desktop/Trivial_i2a-26dc43ae54fff02aac097c592fbf57d0912135e1/Trivial_i2a-26dc43ae54fff02aac097c592fbf57d0912135e1/gW/Users-master/,root))),true,None)
Sending msg to client play-fork-run-d98e51a7-1421-42f4-956a-6e13611e3446: TaskStarted(23,2070,Some(AttributeKey[sbt.UpdateReport]("update") in Scope(Build: file:/C:/Users/Admin/Desktop/Trivial_i2a-26dc43ae54fff02aac097c592fbf57d0912135e1/Trivial_i2a-26dc43ae54fff02aac097c592fbf57d0912135e1/gW/Users-master/, , Project: ProjectReference(file:/C:/Users/Admin/Desktop/Trivial_i2a-26dc43ae54fff02aac097c592fbf57d0912135e1/Trivial_i2a-26dc43ae54fff02aac097c592fbf57d0912135e1/gW/Users-master/,root))))
Sending msg to client play-fork-run-d98e51a7-1421-42f4-956a-6e13611e3446: TaskStarted(23,2121,None)
Sending msg to client play-fork-run-d98e51a7-1421-42f4-956a-6e13611e3446: TaskStarted(23,2122,None)
Sending msg to client play-fork-run-d98e51a7-1421-42f4-956a-6e13611e3446: TaskStarted(23,2125,None)
Sending msg to client play-fork-run-d98e51a7-1421-42f4-956a-6e13611e3446: TaskStarted(23,2126,None)
Sending msg to client play-fork-run-d98e51a7-1421-42f4-956a-6e13611e3446: TaskStarted(23,2128,None)
Sending msg to client play-fork-run-d98e51a7-1421-42f4-956a-6e13611e3446: TaskFinished(23,2122,None,true,None)
Sending msg to client play-fork-run-d98e51a7-1421-42f4-956a-6e13611e3446: TaskFinished(23,2125,None,true,None)
Sending msg to client play-fork-run-d98e51a7-1421-42f4-956a-6e13611e3446: TaskFinished(23,2128,None,true,None)
Sending msg to client play-fork-run-d98e51a7-1421-42f4-956a-6e13611e3446: TaskStarted(23,2127,None)
Sending msg to client play-fork-run-d98e51a7-1421-42f4-956a-6e13611e3446: TaskFinished(23,2126,None,true,None)
Sending msg to client play-fork-run-d98e51a7-1421-42f4-956a-6e13611e3446: TaskStarted(23,2124,Some(AttributeKey[scala.collection.Seq[sbt.Attributed[java.io.File]]]("unmanagedJars") in Scope(Build: file:/C:/Users/Admin/Desktop/Trivial_i2a-26dc43ae54fff02aac097c592fbf57d0912135e1/Trivial_i2a-26dc43ae54fff02aac097c592fbf57d0912135e1/gW/Users-master/, , Project: ProjectReference(file:/C:/Users/Admin/Desktop/Trivial_i2a-26dc43ae54fff02aac097c592fbf57d0912135e1/Trivial_i2a-26dc43ae54fff02aac097c592fbf57d0912135e1/gW/Users-master/,root), Config: compile)))
Sending msg to client play-fork-run-d98e51a7-1421-42f4-956a-6e13611e3446: TaskStarted(23,2129,None)
Sending msg to client play-fork-run-d98e51a7-1421-42f4-956a-6e13611e3446: TaskFinished(23,2124,Some(AttributeKey[scala.collection.Seq[sbt.Attributed[java.io.File]]]("unmanagedJars") in Scope(Build: file:/C:/Users/Admin/Desktop/Trivial_i2a-26dc43ae54fff02aac097c592fbf57d0912135e1/Trivial_i2a-26dc43ae54fff02aac097c592fbf57d0912135e1/gW/Users-master/, , Project: ProjectReference(file:/C:/Users/Admin/Desktop/Trivial_i2a-26dc43ae54fff02aac097c592fbf57d0912135e1/Trivial_i2a-26dc43ae54fff02aac097c592fbf57d0912135e1/gW/Users-master/,root), Config: compile)),true,None)
Sending msg to client play-fork-run-d98e51a7-1421-42f4-956a-6e13611e3446: TaskFinished(23,2129,None,true,None)
Sending msg to client play-fork-run-d98e51a7-1421-42f4-956a-6e13611e3446: TaskFinished(23,2127,None,true,None)
Sending msg to client play-fork-run-d98e51a7-1421-42f4-956a-6e13611e3446: TaskStarted(23,2123,Some(AttributeKey[scala.collection.Seq[sbt.Attributed[java.io.File]]]("unmanagedJars") in Scope(Build: file:/C:/Users/Admin/Desktop/Trivial_i2a-26dc43ae54fff02aac097c592fbf57d0912135e1/Trivial_i2a-26dc43ae54fff02aac097c592fbf57d0912135e1/gW/Users-master/, , Project: ProjectReference(file:/C:/Users/Admin/Desktop/Trivial_i2a-26dc43ae54fff02aac097c592fbf57d0912135e1/Trivial_i2a-26dc43ae54fff02aac097c592fbf57d0912135e1/gW/Users-master/,root), Config: compile)))
Sending msg to client play-fork-run-d98e51a7-1421-42f4-956a-6e13611e3446: TaskFinished(23,2123,Some(AttributeKey[scala.collection.Seq[sbt.Attributed[java.io.File]]]("unmanagedJars") in Scope(Build: file:/C:/Users/Admin/Desktop/Trivial_i2a-26dc43ae54fff02aac097c592fbf57d0912135e1/Trivial_i2a-26dc43ae54fff02aac097c592fbf57d0912135e1/gW/Users-master/, , Project: ProjectReference(file:/C:/Users/Admin/Desktop/Trivial_i2a-26dc43ae54fff02aac097c592fbf57d0912135e1/Trivial_i2a-26dc43ae54fff02aac097c592fbf57d0912135e1/gW/Users-master/,root), Config: compile)),true,None)
Sending msg to client play-fork-run-d98e51a7-1421-42f4-956a-6e13611e3446: TaskFinished(23,2121,None,true,None)
Sending msg to client play-fork-run-d98e51a7-1421-42f4-956a-6e13611e3446: TaskStarted(23,2120,Some(AttributeKey[scala.collection.Seq[sbt.Attributed[java.io.File]]]("unmanagedJars") in Scope(Build: file:/C:/Users/Admin/Desktop/Trivial_i2a-26dc43ae54fff02aac097c592fbf57d0912135e1/Trivial_i2a-26dc43ae54fff02aac097c592fbf57d0912135e1/gW/Users-master/, , Project: ProjectReference(file:/C:/Users/Admin/Desktop/Trivial_i2a-26dc43ae54fff02aac097c592fbf57d0912135e1/Trivial_i2a-26dc43ae54fff02aac097c592fbf57d0912135e1/gW/Users-master/,root), Config: runtime)))
Sending msg to client play-fork-run-d98e51a7-1421-42f4-956a-6e13611e3446: TaskFinished(23,2120,Some(AttributeKey[scala.collection.Seq[sbt.Attributed[java.io.File]]]("unmanagedJars") in Scope(Build: file:/C:/Users/Admin/Desktop/Trivial_i2a-26dc43ae54fff02aac097c592fbf57d0912135e1/Trivial_i2a-26dc43ae54fff02aac097c592fbf57d0912135e1/gW/Users-master/, , Project: ProjectReference(file:/C:/Users/Admin/Desktop/Trivial_i2a-26dc43ae54fff02aac097c592fbf57d0912135e1/Trivial_i2a-26dc43ae54fff02aac097c592fbf57d0912135e1/gW/Users-master/,root), Config: runtime)),true,None)
Sending msg to client play-fork-run-d98e51a7-1421-42f4-956a-6e13611e3446: TaskStarted(23,2119,None)
Sending msg to client play-fork-run-d98e51a7-1421-42f4-956a-6e13611e3446: TaskFinished(23,2119,None,true,None)
Sending msg to client play-fork-run-d98e51a7-1421-42f4-956a-6e13611e3446: TaskStarted(23,2118,None)
Sending msg to client play-fork-run-d98e51a7-1421-42f4-956a-6e13611e3446: TaskFinished(23,2118,None,true,None)
Sending msg to client play-fork-run-d98e51a7-1421-42f4-956a-6e13611e3446: TaskFinished(23,2107,None,true,None)
Sending msg to client play-fork-run-d98e51a7-1421-42f4-956a-6e13611e3446: TaskStarted(23,2105,Some(AttributeKey[scala.collection.Seq[sbt.Attributed[java.io.File]]]("unmanagedClasspath") in Scope(Build: file:/C:/Users/Admin/Desktop/Trivial_i2a-26dc43ae54fff02aac097c592fbf57d0912135e1/Trivial_i2a-26dc43ae54fff02aac097c592fbf57d0912135e1/gW/Users-master/, , Project: ProjectReference(file:/C:/Users/Admin/Desktop/Trivial_i2a-26dc43ae54fff02aac097c592fbf57d0912135e1/Trivial_i2a-26dc43ae54fff02aac097c592fbf57d0912135e1/gW/Users-master/,root), Config: runtime)))
Sending msg to client play-fork-run-d98e51a7-1421-42f4-956a-6e13611e3446: TaskFinished(23,2105,Some(AttributeKey[scala.collection.Seq[sbt.Attributed[java.io.File]]]("unmanagedClasspath") in Scope(Build: file:/C:/Users/Admin/Desktop/Trivial_i2a-26dc43ae54fff02aac097c592fbf57d0912135e1/Trivial_i2a-26dc43ae54fff02aac097c592fbf57d0912135e1/gW/Users-master/, , Project: ProjectReference(file:/C:/Users/Admin/Desktop/Trivial_i2a-26dc43ae54fff02aac097c592fbf57d0912135e1/Trivial_i2a-26dc43ae54fff02aac097c592fbf57d0912135e1/gW/Users-master/,root), Config: runtime)),true,None)
Sending msg to client play-fork-run-d98e51a7-1421-42f4-956a-6e13611e3446: TaskFinished(23,2070,Some(AttributeKey[sbt.UpdateReport]("update") in Scope(Build: file:/C:/Users/Admin/Desktop/Trivial_i2a-26dc43ae54fff02aac097c592fbf57d0912135e1/Trivial_i2a-26dc43ae54fff02aac097c592fbf57d0912135e1/gW/Users-master/, , Project: ProjectReference(file:/C:/Users/Admin/Desktop/Trivial_i2a-26dc43ae54fff02aac097c592fbf57d0912135e1/Trivial_i2a-26dc43ae54fff02aac097c592fbf57d0912135e1/gW/Users-master/,root))),true,None)
Sending msg to client play-fork-run-d98e51a7-1421-42f4-956a-6e13611e3446: TaskStarted(23,2069,Some(AttributeKey[sbt.UpdateReport]("update") in Scope(Build: file:/C:/Users/Admin/Desktop/Trivial_i2a-26dc43ae54fff02aac097c592fbf57d0912135e1/Trivial_i2a-26dc43ae54fff02aac097c592fbf57d0912135e1/gW/Users-master/, , Project: ProjectReference(file:/C:/Users/Admin/Desktop/Trivial_i2a-26dc43ae54fff02aac097c592fbf57d0912135e1/Trivial_i2a-26dc43ae54fff02aac097c592fbf57d0912135e1/gW/Users-master/,root))))
Sending msg to client play-fork-run-d98e51a7-1421-42f4-956a-6e13611e3446: TaskFinished(23,2069,Some(AttributeKey[sbt.UpdateReport]("update") in Scope(Build: file:/C:/Users/Admin/Desktop/Trivial_i2a-26dc43ae54fff02aac097c592fbf57d0912135e1/Trivial_i2a-26dc43ae54fff02aac097c592fbf57d0912135e1/gW/Users-master/, , Project: ProjectReference(file:/C:/Users/Admin/Desktop/Trivial_i2a-26dc43ae54fff02aac097c592fbf57d0912135e1/Trivial_i2a-26dc43ae54fff02aac097c592fbf57d0912135e1/gW/Users-master/,root))),true,None)
Sending msg to client play-fork-run-d98e51a7-1421-42f4-956a-6e13611e3446: TaskStarted(23,2068,Some(AttributeKey[scala.collection.Seq[sbt.Attributed[java.io.File]]]("managedClasspath") in Scope(Build: file:/C:/Users/Admin/Desktop/Trivial_i2a-26dc43ae54fff02aac097c592fbf57d0912135e1/Trivial_i2a-26dc43ae54fff02aac097c592fbf57d0912135e1/gW/Users-master/, , Project: ProjectReference(file:/C:/Users/Admin/Desktop/Trivial_i2a-26dc43ae54fff02aac097c592fbf57d0912135e1/Trivial_i2a-26dc43ae54fff02aac097c592fbf57d0912135e1/gW/Users-master/,root), Config: docs)))
Sending msg to client play-fork-run-d98e51a7-1421-42f4-956a-6e13611e3446: TaskStarted(23,2112,Some(AttributeKey[sbt.Configuration]("classpathConfiguration") in Scope(Build: file:/C:/Users/Admin/Desktop/Trivial_i2a-26dc43ae54fff02aac097c592fbf57d0912135e1/Trivial_i2a-26dc43ae54fff02aac097c592fbf57d0912135e1/gW/Users-master/, , Project: ProjectReference(file:/C:/Users/Admin/Desktop/Trivial_i2a-26dc43ae54fff02aac097c592fbf57d0912135e1/Trivial_i2a-26dc43ae54fff02aac097c592fbf57d0912135e1/gW/Users-master/,root), Config: compile)))
Sending msg to client play-fork-run-d98e51a7-1421-42f4-956a-6e13611e3446: TaskFinished(23,2068,Some(AttributeKey[scala.collection.Seq[sbt.Attributed[java.io.File]]]("managedClasspath") in Scope(Build: file:/C:/Users/Admin/Desktop/Trivial_i2a-26dc43ae54fff02aac097c592fbf57d0912135e1/Trivial_i2a-26dc43ae54fff02aac097c592fbf57d0912135e1/gW/Users-master/, , Project: ProjectReference(file:/C:/Users/Admin/Desktop/Trivial_i2a-26dc43ae54fff02aac097c592fbf57d0912135e1/Trivial_i2a-26dc43ae54fff02aac097c592fbf57d0912135e1/gW/Users-master/,root), Config: docs)),true,None)
Sending msg to client play-fork-run-d98e51a7-1421-42f4-956a-6e13611e3446: TaskFinished(23,2112,Some(AttributeKey[sbt.Configuration]("classpathConfiguration") in Scope(Build: file:/C:/Users/Admin/Desktop/Trivial_i2a-26dc43ae54fff02aac097c592fbf57d0912135e1/Trivial_i2a-26dc43ae54fff02aac097c592fbf57d0912135e1/gW/Users-master/, , Project: ProjectReference(file:/C:/Users/Admin/Desktop/Trivial_i2a-26dc43ae54fff02aac097c592fbf57d0912135e1/Trivial_i2a-26dc43ae54fff02aac097c592fbf57d0912135e1/gW/Users-master/,root), Config: compile)),true,None)
Sending msg to client play-fork-run-d98e51a7-1421-42f4-956a-6e13611e3446: TaskStarted(23,2111,None)
Sending msg to client play-fork-run-d98e51a7-1421-42f4-956a-6e13611e3446: TaskFinished(23,2111,None,true,None)
Sending msg to client play-fork-run-d98e51a7-1421-42f4-956a-6e13611e3446: TaskStarted(23,2110,Some(AttributeKey[sbt.Configuration]("classpathConfiguration") in Scope(Build: file:/C:/Users/Admin/Desktop/Trivial_i2a-26dc43ae54fff02aac097c592fbf57d0912135e1/Trivial_i2a-26dc43ae54fff02aac097c592fbf57d0912135e1/gW/Users-master/, , Project: ProjectReference(file:/C:/Users/Admin/Desktop/Trivial_i2a-26dc43ae54fff02aac097c592fbf57d0912135e1/Trivial_i2a-26dc43ae54fff02aac097c592fbf57d0912135e1/gW/Users-master/,root), Config: runtime)))
Sending msg to client play-fork-run-d98e51a7-1421-42f4-956a-6e13611e3446: TaskFinished(23,2110,Some(AttributeKey[sbt.Configuration]("classpathConfiguration") in Scope(Build: file:/C:/Users/Admin/Desktop/Trivial_i2a-26dc43ae54fff02aac097c592fbf57d0912135e1/Trivial_i2a-26dc43ae54fff02aac097c592fbf57d0912135e1/gW/Users-master/, , Project: ProjectReference(file:/C:/Users/Admin/Desktop/Trivial_i2a-26dc43ae54fff02aac097c592fbf57d0912135e1/Trivial_i2a-26dc43ae54fff02aac097c592fbf57d0912135e1/gW/Users-master/,root), Config: runtime)),true,None)
Sending msg to client play-fork-run-d98e51a7-1421-42f4-956a-6e13611e3446: TaskStarted(23,2109,None)
Sending msg to client play-fork-run-d98e51a7-1421-42f4-956a-6e13611e3446: TaskFinished(23,2109,None,true,None)
Sending msg to client play-fork-run-d98e51a7-1421-42f4-956a-6e13611e3446: TaskStarted(23,2108,Some(AttributeKey[scala.collection.Seq[sbt.Attributed[java.io.File]]]("managedClasspath") in Scope(Build: file:/C:/Users/Admin/Desktop/Trivial_i2a-26dc43ae54fff02aac097c592fbf57d0912135e1/Trivial_i2a-26dc43ae54fff02aac097c592fbf57d0912135e1/gW/Users-master/, , Project: ProjectReference(file:/C:/Users/Admin/Desktop/Trivial_i2a-26dc43ae54fff02aac097c592fbf57d0912135e1/Trivial_i2a-26dc43ae54fff02aac097c592fbf57d0912135e1/gW/Users-master/,root), Config: runtime)))
Sending msg to client play-fork-run-d98e51a7-1421-42f4-956a-6e13611e3446: TaskFinished(23,2108,Some(AttributeKey[scala.collection.Seq[sbt.Attributed[java.io.File]]]("managedClasspath") in Scope(Build: file:/C:/Users/Admin/Desktop/Trivial_i2a-26dc43ae54fff02aac097c592fbf57d0912135e1/Trivial_i2a-26dc43ae54fff02aac097c592fbf57d0912135e1/gW/Users-master/, , Project: ProjectReference(file:/C:/Users/Admin/Desktop/Trivial_i2a-26dc43ae54fff02aac097c592fbf57d0912135e1/Trivial_i2a-26dc43ae54fff02aac097c592fbf57d0912135e1/gW/Users-master/,root), Config: runtime)),true,None)
Sending msg to client play-fork-run-d98e51a7-1421-42f4-956a-6e13611e3446: TaskStarted(23,2104,None)
Sending msg to client play-fork-run-d98e51a7-1421-42f4-956a-6e13611e3446: TaskFinished(23,2104,None,true,None)
Sending msg to client play-fork-run-d98e51a7-1421-42f4-956a-6e13611e3446: TaskStarted(23,2102,Some(AttributeKey[scala.collection.Seq[sbt.Attributed[java.io.File]]]("playDependencyClasspath") in Scope(Build: file:/C:/Users/Admin/Desktop/Trivial_i2a-26dc43ae54fff02aac097c592fbf57d0912135e1/Trivial_i2a-26dc43ae54fff02aac097c592fbf57d0912135e1/gW/Users-master/, , Project: ProjectReference(file:/C:/Users/Admin/Desktop/Trivial_i2a-26dc43ae54fff02aac097c592fbf57d0912135e1/Trivial_i2a-26dc43ae54fff02aac097c592fbf57d0912135e1/gW/Users-master/,root))))
Sending msg to client play-fork-run-d98e51a7-1421-42f4-956a-6e13611e3446: TaskFinished(23,2102,Some(AttributeKey[scala.collection.Seq[sbt.Attributed[java.io.File]]]("playDependencyClasspath") in Scope(Build: file:/C:/Users/Admin/Desktop/Trivial_i2a-26dc43ae54fff02aac097c592fbf57d0912135e1/Trivial_i2a-26dc43ae54fff02aac097c592fbf57d0912135e1/gW/Users-master/, , Project: ProjectReference(file:/C:/Users/Admin/Desktop/Trivial_i2a-26dc43ae54fff02aac097c592fbf57d0912135e1/Trivial_i2a-26dc43ae54fff02aac097c592fbf57d0912135e1/gW/Users-master/,root))),true,None)
Sending msg to client play-fork-run-d98e51a7-1421-42f4-956a-6e13611e3446: TaskStarted(23,2060,Some(AttributeKey[play.forkrun.protocol.ForkConfig]("playForkConfig") in Scope(Build: file:/C:/Users/Admin/Desktop/Trivial_i2a-26dc43ae54fff02aac097c592fbf57d0912135e1/Trivial_i2a-26dc43ae54fff02aac097c592fbf57d0912135e1/gW/Users-master/, , Project: ProjectReference(file:/C:/Users/Admin/Desktop/Trivial_i2a-26dc43ae54fff02aac097c592fbf57d0912135e1/Trivial_i2a-26dc43ae54fff02aac097c592fbf57d0912135e1/gW/Users-master/,root))))
Sending msg to client play-fork-run-d98e51a7-1421-42f4-956a-6e13611e3446: TaskFinished(23,2060,Some(AttributeKey[play.forkrun.protocol.ForkConfig]("playForkConfig") in Scope(Build: file:/C:/Users/Admin/Desktop/Trivial_i2a-26dc43ae54fff02aac097c592fbf57d0912135e1/Trivial_i2a-26dc43ae54fff02aac097c592fbf57d0912135e1/gW/Users-master/, , Project: ProjectReference(file:/C:/Users/Admin/Desktop/Trivial_i2a-26dc43ae54fff02aac097c592fbf57d0912135e1/Trivial_i2a-26dc43ae54fff02aac097c592fbf57d0912135e1/gW/Users-master/,root))),true,None)
Sending msg to client play-fork-run-d98e51a7-1421-42f4-956a-6e13611e3446: ValueChanged(AttributeKey[play.forkrun.protocol.ForkConfig]("playForkConfig") in Scope(Build: file:/C:/Users/Admin/Desktop/Trivial_i2a-26dc43ae54fff02aac097c592fbf57d0912135e1/Trivial_i2a-26dc43ae54fff02aac097c592fbf57d0912135e1/gW/Users-master/, , Project: ProjectReference(file:/C:/Users/Admin/Desktop/Trivial_i2a-26dc43ae54fff02aac097c592fbf57d0912135e1/Trivial_i2a-26dc43ae54fff02aac097c592fbf57d0912135e1/gW/Users-master/,root)),TaskSuccess(BuildValue(LazyValue(ForkConfig(C:\Users\Admin\Desktop\Trivial_i2a-26dc43ae54fff02aac097c592fbf57d0912135e1\Trivial_i2a-26dc43ae54fff02aac097c592fbf57d0912135e1\gW\Users-master,List(),List(C:\Users\Admin\.ivy2\cache\org.scala-lang\scala-library\jars\scala-library-2.11.1.jar, C:\Users\Admin\.ivy2\cache\com.typesafe.play\twirl-api_2.11\jars\twirl-api_2.11-1.0.2.jar, C:\Users\Admin\.ivy2\cache\org.apache.commons\commons-lang3\jars\commons-lang3-3.1.jar, C:\Users\Admin\.ivy2\cache\org.scala-lang.modules\scala-xml_2.11\bundles\scala-xml_2.11-1.0.1.jar, C:\Users\Admin\.ivy2\cache\com.typesafe.play\play_2.11\jars\play_2.11-2.3.8.jar, C:\Users\Admin\.ivy2\cache\com.typesafe.play\build-link\jars\build-link-2.3.8.jar, C:\Users\Admin\.ivy2\cache\com.typesafe.play\play-exceptions\jars\play-exceptions-2.3.8.jar, C:\Users\Admin\.ivy2\cache\com.typesafe.play\play-iteratees_2.11\jars\play-iteratees_2.11-2.3.8.jar, C:\Users\Admin\.ivy2\cache\org.scala-stm\scala-stm_2.11\jars\scala-stm_2.11-0.7.jar, C:\Users\Admin\.ivy2\cache\com.typesafe\config\bundles\config-1.2.1.jar, C:\Users\Admin\.ivy2\cache\com.typesafe.play\play-json_2.11\jars\play-json_2.11-2.3.8.jar, C:\Users\Admin\.ivy2\cache\com.typesafe.play\play-functional_2.11\jars\play-functional_2.11-2.3.8.jar, C:\Users\Admin\.ivy2\cache\com.typesafe.play\play-datacommons_2.11\jars\play-datacommons_2.11-2.3.8.jar, C:\Users\Admin\.ivy2\cache\joda-time\joda-time\jars\joda-time-2.3.jar, C:\Users\Admin\.ivy2\cache\org.joda\joda-convert\jars\joda-convert-1.6.jar, C:\Users\Admin\.ivy2\cache\com.fasterxml.jackson.core\jackson-annotations\bundles\jackson-annotations-2.3.2.jar, C:\Users\Admin\.ivy2\cache\com.fasterxml.jackson.core\jackson-core\bundles\jackson-core-2.3.2.jar, C:\Users\Admin\.ivy2\cache\com.fasterxml.jackson.core\jackson-databind\bundles\jackson-databind-2.3.2.jar, C:\Users\Admin\.ivy2\cache\org.scala-lang\scala-reflect\jars\scala-reflect-2.11.1.jar, C:\Users\Admin\.ivy2\cache\org.scala-lang.modules\scala-parser-combinators_2.11\bundles\scala-parser-combinators_2.11-1.0.1.jar, C:\Users\Admin\.ivy2\cache\io.netty\netty\bundles\netty-3.9.3.Final.jar, C:\Users\Admin\.ivy2\cache\com.typesafe.netty\netty-http-pipelining\jars\netty-http-pipelining-1.1.2.jar, C:\Users\Admin\.ivy2\cache\org.slf4j\slf4j-api\jars\slf4j-api-1.7.6.jar, C:\Users\Admin\.ivy2\cache\org.slf4j\jul-to-slf4j\jars\jul-to-slf4j-1.7.6.jar, C:\Users\Admin\.ivy2\cache\org.slf4j\jcl-over-slf4j\jars\jcl-over-slf4j-1.7.6.jar, C:\Users\Admin\.ivy2\cache\ch.qos.logback\logback-core\jars\logback-core-1.1.1.jar, C:\Users\Admin\.ivy2\cache\ch.qos.logback\logback-classic\jars\logback-classic-1.1.1.jar, C:\Users\Admin\.ivy2\cache\com.typesafe.akka\akka-actor_2.11\jars\akka-actor_2.11-2.3.4.jar, C:\Users\Admin\.ivy2\cache\com.typesafe.akka\akka-slf4j_2.11\jars\akka-slf4j_2.11-2.3.4.jar, C:\Users\Admin\.ivy2\cache\commons-codec\commons-codec\jars\commons-codec-1.9.jar, C:\Users\Admin\.ivy2\cache\xerces\xercesImpl\jars\xercesImpl-2.11.0.jar, C:\Users\Admin\.ivy2\cache\xml-apis\xml-apis\jars\xml-apis-1.4.01.jar, C:\Users\Admin\.ivy2\cache\javax.transaction\jta\jars\jta-1.1.jar, C:\Users\Admin\.ivy2\cache\com.typesafe.play\play-java_2.11\jars\play-java_2.11-2.3.8.jar, C:\Users\Admin\.ivy2\cache\org.yaml\snakeyaml\bundles\snakeyaml-1.13.jar, C:\Users\Admin\.ivy2\cache\org.hibernate\hibernate-validator\jars\hibernate-validator-5.0.3.Final.jar, C:\Users\Admin\.ivy2\cache\javax.validation\validation-api\jars\validation-api-1.1.0.Final.jar, C:\Users\Admin\.ivy2\cache\com.fasterxml\classmate\bundles\classmate-1.0.0.jar, C:\Users\Admin\.ivy2\cache\org.jboss.logging\jboss-logging\jars\jboss-logging-3.2.0.Final.jar, C:\Users\Admin\.ivy2\cache\org.springframework\spring-context\jars\spring-context-4.0.3.RELEASE.jar, C:\Users\Admin\.ivy2\cache\org.springframework\spring-core\jars\spring-core-4.0.3.RELEASE.jar, C:\Users\Admin\.ivy2\cache\org.springframework\spring-beans\jars\spring-beans-4.0.3.RELEASE.jar, C:\Users\Admin\.ivy2\cache\org.javassist\javassist\bundles\javassist-3.19.0-GA.jar, C:\Users\Admin\.ivy2\cache\org.reflections\reflections\jars\reflections-0.9.8.jar, C:\Users\Admin\.ivy2\cache\com.google.guava\guava\bundles\guava-16.0.1.jar, C:\Users\Admin\.ivy2\cache\dom4j\dom4j\jars\dom4j-1.6.1.jar, C:\Users\Admin\.ivy2\cache\com.google.code.findbugs\jsr305\jars\jsr305-2.0.3.jar, C:\Users\Admin\.ivy2\cache\org.apache.tomcat\tomcat-servlet-api\jars\tomcat-servlet-api-8.0.5.jar, C:\Users\Admin\.ivy2\cache\com.typesafe.play\play-java-jdbc_2.11\jars\play-java-jdbc_2.11-2.3.8.jar, C:\Users\Admin\.ivy2\cache\com.typesafe.play\play-jdbc_2.11\jars\play-jdbc_2.11-2.3.8.jar, C:\Users\Admin\.ivy2\cache\com.jolbox\bonecp\bundles\bonecp-0.8.0.RELEASE.jar, C:\Users\Admin\.ivy2\cache\com.h2database\h2\jars\h2-1.3.175.jar, C:\Users\Admin\.ivy2\cache\tyrex\tyrex\jars\tyrex-1.0.1.jar, C:\Users\Admin\.ivy2\cache\com.typesafe.play\play-java-ebean_2.11\jars\play-java-ebean_2.11-2.3.8.jar, C:\Users\Admin\.ivy2\cache\org.avaje.ebeanorm\avaje-ebeanorm\jars\avaje-ebeanorm-3.3.4.jar, C:\Users\Admin\.ivy2\cache\org.avaje.ebeanorm\avaje-ebeanorm-agent\jars\avaje-ebeanorm-agent-3.2.2.jar, C:\Users\Admin\.ivy2\cache\org.hibernate.javax.persistence\hibernate-jpa-2.0-api\jars\hibernate-jpa-2.0-api-1.0.1.Final.jar, C:\Users\Admin\.ivy2\cache\com.typesafe.play\play-cache_2.11\jars\play-cache_2.11-2.3.8.jar, C:\Users\Admin\.ivy2\cache\net.sf.ehcache\ehcache-core\jars\ehcache-core-2.6.8.jar, C:\Users\Admin\.ivy2\cache\com.typesafe.play\play-java-ws_2.11\jars\play-java-ws_2.11-2.3.8.jar, C:\Users\Admin\.ivy2\cache\com.typesafe.play\play-ws_2.11\jars\play-ws_2.11-2.3.8.jar, C:\Users\Admin\.ivy2\cache\com.ning\async-http-client\jars\async-http-client-1.8.15.jar, C:\Users\Admin\.ivy2\cache\oauth.signpost\signpost-core\jars\signpost-core-1.2.1.2.jar, C:\Users\Admin\.ivy2\cache\oauth.signpost\signpost-commonshttp4\jars\signpost-commonshttp4-1.2.1.2.jar, C:\Users\Admin\.ivy2\cache\org.apache.httpcomponents\httpcore\jars\httpcore-4.0.1.jar, C:\Users\Admin\.ivy2\cache\org.apache.httpcomponents\httpclient\jars\httpclient-4.0.1.jar, C:\Users\Admin\.ivy2\cache\commons-logging\commons-logging\jars\commons-logging-1.1.1.jar, C:\Users\Admin\.ivy2\cache\com.googlecode.json-simple\json-simple\jars\json-simple-1.1.jar),List((public/,C:\Users\Admin\Desktop\Trivial_i2a-26dc43ae54fff02aac097c592fbf57d0912135e1\Trivial_i2a-26dc43ae54fff02aac097c592fbf57d0912135e1\gW\Users-master\target\web\public\main)),List(C:\Users\Admin\.ivy2\cache\com.typesafe.play\play-docs_2.11\jars\play-docs_2.11-2.3.8.jar, C:\Users\Admin\.ivy2\cache\org.scala-lang\scala-library\jars\scala-library-2.11.1.jar, C:\Users\Admin\.ivy2\cache\com.typesafe.play\play_2.11\jars\play_2.11-2.3.8.jar, C:\Users\Admin\.ivy2\cache\com.typesafe.play\build-link\jars\build-link-2.3.8.jar, C:\Users\Admin\.ivy2\cache\com.typesafe.play\play-exceptions\jars\play-exceptions-2.3.8.jar, C:\Users\Admin\.ivy2\cache\org.javassist\javassist\bundles\javassist-3.18.2-GA.jar, C:\Users\Admin\.ivy2\cache\com.typesafe.play\play-iteratees_2.11\jars\play-iteratees_2.11-2.3.8.jar, C:\Users\Admin\.ivy2\cache\org.scala-stm\scala-stm_2.11\jars\scala-stm_2.11-0.7.jar, C:\Users\Admin\.ivy2\cache\com.typesafe\config\bundles\config-1.2.1.jar, C:\Users\Admin\.ivy2\cache\com.typesafe.play\play-json_2.11\jars\play-json_2.11-2.3.8.jar, C:\Users\Admin\.ivy2\cache\com.typesafe.play\play-functional_2.11\jars\play-functional_2.11-2.3.8.jar, C:\Users\Admin\.ivy2\cache\com.typesafe.play\play-datacommons_2.11\jars\play-datacommons_2.11-2.3.8.jar, C:\Users\Admin\.ivy2\cache\joda-time\joda-time\jars\joda-time-2.3.jar, C:\Users\Admin\.ivy2\cache\org.joda\joda-convert\jars\joda-convert-1.6.jar, C:\Users\Admin\.ivy2\cache\com.fasterxml.jackson.core\jackson-annotations\bundles\jackson-annotations-2.3.2.jar, C:\Users\Admin\.ivy2\cache\com.fasterxml.jackson.core\jackson-core\bundles\jackson-core-2.3.2.jar, C:\Users\Admin\.ivy2\cache\com.fasterxml.jackson.core\jackson-databind\bundles\jackson-databind-2.3.2.jar, C:\Users\Admin\.ivy2\cache\org.scala-lang\scala-reflect\jars\scala-reflect-2.11.1.jar, C:\Users\Admin\.ivy2\cache\com.typesafe.play\twirl-api_2.11\jars\twirl-api_2.11-1.0.2.jar, C:\Users\Admin\.ivy2\cache\org.apache.commons\commons-lang3\jars\commons-lang3-3.1.jar, C:\Users\Admin\.ivy2\cache\org.scala-lang.modules\scala-xml_2.11\bundles\scala-xml_2.11-1.0.1.jar, C:\Users\Admin\.ivy2\cache\org.scala-lang.modules\scala-parser-combinators_2.11\bundles\scala-parser-combinators_2.11-1.0.1.jar, C:\Users\Admin\.ivy2\cache\io.netty\netty\bundles\netty-3.9.3.Final.jar, C:\Users\Admin\.ivy2\cache\com.typesafe.netty\netty-http-pipelining\jars\netty-http-pipelining-1.1.2.jar, C:\Users\Admin\.ivy2\cache\org.slf4j\slf4j-api\jars\slf4j-api-1.7.6.jar, C:\Users\Admin\.ivy2\cache\org.slf4j\jul-to-slf4j\jars\jul-to-slf4j-1.7.6.jar, C:\Users\Admin\.ivy2\cache\org.slf4j\jcl-over-slf4j\jars\jcl-over-slf4j-1.7.6.jar, C:\Users\Admin\.ivy2\cache\ch.qos.logback\logback-core\jars\logback-core-1.1.1.jar, C:\Users\Admin\.ivy2\cache\ch.qos.logback\logback-classic\jars\logback-classic-1.1.1.jar, C:\Users\Admin\.ivy2\cache\com.typesafe.akka\akka-actor_2.11\jars\akka-actor_2.11-2.3.4.jar, C:\Users\Admin\.ivy2\cache\com.typesafe.akka\akka-slf4j_2.11\jars\akka-slf4j_2.11-2.3.4.jar, C:\Users\Admin\.ivy2\cache\commons-codec\commons-codec\jars\commons-codec-1.9.jar, C:\Users\Admin\.ivy2\cache\xerces\xercesImpl\jars\xercesImpl-2.11.0.jar, C:\Users\Admin\.ivy2\cache\xml-apis\xml-apis\jars\xml-apis-1.4.01.jar, C:\Users\Admin\.ivy2\cache\javax.transaction\jta\jars\jta-1.1.jar, C:\Users\Admin\.ivy2\cache\com.typesafe.play\play-doc_2.11\jars\play-doc_2.11-1.1.0.jar, C:\Users\Admin\.ivy2\cache\org.pegdown\pegdown\jars\pegdown-1.4.0.jar, C:\Users\Admin\.ivy2\cache\org.parboiled\parboiled-java\bundles\parboiled-java-1.1.5.jar, C:\Users\Admin\.ivy2\cache\org.parboiled\parboiled-core\bundles\parboiled-core-1.1.5.jar, C:\Users\Admin\.ivy2\cache\org.ow2.asm\asm\jars\asm-4.1.jar, C:\Users\Admin\.ivy2\cache\org.ow2.asm\asm-tree\jars\asm-tree-4.1.jar, C:\Users\Admin\.ivy2\cache\org.ow2.asm\asm-analysis\jars\asm-analysis-4.1.jar, C:\Users\Admin\.ivy2\cache\org.ow2.asm\asm-util\jars\asm-util-4.1.jar, C:\Users\Admin\.ivy2\cache\commons-io\commons-io\jars\commons-io-2.4.jar),List(),9000,DefaultWatchService,List(C:\Users\Admin\Desktop\Trivial_i2a-26dc43ae54fff02aac097c592fbf57d0912135e1\Trivial_i2a-26dc43ae54fff02aac097c592fbf57d0912135e1\gW\Users-master\app-2.11, C:\Users\Admin\Desktop\Trivial_i2a-26dc43ae54fff02aac097c592fbf57d0912135e1\Trivial_i2a-26dc43ae54fff02aac097c592fbf57d0912135e1\gW\Users-master\app, C:\Users\Admin\Desktop\Trivial_i2a-26dc43ae54fff02aac097c592fbf57d0912135e1\Trivial_i2a-26dc43ae54fff02aac097c592fbf57d0912135e1\gW\Users-master\conf, C:\Users\Admin\Desktop\Trivial_i2a-26dc43ae54fff02aac097c592fbf57d0912135e1\Trivial_i2a-26dc43ae54fff02aac097c592fbf57d0912135e1\gW\Users-master\app\assets, C:\Users\Admin\Desktop\Trivial_i2a-26dc43ae54fff02aac097c592fbf57d0912135e1\Trivial_i2a-26dc43ae54fff02aac097c592fbf57d0912135e1\gW\Users-master\public),C:\Users\Admin\Desktop\Trivial_i2a-26dc43ae54fff02aac097c592fbf57d0912135e1\Trivial_i2a-26dc43ae54fff02aac097c592fbf57d0912135e1\gW\Users-master\target,500,root/playForkNotifyStart,root/playForkReload,300000),scala.pickling.PicklerUnpickler$DelegatingPicklerUnpickler@306316a2),ForkConfig(C:\Users\Admin\Desktop\Trivial_i2a-26dc43ae54fff02aac097c592fbf57d0912135e1\Trivial_i2a-26dc43ae54fff02aac097c592fbf57d0912135e1\gW\Users-master,List(),List(C:\Users\Admin\.ivy2\cache\org.scala-lang\scala-library\jars\scala-library-2.11.1.jar, C:\Users\Admin\.ivy2\cache\com.typesafe.play\twirl-api_2.11\jars\twirl-api_2.11-1.0.2.jar, C:\Users\Admin\.ivy2\cache\org.apache.commons\commons-lang3\jars\commons-lang3-3.1.jar, C:\Users\Admin\.ivy2\cache\org.scala-lang.modules\scala-xml_2.11\bundles\scala-xml_2.11-1.0.1.jar, C:\Users\Admin\.ivy2\cache\com.typesafe.play\play_2.11\jars\play_2.11-2.3.8.jar, C:\Users\Admin\.ivy2\cache\com.typesafe.play\build-link\jars\build-link-2.3.8.jar, C:\Users\Admin\.ivy2\cache\com.typesafe.play\play-exceptions\jars\play-exceptions-2.3.8.jar, C:\Users\Admin\.ivy2\cache\com.typesafe.play\play-iteratees_2.11\jars\play-iteratees_2.11-2.3.8.jar, C:\Users\Admin\.ivy2\cache\org.scala-stm\scala-stm_2.11\jars\scala-stm_2.11-0.7.jar, C:\Users\Admin\.ivy2\cache\com.typesafe\config\bundles\config-1.2.1.jar, C:\Users\Admin\.ivy2\cache\com.typesafe.play\play-json_2.11\jars\play-json_2.11-2.3.8.jar, C:\Users\Admin\.ivy2\cache\com.typesafe.play\play-functional_2.11\jars\play-functional_2.11-2.3.8.jar, C:\Users\Admin\.ivy2\cache\com.typesafe.play\play-datacommons_2.11\jars\play-datacommons_2.11-2.3.8.jar, C:\Users\Admin\.ivy2\cache\joda-time\joda-time\jars\joda-time-2.3.jar, C:\Users\Admin\.ivy2\cache\org.joda\joda-convert\jars\joda-convert-1.6.jar, C:\Users\Admin\.ivy2\cache\com.fasterxml.jackson.core\jackson-annotations\bundles\jackson-annotations-2.3.2.jar, C:\Users\Admin\.ivy2\cache\com.fasterxml.jackson.core\jackson-core\bundles\jackson-core-2.3.2.jar, C:\Users\Admin\.ivy2\cache\com.fasterxml.jackson.core\jackson-databind\bundles\jackson-databind-2.3.2.jar, C:\Users\Admin\.ivy2\cache\org.scala-lang\scala-reflect\jars\scala-reflect-2.11.1.jar, C:\Users\Admin\.ivy2\cache\org.scala-lang.modules\scala-parser-combinators_2.11\bundles\scala-parser-combinators_2.11-1.0.1.jar, C:\Users\Admin\.ivy2\cache\io.netty\netty\bundles\netty-3.9.3.Final.jar, C:\Users\Admin\.ivy2\cache\com.typesafe.netty\netty-http-pipelining\jars\netty-http-pipelining-1.1.2.jar, C:\Users\Admin\.ivy2\cache\org.slf4j\slf4j-api\jars\slf4j-api-1.7.6.jar, C:\Users\Admin\.ivy2\cache\org.slf4j\jul-to-slf4j\jars\jul-to-slf4j-1.7.6.jar, C:\Users\Admin\.ivy2\cache\org.slf4j\jcl-over-slf4j\jars\jcl-over-slf4j-1.7.6.jar, C:\Users\Admin\.ivy2\cache\ch.qos.logback\logback-core\jars\logback-core-1.1.1.jar, C:\Users\Admin\.ivy2\cache\ch.qos.logback\logback-classic\jars\logback-classic-1.1.1.jar, C:\Users\Admin\.ivy2\cache\com.typesafe.akka\akka-actor_2.11\jars\akka-actor_2.11-2.3.4.jar, C:\Users\Admin\.ivy2\cache\com.typesafe.akka\akka-slf4j_2.11\jars\akka-slf4j_2.11-2.3.4.jar, C:\Users\Admin\.ivy2\cache\commons-codec\commons-codec\jars\commons-codec-1.9.jar, C:\Users\Admin\.ivy2\cache\xerces\xercesImpl\jars\xercesImpl-2.11.0.jar, C:\Users\Admin\.ivy2\cache\xml-apis\xml-apis\jars\xml-apis-1.4.01.jar, C:\Users\Admin\.ivy2\cache\javax.transaction\jta\jars\jta-1.1.jar, C:\Users\Admin\.ivy2\cache\com.typesafe.play\play-java_2.11\jars\play-java_2.11-2.3.8.jar, C:\Users\Admin\.ivy2\cache\org.yaml\snakeyaml\bundles\snakeyaml-1.13.jar, C:\Users\Admin\.ivy2\cache\org.hibernate\hibernate-validator\jars\hibernate-validator-5.0.3.Final.jar, C:\Users\Admin\.ivy2\cache\javax.validation\validation-api\jars\validation-api-1.1.0.Final.jar, C:\Users\Admin\.ivy2\cache\com.fasterxml\classmate\bundles\classmate-1.0.0.jar, C:\Users\Admin\.ivy2\cache\org.jboss.logging\jboss-logging\jars\jboss-logging-3.2.0.Final.jar, C:\Users\Admin\.ivy2\cache\org.springframework\spring-context\jars\spring-context-4.0.3.RELEASE.jar, C:\Users\Admin\.ivy2\cache\org.springframework\spring-core\jars\spring-core-4.0.3.RELEASE.jar, C:\Users\Admin\.ivy2\cache\org.springframework\spring-beans\jars\spring-beans-4.0.3.RELEASE.jar, C:\Users\Admin\.ivy2\cache\org.javassist\javassist\bundles\javassist-3.19.0-GA.jar, C:\Users\Admin\.ivy2\cache\org.reflections\reflections\jars\reflections-0.9.8.jar, C:\Users\Admin\.ivy2\cache\com.google.guava\guava\bundles\guava-16.0.1.jar, C:\Users\Admin\.ivy2\cache\dom4j\dom4j\jars\dom4j-1.6.1.jar, C:\Users\Admin\.ivy2\cache\com.google.code.findbugs\jsr305\jars\jsr305-2.0.3.jar, C:\Users\Admin\.ivy2\cache\org.apache.tomcat\tomcat-servlet-api\jars\tomcat-servlet-api-8.0.5.jar, C:\Users\Admin\.ivy2\cache\com.typesafe.play\play-java-jdbc_2.11\jars\play-java-jdbc_2.11-2.3.8.jar, C:\Users\Admin\.ivy2\cache\com.typesafe.play\play-jdbc_2.11\jars\play-jdbc_2.11-2.3.8.jar, C:\Users\Admin\.ivy2\cache\com.jolbox\bonecp\bundles\bonecp-0.8.0.RELEASE.jar, C:\Users\Admin\.ivy2\cache\com.h2database\h2\jars\h2-1.3.175.jar, C:\Users\Admin\.ivy2\cache\tyrex\tyrex\jars\tyrex-1.0.1.jar, C:\Users\Admin\.ivy2\cache\com.typesafe.play\play-java-ebean_2.11\jars\play-java-ebean_2.11-2.3.8.jar, C:\Users\Admin\.ivy2\cache\org.avaje.ebeanorm\avaje-ebeanorm\jars\avaje-ebeanorm-3.3.4.jar, C:\Users\Admin\.ivy2\cache\org.avaje.ebeanorm\avaje-ebeanorm-agent\jars\avaje-ebeanorm-agent-3.2.2.jar, C:\Users\Admin\.ivy2\cache\org.hibernate.javax.persistence\hibernate-jpa-2.0-api\jars\hibernate-jpa-2.0-api-1.0.1.Final.jar, C:\Users\Admin\.ivy2\cache\com.typesafe.play\play-cache_2.11\jars\play-cache_2.11-2.3.8.jar, C:\Users\Admin\.ivy2\cache\net.sf.ehcache\ehcache-core\jars\ehcache-core-2.6.8.jar, C:\Users\Admin\.ivy2\cache\com.typesafe.play\play-java-ws_2.11\jars\play-java-ws_2.11-2.3.8.jar, C:\Users\Admin\.ivy2\cache\com.typesafe.play\play-ws_2.11\jars\play-ws_2.11-2.3.8.jar, C:\Users\Admin\.ivy2\cache\com.ning\async-http-client\jars\async-http-client-1.8.15.jar, C:\Users\Admin\.ivy2\cache\oauth.signpost\signpost-core\jars\signpost-core-1.2.1.2.jar, C:\Users\Admin\.ivy2\cache\oauth.signpost\signpost-commonshttp4\jars\signpost-commonshttp4-1.2.1.2.jar, C:\Users\Admin\.ivy2\cache\org.apache.httpcomponents\httpcore\jars\httpcore-4.0.1.jar, C:\Users\Admin\.ivy2\cache\org.apache.httpcomponents\httpclient\jars\httpclient-4.0.1.jar, C:\Users\Admin\.ivy2\cache\commons-logging\commons-logging\jars\commons-logging-1.1.1.jar, C:\Users\Admin\.ivy2\cache\com.googlecode.json-simple\json-simple\jars\json-simple-1.1.jar),List((public/,C:\Users\Admin\Desktop\Trivial_i2a-26dc43ae54fff02aac097c592fbf57d0912135e1\Trivial_i2a-26dc43ae54fff02aac097c592fbf57d0912135e1\gW\Users-master\target\web\public\main)),List(C:\Users\Admin\.ivy2\cache\com.typesafe.play\play-docs_2.11\jars\play-docs_2.11-2.3.8.jar, C:\Users\Admin\.ivy2\cache\org.scala-lang\scala-library\jars\scala-library-2.11.1.jar, C:\Users\Admin\.ivy2\cache\com.typesafe.play\play_2.11\jars\play_2.11-2.3.8.jar, C:\Users\Admin\.ivy2\cache\com.typesafe.play\build-link\jars\build-link-2.3.8.jar, C:\Users\Admin\.ivy2\cache\com.typesafe.play\play-exceptions\jars\play-exceptions-2.3.8.jar, C:\Users\Admin\.ivy2\cache\org.javassist\javassist\bundles\javassist-3.18.2-GA.jar, C:\Users\Admin\.ivy2\cache\com.typesafe.play\play-iteratees_2.11\jars\play-iteratees_2.11-2.3.8.jar, C:\Users\Admin\.ivy2\cache\org.scala-stm\scala-stm_2.11\jars\scala-stm_2.11-0.7.jar, C:\Users\Admin\.ivy2\cache\com.typesafe\config\bundles\config-1.2.1.jar, C:\Users\Admin\.ivy2\cache\com.typesafe.play\play-json_2.11\jars\play-json_2.11-2.3.8.jar, C:\Users\Admin\.ivy2\cache\com.typesafe.play\play-functional_2.11\jars\play-functional_2.11-2.3.8.jar, C:\Users\Admin\.ivy2\cache\com.typesafe.play\play-datacommons_2.11\jars\play-datacommons_2.11-2.3.8.jar, C:\Users\Admin\.ivy2\cache\joda-time\joda-time\jars\joda-time-2.3.jar, C:\Users\Admin\.ivy2\cache\org.joda\joda-convert\jars\joda-convert-1.6.jar, C:\Users\Admin\.ivy2\cache\com.fasterxml.jackson.core\jackson-annotations\bundles\jackson-annotations-2.3.2.jar, C:\Users\Admin\.ivy2\cache\com.fasterxml.jackson.core\jackson-core\bundles\jackson-core-2.3.2.jar, C:\Users\Admin\.ivy2\cache\com.fasterxml.jackson.core\jackson-databind\bundles\jackson-databind-2.3.2.jar, C:\Users\Admin\.ivy2\cache\org.scala-lang\scala-reflect\jars\scala-reflect-2.11.1.jar, C:\Users\Admin\.ivy2\cache\com.typesafe.play\twirl-api_2.11\jars\twirl-api_2.11-1.0.2.jar, C:\Users\Admin\.ivy2\cache\org.apache.commons\commons-lang3\jars\commons-lang3-3.1.jar, C:\Users\Admin\.ivy2\cache\org.scala-lang.modules\scala-xml_2.11\bundles\scala-xml_2.11-1.0.1.jar, C:\Users\Admin\.ivy2\cache\org.scala-lang.modules\scala-parser-combinators_2.11\bundles\scala-parser-combinators_2.11-1.0.1.jar, C:\Users\Admin\.ivy2\cache\io.netty\netty\bundles\netty-3.9.3.Final.jar, C:\Users\Admin\.ivy2\cache\com.typesafe.netty\netty-http-pipelining\jars\netty-http-pipelining-1.1.2.jar, C:\Users\Admin\.ivy2\cache\org.slf4j\slf4j-api\jars\slf4j-api-1.7.6.jar, C:\Users\Admin\.ivy2\cache\org.slf4j\jul-to-slf4j\jars\jul-to-slf4j-1.7.6.jar, C:\Users\Admin\.ivy2\cache\org.slf4j\jcl-over-slf4j\jars\jcl-over-slf4j-1.7.6.jar, C:\Users\Admin\.ivy2\cache\ch.qos.logback\logback-core\jars\logback-core-1.1.1.jar, C:\Users\Admin\.ivy2\cache\ch.qos.logback\logback-classic\jars\logback-classic-1.1.1.jar, C:\Users\Admin\.ivy2\cache\com.typesafe.akka\akka-actor_2.11\jars\akka-actor_2.11-2.3.4.jar, C:\Users\Admin\.ivy2\cache\com.typesafe.akka\akka-slf4j_2.11\jars\akka-slf4j_2.11-2.3.4.jar, C:\Users\Admin\.ivy2\cache\commons-codec\commons-codec\jars\commons-codec-1.9.jar, C:\Users\Admin\.ivy2\cache\xerces\xercesImpl\jars\xercesImpl-2.11.0.jar, C:\Users\Admin\.ivy2\cache\xml-apis\xml-apis\jars\xml-apis-1.4.01.jar, C:\Users\Admin\.ivy2\cache\javax.transaction\jta\jars\jta-1.1.jar, C:\Users\Admin\.ivy2\cache\com.typesafe.play\play-doc_2.11\jars\play-doc_2.11-1.1.0.jar, C:\Users\Admin\.ivy2\cache\org.pegdown\pegdown\jars\pegdown-1.4.0.jar, C:\Users\Admin\.ivy2\cache\org.parboiled\parboiled-java\bundles\parboiled-java-1.1.5.jar, C:\Users\Admin\.ivy2\cache\org.parboiled\parboiled-core\bundles\parboiled-core-1.1.5.jar, C:\Users\Admin\.ivy2\cache\org.ow2.asm\asm\jars\asm-4.1.jar, C:\Users\Admin\.ivy2\cache\org.ow2.asm\asm-tree\jars\asm-tree-4.1.jar, C:\Users\Admin\.ivy2\cache\org.ow2.asm\asm-analysis\jars\asm-analysis-4.1.jar, C:\Users\Admin\.ivy2\cache\org.ow2.asm\asm-util\jars\asm-util-4.1.jar, C:\Users\Admin\.ivy2\cache\commons-io\commons-io\jars\commons-io-2.4.jar),List(),9000,DefaultWatchService,List(C:\Users\Admin\Desktop\Trivial_i2a-26dc43ae54fff02aac097c592fbf57d0912135e1\Trivial_i2a-26dc43ae54fff02aac097c592fbf57d0912135e1\gW\Users-master\app-2.11, C:\Users\Admin\Desktop\Trivial_i2a-26dc43ae54fff02aac097c592fbf57d0912135e1\Trivial_i2a-26dc43ae54fff02aac097c592fbf57d0912135e1\gW\Users-master\app, C:\Users\Admin\Desktop\Trivial_i2a-26dc43ae54fff02aac097c592fbf57d0912135e1\Trivial_i2a-26dc43ae54fff02aac097c592fbf57d0912135e1\gW\Users-master\conf, C:\Users\Admin\Desktop\Trivial_i2a-26dc43ae54fff02aac097c592fbf57d0912135e1\Trivial_i2a-26dc43ae54fff02aac097c592fbf57d0912135e1\gW\Users-master\app\assets, C:\Users\Admin\Desktop\Trivial_i2a-26dc43ae54fff02aac097c592fbf57d0912135e1\Trivial_i2a-26dc43ae54fff02aac097c592fbf57d0912135e1\gW\Users-master\public),C:\Users\Admin\Desktop\Trivial_i2a-26dc43ae54fff02aac097c592fbf57d0912135e1\Trivial_i2a-26dc43ae54fff02aac097c592fbf57d0912135e1\gW\Users-master\target,500,root/playForkNotifyStart,root/playForkReload,300000))))
Sending msg to client play-fork-run-d98e51a7-1421-42f4-956a-6e13611e3446: TaskStarted(23,2059,None)
Sending msg to client play-fork-run-d98e51a7-1421-42f4-956a-6e13611e3446: TaskFinished(23,2059,None,true,None)
Sending msg to client play-fork-run-d98e51a7-1421-42f4-956a-6e13611e3446: TaskStarted(23,2058,None)
Sending msg to client play-fork-run-d98e51a7-1421-42f4-956a-6e13611e3446: TaskFinished(23,2058,None,true,None)
Sending msg to client play-fork-run-d98e51a7-1421-42f4-956a-6e13611e3446: DetachedLogEvent(LogMessage(debug,cancel strategy finish enabled=false lastCommand=Some(LastCommand(CommandExecutionWork(ExecutionId(23),{file:/C:/Users/Admin/Desktop/Trivial_i2a-26dc43ae54fff02aac097c592fbf57d0912135e1/Trivial_i2a-26dc43ae54fff02aac097c592fbf57d0912135e1/gW/Users-master/}root/*:playForkConfig,Set(LiveClient(play-fork-run d98e51a7-1421-42f4-956a-6e13611e3446)),sbt.server.WorkCancellationStatus$$anon$1@19375bb9)))))
Sending msg to client play-fork-run-d98e51a7-1421-42f4-956a-6e13611e3446: DetachedLogEvent(LogSuccess(Total time: 0 s, completed 10-may-2015 23:24:27))
Sending msg to client play-fork-run-d98e51a7-1421-42f4-956a-6e13611e3446: DetachedLogEvent(LogMessage(debug,> server-post-command-cleanup))
Sending msg to client play-fork-run-d98e51a7-1421-42f4-956a-6e13611e3446: ExecutionSuccess(23)
Sending msg to client play-fork-run-d98e51a7-1421-42f4-956a-6e13611e3446: DetachedLogEvent(LogMessage(debug,> server-handle-next-server-request))
Sending msg to client play-fork-run-d98e51a7-1421-42f4-956a-6e13611e3446: BackgroundJobLogEvent(2,LogMessage(info,))
Sending msg to client play-fork-run-d98e51a7-1421-42f4-956a-6e13611e3446: BackgroundJobLogEvent(2,LogMessage(info,--- (Running the application, auto-reloading is enabled) ---))
Sending msg to client play-fork-run-d98e51a7-1421-42f4-956a-6e13611e3446: BackgroundJobLogEvent(2,LogMessage(info,))
Sending msg to client play-fork-run-d98e51a7-1421-42f4-956a-6e13611e3446: BackgroundJobLogEvent(2,LogMessage(error,Play fork run has failed due to:))
Sending msg to client play-fork-run-d98e51a7-1421-42f4-956a-6e13611e3446: BackgroundJobLogEvent(2,LogMessage(error,java.lang.reflect.InvocationTargetException))
Sending msg to client play-fork-run-d98e51a7-1421-42f4-956a-6e13611e3446: BackgroundJobLogEvent(2,LogMessage(error,	at sun.reflect.NativeMethodAccessorImpl.invoke0(Native Method)))
Sending msg to client play-fork-run-d98e51a7-1421-42f4-956a-6e13611e3446: BackgroundJobLogEvent(2,LogMessage(error,	at sun.reflect.NativeMethodAccessorImpl.invoke(Unknown Source)))
Sending msg to client play-fork-run-d98e51a7-1421-42f4-956a-6e13611e3446: BackgroundJobLogEvent(2,LogMessage(error,	at sun.reflect.DelegatingMethodAccessorImpl.invoke(Unknown Source)))
Sending msg to client play-fork-run-d98e51a7-1421-42f4-956a-6e13611e3446: BackgroundJobLogEvent(2,LogMessage(error,	at java.lang.reflect.Method.invoke(Unknown Source)))
Sending msg to client play-fork-run-d98e51a7-1421-42f4-956a-6e13611e3446: BackgroundJobLogEvent(2,LogMessage(error,	at play.runsupport.Reloader$.startDevMode(Reloader.scala:197)))
Sending msg to client play-fork-run-d98e51a7-1421-42f4-956a-6e13611e3446: BackgroundJobLogEvent(2,LogMessage(error,	at play.forkrun.ForkRun$.startServer(ForkRun.scala:82)))
Sending msg to client play-fork-run-d98e51a7-1421-42f4-956a-6e13611e3446: BackgroundJobLogEvent(2,LogMessage(error,	at play.forkrun.ForkRun.run(ForkRun.scala:173)))
Sending msg to client play-fork-run-d98e51a7-1421-42f4-956a-6e13611e3446: BackgroundJobLogEvent(2,LogMessage(error,	at play.forkrun.ForkRun$$anonfun$settingUp$1.applyOrElse(ForkRun.scala:162)))
Sending msg to client play-fork-run-d98e51a7-1421-42f4-956a-6e13611e3446: BackgroundJobLogEvent(2,LogMessage(error,	at akka.actor.Actor$class.aroundReceive(Actor.scala:465)))
Sending msg to client play-fork-run-d98e51a7-1421-42f4-956a-6e13611e3446: BackgroundJobLogEvent(2,LogMessage(error,	at play.forkrun.ForkRun.aroundReceive(ForkRun.scala:148)))
Sending msg to client play-fork-run-d98e51a7-1421-42f4-956a-6e13611e3446: BackgroundJobLogEvent(2,LogMessage(error,	at akka.actor.ActorCell.receiveMessage(ActorCell.scala:516)))
Sending msg to client play-fork-run-d98e51a7-1421-42f4-956a-6e13611e3446: BackgroundJobLogEvent(2,LogMessage(error,	at akka.actor.ActorCell.invoke(ActorCell.scala:487)))
Sending msg to client play-fork-run-d98e51a7-1421-42f4-956a-6e13611e3446: BackgroundJobLogEvent(2,LogMessage(error,	at akka.dispatch.Mailbox.processMailbox(Mailbox.scala:254)))
Sending msg to client play-fork-run-d98e51a7-1421-42f4-956a-6e13611e3446: BackgroundJobLogEvent(2,LogMessage(error,	at akka.dispatch.Mailbox.run(Mailbox.scala:221)))
Sending msg to client play-fork-run-d98e51a7-1421-42f4-956a-6e13611e3446: BackgroundJobLogEvent(2,LogMessage(error,	at akka.dispatch.Mailbox.exec(Mailbox.scala:231)))
Sending msg to client play-fork-run-d98e51a7-1421-42f4-956a-6e13611e3446: BackgroundJobLogEvent(2,LogMessage(error,	at scala.concurrent.forkjoin.ForkJoinTask.doExec(ForkJoinTask.java:260)))
Sending msg to client play-fork-run-d98e51a7-1421-42f4-956a-6e13611e3446: BackgroundJobLogEvent(2,LogMessage(error,	at scala.concurrent.forkjoin.ForkJoinPool$WorkQueue.pollAndExecAll(ForkJoinPool.java:1253)))
Sending msg to client play-fork-run-d98e51a7-1421-42f4-956a-6e13611e3446: BackgroundJobLogEvent(2,LogMessage(error,	at scala.concurrent.forkjoin.ForkJoinPool$WorkQueue.runTask(ForkJoinPool.java:1346)))
Sending msg to client play-fork-run-d98e51a7-1421-42f4-956a-6e13611e3446: BackgroundJobLogEvent(2,LogMessage(error,	at scala.concurrent.forkjoin.ForkJoinPool.runWorker(ForkJoinPool.java:1979)))
Sending msg to client play-fork-run-d98e51a7-1421-42f4-956a-6e13611e3446: BackgroundJobLogEvent(2,LogMessage(error,	at scala.concurrent.forkjoin.ForkJoinWorkerThread.run(ForkJoinWorkerThread.java:107)))
Sending msg to client play-fork-run-d98e51a7-1421-42f4-956a-6e13611e3446: BackgroundJobLogEvent(2,LogMessage(error,Caused by: org.jboss.netty.channel.ChannelException: Failed to bind to: /0.0.0.0:9000))
Sending msg to client play-fork-run-d98e51a7-1421-42f4-956a-6e13611e3446: BackgroundJobLogEvent(2,LogMessage(error,	at org.jboss.netty.bootstrap.ServerBootstrap.bind(ServerBootstrap.java:272)))
Sending msg to client play-fork-run-d98e51a7-1421-42f4-956a-6e13611e3446: BackgroundJobLogEvent(2,LogMessage(error,	at play.core.server.NettyServer$$anonfun$8.apply(NettyServer.scala:138)))
Sending msg to client play-fork-run-d98e51a7-1421-42f4-956a-6e13611e3446: BackgroundJobLogEvent(2,LogMessage(error,	at play.core.server.NettyServer$$anonfun$8.apply(NettyServer.scala:135)))
Sending msg to client play-fork-run-d98e51a7-1421-42f4-956a-6e13611e3446: BackgroundJobLogEvent(2,LogMessage(error,	at scala.Option.map(Option.scala:145)))
Sending msg to client play-fork-run-d98e51a7-1421-42f4-956a-6e13611e3446: BackgroundJobLogEvent(2,LogMessage(error,	at play.core.server.NettyServer.<init>(NettyServer.scala:135)))
Sending msg to client play-fork-run-d98e51a7-1421-42f4-956a-6e13611e3446: BackgroundJobLogEvent(2,LogMessage(error,	at play.core.server.NettyServer$$anonfun$mainDev$1.apply(NettyServer.scala:320)))
Sending msg to client play-fork-run-d98e51a7-1421-42f4-956a-6e13611e3446: BackgroundJobLogEvent(2,LogMessage(error,	at play.core.server.NettyServer$$anonfun$mainDev$1.apply(NettyServer.scala:318)))
Sending msg to client play-fork-run-d98e51a7-1421-42f4-956a-6e13611e3446: BackgroundJobLogEvent(2,LogMessage(error,	at play.utils.Threads$.withContextClassLoader(Threads.scala:21)))
Sending msg to client play-fork-run-d98e51a7-1421-42f4-956a-6e13611e3446: BackgroundJobLogEvent(2,LogMessage(error,	at play.core.server.NettyServer$.mainDev(NettyServer.scala:317)))
Sending msg to client play-fork-run-d98e51a7-1421-42f4-956a-6e13611e3446: BackgroundJobLogEvent(2,LogMessage(error,	at play.core.server.NettyServer$.mainDevHttpMode(NettyServer.scala:313)))
Sending msg to client play-fork-run-d98e51a7-1421-42f4-956a-6e13611e3446: BackgroundJobLogEvent(2,LogMessage(error,	at play.core.server.NettyServer.mainDevHttpMode(NettyServer.scala)))
Sending msg to client play-fork-run-d98e51a7-1421-42f4-956a-6e13611e3446: BackgroundJobLogEvent(2,LogMessage(error,	... 20 more))
Sending msg to client play-fork-run-d98e51a7-1421-42f4-956a-6e13611e3446: BackgroundJobLogEvent(2,LogMessage(error,Caused by: java.net.BindException: Address already in use: bind))
Sending msg to client play-fork-run-d98e51a7-1421-42f4-956a-6e13611e3446: BackgroundJobLogEvent(2,LogMessage(error,	at sun.nio.ch.Net.bind0(Native Method)))
Sending msg to client play-fork-run-d98e51a7-1421-42f4-956a-6e13611e3446: BackgroundJobLogEvent(2,LogMessage(error,	at sun.nio.ch.Net.bind(Unknown Source)))
Sending msg to client play-fork-run-d98e51a7-1421-42f4-956a-6e13611e3446: BackgroundJobLogEvent(2,LogMessage(error,	at sun.nio.ch.Net.bind(Unknown Source)))
Sending msg to client play-fork-run-d98e51a7-1421-42f4-956a-6e13611e3446: BackgroundJobLogEvent(2,LogMessage(error,	at sun.nio.ch.ServerSocketChannelImpl.bind(Unknown Source)))
Sending msg to client play-fork-run-d98e51a7-1421-42f4-956a-6e13611e3446: BackgroundJobLogEvent(2,LogMessage(error,	at sun.nio.ch.ServerSocketAdaptor.bind(Unknown Source)))
Sending msg to client play-fork-run-d98e51a7-1421-42f4-956a-6e13611e3446: BackgroundJobLogEvent(2,LogMessage(error,	at org.jboss.netty.channel.socket.nio.NioServerBoss$RegisterTask.run(NioServerBoss.java:193)))
Sending msg to client play-fork-run-d98e51a7-1421-42f4-956a-6e13611e3446: BackgroundJobLogEvent(2,LogMessage(error,	at org.jboss.netty.channel.socket.nio.AbstractNioSelector.processTaskQueue(AbstractNioSelector.java:372)))
Sending msg to client play-fork-run-d98e51a7-1421-42f4-956a-6e13611e3446: BackgroundJobLogEvent(2,LogMessage(error,	at org.jboss.netty.channel.socket.nio.AbstractNioSelector.run(AbstractNioSelector.java:296)))
Got request: UnlistenToEvents()
Reading next message from client.
Sending msg to client play-fork-run-d98e51a7-1421-42f4-956a-6e13611e3446: BackgroundJobLogEvent(2,LogMessage(error,	at org.jboss.netty.channel.socket.nio.NioServerBoss.run(NioServerBoss.java:42)))
Sending msg to client play-fork-run-d98e51a7-1421-42f4-956a-6e13611e3446: BackgroundJobLogEvent(2,LogMessage(error,	at org.jboss.netty.util.ThreadRenamingRunnable.run(ThreadRenamingRunnable.java:108)))
Sending msg to client play-fork-run-d98e51a7-1421-42f4-956a-6e13611e3446: BackgroundJobLogEvent(2,LogMessage(error,	at org.jboss.netty.util.internal.DeadLockProofWorker$1.run(DeadLockProofWorker.java:42)))
Sending msg to client play-fork-run-d98e51a7-1421-42f4-956a-6e13611e3446: BackgroundJobLogEvent(2,LogMessage(error,	at java.util.concurrent.ThreadPoolExecutor.runWorker(Unknown Source)))
Sending msg to client play-fork-run-d98e51a7-1421-42f4-956a-6e13611e3446: BackgroundJobLogEvent(2,LogMessage(error,	at java.util.concurrent.ThreadPoolExecutor$Worker.run(Unknown Source)))
Sending msg to client play-fork-run-d98e51a7-1421-42f4-956a-6e13611e3446: BackgroundJobLogEvent(2,LogMessage(error,	at java.lang.Thread.run(Unknown Source)))
Sending msg to client play-fork-run-d98e51a7-1421-42f4-956a-6e13611e3446: (8,ReceivedResponse())
Got request: UnlistenToValue(AttributeKey[play.forkrun.protocol.ForkConfig]("playForkConfig") in Scope(Build: file:/C:/Users/Admin/Desktop/Trivial_i2a-26dc43ae54fff02aac097c592fbf57d0912135e1/Trivial_i2a-26dc43ae54fff02aac097c592fbf57d0912135e1/gW/Users-master/, , Project: ProjectReference(file:/C:/Users/Admin/Desktop/Trivial_i2a-26dc43ae54fff02aac097c592fbf57d0912135e1/Trivial_i2a-26dc43ae54fff02aac097c592fbf57d0912135e1/gW/Users-master/,root)))
Reading next message from client.
Client play-fork-run-d98e51a7-1421-42f4-956a-6e13611e3446 EOF, shutting down.
Stopping client.
Client play-fork-run-d98e51a7-1421-42f4-956a-6e13611e3446 thread exiting.
Dropping message (9,ReceivedResponse()) to dead client play-fork-run-d98e51a7-1421-42f4-956a-6e13611e3446
Dropping message (0,ReceivedResponse()) to dead client play-fork-run-d98e51a7-1421-42f4-956a-6e13611e3446
