New log file opened at Fri May 01 01:43:39 CEST 2015 by 5884@Admin-PC
Sending msg to client play-fork-run-c2d03529-cdb0-4102-a87c-6d90977a7f0c: DetachedLogEvent(LogMessage(debug,sbt server socket logs are in: C:\Users\Admin\Desktop\Users-master\Users-master\.sbtserver\connections\master.log))
Sending msg to client play-fork-run-c2d03529-cdb0-4102-a87c-6d90977a7f0c: DetachedLogEvent(LogMessage(debug,sbt client logs are in: C:\Users\Admin\Desktop\Users-master\Users-master\.sbtserver\connections\play-fork-run-c2d03529-cdb0-4102-a87c-6d90977a7f0c.log))
Sending msg to client play-fork-run-c2d03529-cdb0-4102-a87c-6d90977a7f0c: DetachedLogEvent(LogMessage(debug,sbt general server logs are in: C:\Users\Admin\Desktop\Users-master\Users-master\.sbtserver\master.log))
Reading next message from client.
Got request: DaemonRequest(true)
Reading next message from client.
Sending msg to client play-fork-run-c2d03529-cdb0-4102-a87c-6d90977a7f0c: (3,ReceivedResponse())
Got request: ListenToEvents()
Reading next message from client.
Sending msg to client play-fork-run-c2d03529-cdb0-4102-a87c-6d90977a7f0c: BackgroundJobStarted(21,BackgroundJobInfo(4,backgroundRun,AttributeKey[sbt.BackgroundJobHandle]("backgroundRun") in Scope(Build: file:/C:/Users/Admin/Desktop/Users-master/Users-master/, , Project: ProjectReference(file:/C:/Users/Admin/Desktop/Users-master/Users-master/,root), Config: compile)))
Sending msg to client play-fork-run-c2d03529-cdb0-4102-a87c-6d90977a7f0c: BackgroundJobStarted(17,BackgroundJobInfo(3,backgroundRun,AttributeKey[sbt.BackgroundJobHandle]("backgroundRun") in Scope(Build: file:/C:/Users/Admin/Desktop/Users-master/Users-master/, , Project: ProjectReference(file:/C:/Users/Admin/Desktop/Users-master/Users-master/,root), Config: compile)))
Sending msg to client play-fork-run-c2d03529-cdb0-4102-a87c-6d90977a7f0c: BackgroundJobStarted(14,BackgroundJobInfo(2,backgroundRun,AttributeKey[sbt.BackgroundJobHandle]("backgroundRun") in Scope(Build: file:/C:/Users/Admin/Desktop/Users-master/Users-master/, , Project: ProjectReference(file:/C:/Users/Admin/Desktop/Users-master/Users-master/,root), Config: compile)))
Sending msg to client play-fork-run-c2d03529-cdb0-4102-a87c-6d90977a7f0c: (4,ReceivedResponse())
Got request: KeyLookupRequest(root/playForkConfig)
Reading next message from client.
Sending msg to client play-fork-run-c2d03529-cdb0-4102-a87c-6d90977a7f0c: (5,KeyLookupResponse(root/playForkConfig,Vector(AttributeKey[play.forkrun.protocol.ForkConfig]("playForkConfig") in Scope(Build: file:/C:/Users/Admin/Desktop/Users-master/Users-master/, , Project: ProjectReference(file:/C:/Users/Admin/Desktop/Users-master/Users-master/,root)))))
Got request: ListenToValue(AttributeKey[play.forkrun.protocol.ForkConfig]("playForkConfig") in Scope(Build: file:/C:/Users/Admin/Desktop/Users-master/Users-master/, , Project: ProjectReference(file:/C:/Users/Admin/Desktop/Users-master/Users-master/,root)))
Reading next message from client.
Sending msg to client play-fork-run-c2d03529-cdb0-4102-a87c-6d90977a7f0c: (6,ReceivedResponse())
Got request: KeyExecutionRequest(AttributeKey[play.forkrun.protocol.ForkConfig]("playForkConfig") in Scope(Build: file:/C:/Users/Admin/Desktop/Users-master/Users-master/, , Project: ProjectReference(file:/C:/Users/Admin/Desktop/Users-master/Users-master/,root)))
Reading next message from client.
Sending msg to client play-fork-run-c2d03529-cdb0-4102-a87c-6d90977a7f0c: (7,ExecutionRequestReceived(22))
Sending msg to client play-fork-run-c2d03529-cdb0-4102-a87c-6d90977a7f0c: ExecutionWaiting(22,{file:/C:/Users/Admin/Desktop/Users-master/Users-master/}root/*:playForkConfig,ClientInfo(c2d03529-cdb0-4102-a87c-6d90977a7f0c,play-fork-run,Play Fork Run,1,Vector()))
Sending msg to client play-fork-run-c2d03529-cdb0-4102-a87c-6d90977a7f0c: ExecutionStarting(22)
Sending msg to client play-fork-run-c2d03529-cdb0-4102-a87c-6d90977a7f0c: DetachedLogEvent(LogMessage(debug,> {file:/C:/Users/Admin/Desktop/Users-master/Users-master/}root/*:playForkConfig))
Sending msg to client play-fork-run-c2d03529-cdb0-4102-a87c-6d90977a7f0c: DetachedLogEvent(LogMessage(debug,Evaluating tasks: *:playForkConfig))
Sending msg to client play-fork-run-c2d03529-cdb0-4102-a87c-6d90977a7f0c: DetachedLogEvent(LogMessage(debug,Running task... Cancel: sbt.server.ServerTaskCancellation@6eb5ada8, check cycles: false))
Sending msg to client play-fork-run-c2d03529-cdb0-4102-a87c-6d90977a7f0c: DetachedLogEvent(LogMessage(debug,cancel strategy start enabled=true lastCommand=Some(LastCommand(CommandExecutionWork(ExecutionId(22),{file:/C:/Users/Admin/Desktop/Users-master/Users-master/}root/*:playForkConfig,Set(LiveClient(play-fork-run c2d03529-cdb0-4102-a87c-6d90977a7f0c)),sbt.server.WorkCancellationStatus$$anon$1@72a37e50)))))
Sending msg to client play-fork-run-c2d03529-cdb0-4102-a87c-6d90977a7f0c: TaskStarted(22,1706,Some(AttributeKey[scala.collection.Seq[java.lang.String]]("javaOptions") in Scope(Global)))
Sending msg to client play-fork-run-c2d03529-cdb0-4102-a87c-6d90977a7f0c: TaskStarted(22,1708,None)
Sending msg to client play-fork-run-c2d03529-cdb0-4102-a87c-6d90977a7f0c: TaskStarted(22,1710,Some(AttributeKey[scala.Tuple2[java.lang.String,java.io.File]]("playPrefixAndAssets") in Scope(Build: file:/C:/Users/Admin/Desktop/Users-master/Users-master/, , Project: ProjectReference(file:/C:/Users/Admin/Desktop/Users-master/Users-master/,root))))
Sending msg to client play-fork-run-c2d03529-cdb0-4102-a87c-6d90977a7f0c: TaskStarted(22,1717,None)
Sending msg to client play-fork-run-c2d03529-cdb0-4102-a87c-6d90977a7f0c: TaskStarted(22,1722,None)
Sending msg to client play-fork-run-c2d03529-cdb0-4102-a87c-6d90977a7f0c: TaskStarted(22,1726,Some(AttributeKey[boolean]("skip") in Scope(Global)))
Sending msg to client play-fork-run-c2d03529-cdb0-4102-a87c-6d90977a7f0c: TaskStarted(22,1729,None)
Sending msg to client play-fork-run-c2d03529-cdb0-4102-a87c-6d90977a7f0c: TaskStarted(22,1730,None)
Sending msg to client play-fork-run-c2d03529-cdb0-4102-a87c-6d90977a7f0c: TaskStarted(22,1732,None)
Sending msg to client play-fork-run-c2d03529-cdb0-4102-a87c-6d90977a7f0c: TaskStarted(22,1743,Some(AttributeKey[scala.collection.Seq[sbt.Resolver]]("externalResolvers") in Scope(Build: file:/C:/Users/Admin/Desktop/Users-master/Users-master/, , Project: ProjectReference(file:/C:/Users/Admin/Desktop/Users-master/Users-master/,root))))
Sending msg to client play-fork-run-c2d03529-cdb0-4102-a87c-6d90977a7f0c: TaskStarted(22,1744,Some(AttributeKey[scala.Option[scala.collection.Seq[sbt.Resolver]]]("bootResolvers") in Scope(Build: file:/C:/Users/Admin/Desktop/Users-master/Users-master/, , Project: ProjectReference(file:/C:/Users/Admin/Desktop/Users-master/Users-master/,root))))
Sending msg to client play-fork-run-c2d03529-cdb0-4102-a87c-6d90977a7f0c: TaskStarted(22,1745,Some(AttributeKey[scala.collection.Seq[sbt.Credentials]]("credentials") in Scope(Global)))
Sending msg to client play-fork-run-c2d03529-cdb0-4102-a87c-6d90977a7f0c: TaskStarted(22,1750,None)
Sending msg to client play-fork-run-c2d03529-cdb0-4102-a87c-6d90977a7f0c: TaskStarted(22,1754,Some(AttributeKey[java.lang.String]("updateCacheName") in Scope(Build: file:/C:/Users/Admin/Desktop/Users-master/Users-master/, , Project: ProjectReference(file:/C:/Users/Admin/Desktop/Users-master/Users-master/,root))))
Sending msg to client play-fork-run-c2d03529-cdb0-4102-a87c-6d90977a7f0c: TaskFinished(22,1706,Some(AttributeKey[scala.collection.Seq[java.lang.String]]("javaOptions") in Scope(Global)),true,None)
Sending msg to client play-fork-run-c2d03529-cdb0-4102-a87c-6d90977a7f0c: TaskFinished(22,1710,Some(AttributeKey[scala.Tuple2[java.lang.String,java.io.File]]("playPrefixAndAssets") in Scope(Build: file:/C:/Users/Admin/Desktop/Users-master/Users-master/, , Project: ProjectReference(file:/C:/Users/Admin/Desktop/Users-master/Users-master/,root))),true,None)
Sending msg to client play-fork-run-c2d03529-cdb0-4102-a87c-6d90977a7f0c: TaskStarted(22,1712,None)
Sending msg to client play-fork-run-c2d03529-cdb0-4102-a87c-6d90977a7f0c: TaskFinished(22,1722,None,true,None)
Sending msg to client play-fork-run-c2d03529-cdb0-4102-a87c-6d90977a7f0c: TaskFinished(22,1726,Some(AttributeKey[boolean]("skip") in Scope(Global)),true,None)
Sending msg to client play-fork-run-c2d03529-cdb0-4102-a87c-6d90977a7f0c: TaskFinished(22,1743,Some(AttributeKey[scala.collection.Seq[sbt.Resolver]]("externalResolvers") in Scope(Build: file:/C:/Users/Admin/Desktop/Users-master/Users-master/, , Project: ProjectReference(file:/C:/Users/Admin/Desktop/Users-master/Users-master/,root))),true,None)
Sending msg to client play-fork-run-c2d03529-cdb0-4102-a87c-6d90977a7f0c: TaskFinished(22,1708,None,true,None)
Sending msg to client play-fork-run-c2d03529-cdb0-4102-a87c-6d90977a7f0c: TaskStarted(22,1707,Some(AttributeKey[scala.collection.Seq[java.lang.String]]("playMonitoredFiles") in Scope(Build: file:/C:/Users/Admin/Desktop/Users-master/Users-master/, , Project: ProjectReference(file:/C:/Users/Admin/Desktop/Users-master/Users-master/,root))))
Sending msg to client play-fork-run-c2d03529-cdb0-4102-a87c-6d90977a7f0c: TaskStarted(22,1727,Some(AttributeKey[java.io.File]("dependencyCacheDirectory") in Scope(Build: file:/C:/Users/Admin/Desktop/Users-master/Users-master/, , Project: ProjectReference(file:/C:/Users/Admin/Desktop/Users-master/Users-master/,root))))
Sending msg to client play-fork-run-c2d03529-cdb0-4102-a87c-6d90977a7f0c: TaskStarted(22,1734,Some(AttributeKey[sbt.BuildStructure]("buildStructure") in Scope(Global)))
Sending msg to client play-fork-run-c2d03529-cdb0-4102-a87c-6d90977a7f0c: TaskFinished(22,1729,None,true,None)
Sending msg to client play-fork-run-c2d03529-cdb0-4102-a87c-6d90977a7f0c: TaskFinished(22,1717,None,true,None)
Sending msg to client play-fork-run-c2d03529-cdb0-4102-a87c-6d90977a7f0c: TaskStarted(22,1716,None)
Sending msg to client play-fork-run-c2d03529-cdb0-4102-a87c-6d90977a7f0c: TaskStarted(22,1725,None)
Sending msg to client play-fork-run-c2d03529-cdb0-4102-a87c-6d90977a7f0c: TaskStarted(22,1738,None)
Sending msg to client play-fork-run-c2d03529-cdb0-4102-a87c-6d90977a7f0c: TaskStarted(22,1742,None)
Sending msg to client play-fork-run-c2d03529-cdb0-4102-a87c-6d90977a7f0c: TaskStarted(22,1746,None)
Sending msg to client play-fork-run-c2d03529-cdb0-4102-a87c-6d90977a7f0c: TaskStarted(22,1753,None)
Sending msg to client play-fork-run-c2d03529-cdb0-4102-a87c-6d90977a7f0c: TaskStarted(22,1756,None)
Sending msg to client play-fork-run-c2d03529-cdb0-4102-a87c-6d90977a7f0c: TaskStarted(22,1758,None)
Sending msg to client play-fork-run-c2d03529-cdb0-4102-a87c-6d90977a7f0c: TaskFinished(22,1744,Some(AttributeKey[scala.Option[scala.collection.Seq[sbt.Resolver]]]("bootResolvers") in Scope(Build: file:/C:/Users/Admin/Desktop/Users-master/Users-master/, , Project: ProjectReference(file:/C:/Users/Admin/Desktop/Users-master/Users-master/,root))),true,None)
Sending msg to client play-fork-run-c2d03529-cdb0-4102-a87c-6d90977a7f0c: TaskFinished(22,1750,None,true,None)
Sending msg to client play-fork-run-c2d03529-cdb0-4102-a87c-6d90977a7f0c: TaskFinished(22,1754,Some(AttributeKey[java.lang.String]("updateCacheName") in Scope(Build: file:/C:/Users/Admin/Desktop/Users-master/Users-master/, , Project: ProjectReference(file:/C:/Users/Admin/Desktop/Users-master/Users-master/,root))),true,None)
Sending msg to client play-fork-run-c2d03529-cdb0-4102-a87c-6d90977a7f0c: TaskFinished(22,1745,Some(AttributeKey[scala.collection.Seq[sbt.Credentials]]("credentials") in Scope(Global)),true,None)
Sending msg to client play-fork-run-c2d03529-cdb0-4102-a87c-6d90977a7f0c: TaskFinished(22,1732,None,true,None)
Sending msg to client play-fork-run-c2d03529-cdb0-4102-a87c-6d90977a7f0c: TaskFinished(22,1734,Some(AttributeKey[sbt.BuildStructure]("buildStructure") in Scope(Global)),true,None)
Sending msg to client play-fork-run-c2d03529-cdb0-4102-a87c-6d90977a7f0c: TaskStarted(22,1733,Some(AttributeKey[sbt.Settings[sbt.Scope]]("settingsData") in Scope(Global)))
Sending msg to client play-fork-run-c2d03529-cdb0-4102-a87c-6d90977a7f0c: TaskFinished(22,1725,None,true,None)
Sending msg to client play-fork-run-c2d03529-cdb0-4102-a87c-6d90977a7f0c: TaskFinished(22,1746,None,true,None)
Sending msg to client play-fork-run-c2d03529-cdb0-4102-a87c-6d90977a7f0c: TaskFinished(22,1753,None,true,None)
Sending msg to client play-fork-run-c2d03529-cdb0-4102-a87c-6d90977a7f0c: TaskStarted(22,1752,Some(AttributeKey[scala.collection.immutable.Map[sbt.ModuleID,sbt.SourcePosition]]("dependencyPositions") in Scope(Build: file:/C:/Users/Admin/Desktop/Users-master/Users-master/, , Project: ProjectReference(file:/C:/Users/Admin/Desktop/Users-master/Users-master/,root))))
Sending msg to client play-fork-run-c2d03529-cdb0-4102-a87c-6d90977a7f0c: TaskFinished(22,1756,None,true,None)
Sending msg to client play-fork-run-c2d03529-cdb0-4102-a87c-6d90977a7f0c: TaskFinished(22,1758,None,true,None)
Sending msg to client play-fork-run-c2d03529-cdb0-4102-a87c-6d90977a7f0c: TaskFinished(22,1733,Some(AttributeKey[sbt.Settings[sbt.Scope]]("settingsData") in Scope(Global)),true,None)
Sending msg to client play-fork-run-c2d03529-cdb0-4102-a87c-6d90977a7f0c: TaskStarted(22,1731,None)
Sending msg to client play-fork-run-c2d03529-cdb0-4102-a87c-6d90977a7f0c: TaskStarted(22,1749,Some(AttributeKey[scala.collection.Seq[sbt.ModuleID]]("projectDependencies") in Scope(Build: file:/C:/Users/Admin/Desktop/Users-master/Users-master/, , Project: ProjectReference(file:/C:/Users/Admin/Desktop/Users-master/Users-master/,root))))
Sending msg to client play-fork-run-c2d03529-cdb0-4102-a87c-6d90977a7f0c: TaskStarted(22,1757,None)
Sending msg to client play-fork-run-c2d03529-cdb0-4102-a87c-6d90977a7f0c: TaskFinished(22,1727,Some(AttributeKey[java.io.File]("dependencyCacheDirectory") in Scope(Build: file:/C:/Users/Admin/Desktop/Users-master/Users-master/, , Project: ProjectReference(file:/C:/Users/Admin/Desktop/Users-master/Users-master/,root))),true,None)
Sending msg to client play-fork-run-c2d03529-cdb0-4102-a87c-6d90977a7f0c: TaskFinished(22,1730,None,true,None)
Sending msg to client play-fork-run-c2d03529-cdb0-4102-a87c-6d90977a7f0c: TaskStarted(22,1728,Some(AttributeKey[scala.collection.Seq[sbt.UpdateReport]]("transitiveUpdate") in Scope(Build: file:/C:/Users/Admin/Desktop/Users-master/Users-master/, , Project: ProjectReference(file:/C:/Users/Admin/Desktop/Users-master/Users-master/,root))))
Sending msg to client play-fork-run-c2d03529-cdb0-4102-a87c-6d90977a7f0c: TaskFinished(22,1712,None,true,None)
Sending msg to client play-fork-run-c2d03529-cdb0-4102-a87c-6d90977a7f0c: TaskStarted(22,1711,None)
Sending msg to client play-fork-run-c2d03529-cdb0-4102-a87c-6d90977a7f0c: TaskFinished(22,1742,None,true,None)
Sending msg to client play-fork-run-c2d03529-cdb0-4102-a87c-6d90977a7f0c: TaskStarted(22,1741,Some(AttributeKey[scala.collection.immutable.Map[org.apache.ivy.core.module.id.ModuleRevisionId,org.apache.ivy.core.module.descriptor.ModuleDescriptor]]("projectDescriptors") in Scope(Build: file:/C:/Users/Admin/Desktop/Users-master/Users-master/, , Project: ProjectReference(file:/C:/Users/Admin/Desktop/Users-master/Users-master/,root))))
Sending msg to client play-fork-run-c2d03529-cdb0-4102-a87c-6d90977a7f0c: TaskFinished(22,1716,None,true,None)
Sending msg to client play-fork-run-c2d03529-cdb0-4102-a87c-6d90977a7f0c: TaskFinished(22,1707,Some(AttributeKey[scala.collection.Seq[java.lang.String]]("playMonitoredFiles") in Scope(Build: file:/C:/Users/Admin/Desktop/Users-master/Users-master/, , Project: ProjectReference(file:/C:/Users/Admin/Desktop/Users-master/Users-master/,root))),true,None)
Sending msg to client play-fork-run-c2d03529-cdb0-4102-a87c-6d90977a7f0c: TaskFinished(22,1738,None,true,None)
Sending msg to client play-fork-run-c2d03529-cdb0-4102-a87c-6d90977a7f0c: TaskStarted(22,1760,None)
Sending msg to client play-fork-run-c2d03529-cdb0-4102-a87c-6d90977a7f0c: TaskFinished(22,1749,Some(AttributeKey[scala.collection.Seq[sbt.ModuleID]]("projectDependencies") in Scope(Build: file:/C:/Users/Admin/Desktop/Users-master/Users-master/, , Project: ProjectReference(file:/C:/Users/Admin/Desktop/Users-master/Users-master/,root))),true,None)
Sending msg to client play-fork-run-c2d03529-cdb0-4102-a87c-6d90977a7f0c: TaskStarted(22,1748,Some(AttributeKey[scala.collection.Seq[sbt.ModuleID]]("allDependencies") in Scope(Build: file:/C:/Users/Admin/Desktop/Users-master/Users-master/, , Project: ProjectReference(file:/C:/Users/Admin/Desktop/Users-master/Users-master/,root))))
Sending msg to client play-fork-run-c2d03529-cdb0-4102-a87c-6d90977a7f0c: TaskStarted(22,1764,None)
Sending msg to client play-fork-run-c2d03529-cdb0-4102-a87c-6d90977a7f0c: TaskStarted(22,1765,None)
Sending msg to client play-fork-run-c2d03529-cdb0-4102-a87c-6d90977a7f0c: TaskStarted(22,1768,None)
Sending msg to client play-fork-run-c2d03529-cdb0-4102-a87c-6d90977a7f0c: TaskStarted(22,1770,None)
Sending msg to client play-fork-run-c2d03529-cdb0-4102-a87c-6d90977a7f0c: TaskStarted(22,1771,None)
Sending msg to client play-fork-run-c2d03529-cdb0-4102-a87c-6d90977a7f0c: TaskFinished(22,1752,Some(AttributeKey[scala.collection.immutable.Map[sbt.ModuleID,sbt.SourcePosition]]("dependencyPositions") in Scope(Build: file:/C:/Users/Admin/Desktop/Users-master/Users-master/, , Project: ProjectReference(file:/C:/Users/Admin/Desktop/Users-master/Users-master/,root))),true,None)
Sending msg to client play-fork-run-c2d03529-cdb0-4102-a87c-6d90977a7f0c: TaskStarted(22,1751,Some(AttributeKey[sbt.UnresolvedWarningConfiguration]("unresolvedWarningConfiguration") in Scope(Build: file:/C:/Users/Admin/Desktop/Users-master/Users-master/, , Project: ProjectReference(file:/C:/Users/Admin/Desktop/Users-master/Users-master/,root), Task: AttributeKey[sbt.UpdateReport]("update"))))
Sending msg to client play-fork-run-c2d03529-cdb0-4102-a87c-6d90977a7f0c: TaskFinished(22,1711,None,true,None)
Sending msg to client play-fork-run-c2d03529-cdb0-4102-a87c-6d90977a7f0c: TaskStarted(22,1709,Some(AttributeKey[scala.collection.Seq[scala.Tuple2[java.lang.String,java.io.File]]]("playAllAssets") in Scope(Build: file:/C:/Users/Admin/Desktop/Users-master/Users-master/, , Project: ProjectReference(file:/C:/Users/Admin/Desktop/Users-master/Users-master/,root))))
Sending msg to client play-fork-run-c2d03529-cdb0-4102-a87c-6d90977a7f0c: TaskStarted(22,1773,None)
Sending msg to client play-fork-run-c2d03529-cdb0-4102-a87c-6d90977a7f0c: TaskFinished(22,1728,Some(AttributeKey[scala.collection.Seq[sbt.UpdateReport]]("transitiveUpdate") in Scope(Build: file:/C:/Users/Admin/Desktop/Users-master/Users-master/, , Project: ProjectReference(file:/C:/Users/Admin/Desktop/Users-master/Users-master/,root))),true,None)
Sending msg to client play-fork-run-c2d03529-cdb0-4102-a87c-6d90977a7f0c: TaskFinished(22,1748,Some(AttributeKey[scala.collection.Seq[sbt.ModuleID]]("allDependencies") in Scope(Build: file:/C:/Users/Admin/Desktop/Users-master/Users-master/, , Project: ProjectReference(file:/C:/Users/Admin/Desktop/Users-master/Users-master/,root))),true,None)
Sending msg to client play-fork-run-c2d03529-cdb0-4102-a87c-6d90977a7f0c: TaskStarted(22,1747,Some(AttributeKey[sbt.ModuleSettings]("moduleSettings") in Scope(Build: file:/C:/Users/Admin/Desktop/Users-master/Users-master/, , Project: ProjectReference(file:/C:/Users/Admin/Desktop/Users-master/Users-master/,root))))
Sending msg to client play-fork-run-c2d03529-cdb0-4102-a87c-6d90977a7f0c: TaskFinished(22,1760,None,true,None)
Sending msg to client play-fork-run-c2d03529-cdb0-4102-a87c-6d90977a7f0c: TaskFinished(22,1731,None,true,None)
Sending msg to client play-fork-run-c2d03529-cdb0-4102-a87c-6d90977a7f0c: TaskFinished(22,1764,None,true,None)
Sending msg to client play-fork-run-c2d03529-cdb0-4102-a87c-6d90977a7f0c: TaskFinished(22,1765,None,true,None)
Sending msg to client play-fork-run-c2d03529-cdb0-4102-a87c-6d90977a7f0c: TaskStarted(22,1763,Some(AttributeKey[scala.collection.Seq[sbt.Attributed[java.io.File]]]("unmanagedJars") in Scope(Build: file:/C:/Users/Admin/Desktop/Users-master/Users-master/, , Project: ProjectReference(file:/C:/Users/Admin/Desktop/Users-master/Users-master/,root), Config: runtime)))
Sending msg to client play-fork-run-c2d03529-cdb0-4102-a87c-6d90977a7f0c: TaskFinished(22,1768,None,true,None)
Sending msg to client play-fork-run-c2d03529-cdb0-4102-a87c-6d90977a7f0c: TaskStarted(22,1767,None)
Sending msg to client play-fork-run-c2d03529-cdb0-4102-a87c-6d90977a7f0c: TaskFinished(22,1770,None,true,None)
Sending msg to client play-fork-run-c2d03529-cdb0-4102-a87c-6d90977a7f0c: TaskFinished(22,1771,None,true,None)
Sending msg to client play-fork-run-c2d03529-cdb0-4102-a87c-6d90977a7f0c: TaskStarted(22,1769,Some(AttributeKey[scala.collection.Seq[sbt.Attributed[java.io.File]]]("unmanagedJars") in Scope(Build: file:/C:/Users/Admin/Desktop/Users-master/Users-master/, , Project: ProjectReference(file:/C:/Users/Admin/Desktop/Users-master/Users-master/,root), Config: compile)))
Sending msg to client play-fork-run-c2d03529-cdb0-4102-a87c-6d90977a7f0c: TaskFinished(22,1751,Some(AttributeKey[sbt.UnresolvedWarningConfiguration]("unresolvedWarningConfiguration") in Scope(Build: file:/C:/Users/Admin/Desktop/Users-master/Users-master/, , Project: ProjectReference(file:/C:/Users/Admin/Desktop/Users-master/Users-master/,root), Task: AttributeKey[sbt.UpdateReport]("update"))),true,None)
Sending msg to client play-fork-run-c2d03529-cdb0-4102-a87c-6d90977a7f0c: TaskFinished(22,1709,Some(AttributeKey[scala.collection.Seq[scala.Tuple2[java.lang.String,java.io.File]]]("playAllAssets") in Scope(Build: file:/C:/Users/Admin/Desktop/Users-master/Users-master/, , Project: ProjectReference(file:/C:/Users/Admin/Desktop/Users-master/Users-master/,root))),true,None)
Sending msg to client play-fork-run-c2d03529-cdb0-4102-a87c-6d90977a7f0c: TaskFinished(22,1773,None,true,None)
Sending msg to client play-fork-run-c2d03529-cdb0-4102-a87c-6d90977a7f0c: TaskStarted(22,1772,None)
Sending msg to client play-fork-run-c2d03529-cdb0-4102-a87c-6d90977a7f0c: TaskFinished(22,1747,Some(AttributeKey[sbt.ModuleSettings]("moduleSettings") in Scope(Build: file:/C:/Users/Admin/Desktop/Users-master/Users-master/, , Project: ProjectReference(file:/C:/Users/Admin/Desktop/Users-master/Users-master/,root))),true,None)
Sending msg to client play-fork-run-c2d03529-cdb0-4102-a87c-6d90977a7f0c: TaskStarted(22,1774,None)
Sending msg to client play-fork-run-c2d03529-cdb0-4102-a87c-6d90977a7f0c: TaskFinished(22,1772,None,true,None)
Sending msg to client play-fork-run-c2d03529-cdb0-4102-a87c-6d90977a7f0c: TaskFinished(22,1741,Some(AttributeKey[scala.collection.immutable.Map[org.apache.ivy.core.module.id.ModuleRevisionId,org.apache.ivy.core.module.descriptor.ModuleDescriptor]]("projectDescriptors") in Scope(Build: file:/C:/Users/Admin/Desktop/Users-master/Users-master/, , Project: ProjectReference(file:/C:/Users/Admin/Desktop/Users-master/Users-master/,root))),true,None)
Sending msg to client play-fork-run-c2d03529-cdb0-4102-a87c-6d90977a7f0c: TaskStarted(22,1740,Some(AttributeKey[sbt.Resolver]("projectResolver") in Scope(Build: file:/C:/Users/Admin/Desktop/Users-master/Users-master/, , Project: ProjectReference(file:/C:/Users/Admin/Desktop/Users-master/Users-master/,root))))
Sending msg to client play-fork-run-c2d03529-cdb0-4102-a87c-6d90977a7f0c: TaskFinished(22,1774,None,true,None)
Sending msg to client play-fork-run-c2d03529-cdb0-4102-a87c-6d90977a7f0c: TaskFinished(22,1767,None,true,None)
Sending msg to client play-fork-run-c2d03529-cdb0-4102-a87c-6d90977a7f0c: TaskFinished(22,1740,Some(AttributeKey[sbt.Resolver]("projectResolver") in Scope(Build: file:/C:/Users/Admin/Desktop/Users-master/Users-master/, , Project: ProjectReference(file:/C:/Users/Admin/Desktop/Users-master/Users-master/,root))),true,None)
Sending msg to client play-fork-run-c2d03529-cdb0-4102-a87c-6d90977a7f0c: TaskStarted(22,1739,Some(AttributeKey[scala.collection.Seq[sbt.Resolver]]("fullResolvers") in Scope(Build: file:/C:/Users/Admin/Desktop/Users-master/Users-master/, , Project: ProjectReference(file:/C:/Users/Admin/Desktop/Users-master/Users-master/,root))))
Sending msg to client play-fork-run-c2d03529-cdb0-4102-a87c-6d90977a7f0c: TaskFinished(22,1739,Some(AttributeKey[scala.collection.Seq[sbt.Resolver]]("fullResolvers") in Scope(Build: file:/C:/Users/Admin/Desktop/Users-master/Users-master/, , Project: ProjectReference(file:/C:/Users/Admin/Desktop/Users-master/Users-master/,root))),true,None)
Sending msg to client play-fork-run-c2d03529-cdb0-4102-a87c-6d90977a7f0c: TaskStarted(22,1737,Some(AttributeKey[sbt.IvyConfiguration]("ivyConfiguration") in Scope(Build: file:/C:/Users/Admin/Desktop/Users-master/Users-master/, , Project: ProjectReference(file:/C:/Users/Admin/Desktop/Users-master/Users-master/,root))))
Sending msg to client play-fork-run-c2d03529-cdb0-4102-a87c-6d90977a7f0c: TaskFinished(22,1763,Some(AttributeKey[scala.collection.Seq[sbt.Attributed[java.io.File]]]("unmanagedJars") in Scope(Build: file:/C:/Users/Admin/Desktop/Users-master/Users-master/, , Project: ProjectReference(file:/C:/Users/Admin/Desktop/Users-master/Users-master/,root), Config: runtime)),true,None)
Sending msg to client play-fork-run-c2d03529-cdb0-4102-a87c-6d90977a7f0c: TaskFinished(22,1737,Some(AttributeKey[sbt.IvyConfiguration]("ivyConfiguration") in Scope(Build: file:/C:/Users/Admin/Desktop/Users-master/Users-master/, , Project: ProjectReference(file:/C:/Users/Admin/Desktop/Users-master/Users-master/,root))),true,None)
Sending msg to client play-fork-run-c2d03529-cdb0-4102-a87c-6d90977a7f0c: TaskStarted(22,1736,Some(AttributeKey[sbt.IvySbt]("ivySbt") in Scope(Build: file:/C:/Users/Admin/Desktop/Users-master/Users-master/, , Project: ProjectReference(file:/C:/Users/Admin/Desktop/Users-master/Users-master/,root))))
Sending msg to client play-fork-run-c2d03529-cdb0-4102-a87c-6d90977a7f0c: TaskFinished(22,1769,Some(AttributeKey[scala.collection.Seq[sbt.Attributed[java.io.File]]]("unmanagedJars") in Scope(Build: file:/C:/Users/Admin/Desktop/Users-master/Users-master/, , Project: ProjectReference(file:/C:/Users/Admin/Desktop/Users-master/Users-master/,root), Config: compile)),true,None)
Sending msg to client play-fork-run-c2d03529-cdb0-4102-a87c-6d90977a7f0c: TaskStarted(22,1766,Some(AttributeKey[scala.collection.Seq[sbt.Attributed[java.io.File]]]("unmanagedJars") in Scope(Build: file:/C:/Users/Admin/Desktop/Users-master/Users-master/, , Project: ProjectReference(file:/C:/Users/Admin/Desktop/Users-master/Users-master/,root), Config: compile)))
Sending msg to client play-fork-run-c2d03529-cdb0-4102-a87c-6d90977a7f0c: TaskFinished(22,1766,Some(AttributeKey[scala.collection.Seq[sbt.Attributed[java.io.File]]]("unmanagedJars") in Scope(Build: file:/C:/Users/Admin/Desktop/Users-master/Users-master/, , Project: ProjectReference(file:/C:/Users/Admin/Desktop/Users-master/Users-master/,root), Config: compile)),true,None)
Sending msg to client play-fork-run-c2d03529-cdb0-4102-a87c-6d90977a7f0c: TaskStarted(22,1762,None)
Sending msg to client play-fork-run-c2d03529-cdb0-4102-a87c-6d90977a7f0c: TaskFinished(22,1762,None,true,None)
Sending msg to client play-fork-run-c2d03529-cdb0-4102-a87c-6d90977a7f0c: TaskStarted(22,1761,None)
Sending msg to client play-fork-run-c2d03529-cdb0-4102-a87c-6d90977a7f0c: TaskFinished(22,1761,None,true,None)
Sending msg to client play-fork-run-c2d03529-cdb0-4102-a87c-6d90977a7f0c: TaskFinished(22,1757,None,true,None)
Sending msg to client play-fork-run-c2d03529-cdb0-4102-a87c-6d90977a7f0c: TaskStarted(22,1755,Some(AttributeKey[scala.collection.Seq[sbt.Attributed[java.io.File]]]("unmanagedClasspath") in Scope(Build: file:/C:/Users/Admin/Desktop/Users-master/Users-master/, , Project: ProjectReference(file:/C:/Users/Admin/Desktop/Users-master/Users-master/,root), Config: runtime)))
Sending msg to client play-fork-run-c2d03529-cdb0-4102-a87c-6d90977a7f0c: TaskFinished(22,1755,Some(AttributeKey[scala.collection.Seq[sbt.Attributed[java.io.File]]]("unmanagedClasspath") in Scope(Build: file:/C:/Users/Admin/Desktop/Users-master/Users-master/, , Project: ProjectReference(file:/C:/Users/Admin/Desktop/Users-master/Users-master/,root), Config: runtime)),true,None)
Sending msg to client play-fork-run-c2d03529-cdb0-4102-a87c-6d90977a7f0c: TaskFinished(22,1736,Some(AttributeKey[sbt.IvySbt]("ivySbt") in Scope(Build: file:/C:/Users/Admin/Desktop/Users-master/Users-master/, , Project: ProjectReference(file:/C:/Users/Admin/Desktop/Users-master/Users-master/,root))),true,None)
Sending msg to client play-fork-run-c2d03529-cdb0-4102-a87c-6d90977a7f0c: TaskStarted(22,1735,Some(AttributeKey[sbt.IvySbt$Module]("ivyModule") in Scope(Build: file:/C:/Users/Admin/Desktop/Users-master/Users-master/, , Project: ProjectReference(file:/C:/Users/Admin/Desktop/Users-master/Users-master/,root))))
Sending msg to client play-fork-run-c2d03529-cdb0-4102-a87c-6d90977a7f0c: TaskFinished(22,1735,Some(AttributeKey[sbt.IvySbt$Module]("ivyModule") in Scope(Build: file:/C:/Users/Admin/Desktop/Users-master/Users-master/, , Project: ProjectReference(file:/C:/Users/Admin/Desktop/Users-master/Users-master/,root))),true,None)
Sending msg to client play-fork-run-c2d03529-cdb0-4102-a87c-6d90977a7f0c: TaskStarted(22,1724,Some(AttributeKey[sbt.UpdateReport]("update") in Scope(Build: file:/C:/Users/Admin/Desktop/Users-master/Users-master/, , Project: ProjectReference(file:/C:/Users/Admin/Desktop/Users-master/Users-master/,root))))
Sending msg to client play-fork-run-c2d03529-cdb0-4102-a87c-6d90977a7f0c: TaskFinished(22,1724,Some(AttributeKey[sbt.UpdateReport]("update") in Scope(Build: file:/C:/Users/Admin/Desktop/Users-master/Users-master/, , Project: ProjectReference(file:/C:/Users/Admin/Desktop/Users-master/Users-master/,root))),true,None)
Sending msg to client play-fork-run-c2d03529-cdb0-4102-a87c-6d90977a7f0c: TaskStarted(22,1723,Some(AttributeKey[sbt.UpdateReport]("update") in Scope(Build: file:/C:/Users/Admin/Desktop/Users-master/Users-master/, , Project: ProjectReference(file:/C:/Users/Admin/Desktop/Users-master/Users-master/,root))))
Sending msg to client play-fork-run-c2d03529-cdb0-4102-a87c-6d90977a7f0c: TaskFinished(22,1723,Some(AttributeKey[sbt.UpdateReport]("update") in Scope(Build: file:/C:/Users/Admin/Desktop/Users-master/Users-master/, , Project: ProjectReference(file:/C:/Users/Admin/Desktop/Users-master/Users-master/,root))),true,None)
Sending msg to client play-fork-run-c2d03529-cdb0-4102-a87c-6d90977a7f0c: TaskStarted(22,1721,Some(AttributeKey[sbt.Configuration]("classpathConfiguration") in Scope(Build: file:/C:/Users/Admin/Desktop/Users-master/Users-master/, , Project: ProjectReference(file:/C:/Users/Admin/Desktop/Users-master/Users-master/,root), Config: compile)))
Sending msg to client play-fork-run-c2d03529-cdb0-4102-a87c-6d90977a7f0c: TaskStarted(22,1759,Some(AttributeKey[scala.collection.Seq[sbt.Attributed[java.io.File]]]("managedClasspath") in Scope(Build: file:/C:/Users/Admin/Desktop/Users-master/Users-master/, , Project: ProjectReference(file:/C:/Users/Admin/Desktop/Users-master/Users-master/,root), Config: docs)))
Sending msg to client play-fork-run-c2d03529-cdb0-4102-a87c-6d90977a7f0c: TaskFinished(22,1721,Some(AttributeKey[sbt.Configuration]("classpathConfiguration") in Scope(Build: file:/C:/Users/Admin/Desktop/Users-master/Users-master/, , Project: ProjectReference(file:/C:/Users/Admin/Desktop/Users-master/Users-master/,root), Config: compile)),true,None)
Sending msg to client play-fork-run-c2d03529-cdb0-4102-a87c-6d90977a7f0c: TaskStarted(22,1720,None)
Sending msg to client play-fork-run-c2d03529-cdb0-4102-a87c-6d90977a7f0c: TaskFinished(22,1759,Some(AttributeKey[scala.collection.Seq[sbt.Attributed[java.io.File]]]("managedClasspath") in Scope(Build: file:/C:/Users/Admin/Desktop/Users-master/Users-master/, , Project: ProjectReference(file:/C:/Users/Admin/Desktop/Users-master/Users-master/,root), Config: docs)),true,None)
Sending msg to client play-fork-run-c2d03529-cdb0-4102-a87c-6d90977a7f0c: TaskFinished(22,1720,None,true,None)
Sending msg to client play-fork-run-c2d03529-cdb0-4102-a87c-6d90977a7f0c: TaskStarted(22,1719,Some(AttributeKey[sbt.Configuration]("classpathConfiguration") in Scope(Build: file:/C:/Users/Admin/Desktop/Users-master/Users-master/, , Project: ProjectReference(file:/C:/Users/Admin/Desktop/Users-master/Users-master/,root), Config: runtime)))
Sending msg to client play-fork-run-c2d03529-cdb0-4102-a87c-6d90977a7f0c: TaskFinished(22,1719,Some(AttributeKey[sbt.Configuration]("classpathConfiguration") in Scope(Build: file:/C:/Users/Admin/Desktop/Users-master/Users-master/, , Project: ProjectReference(file:/C:/Users/Admin/Desktop/Users-master/Users-master/,root), Config: runtime)),true,None)
Sending msg to client play-fork-run-c2d03529-cdb0-4102-a87c-6d90977a7f0c: TaskStarted(22,1718,None)
Sending msg to client play-fork-run-c2d03529-cdb0-4102-a87c-6d90977a7f0c: TaskFinished(22,1718,None,true,None)
Sending msg to client play-fork-run-c2d03529-cdb0-4102-a87c-6d90977a7f0c: TaskStarted(22,1715,Some(AttributeKey[scala.collection.Seq[sbt.Attributed[java.io.File]]]("managedClasspath") in Scope(Build: file:/C:/Users/Admin/Desktop/Users-master/Users-master/, , Project: ProjectReference(file:/C:/Users/Admin/Desktop/Users-master/Users-master/,root), Config: runtime)))
Sending msg to client play-fork-run-c2d03529-cdb0-4102-a87c-6d90977a7f0c: TaskFinished(22,1715,Some(AttributeKey[scala.collection.Seq[sbt.Attributed[java.io.File]]]("managedClasspath") in Scope(Build: file:/C:/Users/Admin/Desktop/Users-master/Users-master/, , Project: ProjectReference(file:/C:/Users/Admin/Desktop/Users-master/Users-master/,root), Config: runtime)),true,None)
Sending msg to client play-fork-run-c2d03529-cdb0-4102-a87c-6d90977a7f0c: TaskStarted(22,1714,None)
Sending msg to client play-fork-run-c2d03529-cdb0-4102-a87c-6d90977a7f0c: TaskFinished(22,1714,None,true,None)
Sending msg to client play-fork-run-c2d03529-cdb0-4102-a87c-6d90977a7f0c: TaskStarted(22,1713,Some(AttributeKey[scala.collection.Seq[sbt.Attributed[java.io.File]]]("playDependencyClasspath") in Scope(Build: file:/C:/Users/Admin/Desktop/Users-master/Users-master/, , Project: ProjectReference(file:/C:/Users/Admin/Desktop/Users-master/Users-master/,root))))
Sending msg to client play-fork-run-c2d03529-cdb0-4102-a87c-6d90977a7f0c: TaskFinished(22,1713,Some(AttributeKey[scala.collection.Seq[sbt.Attributed[java.io.File]]]("playDependencyClasspath") in Scope(Build: file:/C:/Users/Admin/Desktop/Users-master/Users-master/, , Project: ProjectReference(file:/C:/Users/Admin/Desktop/Users-master/Users-master/,root))),true,None)
Sending msg to client play-fork-run-c2d03529-cdb0-4102-a87c-6d90977a7f0c: TaskStarted(22,1705,Some(AttributeKey[play.forkrun.protocol.ForkConfig]("playForkConfig") in Scope(Build: file:/C:/Users/Admin/Desktop/Users-master/Users-master/, , Project: ProjectReference(file:/C:/Users/Admin/Desktop/Users-master/Users-master/,root))))
Sending msg to client play-fork-run-c2d03529-cdb0-4102-a87c-6d90977a7f0c: TaskFinished(22,1705,Some(AttributeKey[play.forkrun.protocol.ForkConfig]("playForkConfig") in Scope(Build: file:/C:/Users/Admin/Desktop/Users-master/Users-master/, , Project: ProjectReference(file:/C:/Users/Admin/Desktop/Users-master/Users-master/,root))),true,None)
Sending msg to client play-fork-run-c2d03529-cdb0-4102-a87c-6d90977a7f0c: ValueChanged(AttributeKey[play.forkrun.protocol.ForkConfig]("playForkConfig") in Scope(Build: file:/C:/Users/Admin/Desktop/Users-master/Users-master/, , Project: ProjectReference(file:/C:/Users/Admin/Desktop/Users-master/Users-master/,root)),TaskSuccess(BuildValue(LazyValue(ForkConfig(C:\Users\Admin\Desktop\Users-master\Users-master,List(),List(C:\Users\Admin\.ivy2\cache\org.scala-lang\scala-library\jars\scala-library-2.11.1.jar, C:\Users\Admin\.ivy2\cache\com.typesafe.play\twirl-api_2.11\jars\twirl-api_2.11-1.0.2.jar, C:\Users\Admin\.ivy2\cache\org.apache.commons\commons-lang3\jars\commons-lang3-3.1.jar, C:\Users\Admin\.ivy2\cache\org.scala-lang.modules\scala-xml_2.11\bundles\scala-xml_2.11-1.0.1.jar, C:\Users\Admin\.ivy2\cache\com.typesafe.play\play_2.11\jars\play_2.11-2.3.8.jar, C:\Users\Admin\.ivy2\cache\com.typesafe.play\build-link\jars\build-link-2.3.8.jar, C:\Users\Admin\.ivy2\cache\com.typesafe.play\play-exceptions\jars\play-exceptions-2.3.8.jar, C:\Users\Admin\.ivy2\cache\com.typesafe.play\play-iteratees_2.11\jars\play-iteratees_2.11-2.3.8.jar, C:\Users\Admin\.ivy2\cache\org.scala-stm\scala-stm_2.11\jars\scala-stm_2.11-0.7.jar, C:\Users\Admin\.ivy2\cache\com.typesafe\config\bundles\config-1.2.1.jar, C:\Users\Admin\.ivy2\cache\com.typesafe.play\play-json_2.11\jars\play-json_2.11-2.3.8.jar, C:\Users\Admin\.ivy2\cache\com.typesafe.play\play-functional_2.11\jars\play-functional_2.11-2.3.8.jar, C:\Users\Admin\.ivy2\cache\com.typesafe.play\play-datacommons_2.11\jars\play-datacommons_2.11-2.3.8.jar, C:\Users\Admin\.ivy2\cache\joda-time\joda-time\jars\joda-time-2.3.jar, C:\Users\Admin\.ivy2\cache\org.joda\joda-convert\jars\joda-convert-1.6.jar, C:\Users\Admin\.ivy2\cache\com.fasterxml.jackson.core\jackson-annotations\bundles\jackson-annotations-2.3.2.jar, C:\Users\Admin\.ivy2\cache\com.fasterxml.jackson.core\jackson-core\bundles\jackson-core-2.3.2.jar, C:\Users\Admin\.ivy2\cache\com.fasterxml.jackson.core\jackson-databind\bundles\jackson-databind-2.3.2.jar, C:\Users\Admin\.ivy2\cache\org.scala-lang\scala-reflect\jars\scala-reflect-2.11.1.jar, C:\Users\Admin\.ivy2\cache\org.scala-lang.modules\scala-parser-combinators_2.11\bundles\scala-parser-combinators_2.11-1.0.1.jar, C:\Users\Admin\.ivy2\cache\io.netty\netty\bundles\netty-3.9.3.Final.jar, C:\Users\Admin\.ivy2\cache\com.typesafe.netty\netty-http-pipelining\jars\netty-http-pipelining-1.1.2.jar, C:\Users\Admin\.ivy2\cache\org.slf4j\slf4j-api\jars\slf4j-api-1.7.6.jar, C:\Users\Admin\.ivy2\cache\org.slf4j\jul-to-slf4j\jars\jul-to-slf4j-1.7.6.jar, C:\Users\Admin\.ivy2\cache\org.slf4j\jcl-over-slf4j\jars\jcl-over-slf4j-1.7.6.jar, C:\Users\Admin\.ivy2\cache\ch.qos.logback\logback-core\jars\logback-core-1.1.1.jar, C:\Users\Admin\.ivy2\cache\ch.qos.logback\logback-classic\jars\logback-classic-1.1.1.jar, C:\Users\Admin\.ivy2\cache\com.typesafe.akka\akka-actor_2.11\jars\akka-actor_2.11-2.3.4.jar, C:\Users\Admin\.ivy2\cache\com.typesafe.akka\akka-slf4j_2.11\jars\akka-slf4j_2.11-2.3.4.jar, C:\Users\Admin\.ivy2\cache\commons-codec\commons-codec\jars\commons-codec-1.9.jar, C:\Users\Admin\.ivy2\cache\xerces\xercesImpl\jars\xercesImpl-2.11.0.jar, C:\Users\Admin\.ivy2\cache\xml-apis\xml-apis\jars\xml-apis-1.4.01.jar, C:\Users\Admin\.ivy2\cache\javax.transaction\jta\jars\jta-1.1.jar, C:\Users\Admin\.ivy2\cache\com.typesafe.play\play-java_2.11\jars\play-java_2.11-2.3.8.jar, C:\Users\Admin\.ivy2\cache\org.yaml\snakeyaml\bundles\snakeyaml-1.13.jar, C:\Users\Admin\.ivy2\cache\org.hibernate\hibernate-validator\jars\hibernate-validator-5.0.3.Final.jar, C:\Users\Admin\.ivy2\cache\javax.validation\validation-api\jars\validation-api-1.1.0.Final.jar, C:\Users\Admin\.ivy2\cache\com.fasterxml\classmate\bundles\classmate-1.0.0.jar, C:\Users\Admin\.ivy2\cache\org.jboss.logging\jboss-logging\jars\jboss-logging-3.2.0.Final.jar, C:\Users\Admin\.ivy2\cache\org.springframework\spring-context\jars\spring-context-4.0.3.RELEASE.jar, C:\Users\Admin\.ivy2\cache\org.springframework\spring-core\jars\spring-core-4.0.3.RELEASE.jar, C:\Users\Admin\.ivy2\cache\org.springframework\spring-beans\jars\spring-beans-4.0.3.RELEASE.jar, C:\Users\Admin\.ivy2\cache\org.javassist\javassist\bundles\javassist-3.19.0-GA.jar, C:\Users\Admin\.ivy2\cache\org.reflections\reflections\jars\reflections-0.9.8.jar, C:\Users\Admin\.ivy2\cache\com.google.guava\guava\bundles\guava-16.0.1.jar, C:\Users\Admin\.ivy2\cache\dom4j\dom4j\jars\dom4j-1.6.1.jar, C:\Users\Admin\.ivy2\cache\com.google.code.findbugs\jsr305\jars\jsr305-2.0.3.jar, C:\Users\Admin\.ivy2\cache\org.apache.tomcat\tomcat-servlet-api\jars\tomcat-servlet-api-8.0.5.jar, C:\Users\Admin\.ivy2\cache\com.typesafe.play\play-java-jdbc_2.11\jars\play-java-jdbc_2.11-2.3.8.jar, C:\Users\Admin\.ivy2\cache\com.typesafe.play\play-jdbc_2.11\jars\play-jdbc_2.11-2.3.8.jar, C:\Users\Admin\.ivy2\cache\com.jolbox\bonecp\bundles\bonecp-0.8.0.RELEASE.jar, C:\Users\Admin\.ivy2\cache\com.h2database\h2\jars\h2-1.3.175.jar, C:\Users\Admin\.ivy2\cache\tyrex\tyrex\jars\tyrex-1.0.1.jar, C:\Users\Admin\.ivy2\cache\com.typesafe.play\play-java-ebean_2.11\jars\play-java-ebean_2.11-2.3.8.jar, C:\Users\Admin\.ivy2\cache\org.avaje.ebeanorm\avaje-ebeanorm\jars\avaje-ebeanorm-3.3.4.jar, C:\Users\Admin\.ivy2\cache\org.avaje.ebeanorm\avaje-ebeanorm-agent\jars\avaje-ebeanorm-agent-3.2.2.jar, C:\Users\Admin\.ivy2\cache\org.hibernate.javax.persistence\hibernate-jpa-2.0-api\jars\hibernate-jpa-2.0-api-1.0.1.Final.jar, C:\Users\Admin\.ivy2\cache\com.typesafe.play\play-cache_2.11\jars\play-cache_2.11-2.3.8.jar, C:\Users\Admin\.ivy2\cache\net.sf.ehcache\ehcache-core\jars\ehcache-core-2.6.8.jar, C:\Users\Admin\.ivy2\cache\com.typesafe.play\play-java-ws_2.11\jars\play-java-ws_2.11-2.3.8.jar, C:\Users\Admin\.ivy2\cache\com.typesafe.play\play-ws_2.11\jars\play-ws_2.11-2.3.8.jar, C:\Users\Admin\.ivy2\cache\com.ning\async-http-client\jars\async-http-client-1.8.15.jar, C:\Users\Admin\.ivy2\cache\oauth.signpost\signpost-core\jars\signpost-core-1.2.1.2.jar, C:\Users\Admin\.ivy2\cache\oauth.signpost\signpost-commonshttp4\jars\signpost-commonshttp4-1.2.1.2.jar, C:\Users\Admin\.ivy2\cache\org.apache.httpcomponents\httpcore\jars\httpcore-4.0.1.jar, C:\Users\Admin\.ivy2\cache\org.apache.httpcomponents\httpclient\jars\httpclient-4.0.1.jar, C:\Users\Admin\.ivy2\cache\commons-logging\commons-logging\jars\commons-logging-1.1.1.jar),List((public/,C:\Users\Admin\Desktop\Users-master\Users-master\target\web\public\main)),List(C:\Users\Admin\.ivy2\cache\com.typesafe.play\play-docs_2.11\jars\play-docs_2.11-2.3.8.jar, C:\Users\Admin\.ivy2\cache\org.scala-lang\scala-library\jars\scala-library-2.11.1.jar, C:\Users\Admin\.ivy2\cache\com.typesafe.play\play_2.11\jars\play_2.11-2.3.8.jar, C:\Users\Admin\.ivy2\cache\com.typesafe.play\build-link\jars\build-link-2.3.8.jar, C:\Users\Admin\.ivy2\cache\com.typesafe.play\play-exceptions\jars\play-exceptions-2.3.8.jar, C:\Users\Admin\.ivy2\cache\org.javassist\javassist\bundles\javassist-3.18.2-GA.jar, C:\Users\Admin\.ivy2\cache\com.typesafe.play\play-iteratees_2.11\jars\play-iteratees_2.11-2.3.8.jar, C:\Users\Admin\.ivy2\cache\org.scala-stm\scala-stm_2.11\jars\scala-stm_2.11-0.7.jar, C:\Users\Admin\.ivy2\cache\com.typesafe\config\bundles\config-1.2.1.jar, C:\Users\Admin\.ivy2\cache\com.typesafe.play\play-json_2.11\jars\play-json_2.11-2.3.8.jar, C:\Users\Admin\.ivy2\cache\com.typesafe.play\play-functional_2.11\jars\play-functional_2.11-2.3.8.jar, C:\Users\Admin\.ivy2\cache\com.typesafe.play\play-datacommons_2.11\jars\play-datacommons_2.11-2.3.8.jar, C:\Users\Admin\.ivy2\cache\joda-time\joda-time\jars\joda-time-2.3.jar, C:\Users\Admin\.ivy2\cache\org.joda\joda-convert\jars\joda-convert-1.6.jar, C:\Users\Admin\.ivy2\cache\com.fasterxml.jackson.core\jackson-annotations\bundles\jackson-annotations-2.3.2.jar, C:\Users\Admin\.ivy2\cache\com.fasterxml.jackson.core\jackson-core\bundles\jackson-core-2.3.2.jar, C:\Users\Admin\.ivy2\cache\com.fasterxml.jackson.core\jackson-databind\bundles\jackson-databind-2.3.2.jar, C:\Users\Admin\.ivy2\cache\org.scala-lang\scala-reflect\jars\scala-reflect-2.11.1.jar, C:\Users\Admin\.ivy2\cache\com.typesafe.play\twirl-api_2.11\jars\twirl-api_2.11-1.0.2.jar, C:\Users\Admin\.ivy2\cache\org.apache.commons\commons-lang3\jars\commons-lang3-3.1.jar, C:\Users\Admin\.ivy2\cache\org.scala-lang.modules\scala-xml_2.11\bundles\scala-xml_2.11-1.0.1.jar, C:\Users\Admin\.ivy2\cache\org.scala-lang.modules\scala-parser-combinators_2.11\bundles\scala-parser-combinators_2.11-1.0.1.jar, C:\Users\Admin\.ivy2\cache\io.netty\netty\bundles\netty-3.9.3.Final.jar, C:\Users\Admin\.ivy2\cache\com.typesafe.netty\netty-http-pipelining\jars\netty-http-pipelining-1.1.2.jar, C:\Users\Admin\.ivy2\cache\org.slf4j\slf4j-api\jars\slf4j-api-1.7.6.jar, C:\Users\Admin\.ivy2\cache\org.slf4j\jul-to-slf4j\jars\jul-to-slf4j-1.7.6.jar, C:\Users\Admin\.ivy2\cache\org.slf4j\jcl-over-slf4j\jars\jcl-over-slf4j-1.7.6.jar, C:\Users\Admin\.ivy2\cache\ch.qos.logback\logback-core\jars\logback-core-1.1.1.jar, C:\Users\Admin\.ivy2\cache\ch.qos.logback\logback-classic\jars\logback-classic-1.1.1.jar, C:\Users\Admin\.ivy2\cache\com.typesafe.akka\akka-actor_2.11\jars\akka-actor_2.11-2.3.4.jar, C:\Users\Admin\.ivy2\cache\com.typesafe.akka\akka-slf4j_2.11\jars\akka-slf4j_2.11-2.3.4.jar, C:\Users\Admin\.ivy2\cache\commons-codec\commons-codec\jars\commons-codec-1.9.jar, C:\Users\Admin\.ivy2\cache\xerces\xercesImpl\jars\xercesImpl-2.11.0.jar, C:\Users\Admin\.ivy2\cache\xml-apis\xml-apis\jars\xml-apis-1.4.01.jar, C:\Users\Admin\.ivy2\cache\javax.transaction\jta\jars\jta-1.1.jar, C:\Users\Admin\.ivy2\cache\com.typesafe.play\play-doc_2.11\jars\play-doc_2.11-1.1.0.jar, C:\Users\Admin\.ivy2\cache\org.pegdown\pegdown\jars\pegdown-1.4.0.jar, C:\Users\Admin\.ivy2\cache\org.parboiled\parboiled-java\bundles\parboiled-java-1.1.5.jar, C:\Users\Admin\.ivy2\cache\org.parboiled\parboiled-core\bundles\parboiled-core-1.1.5.jar, C:\Users\Admin\.ivy2\cache\org.ow2.asm\asm\jars\asm-4.1.jar, C:\Users\Admin\.ivy2\cache\org.ow2.asm\asm-tree\jars\asm-tree-4.1.jar, C:\Users\Admin\.ivy2\cache\org.ow2.asm\asm-analysis\jars\asm-analysis-4.1.jar, C:\Users\Admin\.ivy2\cache\org.ow2.asm\asm-util\jars\asm-util-4.1.jar, C:\Users\Admin\.ivy2\cache\commons-io\commons-io\jars\commons-io-2.4.jar),List(),9000,DefaultWatchService,List(C:\Users\Admin\Desktop\Users-master\Users-master\app-2.11, C:\Users\Admin\Desktop\Users-master\Users-master\app, C:\Users\Admin\Desktop\Users-master\Users-master\conf, C:\Users\Admin\Desktop\Users-master\Users-master\app\assets, C:\Users\Admin\Desktop\Users-master\Users-master\public),C:\Users\Admin\Desktop\Users-master\Users-master\target,500,root/playForkNotifyStart,root/playForkReload,300000),scala.pickling.PicklerUnpickler$DelegatingPicklerUnpickler@771418d2),ForkConfig(C:\Users\Admin\Desktop\Users-master\Users-master,List(),List(C:\Users\Admin\.ivy2\cache\org.scala-lang\scala-library\jars\scala-library-2.11.1.jar, C:\Users\Admin\.ivy2\cache\com.typesafe.play\twirl-api_2.11\jars\twirl-api_2.11-1.0.2.jar, C:\Users\Admin\.ivy2\cache\org.apache.commons\commons-lang3\jars\commons-lang3-3.1.jar, C:\Users\Admin\.ivy2\cache\org.scala-lang.modules\scala-xml_2.11\bundles\scala-xml_2.11-1.0.1.jar, C:\Users\Admin\.ivy2\cache\com.typesafe.play\play_2.11\jars\play_2.11-2.3.8.jar, C:\Users\Admin\.ivy2\cache\com.typesafe.play\build-link\jars\build-link-2.3.8.jar, C:\Users\Admin\.ivy2\cache\com.typesafe.play\play-exceptions\jars\play-exceptions-2.3.8.jar, C:\Users\Admin\.ivy2\cache\com.typesafe.play\play-iteratees_2.11\jars\play-iteratees_2.11-2.3.8.jar, C:\Users\Admin\.ivy2\cache\org.scala-stm\scala-stm_2.11\jars\scala-stm_2.11-0.7.jar, C:\Users\Admin\.ivy2\cache\com.typesafe\config\bundles\config-1.2.1.jar, C:\Users\Admin\.ivy2\cache\com.typesafe.play\play-json_2.11\jars\play-json_2.11-2.3.8.jar, C:\Users\Admin\.ivy2\cache\com.typesafe.play\play-functional_2.11\jars\play-functional_2.11-2.3.8.jar, C:\Users\Admin\.ivy2\cache\com.typesafe.play\play-datacommons_2.11\jars\play-datacommons_2.11-2.3.8.jar, C:\Users\Admin\.ivy2\cache\joda-time\joda-time\jars\joda-time-2.3.jar, C:\Users\Admin\.ivy2\cache\org.joda\joda-convert\jars\joda-convert-1.6.jar, C:\Users\Admin\.ivy2\cache\com.fasterxml.jackson.core\jackson-annotations\bundles\jackson-annotations-2.3.2.jar, C:\Users\Admin\.ivy2\cache\com.fasterxml.jackson.core\jackson-core\bundles\jackson-core-2.3.2.jar, C:\Users\Admin\.ivy2\cache\com.fasterxml.jackson.core\jackson-databind\bundles\jackson-databind-2.3.2.jar, C:\Users\Admin\.ivy2\cache\org.scala-lang\scala-reflect\jars\scala-reflect-2.11.1.jar, C:\Users\Admin\.ivy2\cache\org.scala-lang.modules\scala-parser-combinators_2.11\bundles\scala-parser-combinators_2.11-1.0.1.jar, C:\Users\Admin\.ivy2\cache\io.netty\netty\bundles\netty-3.9.3.Final.jar, C:\Users\Admin\.ivy2\cache\com.typesafe.netty\netty-http-pipelining\jars\netty-http-pipelining-1.1.2.jar, C:\Users\Admin\.ivy2\cache\org.slf4j\slf4j-api\jars\slf4j-api-1.7.6.jar, C:\Users\Admin\.ivy2\cache\org.slf4j\jul-to-slf4j\jars\jul-to-slf4j-1.7.6.jar, C:\Users\Admin\.ivy2\cache\org.slf4j\jcl-over-slf4j\jars\jcl-over-slf4j-1.7.6.jar, C:\Users\Admin\.ivy2\cache\ch.qos.logback\logback-core\jars\logback-core-1.1.1.jar, C:\Users\Admin\.ivy2\cache\ch.qos.logback\logback-classic\jars\logback-classic-1.1.1.jar, C:\Users\Admin\.ivy2\cache\com.typesafe.akka\akka-actor_2.11\jars\akka-actor_2.11-2.3.4.jar, C:\Users\Admin\.ivy2\cache\com.typesafe.akka\akka-slf4j_2.11\jars\akka-slf4j_2.11-2.3.4.jar, C:\Users\Admin\.ivy2\cache\commons-codec\commons-codec\jars\commons-codec-1.9.jar, C:\Users\Admin\.ivy2\cache\xerces\xercesImpl\jars\xercesImpl-2.11.0.jar, C:\Users\Admin\.ivy2\cache\xml-apis\xml-apis\jars\xml-apis-1.4.01.jar, C:\Users\Admin\.ivy2\cache\javax.transaction\jta\jars\jta-1.1.jar, C:\Users\Admin\.ivy2\cache\com.typesafe.play\play-java_2.11\jars\play-java_2.11-2.3.8.jar, C:\Users\Admin\.ivy2\cache\org.yaml\snakeyaml\bundles\snakeyaml-1.13.jar, C:\Users\Admin\.ivy2\cache\org.hibernate\hibernate-validator\jars\hibernate-validator-5.0.3.Final.jar, C:\Users\Admin\.ivy2\cache\javax.validation\validation-api\jars\validation-api-1.1.0.Final.jar, C:\Users\Admin\.ivy2\cache\com.fasterxml\classmate\bundles\classmate-1.0.0.jar, C:\Users\Admin\.ivy2\cache\org.jboss.logging\jboss-logging\jars\jboss-logging-3.2.0.Final.jar, C:\Users\Admin\.ivy2\cache\org.springframework\spring-context\jars\spring-context-4.0.3.RELEASE.jar, C:\Users\Admin\.ivy2\cache\org.springframework\spring-core\jars\spring-core-4.0.3.RELEASE.jar, C:\Users\Admin\.ivy2\cache\org.springframework\spring-beans\jars\spring-beans-4.0.3.RELEASE.jar, C:\Users\Admin\.ivy2\cache\org.javassist\javassist\bundles\javassist-3.19.0-GA.jar, C:\Users\Admin\.ivy2\cache\org.reflections\reflections\jars\reflections-0.9.8.jar, C:\Users\Admin\.ivy2\cache\com.google.guava\guava\bundles\guava-16.0.1.jar, C:\Users\Admin\.ivy2\cache\dom4j\dom4j\jars\dom4j-1.6.1.jar, C:\Users\Admin\.ivy2\cache\com.google.code.findbugs\jsr305\jars\jsr305-2.0.3.jar, C:\Users\Admin\.ivy2\cache\org.apache.tomcat\tomcat-servlet-api\jars\tomcat-servlet-api-8.0.5.jar, C:\Users\Admin\.ivy2\cache\com.typesafe.play\play-java-jdbc_2.11\jars\play-java-jdbc_2.11-2.3.8.jar, C:\Users\Admin\.ivy2\cache\com.typesafe.play\play-jdbc_2.11\jars\play-jdbc_2.11-2.3.8.jar, C:\Users\Admin\.ivy2\cache\com.jolbox\bonecp\bundles\bonecp-0.8.0.RELEASE.jar, C:\Users\Admin\.ivy2\cache\com.h2database\h2\jars\h2-1.3.175.jar, C:\Users\Admin\.ivy2\cache\tyrex\tyrex\jars\tyrex-1.0.1.jar, C:\Users\Admin\.ivy2\cache\com.typesafe.play\play-java-ebean_2.11\jars\play-java-ebean_2.11-2.3.8.jar, C:\Users\Admin\.ivy2\cache\org.avaje.ebeanorm\avaje-ebeanorm\jars\avaje-ebeanorm-3.3.4.jar, C:\Users\Admin\.ivy2\cache\org.avaje.ebeanorm\avaje-ebeanorm-agent\jars\avaje-ebeanorm-agent-3.2.2.jar, C:\Users\Admin\.ivy2\cache\org.hibernate.javax.persistence\hibernate-jpa-2.0-api\jars\hibernate-jpa-2.0-api-1.0.1.Final.jar, C:\Users\Admin\.ivy2\cache\com.typesafe.play\play-cache_2.11\jars\play-cache_2.11-2.3.8.jar, C:\Users\Admin\.ivy2\cache\net.sf.ehcache\ehcache-core\jars\ehcache-core-2.6.8.jar, C:\Users\Admin\.ivy2\cache\com.typesafe.play\play-java-ws_2.11\jars\play-java-ws_2.11-2.3.8.jar, C:\Users\Admin\.ivy2\cache\com.typesafe.play\play-ws_2.11\jars\play-ws_2.11-2.3.8.jar, C:\Users\Admin\.ivy2\cache\com.ning\async-http-client\jars\async-http-client-1.8.15.jar, C:\Users\Admin\.ivy2\cache\oauth.signpost\signpost-core\jars\signpost-core-1.2.1.2.jar, C:\Users\Admin\.ivy2\cache\oauth.signpost\signpost-commonshttp4\jars\signpost-commonshttp4-1.2.1.2.jar, C:\Users\Admin\.ivy2\cache\org.apache.httpcomponents\httpcore\jars\httpcore-4.0.1.jar, C:\Users\Admin\.ivy2\cache\org.apache.httpcomponents\httpclient\jars\httpclient-4.0.1.jar, C:\Users\Admin\.ivy2\cache\commons-logging\commons-logging\jars\commons-logging-1.1.1.jar),List((public/,C:\Users\Admin\Desktop\Users-master\Users-master\target\web\public\main)),List(C:\Users\Admin\.ivy2\cache\com.typesafe.play\play-docs_2.11\jars\play-docs_2.11-2.3.8.jar, C:\Users\Admin\.ivy2\cache\org.scala-lang\scala-library\jars\scala-library-2.11.1.jar, C:\Users\Admin\.ivy2\cache\com.typesafe.play\play_2.11\jars\play_2.11-2.3.8.jar, C:\Users\Admin\.ivy2\cache\com.typesafe.play\build-link\jars\build-link-2.3.8.jar, C:\Users\Admin\.ivy2\cache\com.typesafe.play\play-exceptions\jars\play-exceptions-2.3.8.jar, C:\Users\Admin\.ivy2\cache\org.javassist\javassist\bundles\javassist-3.18.2-GA.jar, C:\Users\Admin\.ivy2\cache\com.typesafe.play\play-iteratees_2.11\jars\play-iteratees_2.11-2.3.8.jar, C:\Users\Admin\.ivy2\cache\org.scala-stm\scala-stm_2.11\jars\scala-stm_2.11-0.7.jar, C:\Users\Admin\.ivy2\cache\com.typesafe\config\bundles\config-1.2.1.jar, C:\Users\Admin\.ivy2\cache\com.typesafe.play\play-json_2.11\jars\play-json_2.11-2.3.8.jar, C:\Users\Admin\.ivy2\cache\com.typesafe.play\play-functional_2.11\jars\play-functional_2.11-2.3.8.jar, C:\Users\Admin\.ivy2\cache\com.typesafe.play\play-datacommons_2.11\jars\play-datacommons_2.11-2.3.8.jar, C:\Users\Admin\.ivy2\cache\joda-time\joda-time\jars\joda-time-2.3.jar, C:\Users\Admin\.ivy2\cache\org.joda\joda-convert\jars\joda-convert-1.6.jar, C:\Users\Admin\.ivy2\cache\com.fasterxml.jackson.core\jackson-annotations\bundles\jackson-annotations-2.3.2.jar, C:\Users\Admin\.ivy2\cache\com.fasterxml.jackson.core\jackson-core\bundles\jackson-core-2.3.2.jar, C:\Users\Admin\.ivy2\cache\com.fasterxml.jackson.core\jackson-databind\bundles\jackson-databind-2.3.2.jar, C:\Users\Admin\.ivy2\cache\org.scala-lang\scala-reflect\jars\scala-reflect-2.11.1.jar, C:\Users\Admin\.ivy2\cache\com.typesafe.play\twirl-api_2.11\jars\twirl-api_2.11-1.0.2.jar, C:\Users\Admin\.ivy2\cache\org.apache.commons\commons-lang3\jars\commons-lang3-3.1.jar, C:\Users\Admin\.ivy2\cache\org.scala-lang.modules\scala-xml_2.11\bundles\scala-xml_2.11-1.0.1.jar, C:\Users\Admin\.ivy2\cache\org.scala-lang.modules\scala-parser-combinators_2.11\bundles\scala-parser-combinators_2.11-1.0.1.jar, C:\Users\Admin\.ivy2\cache\io.netty\netty\bundles\netty-3.9.3.Final.jar, C:\Users\Admin\.ivy2\cache\com.typesafe.netty\netty-http-pipelining\jars\netty-http-pipelining-1.1.2.jar, C:\Users\Admin\.ivy2\cache\org.slf4j\slf4j-api\jars\slf4j-api-1.7.6.jar, C:\Users\Admin\.ivy2\cache\org.slf4j\jul-to-slf4j\jars\jul-to-slf4j-1.7.6.jar, C:\Users\Admin\.ivy2\cache\org.slf4j\jcl-over-slf4j\jars\jcl-over-slf4j-1.7.6.jar, C:\Users\Admin\.ivy2\cache\ch.qos.logback\logback-core\jars\logback-core-1.1.1.jar, C:\Users\Admin\.ivy2\cache\ch.qos.logback\logback-classic\jars\logback-classic-1.1.1.jar, C:\Users\Admin\.ivy2\cache\com.typesafe.akka\akka-actor_2.11\jars\akka-actor_2.11-2.3.4.jar, C:\Users\Admin\.ivy2\cache\com.typesafe.akka\akka-slf4j_2.11\jars\akka-slf4j_2.11-2.3.4.jar, C:\Users\Admin\.ivy2\cache\commons-codec\commons-codec\jars\commons-codec-1.9.jar, C:\Users\Admin\.ivy2\cache\xerces\xercesImpl\jars\xercesImpl-2.11.0.jar, C:\Users\Admin\.ivy2\cache\xml-apis\xml-apis\jars\xml-apis-1.4.01.jar, C:\Users\Admin\.ivy2\cache\javax.transaction\jta\jars\jta-1.1.jar, C:\Users\Admin\.ivy2\cache\com.typesafe.play\play-doc_2.11\jars\play-doc_2.11-1.1.0.jar, C:\Users\Admin\.ivy2\cache\org.pegdown\pegdown\jars\pegdown-1.4.0.jar, C:\Users\Admin\.ivy2\cache\org.parboiled\parboiled-java\bundles\parboiled-java-1.1.5.jar, C:\Users\Admin\.ivy2\cache\org.parboiled\parboiled-core\bundles\parboiled-core-1.1.5.jar, C:\Users\Admin\.ivy2\cache\org.ow2.asm\asm\jars\asm-4.1.jar, C:\Users\Admin\.ivy2\cache\org.ow2.asm\asm-tree\jars\asm-tree-4.1.jar, C:\Users\Admin\.ivy2\cache\org.ow2.asm\asm-analysis\jars\asm-analysis-4.1.jar, C:\Users\Admin\.ivy2\cache\org.ow2.asm\asm-util\jars\asm-util-4.1.jar, C:\Users\Admin\.ivy2\cache\commons-io\commons-io\jars\commons-io-2.4.jar),List(),9000,DefaultWatchService,List(C:\Users\Admin\Desktop\Users-master\Users-master\app-2.11, C:\Users\Admin\Desktop\Users-master\Users-master\app, C:\Users\Admin\Desktop\Users-master\Users-master\conf, C:\Users\Admin\Desktop\Users-master\Users-master\app\assets, C:\Users\Admin\Desktop\Users-master\Users-master\public),C:\Users\Admin\Desktop\Users-master\Users-master\target,500,root/playForkNotifyStart,root/playForkReload,300000))))
Sending msg to client play-fork-run-c2d03529-cdb0-4102-a87c-6d90977a7f0c: TaskStarted(22,1704,None)
Sending msg to client play-fork-run-c2d03529-cdb0-4102-a87c-6d90977a7f0c: TaskFinished(22,1704,None,true,None)
Sending msg to client play-fork-run-c2d03529-cdb0-4102-a87c-6d90977a7f0c: TaskStarted(22,1703,None)
Sending msg to client play-fork-run-c2d03529-cdb0-4102-a87c-6d90977a7f0c: TaskFinished(22,1703,None,true,None)
Sending msg to client play-fork-run-c2d03529-cdb0-4102-a87c-6d90977a7f0c: DetachedLogEvent(LogMessage(debug,cancel strategy finish enabled=false lastCommand=Some(LastCommand(CommandExecutionWork(ExecutionId(22),{file:/C:/Users/Admin/Desktop/Users-master/Users-master/}root/*:playForkConfig,Set(LiveClient(play-fork-run c2d03529-cdb0-4102-a87c-6d90977a7f0c)),sbt.server.WorkCancellationStatus$$anon$1@72a37e50)))))
Sending msg to client play-fork-run-c2d03529-cdb0-4102-a87c-6d90977a7f0c: DetachedLogEvent(LogSuccess(Total time: 0 s, completed 01-may-2015 1:43:40))
Sending msg to client play-fork-run-c2d03529-cdb0-4102-a87c-6d90977a7f0c: DetachedLogEvent(LogMessage(debug,> server-post-command-cleanup))
Sending msg to client play-fork-run-c2d03529-cdb0-4102-a87c-6d90977a7f0c: ExecutionSuccess(22)
Sending msg to client play-fork-run-c2d03529-cdb0-4102-a87c-6d90977a7f0c: DetachedLogEvent(LogMessage(debug,> server-handle-next-server-request))
Sending msg to client play-fork-run-c2d03529-cdb0-4102-a87c-6d90977a7f0c: BackgroundJobLogEvent(4,LogMessage(info,))
Sending msg to client play-fork-run-c2d03529-cdb0-4102-a87c-6d90977a7f0c: BackgroundJobLogEvent(4,LogMessage(info,--- (Running the application, auto-reloading is enabled) ---))
Sending msg to client play-fork-run-c2d03529-cdb0-4102-a87c-6d90977a7f0c: BackgroundJobLogEvent(4,LogMessage(info,))
Sending msg to client play-fork-run-c2d03529-cdb0-4102-a87c-6d90977a7f0c: BackgroundJobLogEvent(4,LogMessage(error,Play fork run has failed due to:))
Sending msg to client play-fork-run-c2d03529-cdb0-4102-a87c-6d90977a7f0c: BackgroundJobLogEvent(4,LogMessage(error,java.lang.reflect.InvocationTargetException))
Sending msg to client play-fork-run-c2d03529-cdb0-4102-a87c-6d90977a7f0c: BackgroundJobLogEvent(4,LogMessage(error,	at sun.reflect.NativeMethodAccessorImpl.invoke0(Native Method)))
Sending msg to client play-fork-run-c2d03529-cdb0-4102-a87c-6d90977a7f0c: BackgroundJobLogEvent(4,LogMessage(error,	at sun.reflect.NativeMethodAccessorImpl.invoke(Unknown Source)))
Sending msg to client play-fork-run-c2d03529-cdb0-4102-a87c-6d90977a7f0c: BackgroundJobLogEvent(4,LogMessage(error,	at sun.reflect.DelegatingMethodAccessorImpl.invoke(Unknown Source)))
Sending msg to client play-fork-run-c2d03529-cdb0-4102-a87c-6d90977a7f0c: BackgroundJobLogEvent(4,LogMessage(error,	at java.lang.reflect.Method.invoke(Unknown Source)))
Sending msg to client play-fork-run-c2d03529-cdb0-4102-a87c-6d90977a7f0c: BackgroundJobLogEvent(4,LogMessage(error,	at play.runsupport.Reloader$.startDevMode(Reloader.scala:197)))
Sending msg to client play-fork-run-c2d03529-cdb0-4102-a87c-6d90977a7f0c: BackgroundJobLogEvent(4,LogMessage(error,	at play.forkrun.ForkRun$.startServer(ForkRun.scala:82)))
Sending msg to client play-fork-run-c2d03529-cdb0-4102-a87c-6d90977a7f0c: BackgroundJobLogEvent(4,LogMessage(error,	at play.forkrun.ForkRun.run(ForkRun.scala:173)))
Sending msg to client play-fork-run-c2d03529-cdb0-4102-a87c-6d90977a7f0c: BackgroundJobLogEvent(4,LogMessage(error,	at play.forkrun.ForkRun$$anonfun$settingUp$1.applyOrElse(ForkRun.scala:162)))
Sending msg to client play-fork-run-c2d03529-cdb0-4102-a87c-6d90977a7f0c: BackgroundJobLogEvent(4,LogMessage(error,	at akka.actor.Actor$class.aroundReceive(Actor.scala:465)))
Sending msg to client play-fork-run-c2d03529-cdb0-4102-a87c-6d90977a7f0c: BackgroundJobLogEvent(4,LogMessage(error,	at play.forkrun.ForkRun.aroundReceive(ForkRun.scala:148)))
Sending msg to client play-fork-run-c2d03529-cdb0-4102-a87c-6d90977a7f0c: BackgroundJobLogEvent(4,LogMessage(error,	at akka.actor.ActorCell.receiveMessage(ActorCell.scala:516)))
Sending msg to client play-fork-run-c2d03529-cdb0-4102-a87c-6d90977a7f0c: BackgroundJobLogEvent(4,LogMessage(error,	at akka.actor.ActorCell.invoke(ActorCell.scala:487)))
Sending msg to client play-fork-run-c2d03529-cdb0-4102-a87c-6d90977a7f0c: BackgroundJobLogEvent(4,LogMessage(error,	at akka.dispatch.Mailbox.processMailbox(Mailbox.scala:254)))
Sending msg to client play-fork-run-c2d03529-cdb0-4102-a87c-6d90977a7f0c: BackgroundJobLogEvent(4,LogMessage(error,	at akka.dispatch.Mailbox.run(Mailbox.scala:221)))
Sending msg to client play-fork-run-c2d03529-cdb0-4102-a87c-6d90977a7f0c: BackgroundJobLogEvent(4,LogMessage(error,	at akka.dispatch.Mailbox.exec(Mailbox.scala:231)))
Sending msg to client play-fork-run-c2d03529-cdb0-4102-a87c-6d90977a7f0c: BackgroundJobLogEvent(4,LogMessage(error,	at scala.concurrent.forkjoin.ForkJoinTask.doExec(ForkJoinTask.java:260)))
Sending msg to client play-fork-run-c2d03529-cdb0-4102-a87c-6d90977a7f0c: BackgroundJobLogEvent(4,LogMessage(error,	at scala.concurrent.forkjoin.ForkJoinPool$WorkQueue.pollAndExecAll(ForkJoinPool.java:1253)))
Sending msg to client play-fork-run-c2d03529-cdb0-4102-a87c-6d90977a7f0c: BackgroundJobLogEvent(4,LogMessage(error,	at scala.concurrent.forkjoin.ForkJoinPool$WorkQueue.runTask(ForkJoinPool.java:1346)))
Sending msg to client play-fork-run-c2d03529-cdb0-4102-a87c-6d90977a7f0c: BackgroundJobLogEvent(4,LogMessage(error,	at scala.concurrent.forkjoin.ForkJoinPool.runWorker(ForkJoinPool.java:1979)))
Sending msg to client play-fork-run-c2d03529-cdb0-4102-a87c-6d90977a7f0c: BackgroundJobLogEvent(4,LogMessage(error,	at scala.concurrent.forkjoin.ForkJoinWorkerThread.run(ForkJoinWorkerThread.java:107)))
Sending msg to client play-fork-run-c2d03529-cdb0-4102-a87c-6d90977a7f0c: BackgroundJobLogEvent(4,LogMessage(error,Caused by: org.jboss.netty.channel.ChannelException: Failed to bind to: /0.0.0.0:9000))
Sending msg to client play-fork-run-c2d03529-cdb0-4102-a87c-6d90977a7f0c: BackgroundJobLogEvent(4,LogMessage(error,	at org.jboss.netty.bootstrap.ServerBootstrap.bind(ServerBootstrap.java:272)))
Sending msg to client play-fork-run-c2d03529-cdb0-4102-a87c-6d90977a7f0c: BackgroundJobLogEvent(4,LogMessage(error,	at play.core.server.NettyServer$$anonfun$8.apply(NettyServer.scala:138)))
Got request: UnlistenToEvents()
Reading next message from client.
Sending msg to client play-fork-run-c2d03529-cdb0-4102-a87c-6d90977a7f0c: BackgroundJobLogEvent(4,LogMessage(error,	at play.core.server.NettyServer$$anonfun$8.apply(NettyServer.scala:135)))
Sending msg to client play-fork-run-c2d03529-cdb0-4102-a87c-6d90977a7f0c: BackgroundJobLogEvent(4,LogMessage(error,	at scala.Option.map(Option.scala:145)))
Sending msg to client play-fork-run-c2d03529-cdb0-4102-a87c-6d90977a7f0c: BackgroundJobLogEvent(4,LogMessage(error,	at play.core.server.NettyServer.<init>(NettyServer.scala:135)))
Sending msg to client play-fork-run-c2d03529-cdb0-4102-a87c-6d90977a7f0c: BackgroundJobLogEvent(4,LogMessage(error,	at play.core.server.NettyServer$$anonfun$mainDev$1.apply(NettyServer.scala:320)))
Got request: UnlistenToValue(AttributeKey[play.forkrun.protocol.ForkConfig]("playForkConfig") in Scope(Build: file:/C:/Users/Admin/Desktop/Users-master/Users-master/, , Project: ProjectReference(file:/C:/Users/Admin/Desktop/Users-master/Users-master/,root)))
Reading next message from client.
Client play-fork-run-c2d03529-cdb0-4102-a87c-6d90977a7f0c EOF, shutting down.
Stopping client.
Client play-fork-run-c2d03529-cdb0-4102-a87c-6d90977a7f0c thread exiting.
Dropping message BackgroundJobLogEvent(4,LogMessage(error,	at play.core.server.NettyServer$$anonfun$mainDev$1.apply(NettyServer.scala:318))) to dead client play-fork-run-c2d03529-cdb0-4102-a87c-6d90977a7f0c
Dropping message BackgroundJobLogEvent(4,LogMessage(error,	at play.utils.Threads$.withContextClassLoader(Threads.scala:21))) to dead client play-fork-run-c2d03529-cdb0-4102-a87c-6d90977a7f0c
Dropping message BackgroundJobLogEvent(4,LogMessage(error,	at play.core.server.NettyServer$.mainDev(NettyServer.scala:317))) to dead client play-fork-run-c2d03529-cdb0-4102-a87c-6d90977a7f0c
Dropping message BackgroundJobLogEvent(4,LogMessage(error,	at play.core.server.NettyServer$.mainDevHttpMode(NettyServer.scala:313))) to dead client play-fork-run-c2d03529-cdb0-4102-a87c-6d90977a7f0c
Dropping message BackgroundJobLogEvent(4,LogMessage(error,	at play.core.server.NettyServer.mainDevHttpMode(NettyServer.scala))) to dead client play-fork-run-c2d03529-cdb0-4102-a87c-6d90977a7f0c
Dropping message BackgroundJobLogEvent(4,LogMessage(error,	... 20 more)) to dead client play-fork-run-c2d03529-cdb0-4102-a87c-6d90977a7f0c
Dropping message BackgroundJobLogEvent(4,LogMessage(error,Caused by: java.net.BindException: Address already in use: bind)) to dead client play-fork-run-c2d03529-cdb0-4102-a87c-6d90977a7f0c
Dropping message BackgroundJobLogEvent(4,LogMessage(error,	at sun.nio.ch.Net.bind0(Native Method))) to dead client play-fork-run-c2d03529-cdb0-4102-a87c-6d90977a7f0c
Dropping message BackgroundJobLogEvent(4,LogMessage(error,	at sun.nio.ch.Net.bind(Unknown Source))) to dead client play-fork-run-c2d03529-cdb0-4102-a87c-6d90977a7f0c
Dropping message BackgroundJobLogEvent(4,LogMessage(error,	at sun.nio.ch.Net.bind(Unknown Source))) to dead client play-fork-run-c2d03529-cdb0-4102-a87c-6d90977a7f0c
Dropping message BackgroundJobLogEvent(4,LogMessage(error,	at sun.nio.ch.ServerSocketChannelImpl.bind(Unknown Source))) to dead client play-fork-run-c2d03529-cdb0-4102-a87c-6d90977a7f0c
Dropping message BackgroundJobLogEvent(4,LogMessage(error,	at sun.nio.ch.ServerSocketAdaptor.bind(Unknown Source))) to dead client play-fork-run-c2d03529-cdb0-4102-a87c-6d90977a7f0c
Dropping message BackgroundJobLogEvent(4,LogMessage(error,	at org.jboss.netty.channel.socket.nio.NioServerBoss$RegisterTask.run(NioServerBoss.java:193))) to dead client play-fork-run-c2d03529-cdb0-4102-a87c-6d90977a7f0c
Dropping message BackgroundJobLogEvent(4,LogMessage(error,	at org.jboss.netty.channel.socket.nio.AbstractNioSelector.processTaskQueue(AbstractNioSelector.java:372))) to dead client play-fork-run-c2d03529-cdb0-4102-a87c-6d90977a7f0c
Dropping message BackgroundJobLogEvent(4,LogMessage(error,	at org.jboss.netty.channel.socket.nio.AbstractNioSelector.run(AbstractNioSelector.java:296))) to dead client play-fork-run-c2d03529-cdb0-4102-a87c-6d90977a7f0c
Dropping message BackgroundJobLogEvent(4,LogMessage(error,	at org.jboss.netty.channel.socket.nio.NioServerBoss.run(NioServerBoss.java:42))) to dead client play-fork-run-c2d03529-cdb0-4102-a87c-6d90977a7f0c
Dropping message BackgroundJobLogEvent(4,LogMessage(error,	at org.jboss.netty.util.ThreadRenamingRunnable.run(ThreadRenamingRunnable.java:108))) to dead client play-fork-run-c2d03529-cdb0-4102-a87c-6d90977a7f0c
Dropping message BackgroundJobLogEvent(4,LogMessage(error,	at org.jboss.netty.util.internal.DeadLockProofWorker$1.run(DeadLockProofWorker.java:42))) to dead client play-fork-run-c2d03529-cdb0-4102-a87c-6d90977a7f0c
Dropping message BackgroundJobLogEvent(4,LogMessage(error,	at java.util.concurrent.ThreadPoolExecutor.runWorker(Unknown Source))) to dead client play-fork-run-c2d03529-cdb0-4102-a87c-6d90977a7f0c
Dropping message BackgroundJobLogEvent(4,LogMessage(error,	at java.util.concurrent.ThreadPoolExecutor$Worker.run(Unknown Source))) to dead client play-fork-run-c2d03529-cdb0-4102-a87c-6d90977a7f0c
Dropping message BackgroundJobLogEvent(4,LogMessage(error,	at java.lang.Thread.run(Unknown Source))) to dead client play-fork-run-c2d03529-cdb0-4102-a87c-6d90977a7f0c
Dropping message (8,ReceivedResponse()) to dead client play-fork-run-c2d03529-cdb0-4102-a87c-6d90977a7f0c
Dropping message (9,ReceivedResponse()) to dead client play-fork-run-c2d03529-cdb0-4102-a87c-6d90977a7f0c
Dropping message (0,ReceivedResponse()) to dead client play-fork-run-c2d03529-cdb0-4102-a87c-6d90977a7f0c
