New log file opened at Fri May 01 21:59:35 CEST 2015 by 9020@PC-David
Sending msg to client play-fork-run-97664bba-60d0-4f86-acab-131ef5ba8eb3: DetachedLogEvent(LogMessage(debug,sbt server socket logs are in: C:\Users\David\Documents\(UNIVERSIDAD)\ASW\Trivial_i2a\gW\Users-master\.sbtserver\connections\master.log))
Sending msg to client play-fork-run-97664bba-60d0-4f86-acab-131ef5ba8eb3: DetachedLogEvent(LogMessage(debug,sbt client logs are in: C:\Users\David\Documents\(UNIVERSIDAD)\ASW\Trivial_i2a\gW\Users-master\.sbtserver\connections\play-fork-run-97664bba-60d0-4f86-acab-131ef5ba8eb3.log))
Sending msg to client play-fork-run-97664bba-60d0-4f86-acab-131ef5ba8eb3: DetachedLogEvent(LogMessage(debug,sbt general server logs are in: C:\Users\David\Documents\(UNIVERSIDAD)\ASW\Trivial_i2a\gW\Users-master\.sbtserver\master.log))
Reading next message from client.
Got request: ListenToEvents()
Reading next message from client.
Sending msg to client play-fork-run-97664bba-60d0-4f86-acab-131ef5ba8eb3: (3,ReceivedResponse())
Sending msg to client play-fork-run-97664bba-60d0-4f86-acab-131ef5ba8eb3: ExecutionWaiting(7,{file:/C:/Users/David/Documents/(UNIVERSIDAD)/ASW/Trivial_i2a/gW/Users-master/}root/compile:mainClass,ClientInfo(8dc7717c-5a1f-416e-af40-60ec0e020e63,activator,Activator,1,Vector()))
Sending msg to client play-fork-run-97664bba-60d0-4f86-acab-131ef5ba8eb3: ExecutionStarting(7)
Sending msg to client play-fork-run-97664bba-60d0-4f86-acab-131ef5ba8eb3: DetachedLogEvent(LogMessage(debug,> {file:/C:/Users/David/Documents/(UNIVERSIDAD)/ASW/Trivial_i2a/gW/Users-master/}root/compile:mainClass))
Sending msg to client play-fork-run-97664bba-60d0-4f86-acab-131ef5ba8eb3: DetachedLogEvent(LogMessage(debug,Evaluating tasks: compile:mainClass))
Sending msg to client play-fork-run-97664bba-60d0-4f86-acab-131ef5ba8eb3: DetachedLogEvent(LogMessage(debug,Running task... Cancel: sbt.server.ServerTaskCancellation@5049bb, check cycles: false))
Sending msg to client play-fork-run-97664bba-60d0-4f86-acab-131ef5ba8eb3: DetachedLogEvent(LogMessage(debug,cancel strategy start enabled=true lastCommand=Some(LastCommand(CommandExecutionWork(ExecutionId(7),{file:/C:/Users/David/Documents/(UNIVERSIDAD)/ASW/Trivial_i2a/gW/Users-master/}root/compile:mainClass,Set(LiveClient(activator 8dc7717c-5a1f-416e-af40-60ec0e020e63)),sbt.server.WorkCancellationStatus$$anon$1@15968b8)))))
Sending msg to client play-fork-run-97664bba-60d0-4f86-acab-131ef5ba8eb3: TaskStarted(7,481,Some(AttributeKey[scala.Option[java.lang.String]]("mainClass") in Scope(Build: file:/C:/Users/David/Documents/(UNIVERSIDAD)/ASW/Trivial_i2a/gW/Users-master/, , Project: ProjectReference(file:/C:/Users/David/Documents/(UNIVERSIDAD)/ASW/Trivial_i2a/gW/Users-master/,root), Config: compile)))
Sending msg to client play-fork-run-97664bba-60d0-4f86-acab-131ef5ba8eb3: ExecutionWaiting(8,{file:/C:/Users/David/Documents/(UNIVERSIDAD)/ASW/Trivial_i2a/gW/Users-master/}root/compile:discoveredMainClasses,ClientInfo(8dc7717c-5a1f-416e-af40-60ec0e020e63,activator,Activator,1,Vector()))
Sending msg to client play-fork-run-97664bba-60d0-4f86-acab-131ef5ba8eb3: TaskFinished(7,481,Some(AttributeKey[scala.Option[java.lang.String]]("mainClass") in Scope(Build: file:/C:/Users/David/Documents/(UNIVERSIDAD)/ASW/Trivial_i2a/gW/Users-master/, , Project: ProjectReference(file:/C:/Users/David/Documents/(UNIVERSIDAD)/ASW/Trivial_i2a/gW/Users-master/,root), Config: compile)),true,None)
Sending msg to client play-fork-run-97664bba-60d0-4f86-acab-131ef5ba8eb3: TaskStarted(7,480,None)
Sending msg to client play-fork-run-97664bba-60d0-4f86-acab-131ef5ba8eb3: TaskFinished(7,480,None,true,None)
Sending msg to client play-fork-run-97664bba-60d0-4f86-acab-131ef5ba8eb3: TaskStarted(7,479,None)
Sending msg to client play-fork-run-97664bba-60d0-4f86-acab-131ef5ba8eb3: TaskFinished(7,479,None,true,None)
Sending msg to client play-fork-run-97664bba-60d0-4f86-acab-131ef5ba8eb3: DetachedLogEvent(LogMessage(debug,cancel strategy finish enabled=false lastCommand=Some(LastCommand(CommandExecutionWork(ExecutionId(7),{file:/C:/Users/David/Documents/(UNIVERSIDAD)/ASW/Trivial_i2a/gW/Users-master/}root/compile:mainClass,Set(LiveClient(activator 8dc7717c-5a1f-416e-af40-60ec0e020e63)),sbt.server.WorkCancellationStatus$$anon$1@15968b8)))))
Sending msg to client play-fork-run-97664bba-60d0-4f86-acab-131ef5ba8eb3: DetachedLogEvent(LogSuccess(Total time: 0 s, completed 01-may-2015 23:44:10))
Sending msg to client play-fork-run-97664bba-60d0-4f86-acab-131ef5ba8eb3: DetachedLogEvent(LogMessage(debug,> server-post-command-cleanup))
Sending msg to client play-fork-run-97664bba-60d0-4f86-acab-131ef5ba8eb3: ExecutionSuccess(7)
Sending msg to client play-fork-run-97664bba-60d0-4f86-acab-131ef5ba8eb3: DetachedLogEvent(LogMessage(debug,> server-handle-next-server-request))
Sending msg to client play-fork-run-97664bba-60d0-4f86-acab-131ef5ba8eb3: ExecutionStarting(8)
Sending msg to client play-fork-run-97664bba-60d0-4f86-acab-131ef5ba8eb3: DetachedLogEvent(LogMessage(debug,> {file:/C:/Users/David/Documents/(UNIVERSIDAD)/ASW/Trivial_i2a/gW/Users-master/}root/compile:discoveredMainClasses))
Sending msg to client play-fork-run-97664bba-60d0-4f86-acab-131ef5ba8eb3: DetachedLogEvent(LogMessage(debug,Evaluating tasks: compile:discoveredMainClasses))
Sending msg to client play-fork-run-97664bba-60d0-4f86-acab-131ef5ba8eb3: DetachedLogEvent(LogMessage(debug,Running task... Cancel: sbt.server.ServerTaskCancellation@852d54, check cycles: false))
Sending msg to client play-fork-run-97664bba-60d0-4f86-acab-131ef5ba8eb3: DetachedLogEvent(LogMessage(debug,cancel strategy start enabled=true lastCommand=Some(LastCommand(CommandExecutionWork(ExecutionId(8),{file:/C:/Users/David/Documents/(UNIVERSIDAD)/ASW/Trivial_i2a/gW/Users-master/}root/compile:discoveredMainClasses,Set(LiveClient(activator 8dc7717c-5a1f-416e-af40-60ec0e020e63)),sbt.server.WorkCancellationStatus$$anon$1@156e230)))))
Sending msg to client play-fork-run-97664bba-60d0-4f86-acab-131ef5ba8eb3: TaskStarted(8,489,Some(AttributeKey[scala.collection.Seq[java.lang.String]]("scalacOptions") in Scope(Global)))
Sending msg to client play-fork-run-97664bba-60d0-4f86-acab-131ef5ba8eb3: TaskStarted(8,490,None)
Sending msg to client play-fork-run-97664bba-60d0-4f86-acab-131ef5ba8eb3: TaskStarted(8,493,None)
Sending msg to client play-fork-run-97664bba-60d0-4f86-acab-131ef5ba8eb3: TaskStarted(8,496,None)
Sending msg to client play-fork-run-97664bba-60d0-4f86-acab-131ef5ba8eb3: TaskStarted(8,497,None)
Sending msg to client play-fork-run-97664bba-60d0-4f86-acab-131ef5ba8eb3: TaskStarted(8,501,Some(AttributeKey[scala.collection.Seq[sbt.Credentials]]("credentials") in Scope(Global)))
Sending msg to client play-fork-run-97664bba-60d0-4f86-acab-131ef5ba8eb3: TaskStarted(8,510,Some(AttributeKey[scala.Option[scala.collection.Seq[sbt.Resolver]]]("bootResolvers") in Scope(Build: file:/C:/Users/David/Documents/(UNIVERSIDAD)/ASW/Trivial_i2a/gW/Users-master/, , Project: ProjectReference(file:/C:/Users/David/Documents/(UNIVERSIDAD)/ASW/Trivial_i2a/gW/Users-master/,root))))
Sending msg to client play-fork-run-97664bba-60d0-4f86-acab-131ef5ba8eb3: TaskStarted(8,511,Some(AttributeKey[scala.collection.Seq[sbt.Resolver]]("externalResolvers") in Scope(Build: file:/C:/Users/David/Documents/(UNIVERSIDAD)/ASW/Trivial_i2a/gW/Users-master/, , Project: ProjectReference(file:/C:/Users/David/Documents/(UNIVERSIDAD)/ASW/Trivial_i2a/gW/Users-master/,root))))
Sending msg to client play-fork-run-97664bba-60d0-4f86-acab-131ef5ba8eb3: TaskStarted(8,516,None)
Sending msg to client play-fork-run-97664bba-60d0-4f86-acab-131ef5ba8eb3: TaskStarted(8,517,None)
Sending msg to client play-fork-run-97664bba-60d0-4f86-acab-131ef5ba8eb3: TaskStarted(8,518,Some(AttributeKey[boolean]("skip") in Scope(Global)))
Sending msg to client play-fork-run-97664bba-60d0-4f86-acab-131ef5ba8eb3: TaskStarted(8,519,Some(AttributeKey[java.lang.String]("updateCacheName") in Scope(Build: file:/C:/Users/David/Documents/(UNIVERSIDAD)/ASW/Trivial_i2a/gW/Users-master/, , Project: ProjectReference(file:/C:/Users/David/Documents/(UNIVERSIDAD)/ASW/Trivial_i2a/gW/Users-master/,root))))
Sending msg to client play-fork-run-97664bba-60d0-4f86-acab-131ef5ba8eb3: TaskStarted(8,524,None)
Sending msg to client play-fork-run-97664bba-60d0-4f86-acab-131ef5ba8eb3: TaskStarted(8,528,Some(AttributeKey[scala.collection.Seq[java.io.File]]("unmanagedSources") in Scope(Build: file:/C:/Users/David/Documents/(UNIVERSIDAD)/ASW/Trivial_i2a/gW/Users-master/, , Project: ProjectReference(file:/C:/Users/David/Documents/(UNIVERSIDAD)/ASW/Trivial_i2a/gW/Users-master/,root), Config: compile)))
Sending msg to client play-fork-run-97664bba-60d0-4f86-acab-131ef5ba8eb3: TaskStarted(8,539,Some(AttributeKey[sbt.inc.IncOptions]("incOptions") in Scope(Global)))
Sending msg to client play-fork-run-97664bba-60d0-4f86-acab-131ef5ba8eb3: TaskStarted(8,552,None)
Sending msg to client play-fork-run-97664bba-60d0-4f86-acab-131ef5ba8eb3: TaskStarted(8,558,Some(AttributeKey[java.lang.String]("compileAnalysisFilename") in Scope(Build: file:/C:/Users/David/Documents/(UNIVERSIDAD)/ASW/Trivial_i2a/gW/Users-master/, , Project: ProjectReference(file:/C:/Users/David/Documents/(UNIVERSIDAD)/ASW/Trivial_i2a/gW/Users-master/,root), Config: compile)))
Sending msg to client play-fork-run-97664bba-60d0-4f86-acab-131ef5ba8eb3: TaskStarted(8,559,Some(AttributeKey[scala.Function1[java.io.File,scala.Function1[java.lang.String,boolean]]]("definesClass") in Scope(Global)))
Sending msg to client play-fork-run-97664bba-60d0-4f86-acab-131ef5ba8eb3: TaskStarted(8,561,None)
Sending msg to client play-fork-run-97664bba-60d0-4f86-acab-131ef5ba8eb3: TaskStarted(8,563,Some(AttributeKey[scala.collection.Seq[scala.Function1[xsbti.Position,scala.Option[xsbti.Position]]]]("sourcePositionMappers") in Scope(Global)))
Sending msg to client play-fork-run-97664bba-60d0-4f86-acab-131ef5ba8eb3: TaskStarted(8,567,None)
Sending msg to client play-fork-run-97664bba-60d0-4f86-acab-131ef5ba8eb3: TaskStarted(8,570,None)
Sending msg to client play-fork-run-97664bba-60d0-4f86-acab-131ef5ba8eb3: TaskStarted(8,571,Some(AttributeKey[scala.collection.Seq[java.lang.String]]("javacOptions") in Scope(Global)))
Sending msg to client play-fork-run-97664bba-60d0-4f86-acab-131ef5ba8eb3: TaskStarted(8,578,Some(AttributeKey[sbt.SendEventService]("sendEventService") in Scope(Global)))
Sending msg to client play-fork-run-97664bba-60d0-4f86-acab-131ef5ba8eb3: TaskFinished(8,489,Some(AttributeKey[scala.collection.Seq[java.lang.String]]("scalacOptions") in Scope(Global)),true,None)
Sending msg to client play-fork-run-97664bba-60d0-4f86-acab-131ef5ba8eb3: TaskFinished(8,490,None,true,None)
Sending msg to client play-fork-run-97664bba-60d0-4f86-acab-131ef5ba8eb3: TaskStarted(8,488,Some(AttributeKey[scala.collection.Seq[java.lang.String]]("scalacOptions") in Scope(Build: file:/C:/Users/David/Documents/(UNIVERSIDAD)/ASW/Trivial_i2a/gW/Users-master/, , Project: ProjectReference(file:/C:/Users/David/Documents/(UNIVERSIDAD)/ASW/Trivial_i2a/gW/Users-master/,root))))
Sending msg to client play-fork-run-97664bba-60d0-4f86-acab-131ef5ba8eb3: TaskFinished(8,493,None,true,None)
Sending msg to client play-fork-run-97664bba-60d0-4f86-acab-131ef5ba8eb3: TaskStarted(8,492,None)
Sending msg to client play-fork-run-97664bba-60d0-4f86-acab-131ef5ba8eb3: TaskStarted(8,500,None)
Sending msg to client play-fork-run-97664bba-60d0-4f86-acab-131ef5ba8eb3: TaskStarted(8,503,None)
Sending msg to client play-fork-run-97664bba-60d0-4f86-acab-131ef5ba8eb3: TaskStarted(8,507,None)
Sending msg to client play-fork-run-97664bba-60d0-4f86-acab-131ef5ba8eb3: TaskStarted(8,522,None)
Sending msg to client play-fork-run-97664bba-60d0-4f86-acab-131ef5ba8eb3: TaskStarted(8,533,None)
Sending msg to client play-fork-run-97664bba-60d0-4f86-acab-131ef5ba8eb3: TaskStarted(8,537,None)
Sending msg to client play-fork-run-97664bba-60d0-4f86-acab-131ef5ba8eb3: TaskStarted(8,543,None)
Sending msg to client play-fork-run-97664bba-60d0-4f86-acab-131ef5ba8eb3: TaskStarted(8,547,None)
Sending msg to client play-fork-run-97664bba-60d0-4f86-acab-131ef5ba8eb3: TaskStarted(8,549,None)
Sending msg to client play-fork-run-97664bba-60d0-4f86-acab-131ef5ba8eb3: TaskStarted(8,554,None)
Sending msg to client play-fork-run-97664bba-60d0-4f86-acab-131ef5ba8eb3: TaskStarted(8,556,None)
Sending msg to client play-fork-run-97664bba-60d0-4f86-acab-131ef5ba8eb3: TaskStarted(8,568,None)
Sending msg to client play-fork-run-97664bba-60d0-4f86-acab-131ef5ba8eb3: TaskStarted(8,572,None)
Sending msg to client play-fork-run-97664bba-60d0-4f86-acab-131ef5ba8eb3: TaskStarted(8,577,None)
Sending msg to client play-fork-run-97664bba-60d0-4f86-acab-131ef5ba8eb3: TaskStarted(8,579,None)
Sending msg to client play-fork-run-97664bba-60d0-4f86-acab-131ef5ba8eb3: TaskFinished(8,496,None,true,None)
Sending msg to client play-fork-run-97664bba-60d0-4f86-acab-131ef5ba8eb3: TaskStarted(8,495,Some(AttributeKey[java.io.File]("dependencyCacheDirectory") in Scope(Build: file:/C:/Users/David/Documents/(UNIVERSIDAD)/ASW/Trivial_i2a/gW/Users-master/, , Project: ProjectReference(file:/C:/Users/David/Documents/(UNIVERSIDAD)/ASW/Trivial_i2a/gW/Users-master/,root))))
Sending msg to client play-fork-run-97664bba-60d0-4f86-acab-131ef5ba8eb3: TaskStarted(8,509,Some(AttributeKey[sbt.BuildStructure]("buildStructure") in Scope(Global)))
Sending msg to client play-fork-run-97664bba-60d0-4f86-acab-131ef5ba8eb3: TaskStarted(8,535,None)
Sending msg to client play-fork-run-97664bba-60d0-4f86-acab-131ef5ba8eb3: TaskStarted(8,557,Some(AttributeKey[xsbti.compile.GlobalsCache]("compilerCache") in Scope(Global)))
Sending msg to client play-fork-run-97664bba-60d0-4f86-acab-131ef5ba8eb3: TaskFinished(8,497,None,true,None)
Sending msg to client play-fork-run-97664bba-60d0-4f86-acab-131ef5ba8eb3: TaskFinished(8,501,Some(AttributeKey[scala.collection.Seq[sbt.Credentials]]("credentials") in Scope(Global)),true,None)
Sending msg to client play-fork-run-97664bba-60d0-4f86-acab-131ef5ba8eb3: TaskFinished(8,510,Some(AttributeKey[scala.Option[scala.collection.Seq[sbt.Resolver]]]("bootResolvers") in Scope(Build: file:/C:/Users/David/Documents/(UNIVERSIDAD)/ASW/Trivial_i2a/gW/Users-master/, , Project: ProjectReference(file:/C:/Users/David/Documents/(UNIVERSIDAD)/ASW/Trivial_i2a/gW/Users-master/,root))),true,None)
Sending msg to client play-fork-run-97664bba-60d0-4f86-acab-131ef5ba8eb3: TaskFinished(8,516,None,true,None)
Sending msg to client play-fork-run-97664bba-60d0-4f86-acab-131ef5ba8eb3: TaskFinished(8,518,Some(AttributeKey[boolean]("skip") in Scope(Global)),true,None)
Sending msg to client play-fork-run-97664bba-60d0-4f86-acab-131ef5ba8eb3: TaskFinished(8,519,Some(AttributeKey[java.lang.String]("updateCacheName") in Scope(Build: file:/C:/Users/David/Documents/(UNIVERSIDAD)/ASW/Trivial_i2a/gW/Users-master/, , Project: ProjectReference(file:/C:/Users/David/Documents/(UNIVERSIDAD)/ASW/Trivial_i2a/gW/Users-master/,root))),true,None)
Sending msg to client play-fork-run-97664bba-60d0-4f86-acab-131ef5ba8eb3: TaskFinished(8,511,Some(AttributeKey[scala.collection.Seq[sbt.Resolver]]("externalResolvers") in Scope(Build: file:/C:/Users/David/Documents/(UNIVERSIDAD)/ASW/Trivial_i2a/gW/Users-master/, , Project: ProjectReference(file:/C:/Users/David/Documents/(UNIVERSIDAD)/ASW/Trivial_i2a/gW/Users-master/,root))),true,None)
Sending msg to client play-fork-run-97664bba-60d0-4f86-acab-131ef5ba8eb3: TaskFinished(8,517,None,true,None)
Sending msg to client play-fork-run-97664bba-60d0-4f86-acab-131ef5ba8eb3: TaskStarted(8,515,Some(AttributeKey[scala.collection.Seq[sbt.UpdateReport]]("transitiveUpdate") in Scope(Build: file:/C:/Users/David/Documents/(UNIVERSIDAD)/ASW/Trivial_i2a/gW/Users-master/, , Project: ProjectReference(file:/C:/Users/David/Documents/(UNIVERSIDAD)/ASW/Trivial_i2a/gW/Users-master/,root))))
Sending msg to client play-fork-run-97664bba-60d0-4f86-acab-131ef5ba8eb3: TaskFinished(8,552,None,true,None)
Sending msg to client play-fork-run-97664bba-60d0-4f86-acab-131ef5ba8eb3: TaskFinished(8,558,Some(AttributeKey[java.lang.String]("compileAnalysisFilename") in Scope(Build: file:/C:/Users/David/Documents/(UNIVERSIDAD)/ASW/Trivial_i2a/gW/Users-master/, , Project: ProjectReference(file:/C:/Users/David/Documents/(UNIVERSIDAD)/ASW/Trivial_i2a/gW/Users-master/,root), Config: compile)),true,None)
Sending msg to client play-fork-run-97664bba-60d0-4f86-acab-131ef5ba8eb3: TaskFinished(8,559,Some(AttributeKey[scala.Function1[java.io.File,scala.Function1[java.lang.String,boolean]]]("definesClass") in Scope(Global)),true,None)
Sending msg to client play-fork-run-97664bba-60d0-4f86-acab-131ef5ba8eb3: TaskFinished(8,561,None,true,None)
Sending msg to client play-fork-run-97664bba-60d0-4f86-acab-131ef5ba8eb3: TaskFinished(8,524,None,true,None)
Sending msg to client play-fork-run-97664bba-60d0-4f86-acab-131ef5ba8eb3: TaskFinished(8,563,Some(AttributeKey[scala.collection.Seq[scala.Function1[xsbti.Position,scala.Option[xsbti.Position]]]]("sourcePositionMappers") in Scope(Global)),true,None)
Sending msg to client play-fork-run-97664bba-60d0-4f86-acab-131ef5ba8eb3: TaskFinished(8,528,Some(AttributeKey[scala.collection.Seq[java.io.File]]("unmanagedSources") in Scope(Build: file:/C:/Users/David/Documents/(UNIVERSIDAD)/ASW/Trivial_i2a/gW/Users-master/, , Project: ProjectReference(file:/C:/Users/David/Documents/(UNIVERSIDAD)/ASW/Trivial_i2a/gW/Users-master/,root), Config: compile)),true,None)
Sending msg to client play-fork-run-97664bba-60d0-4f86-acab-131ef5ba8eb3: TaskStarted(8,527,Some(AttributeKey[scala.collection.Seq[java.io.File]]("unmanagedSources") in Scope(Build: file:/C:/Users/David/Documents/(UNIVERSIDAD)/ASW/Trivial_i2a/gW/Users-master/, , Project: ProjectReference(file:/C:/Users/David/Documents/(UNIVERSIDAD)/ASW/Trivial_i2a/gW/Users-master/,root), Config: compile)))
Sending msg to client play-fork-run-97664bba-60d0-4f86-acab-131ef5ba8eb3: TaskFinished(8,567,None,true,None)
Sending msg to client play-fork-run-97664bba-60d0-4f86-acab-131ef5ba8eb3: TaskFinished(8,570,None,true,None)
Sending msg to client play-fork-run-97664bba-60d0-4f86-acab-131ef5ba8eb3: TaskFinished(8,571,Some(AttributeKey[scala.collection.Seq[java.lang.String]]("javacOptions") in Scope(Global)),true,None)
Sending msg to client play-fork-run-97664bba-60d0-4f86-acab-131ef5ba8eb3: TaskStarted(8,569,Some(AttributeKey[scala.collection.Seq[java.lang.String]]("javacOptions") in Scope(Build: file:/C:/Users/David/Documents/(UNIVERSIDAD)/ASW/Trivial_i2a/gW/Users-master/, , Project: ProjectReference(file:/C:/Users/David/Documents/(UNIVERSIDAD)/ASW/Trivial_i2a/gW/Users-master/,root), Config: compile)))
Sending msg to client play-fork-run-97664bba-60d0-4f86-acab-131ef5ba8eb3: TaskFinished(8,539,Some(AttributeKey[sbt.inc.IncOptions]("incOptions") in Scope(Global)),true,None)
Sending msg to client play-fork-run-97664bba-60d0-4f86-acab-131ef5ba8eb3: TaskStarted(8,538,Some(AttributeKey[sbt.inc.IncOptions]("incOptions") in Scope(Build: file:/C:/Users/David/Documents/(UNIVERSIDAD)/ASW/Trivial_i2a/gW/Users-master/, , Project: ProjectReference(file:/C:/Users/David/Documents/(UNIVERSIDAD)/ASW/Trivial_i2a/gW/Users-master/,root))))
Sending msg to client play-fork-run-97664bba-60d0-4f86-acab-131ef5ba8eb3: TaskFinished(8,578,Some(AttributeKey[sbt.SendEventService]("sendEventService") in Scope(Global)),true,None)
Sending msg to client play-fork-run-97664bba-60d0-4f86-acab-131ef5ba8eb3: TaskFinished(8,488,Some(AttributeKey[scala.collection.Seq[java.lang.String]]("scalacOptions") in Scope(Build: file:/C:/Users/David/Documents/(UNIVERSIDAD)/ASW/Trivial_i2a/gW/Users-master/, , Project: ProjectReference(file:/C:/Users/David/Documents/(UNIVERSIDAD)/ASW/Trivial_i2a/gW/Users-master/,root))),true,None)
Sending msg to client play-fork-run-97664bba-60d0-4f86-acab-131ef5ba8eb3: TaskStarted(8,534,Some(AttributeKey[java.lang.String]("twirlSourceEncoding") in Scope(Build: file:/C:/Users/David/Documents/(UNIVERSIDAD)/ASW/Trivial_i2a/gW/Users-master/, , Project: ProjectReference(file:/C:/Users/David/Documents/(UNIVERSIDAD)/ASW/Trivial_i2a/gW/Users-master/,root))))
Sending msg to client play-fork-run-97664bba-60d0-4f86-acab-131ef5ba8eb3: TaskFinished(8,492,None,true,None)
Sending msg to client play-fork-run-97664bba-60d0-4f86-acab-131ef5ba8eb3: TaskFinished(8,500,None,true,None)
Sending msg to client play-fork-run-97664bba-60d0-4f86-acab-131ef5ba8eb3: TaskFinished(8,503,None,true,None)
Sending msg to client play-fork-run-97664bba-60d0-4f86-acab-131ef5ba8eb3: TaskFinished(8,507,None,true,None)
Sending msg to client play-fork-run-97664bba-60d0-4f86-acab-131ef5ba8eb3: TaskFinished(8,522,None,true,None)
Sending msg to client play-fork-run-97664bba-60d0-4f86-acab-131ef5ba8eb3: TaskStarted(8,521,Some(AttributeKey[scala.collection.immutable.Map[sbt.ModuleID,sbt.SourcePosition]]("dependencyPositions") in Scope(Build: file:/C:/Users/David/Documents/(UNIVERSIDAD)/ASW/Trivial_i2a/gW/Users-master/, , Project: ProjectReference(file:/C:/Users/David/Documents/(UNIVERSIDAD)/ASW/Trivial_i2a/gW/Users-master/,root))))
Sending msg to client play-fork-run-97664bba-60d0-4f86-acab-131ef5ba8eb3: TaskFinished(8,533,None,true,None)
Sending msg to client play-fork-run-97664bba-60d0-4f86-acab-131ef5ba8eb3: TaskFinished(8,537,None,true,None)
Sending msg to client play-fork-run-97664bba-60d0-4f86-acab-131ef5ba8eb3: TaskFinished(8,543,None,true,None)
Sending msg to client play-fork-run-97664bba-60d0-4f86-acab-131ef5ba8eb3: TaskFinished(8,547,None,true,None)
Sending msg to client play-fork-run-97664bba-60d0-4f86-acab-131ef5ba8eb3: TaskFinished(8,549,None,true,None)
Sending msg to client play-fork-run-97664bba-60d0-4f86-acab-131ef5ba8eb3: TaskFinished(8,554,None,true,None)
Sending msg to client play-fork-run-97664bba-60d0-4f86-acab-131ef5ba8eb3: TaskFinished(8,556,None,true,None)
Sending msg to client play-fork-run-97664bba-60d0-4f86-acab-131ef5ba8eb3: TaskFinished(8,568,None,true,None)
Sending msg to client play-fork-run-97664bba-60d0-4f86-acab-131ef5ba8eb3: TaskFinished(8,572,None,true,None)
Sending msg to client play-fork-run-97664bba-60d0-4f86-acab-131ef5ba8eb3: TaskFinished(8,577,None,true,None)
Sending msg to client play-fork-run-97664bba-60d0-4f86-acab-131ef5ba8eb3: TaskFinished(8,579,None,true,None)
Sending msg to client play-fork-run-97664bba-60d0-4f86-acab-131ef5ba8eb3: TaskFinished(8,495,Some(AttributeKey[java.io.File]("dependencyCacheDirectory") in Scope(Build: file:/C:/Users/David/Documents/(UNIVERSIDAD)/ASW/Trivial_i2a/gW/Users-master/, , Project: ProjectReference(file:/C:/Users/David/Documents/(UNIVERSIDAD)/ASW/Trivial_i2a/gW/Users-master/,root))),true,None)
Sending msg to client play-fork-run-97664bba-60d0-4f86-acab-131ef5ba8eb3: TaskFinished(8,509,Some(AttributeKey[sbt.BuildStructure]("buildStructure") in Scope(Global)),true,None)
Sending msg to client play-fork-run-97664bba-60d0-4f86-acab-131ef5ba8eb3: TaskStarted(8,508,Some(AttributeKey[sbt.Settings[sbt.Scope]]("settingsData") in Scope(Global)))
Sending msg to client play-fork-run-97664bba-60d0-4f86-acab-131ef5ba8eb3: TaskFinished(8,557,Some(AttributeKey[xsbti.compile.GlobalsCache]("compilerCache") in Scope(Global)),true,None)
Sending msg to client play-fork-run-97664bba-60d0-4f86-acab-131ef5ba8eb3: TaskFinished(8,515,Some(AttributeKey[scala.collection.Seq[sbt.UpdateReport]]("transitiveUpdate") in Scope(Build: file:/C:/Users/David/Documents/(UNIVERSIDAD)/ASW/Trivial_i2a/gW/Users-master/, , Project: ProjectReference(file:/C:/Users/David/Documents/(UNIVERSIDAD)/ASW/Trivial_i2a/gW/Users-master/,root))),true,None)
Sending msg to client play-fork-run-97664bba-60d0-4f86-acab-131ef5ba8eb3: TaskFinished(8,527,Some(AttributeKey[scala.collection.Seq[java.io.File]]("unmanagedSources") in Scope(Build: file:/C:/Users/David/Documents/(UNIVERSIDAD)/ASW/Trivial_i2a/gW/Users-master/, , Project: ProjectReference(file:/C:/Users/David/Documents/(UNIVERSIDAD)/ASW/Trivial_i2a/gW/Users-master/,root), Config: compile)),true,None)
Sending msg to client play-fork-run-97664bba-60d0-4f86-acab-131ef5ba8eb3: TaskFinished(8,569,Some(AttributeKey[scala.collection.Seq[java.lang.String]]("javacOptions") in Scope(Build: file:/C:/Users/David/Documents/(UNIVERSIDAD)/ASW/Trivial_i2a/gW/Users-master/, , Project: ProjectReference(file:/C:/Users/David/Documents/(UNIVERSIDAD)/ASW/Trivial_i2a/gW/Users-master/,root), Config: compile)),true,None)
Sending msg to client play-fork-run-97664bba-60d0-4f86-acab-131ef5ba8eb3: TaskFinished(8,538,Some(AttributeKey[sbt.inc.IncOptions]("incOptions") in Scope(Build: file:/C:/Users/David/Documents/(UNIVERSIDAD)/ASW/Trivial_i2a/gW/Users-master/, , Project: ProjectReference(file:/C:/Users/David/Documents/(UNIVERSIDAD)/ASW/Trivial_i2a/gW/Users-master/,root))),true,None)
Sending msg to client play-fork-run-97664bba-60d0-4f86-acab-131ef5ba8eb3: TaskFinished(8,534,Some(AttributeKey[java.lang.String]("twirlSourceEncoding") in Scope(Build: file:/C:/Users/David/Documents/(UNIVERSIDAD)/ASW/Trivial_i2a/gW/Users-master/, , Project: ProjectReference(file:/C:/Users/David/Documents/(UNIVERSIDAD)/ASW/Trivial_i2a/gW/Users-master/,root))),true,None)
Sending msg to client play-fork-run-97664bba-60d0-4f86-acab-131ef5ba8eb3: TaskStarted(8,532,None)
Sending msg to client play-fork-run-97664bba-60d0-4f86-acab-131ef5ba8eb3: TaskStarted(8,564,None)
Sending msg to client play-fork-run-97664bba-60d0-4f86-acab-131ef5ba8eb3: TaskFinished(8,508,Some(AttributeKey[sbt.Settings[sbt.Scope]]("settingsData") in Scope(Global)),true,None)
Sending msg to client play-fork-run-97664bba-60d0-4f86-acab-131ef5ba8eb3: TaskStarted(8,506,Some(AttributeKey[scala.collection.immutable.Map[org.apache.ivy.core.module.id.ModuleRevisionId,org.apache.ivy.core.module.descriptor.ModuleDescriptor]]("projectDescriptors") in Scope(Build: file:/C:/Users/David/Documents/(UNIVERSIDAD)/ASW/Trivial_i2a/gW/Users-master/, , Project: ProjectReference(file:/C:/Users/David/Documents/(UNIVERSIDAD)/ASW/Trivial_i2a/gW/Users-master/,root))))
Sending msg to client play-fork-run-97664bba-60d0-4f86-acab-131ef5ba8eb3: TaskStarted(8,514,Some(AttributeKey[scala.collection.Seq[sbt.ModuleID]]("projectDependencies") in Scope(Build: file:/C:/Users/David/Documents/(UNIVERSIDAD)/ASW/Trivial_i2a/gW/Users-master/, , Project: ProjectReference(file:/C:/Users/David/Documents/(UNIVERSIDAD)/ASW/Trivial_i2a/gW/Users-master/,root))))
Sending msg to client play-fork-run-97664bba-60d0-4f86-acab-131ef5ba8eb3: TaskStarted(8,523,None)
Sending msg to client play-fork-run-97664bba-60d0-4f86-acab-131ef5ba8eb3: TaskStarted(8,525,None)
Sending msg to client play-fork-run-97664bba-60d0-4f86-acab-131ef5ba8eb3: TaskStarted(8,546,None)
Sending msg to client play-fork-run-97664bba-60d0-4f86-acab-131ef5ba8eb3: TaskStarted(8,566,Some(AttributeKey[sbt.ScalaInstance]("scalaInstance") in Scope(Build: file:/C:/Users/David/Documents/(UNIVERSIDAD)/ASW/Trivial_i2a/gW/Users-master/, , Project: ProjectReference(file:/C:/Users/David/Documents/(UNIVERSIDAD)/ASW/Trivial_i2a/gW/Users-master/,root))))
Sending msg to client play-fork-run-97664bba-60d0-4f86-acab-131ef5ba8eb3: TaskFinished(8,564,None,true,None)
Sending msg to client play-fork-run-97664bba-60d0-4f86-acab-131ef5ba8eb3: TaskStarted(8,562,Some(AttributeKey[scala.collection.Seq[scala.Function1[xsbti.Position,scala.Option[xsbti.Position]]]]("sourcePositionMappers") in Scope(Build: file:/C:/Users/David/Documents/(UNIVERSIDAD)/ASW/Trivial_i2a/gW/Users-master/, , Project: ProjectReference(file:/C:/Users/David/Documents/(UNIVERSIDAD)/ASW/Trivial_i2a/gW/Users-master/,root))))
Sending msg to client play-fork-run-97664bba-60d0-4f86-acab-131ef5ba8eb3: TaskStarted(8,582,None)
Sending msg to client play-fork-run-97664bba-60d0-4f86-acab-131ef5ba8eb3: TaskFinished(8,514,Some(AttributeKey[scala.collection.Seq[sbt.ModuleID]]("projectDependencies") in Scope(Build: file:/C:/Users/David/Documents/(UNIVERSIDAD)/ASW/Trivial_i2a/gW/Users-master/, , Project: ProjectReference(file:/C:/Users/David/Documents/(UNIVERSIDAD)/ASW/Trivial_i2a/gW/Users-master/,root))),true,None)
Sending msg to client play-fork-run-97664bba-60d0-4f86-acab-131ef5ba8eb3: TaskStarted(8,513,Some(AttributeKey[scala.collection.Seq[sbt.ModuleID]]("allDependencies") in Scope(Build: file:/C:/Users/David/Documents/(UNIVERSIDAD)/ASW/Trivial_i2a/gW/Users-master/, , Project: ProjectReference(file:/C:/Users/David/Documents/(UNIVERSIDAD)/ASW/Trivial_i2a/gW/Users-master/,root))))
Sending msg to client play-fork-run-97664bba-60d0-4f86-acab-131ef5ba8eb3: TaskStarted(8,583,None)
Sending msg to client play-fork-run-97664bba-60d0-4f86-acab-131ef5ba8eb3: TaskStarted(8,585,None)
Sending msg to client play-fork-run-97664bba-60d0-4f86-acab-131ef5ba8eb3: TaskStarted(8,590,None)
Sending msg to client play-fork-run-97664bba-60d0-4f86-acab-131ef5ba8eb3: TaskStarted(8,591,None)
Sending msg to client play-fork-run-97664bba-60d0-4f86-acab-131ef5ba8eb3: TaskStarted(8,593,None)
Sending msg to client play-fork-run-97664bba-60d0-4f86-acab-131ef5ba8eb3: TaskFinished(8,562,Some(AttributeKey[scala.collection.Seq[scala.Function1[xsbti.Position,scala.Option[xsbti.Position]]]]("sourcePositionMappers") in Scope(Build: file:/C:/Users/David/Documents/(UNIVERSIDAD)/ASW/Trivial_i2a/gW/Users-master/, , Project: ProjectReference(file:/C:/Users/David/Documents/(UNIVERSIDAD)/ASW/Trivial_i2a/gW/Users-master/,root))),true,None)
Sending msg to client play-fork-run-97664bba-60d0-4f86-acab-131ef5ba8eb3: TaskStarted(8,560,Some(AttributeKey[scala.collection.Seq[scala.Function1[xsbti.Position,scala.Option[xsbti.Position]]]]("sourcePositionMappers") in Scope(Build: file:/C:/Users/David/Documents/(UNIVERSIDAD)/ASW/Trivial_i2a/gW/Users-master/, , Project: ProjectReference(file:/C:/Users/David/Documents/(UNIVERSIDAD)/ASW/Trivial_i2a/gW/Users-master/,root))))
Sending msg to client play-fork-run-97664bba-60d0-4f86-acab-131ef5ba8eb3: TaskFinished(8,582,None,true,None)
Sending msg to client play-fork-run-97664bba-60d0-4f86-acab-131ef5ba8eb3: TaskStarted(8,581,None)
Sending msg to client play-fork-run-97664bba-60d0-4f86-acab-131ef5ba8eb3: TaskFinished(8,513,Some(AttributeKey[scala.collection.Seq[sbt.ModuleID]]("allDependencies") in Scope(Build: file:/C:/Users/David/Documents/(UNIVERSIDAD)/ASW/Trivial_i2a/gW/Users-master/, , Project: ProjectReference(file:/C:/Users/David/Documents/(UNIVERSIDAD)/ASW/Trivial_i2a/gW/Users-master/,root))),true,None)
Sending msg to client play-fork-run-97664bba-60d0-4f86-acab-131ef5ba8eb3: TaskStarted(8,512,Some(AttributeKey[sbt.ModuleSettings]("moduleSettings") in Scope(Build: file:/C:/Users/David/Documents/(UNIVERSIDAD)/ASW/Trivial_i2a/gW/Users-master/, , Project: ProjectReference(file:/C:/Users/David/Documents/(UNIVERSIDAD)/ASW/Trivial_i2a/gW/Users-master/,root))))
Sending msg to client play-fork-run-97664bba-60d0-4f86-acab-131ef5ba8eb3: TaskFinished(8,583,None,true,None)
Sending msg to client play-fork-run-97664bba-60d0-4f86-acab-131ef5ba8eb3: TaskFinished(8,523,None,true,None)
Sending msg to client play-fork-run-97664bba-60d0-4f86-acab-131ef5ba8eb3: TaskFinished(8,585,None,true,None)
Sending msg to client play-fork-run-97664bba-60d0-4f86-acab-131ef5ba8eb3: TaskStarted(8,584,None)
Sending msg to client play-fork-run-97664bba-60d0-4f86-acab-131ef5ba8eb3: TaskFinished(8,590,None,true,None)
Sending msg to client play-fork-run-97664bba-60d0-4f86-acab-131ef5ba8eb3: TaskFinished(8,591,None,true,None)
Sending msg to client play-fork-run-97664bba-60d0-4f86-acab-131ef5ba8eb3: TaskStarted(8,589,Some(AttributeKey[scala.collection.Seq[sbt.Attributed[java.io.File]]]("unmanagedJars") in Scope(Build: file:/C:/Users/David/Documents/(UNIVERSIDAD)/ASW/Trivial_i2a/gW/Users-master/, , Project: ProjectReference(file:/C:/Users/David/Documents/(UNIVERSIDAD)/ASW/Trivial_i2a/gW/Users-master/,root), Config: compile)))
Sending msg to client play-fork-run-97664bba-60d0-4f86-acab-131ef5ba8eb3: TaskFinished(8,593,None,true,None)
Sending msg to client play-fork-run-97664bba-60d0-4f86-acab-131ef5ba8eb3: TaskStarted(8,592,None)
Sending msg to client play-fork-run-97664bba-60d0-4f86-acab-131ef5ba8eb3: TaskFinished(8,560,Some(AttributeKey[scala.collection.Seq[scala.Function1[xsbti.Position,scala.Option[xsbti.Position]]]]("sourcePositionMappers") in Scope(Build: file:/C:/Users/David/Documents/(UNIVERSIDAD)/ASW/Trivial_i2a/gW/Users-master/, , Project: ProjectReference(file:/C:/Users/David/Documents/(UNIVERSIDAD)/ASW/Trivial_i2a/gW/Users-master/,root))),true,None)
Sending msg to client play-fork-run-97664bba-60d0-4f86-acab-131ef5ba8eb3: TaskFinished(8,581,None,true,None)
Sending msg to client play-fork-run-97664bba-60d0-4f86-acab-131ef5ba8eb3: TaskFinished(8,506,Some(AttributeKey[scala.collection.immutable.Map[org.apache.ivy.core.module.id.ModuleRevisionId,org.apache.ivy.core.module.descriptor.ModuleDescriptor]]("projectDescriptors") in Scope(Build: file:/C:/Users/David/Documents/(UNIVERSIDAD)/ASW/Trivial_i2a/gW/Users-master/, , Project: ProjectReference(file:/C:/Users/David/Documents/(UNIVERSIDAD)/ASW/Trivial_i2a/gW/Users-master/,root))),true,None)
Sending msg to client play-fork-run-97664bba-60d0-4f86-acab-131ef5ba8eb3: TaskStarted(8,505,Some(AttributeKey[sbt.Resolver]("projectResolver") in Scope(Build: file:/C:/Users/David/Documents/(UNIVERSIDAD)/ASW/Trivial_i2a/gW/Users-master/, , Project: ProjectReference(file:/C:/Users/David/Documents/(UNIVERSIDAD)/ASW/Trivial_i2a/gW/Users-master/,root))))
Sending msg to client play-fork-run-97664bba-60d0-4f86-acab-131ef5ba8eb3: TaskFinished(8,512,Some(AttributeKey[sbt.ModuleSettings]("moduleSettings") in Scope(Build: file:/C:/Users/David/Documents/(UNIVERSIDAD)/ASW/Trivial_i2a/gW/Users-master/, , Project: ProjectReference(file:/C:/Users/David/Documents/(UNIVERSIDAD)/ASW/Trivial_i2a/gW/Users-master/,root))),true,None)
Sending msg to client play-fork-run-97664bba-60d0-4f86-acab-131ef5ba8eb3: TaskFinished(8,584,None,true,None)
Sending msg to client play-fork-run-97664bba-60d0-4f86-acab-131ef5ba8eb3: TaskFinished(8,525,None,true,None)
Sending msg to client play-fork-run-97664bba-60d0-4f86-acab-131ef5ba8eb3: TaskFinished(8,589,Some(AttributeKey[scala.collection.Seq[sbt.Attributed[java.io.File]]]("unmanagedJars") in Scope(Build: file:/C:/Users/David/Documents/(UNIVERSIDAD)/ASW/Trivial_i2a/gW/Users-master/, , Project: ProjectReference(file:/C:/Users/David/Documents/(UNIVERSIDAD)/ASW/Trivial_i2a/gW/Users-master/,root), Config: compile)),true,None)
Sending msg to client play-fork-run-97664bba-60d0-4f86-acab-131ef5ba8eb3: TaskStarted(8,595,None)
Sending msg to client play-fork-run-97664bba-60d0-4f86-acab-131ef5ba8eb3: TaskFinished(8,505,Some(AttributeKey[sbt.Resolver]("projectResolver") in Scope(Build: file:/C:/Users/David/Documents/(UNIVERSIDAD)/ASW/Trivial_i2a/gW/Users-master/, , Project: ProjectReference(file:/C:/Users/David/Documents/(UNIVERSIDAD)/ASW/Trivial_i2a/gW/Users-master/,root))),true,None)
Sending msg to client play-fork-run-97664bba-60d0-4f86-acab-131ef5ba8eb3: TaskStarted(8,504,Some(AttributeKey[scala.collection.Seq[sbt.Resolver]]("fullResolvers") in Scope(Build: file:/C:/Users/David/Documents/(UNIVERSIDAD)/ASW/Trivial_i2a/gW/Users-master/, , Project: ProjectReference(file:/C:/Users/David/Documents/(UNIVERSIDAD)/ASW/Trivial_i2a/gW/Users-master/,root))))
Sending msg to client play-fork-run-97664bba-60d0-4f86-acab-131ef5ba8eb3: TaskFinished(8,595,None,true,None)
Sending msg to client play-fork-run-97664bba-60d0-4f86-acab-131ef5ba8eb3: TaskFinished(8,592,None,true,None)
Sending msg to client play-fork-run-97664bba-60d0-4f86-acab-131ef5ba8eb3: TaskStarted(8,588,Some(AttributeKey[scala.collection.Seq[sbt.Attributed[java.io.File]]]("unmanagedJars") in Scope(Build: file:/C:/Users/David/Documents/(UNIVERSIDAD)/ASW/Trivial_i2a/gW/Users-master/, , Project: ProjectReference(file:/C:/Users/David/Documents/(UNIVERSIDAD)/ASW/Trivial_i2a/gW/Users-master/,root), Config: compile)))
Sending msg to client play-fork-run-97664bba-60d0-4f86-acab-131ef5ba8eb3: TaskFinished(8,504,Some(AttributeKey[scala.collection.Seq[sbt.Resolver]]("fullResolvers") in Scope(Build: file:/C:/Users/David/Documents/(UNIVERSIDAD)/ASW/Trivial_i2a/gW/Users-master/, , Project: ProjectReference(file:/C:/Users/David/Documents/(UNIVERSIDAD)/ASW/Trivial_i2a/gW/Users-master/,root))),true,None)
Sending msg to client play-fork-run-97664bba-60d0-4f86-acab-131ef5ba8eb3: TaskStarted(8,502,Some(AttributeKey[sbt.IvyConfiguration]("ivyConfiguration") in Scope(Build: file:/C:/Users/David/Documents/(UNIVERSIDAD)/ASW/Trivial_i2a/gW/Users-master/, , Project: ProjectReference(file:/C:/Users/David/Documents/(UNIVERSIDAD)/ASW/Trivial_i2a/gW/Users-master/,root))))
Sending msg to client play-fork-run-97664bba-60d0-4f86-acab-131ef5ba8eb3: TaskFinished(8,588,Some(AttributeKey[scala.collection.Seq[sbt.Attributed[java.io.File]]]("unmanagedJars") in Scope(Build: file:/C:/Users/David/Documents/(UNIVERSIDAD)/ASW/Trivial_i2a/gW/Users-master/, , Project: ProjectReference(file:/C:/Users/David/Documents/(UNIVERSIDAD)/ASW/Trivial_i2a/gW/Users-master/,root), Config: compile)),true,None)
Sending msg to client play-fork-run-97664bba-60d0-4f86-acab-131ef5ba8eb3: TaskStarted(8,587,None)
Sending msg to client play-fork-run-97664bba-60d0-4f86-acab-131ef5ba8eb3: TaskFinished(8,502,Some(AttributeKey[sbt.IvyConfiguration]("ivyConfiguration") in Scope(Build: file:/C:/Users/David/Documents/(UNIVERSIDAD)/ASW/Trivial_i2a/gW/Users-master/, , Project: ProjectReference(file:/C:/Users/David/Documents/(UNIVERSIDAD)/ASW/Trivial_i2a/gW/Users-master/,root))),true,None)
Sending msg to client play-fork-run-97664bba-60d0-4f86-acab-131ef5ba8eb3: TaskStarted(8,499,Some(AttributeKey[sbt.IvySbt]("ivySbt") in Scope(Build: file:/C:/Users/David/Documents/(UNIVERSIDAD)/ASW/Trivial_i2a/gW/Users-master/, , Project: ProjectReference(file:/C:/Users/David/Documents/(UNIVERSIDAD)/ASW/Trivial_i2a/gW/Users-master/,root))))
Sending msg to client play-fork-run-97664bba-60d0-4f86-acab-131ef5ba8eb3: TaskFinished(8,587,None,true,None)
Sending msg to client play-fork-run-97664bba-60d0-4f86-acab-131ef5ba8eb3: TaskStarted(8,586,None)
Sending msg to client play-fork-run-97664bba-60d0-4f86-acab-131ef5ba8eb3: TaskFinished(8,499,Some(AttributeKey[sbt.IvySbt]("ivySbt") in Scope(Build: file:/C:/Users/David/Documents/(UNIVERSIDAD)/ASW/Trivial_i2a/gW/Users-master/, , Project: ProjectReference(file:/C:/Users/David/Documents/(UNIVERSIDAD)/ASW/Trivial_i2a/gW/Users-master/,root))),true,None)
Sending msg to client play-fork-run-97664bba-60d0-4f86-acab-131ef5ba8eb3: TaskStarted(8,498,Some(AttributeKey[sbt.IvySbt$Module]("ivyModule") in Scope(Build: file:/C:/Users/David/Documents/(UNIVERSIDAD)/ASW/Trivial_i2a/gW/Users-master/, , Project: ProjectReference(file:/C:/Users/David/Documents/(UNIVERSIDAD)/ASW/Trivial_i2a/gW/Users-master/,root))))
Sending msg to client play-fork-run-97664bba-60d0-4f86-acab-131ef5ba8eb3: TaskFinished(8,586,None,true,None)
Sending msg to client play-fork-run-97664bba-60d0-4f86-acab-131ef5ba8eb3: TaskFinished(8,546,None,true,None)
Sending msg to client play-fork-run-97664bba-60d0-4f86-acab-131ef5ba8eb3: TaskStarted(8,545,Some(AttributeKey[scala.collection.Seq[sbt.Attributed[java.io.File]]]("unmanagedClasspath") in Scope(Build: file:/C:/Users/David/Documents/(UNIVERSIDAD)/ASW/Trivial_i2a/gW/Users-master/, , Project: ProjectReference(file:/C:/Users/David/Documents/(UNIVERSIDAD)/ASW/Trivial_i2a/gW/Users-master/,root), Config: compile)))
Sending msg to client play-fork-run-97664bba-60d0-4f86-acab-131ef5ba8eb3: TaskFinished(8,498,Some(AttributeKey[sbt.IvySbt$Module]("ivyModule") in Scope(Build: file:/C:/Users/David/Documents/(UNIVERSIDAD)/ASW/Trivial_i2a/gW/Users-master/, , Project: ProjectReference(file:/C:/Users/David/Documents/(UNIVERSIDAD)/ASW/Trivial_i2a/gW/Users-master/,root))),true,None)
Sending msg to client play-fork-run-97664bba-60d0-4f86-acab-131ef5ba8eb3: TaskFinished(8,545,Some(AttributeKey[scala.collection.Seq[sbt.Attributed[java.io.File]]]("unmanagedClasspath") in Scope(Build: file:/C:/Users/David/Documents/(UNIVERSIDAD)/ASW/Trivial_i2a/gW/Users-master/, , Project: ProjectReference(file:/C:/Users/David/Documents/(UNIVERSIDAD)/ASW/Trivial_i2a/gW/Users-master/,root), Config: compile)),true,None)
Sending msg to client play-fork-run-97664bba-60d0-4f86-acab-131ef5ba8eb3: TaskFinished(8,521,Some(AttributeKey[scala.collection.immutable.Map[sbt.ModuleID,sbt.SourcePosition]]("dependencyPositions") in Scope(Build: file:/C:/Users/David/Documents/(UNIVERSIDAD)/ASW/Trivial_i2a/gW/Users-master/, , Project: ProjectReference(file:/C:/Users/David/Documents/(UNIVERSIDAD)/ASW/Trivial_i2a/gW/Users-master/,root))),true,None)
Sending msg to client play-fork-run-97664bba-60d0-4f86-acab-131ef5ba8eb3: TaskStarted(8,520,Some(AttributeKey[sbt.UnresolvedWarningConfiguration]("unresolvedWarningConfiguration") in Scope(Build: file:/C:/Users/David/Documents/(UNIVERSIDAD)/ASW/Trivial_i2a/gW/Users-master/, , Project: ProjectReference(file:/C:/Users/David/Documents/(UNIVERSIDAD)/ASW/Trivial_i2a/gW/Users-master/,root), Task: AttributeKey[sbt.UpdateReport]("update"))))
Sending msg to client play-fork-run-97664bba-60d0-4f86-acab-131ef5ba8eb3: TaskFinished(8,520,Some(AttributeKey[sbt.UnresolvedWarningConfiguration]("unresolvedWarningConfiguration") in Scope(Build: file:/C:/Users/David/Documents/(UNIVERSIDAD)/ASW/Trivial_i2a/gW/Users-master/, , Project: ProjectReference(file:/C:/Users/David/Documents/(UNIVERSIDAD)/ASW/Trivial_i2a/gW/Users-master/,root), Task: AttributeKey[sbt.UpdateReport]("update"))),true,None)
Sending msg to client play-fork-run-97664bba-60d0-4f86-acab-131ef5ba8eb3: TaskStarted(8,494,Some(AttributeKey[sbt.UpdateReport]("update") in Scope(Build: file:/C:/Users/David/Documents/(UNIVERSIDAD)/ASW/Trivial_i2a/gW/Users-master/, , Project: ProjectReference(file:/C:/Users/David/Documents/(UNIVERSIDAD)/ASW/Trivial_i2a/gW/Users-master/,root))))
Sending msg to client play-fork-run-97664bba-60d0-4f86-acab-131ef5ba8eb3: TaskFinished(8,535,None,true,None)
Sending msg to client play-fork-run-97664bba-60d0-4f86-acab-131ef5ba8eb3: TaskFinished(8,532,None,true,None)
Sending msg to client play-fork-run-97664bba-60d0-4f86-acab-131ef5ba8eb3: TaskStarted(8,531,Some(AttributeKey[scala.collection.Seq[java.io.File]]("twirlCompileTemplates") in Scope(Build: file:/C:/Users/David/Documents/(UNIVERSIDAD)/ASW/Trivial_i2a/gW/Users-master/, , Project: ProjectReference(file:/C:/Users/David/Documents/(UNIVERSIDAD)/ASW/Trivial_i2a/gW/Users-master/,root), Config: compile)))
Sending msg to client play-fork-run-97664bba-60d0-4f86-acab-131ef5ba8eb3: TaskFinished(8,531,Some(AttributeKey[scala.collection.Seq[java.io.File]]("twirlCompileTemplates") in Scope(Build: file:/C:/Users/David/Documents/(UNIVERSIDAD)/ASW/Trivial_i2a/gW/Users-master/, , Project: ProjectReference(file:/C:/Users/David/Documents/(UNIVERSIDAD)/ASW/Trivial_i2a/gW/Users-master/,root), Config: compile)),true,None)
Sending msg to client play-fork-run-97664bba-60d0-4f86-acab-131ef5ba8eb3: TaskStarted(8,530,None)
Sending msg to client play-fork-run-97664bba-60d0-4f86-acab-131ef5ba8eb3: TaskFinished(8,530,None,true,None)
Sending msg to client play-fork-run-97664bba-60d0-4f86-acab-131ef5ba8eb3: TaskStarted(8,529,Some(AttributeKey[scala.collection.Seq[java.io.File]]("managedSources") in Scope(Build: file:/C:/Users/David/Documents/(UNIVERSIDAD)/ASW/Trivial_i2a/gW/Users-master/, , Project: ProjectReference(file:/C:/Users/David/Documents/(UNIVERSIDAD)/ASW/Trivial_i2a/gW/Users-master/,root), Config: compile)))
Sending msg to client play-fork-run-97664bba-60d0-4f86-acab-131ef5ba8eb3: TaskFinished(8,529,Some(AttributeKey[scala.collection.Seq[java.io.File]]("managedSources") in Scope(Build: file:/C:/Users/David/Documents/(UNIVERSIDAD)/ASW/Trivial_i2a/gW/Users-master/, , Project: ProjectReference(file:/C:/Users/David/Documents/(UNIVERSIDAD)/ASW/Trivial_i2a/gW/Users-master/,root), Config: compile)),true,None)
Sending msg to client play-fork-run-97664bba-60d0-4f86-acab-131ef5ba8eb3: TaskStarted(8,526,Some(AttributeKey[scala.collection.Seq[java.io.File]]("sources") in Scope(Build: file:/C:/Users/David/Documents/(UNIVERSIDAD)/ASW/Trivial_i2a/gW/Users-master/, , Project: ProjectReference(file:/C:/Users/David/Documents/(UNIVERSIDAD)/ASW/Trivial_i2a/gW/Users-master/,root), Config: compile)))
Sending msg to client play-fork-run-97664bba-60d0-4f86-acab-131ef5ba8eb3: TaskFinished(8,526,Some(AttributeKey[scala.collection.Seq[java.io.File]]("sources") in Scope(Build: file:/C:/Users/David/Documents/(UNIVERSIDAD)/ASW/Trivial_i2a/gW/Users-master/, , Project: ProjectReference(file:/C:/Users/David/Documents/(UNIVERSIDAD)/ASW/Trivial_i2a/gW/Users-master/,root), Config: compile)),true,None)
Sending msg to client play-fork-run-97664bba-60d0-4f86-acab-131ef5ba8eb3: TaskFinished(8,494,Some(AttributeKey[sbt.UpdateReport]("update") in Scope(Build: file:/C:/Users/David/Documents/(UNIVERSIDAD)/ASW/Trivial_i2a/gW/Users-master/, , Project: ProjectReference(file:/C:/Users/David/Documents/(UNIVERSIDAD)/ASW/Trivial_i2a/gW/Users-master/,root))),true,None)
Sending msg to client play-fork-run-97664bba-60d0-4f86-acab-131ef5ba8eb3: TaskStarted(8,491,Some(AttributeKey[sbt.UpdateReport]("update") in Scope(Build: file:/C:/Users/David/Documents/(UNIVERSIDAD)/ASW/Trivial_i2a/gW/Users-master/, , Project: ProjectReference(file:/C:/Users/David/Documents/(UNIVERSIDAD)/ASW/Trivial_i2a/gW/Users-master/,root))))
Sending msg to client play-fork-run-97664bba-60d0-4f86-acab-131ef5ba8eb3: TaskFinished(8,491,Some(AttributeKey[sbt.UpdateReport]("update") in Scope(Build: file:/C:/Users/David/Documents/(UNIVERSIDAD)/ASW/Trivial_i2a/gW/Users-master/, , Project: ProjectReference(file:/C:/Users/David/Documents/(UNIVERSIDAD)/ASW/Trivial_i2a/gW/Users-master/,root))),true,None)
Sending msg to client play-fork-run-97664bba-60d0-4f86-acab-131ef5ba8eb3: TaskStarted(8,487,Some(AttributeKey[scala.collection.Seq[java.lang.String]]("scalacOptions") in Scope(Build: file:/C:/Users/David/Documents/(UNIVERSIDAD)/ASW/Trivial_i2a/gW/Users-master/, , Project: ProjectReference(file:/C:/Users/David/Documents/(UNIVERSIDAD)/ASW/Trivial_i2a/gW/Users-master/,root), Config: compile)))
Sending msg to client play-fork-run-97664bba-60d0-4f86-acab-131ef5ba8eb3: TaskStarted(8,551,Some(AttributeKey[sbt.Configuration]("classpathConfiguration") in Scope(Build: file:/C:/Users/David/Documents/(UNIVERSIDAD)/ASW/Trivial_i2a/gW/Users-master/, , Project: ProjectReference(file:/C:/Users/David/Documents/(UNIVERSIDAD)/ASW/Trivial_i2a/gW/Users-master/,root), Config: compile)))
Sending msg to client play-fork-run-97664bba-60d0-4f86-acab-131ef5ba8eb3: TaskStarted(8,594,None)
Sending msg to client play-fork-run-97664bba-60d0-4f86-acab-131ef5ba8eb3: TaskFinished(8,551,Some(AttributeKey[sbt.Configuration]("classpathConfiguration") in Scope(Build: file:/C:/Users/David/Documents/(UNIVERSIDAD)/ASW/Trivial_i2a/gW/Users-master/, , Project: ProjectReference(file:/C:/Users/David/Documents/(UNIVERSIDAD)/ASW/Trivial_i2a/gW/Users-master/,root), Config: compile)),true,None)
Sending msg to client play-fork-run-97664bba-60d0-4f86-acab-131ef5ba8eb3: TaskStarted(8,550,None)
Sending msg to client play-fork-run-97664bba-60d0-4f86-acab-131ef5ba8eb3: TaskStarted(8,555,None)
Sending msg to client play-fork-run-97664bba-60d0-4f86-acab-131ef5ba8eb3: TaskFinished(8,487,Some(AttributeKey[scala.collection.Seq[java.lang.String]]("scalacOptions") in Scope(Build: file:/C:/Users/David/Documents/(UNIVERSIDAD)/ASW/Trivial_i2a/gW/Users-master/, , Project: ProjectReference(file:/C:/Users/David/Documents/(UNIVERSIDAD)/ASW/Trivial_i2a/gW/Users-master/,root), Config: compile)),true,None)
Sending msg to client play-fork-run-97664bba-60d0-4f86-acab-131ef5ba8eb3: TaskStarted(8,598,None)
Sending msg to client play-fork-run-97664bba-60d0-4f86-acab-131ef5ba8eb3: TaskStarted(8,599,None)
Sending msg to client play-fork-run-97664bba-60d0-4f86-acab-131ef5ba8eb3: TaskFinished(8,550,None,true,None)
Sending msg to client play-fork-run-97664bba-60d0-4f86-acab-131ef5ba8eb3: TaskStarted(8,548,Some(AttributeKey[scala.collection.Seq[sbt.Attributed[java.io.File]]]("managedClasspath") in Scope(Build: file:/C:/Users/David/Documents/(UNIVERSIDAD)/ASW/Trivial_i2a/gW/Users-master/, , Project: ProjectReference(file:/C:/Users/David/Documents/(UNIVERSIDAD)/ASW/Trivial_i2a/gW/Users-master/,root), Config: compile)))
Sending msg to client play-fork-run-97664bba-60d0-4f86-acab-131ef5ba8eb3: TaskFinished(8,594,None,true,None)
Sending msg to client play-fork-run-97664bba-60d0-4f86-acab-131ef5ba8eb3: TaskFinished(8,566,Some(AttributeKey[sbt.ScalaInstance]("scalaInstance") in Scope(Build: file:/C:/Users/David/Documents/(UNIVERSIDAD)/ASW/Trivial_i2a/gW/Users-master/, , Project: ProjectReference(file:/C:/Users/David/Documents/(UNIVERSIDAD)/ASW/Trivial_i2a/gW/Users-master/,root))),true,None)
Sending msg to client play-fork-run-97664bba-60d0-4f86-acab-131ef5ba8eb3: TaskStarted(8,565,Some(AttributeKey[sbt.Compiler$Compilers]("compilers") in Scope(Global)))
Sending msg to client play-fork-run-97664bba-60d0-4f86-acab-131ef5ba8eb3: TaskFinished(8,598,None,true,None)
Sending msg to client play-fork-run-97664bba-60d0-4f86-acab-131ef5ba8eb3: TaskFinished(8,599,None,true,None)
Sending msg to client play-fork-run-97664bba-60d0-4f86-acab-131ef5ba8eb3: TaskStarted(8,597,None)
Sending msg to client play-fork-run-97664bba-60d0-4f86-acab-131ef5ba8eb3: TaskFinished(8,597,None,true,None)
Sending msg to client play-fork-run-97664bba-60d0-4f86-acab-131ef5ba8eb3: TaskStarted(8,596,None)
Sending msg to client play-fork-run-97664bba-60d0-4f86-acab-131ef5ba8eb3: TaskFinished(8,548,Some(AttributeKey[scala.collection.Seq[sbt.Attributed[java.io.File]]]("managedClasspath") in Scope(Build: file:/C:/Users/David/Documents/(UNIVERSIDAD)/ASW/Trivial_i2a/gW/Users-master/, , Project: ProjectReference(file:/C:/Users/David/Documents/(UNIVERSIDAD)/ASW/Trivial_i2a/gW/Users-master/,root), Config: compile)),true,None)
Sending msg to client play-fork-run-97664bba-60d0-4f86-acab-131ef5ba8eb3: TaskStarted(8,544,None)
Sending msg to client play-fork-run-97664bba-60d0-4f86-acab-131ef5ba8eb3: TaskFinished(8,596,None,true,None)
Sending msg to client play-fork-run-97664bba-60d0-4f86-acab-131ef5ba8eb3: TaskFinished(8,555,None,true,None)
Sending msg to client play-fork-run-97664bba-60d0-4f86-acab-131ef5ba8eb3: TaskStarted(8,553,Some(AttributeKey[scala.collection.Seq[sbt.Attributed[java.io.File]]]("internalDependencyClasspath") in Scope(Build: file:/C:/Users/David/Documents/(UNIVERSIDAD)/ASW/Trivial_i2a/gW/Users-master/, , Project: ProjectReference(file:/C:/Users/David/Documents/(UNIVERSIDAD)/ASW/Trivial_i2a/gW/Users-master/,root), Config: compile)))
Sending msg to client play-fork-run-97664bba-60d0-4f86-acab-131ef5ba8eb3: TaskFinished(8,565,Some(AttributeKey[sbt.Compiler$Compilers]("compilers") in Scope(Global)),true,None)
Sending msg to client play-fork-run-97664bba-60d0-4f86-acab-131ef5ba8eb3: TaskFinished(8,544,None,true,None)
Sending msg to client play-fork-run-97664bba-60d0-4f86-acab-131ef5ba8eb3: TaskStarted(8,542,Some(AttributeKey[scala.collection.Seq[sbt.Attributed[java.io.File]]]("externalDependencyClasspath") in Scope(Build: file:/C:/Users/David/Documents/(UNIVERSIDAD)/ASW/Trivial_i2a/gW/Users-master/, , Project: ProjectReference(file:/C:/Users/David/Documents/(UNIVERSIDAD)/ASW/Trivial_i2a/gW/Users-master/,root), Config: compile)))
Sending msg to client play-fork-run-97664bba-60d0-4f86-acab-131ef5ba8eb3: TaskFinished(8,553,Some(AttributeKey[scala.collection.Seq[sbt.Attributed[java.io.File]]]("internalDependencyClasspath") in Scope(Build: file:/C:/Users/David/Documents/(UNIVERSIDAD)/ASW/Trivial_i2a/gW/Users-master/, , Project: ProjectReference(file:/C:/Users/David/Documents/(UNIVERSIDAD)/ASW/Trivial_i2a/gW/Users-master/,root), Config: compile)),true,None)
Sending msg to client play-fork-run-97664bba-60d0-4f86-acab-131ef5ba8eb3: TaskFinished(8,542,Some(AttributeKey[scala.collection.Seq[sbt.Attributed[java.io.File]]]("externalDependencyClasspath") in Scope(Build: file:/C:/Users/David/Documents/(UNIVERSIDAD)/ASW/Trivial_i2a/gW/Users-master/, , Project: ProjectReference(file:/C:/Users/David/Documents/(UNIVERSIDAD)/ASW/Trivial_i2a/gW/Users-master/,root), Config: compile)),true,None)
Sending msg to client play-fork-run-97664bba-60d0-4f86-acab-131ef5ba8eb3: TaskStarted(8,541,None)
Sending msg to client play-fork-run-97664bba-60d0-4f86-acab-131ef5ba8eb3: TaskFinished(8,541,None,true,None)
Sending msg to client play-fork-run-97664bba-60d0-4f86-acab-131ef5ba8eb3: TaskStarted(8,540,Some(AttributeKey[scala.collection.Seq[sbt.Attributed[java.io.File]]]("dependencyClasspath") in Scope(Build: file:/C:/Users/David/Documents/(UNIVERSIDAD)/ASW/Trivial_i2a/gW/Users-master/, , Project: ProjectReference(file:/C:/Users/David/Documents/(UNIVERSIDAD)/ASW/Trivial_i2a/gW/Users-master/,root), Config: compile)))
Sending msg to client play-fork-run-97664bba-60d0-4f86-acab-131ef5ba8eb3: TaskFinished(8,540,Some(AttributeKey[scala.collection.Seq[sbt.Attributed[java.io.File]]]("dependencyClasspath") in Scope(Build: file:/C:/Users/David/Documents/(UNIVERSIDAD)/ASW/Trivial_i2a/gW/Users-master/, , Project: ProjectReference(file:/C:/Users/David/Documents/(UNIVERSIDAD)/ASW/Trivial_i2a/gW/Users-master/,root), Config: compile)),true,None)
Sending msg to client play-fork-run-97664bba-60d0-4f86-acab-131ef5ba8eb3: TaskStarted(8,536,Some(AttributeKey[sbt.Compiler$IncSetup]("incCompileSetup") in Scope(Build: file:/C:/Users/David/Documents/(UNIVERSIDAD)/ASW/Trivial_i2a/gW/Users-master/, , Project: ProjectReference(file:/C:/Users/David/Documents/(UNIVERSIDAD)/ASW/Trivial_i2a/gW/Users-master/,root), Config: compile)))
Sending msg to client play-fork-run-97664bba-60d0-4f86-acab-131ef5ba8eb3: TaskFinished(8,536,Some(AttributeKey[sbt.Compiler$IncSetup]("incCompileSetup") in Scope(Build: file:/C:/Users/David/Documents/(UNIVERSIDAD)/ASW/Trivial_i2a/gW/Users-master/, , Project: ProjectReference(file:/C:/Users/David/Documents/(UNIVERSIDAD)/ASW/Trivial_i2a/gW/Users-master/,root), Config: compile)),true,None)
Sending msg to client play-fork-run-97664bba-60d0-4f86-acab-131ef5ba8eb3: TaskStarted(8,486,Some(AttributeKey[sbt.Compiler$Inputs]("compileInputs") in Scope(Build: file:/C:/Users/David/Documents/(UNIVERSIDAD)/ASW/Trivial_i2a/gW/Users-master/, , Project: ProjectReference(file:/C:/Users/David/Documents/(UNIVERSIDAD)/ASW/Trivial_i2a/gW/Users-master/,root), Config: compile, Task: AttributeKey[sbt.inc.Analysis]("compile"))))
Sending msg to client play-fork-run-97664bba-60d0-4f86-acab-131ef5ba8eb3: TaskStarted(8,580,Some(AttributeKey[sbt.Compiler$PreviousAnalysis]("readAnalysis") in Scope(Build: file:/C:/Users/David/Documents/(UNIVERSIDAD)/ASW/Trivial_i2a/gW/Users-master/, , Project: ProjectReference(file:/C:/Users/David/Documents/(UNIVERSIDAD)/ASW/Trivial_i2a/gW/Users-master/,root), Config: compile)))
Sending msg to client play-fork-run-97664bba-60d0-4f86-acab-131ef5ba8eb3: TaskFinished(8,580,Some(AttributeKey[sbt.Compiler$PreviousAnalysis]("readAnalysis") in Scope(Build: file:/C:/Users/David/Documents/(UNIVERSIDAD)/ASW/Trivial_i2a/gW/Users-master/, , Project: ProjectReference(file:/C:/Users/David/Documents/(UNIVERSIDAD)/ASW/Trivial_i2a/gW/Users-master/,root), Config: compile)),true,None)
Sending msg to client play-fork-run-97664bba-60d0-4f86-acab-131ef5ba8eb3: TaskFinished(8,486,Some(AttributeKey[sbt.Compiler$Inputs]("compileInputs") in Scope(Build: file:/C:/Users/David/Documents/(UNIVERSIDAD)/ASW/Trivial_i2a/gW/Users-master/, , Project: ProjectReference(file:/C:/Users/David/Documents/(UNIVERSIDAD)/ASW/Trivial_i2a/gW/Users-master/,root), Config: compile, Task: AttributeKey[sbt.inc.Analysis]("compile"))),true,None)
Sending msg to client play-fork-run-97664bba-60d0-4f86-acab-131ef5ba8eb3: TaskStarted(8,576,Some(AttributeKey[scala.Option[xsbti.Reporter]]("compilerReporter") in Scope(Build: file:/C:/Users/David/Documents/(UNIVERSIDAD)/ASW/Trivial_i2a/gW/Users-master/, , Project: ProjectReference(file:/C:/Users/David/Documents/(UNIVERSIDAD)/ASW/Trivial_i2a/gW/Users-master/,root), Config: compile, Task: AttributeKey[sbt.inc.Analysis]("compile"))))
Sending msg to client play-fork-run-97664bba-60d0-4f86-acab-131ef5ba8eb3: TaskFinished(8,576,Some(AttributeKey[scala.Option[xsbti.Reporter]]("compilerReporter") in Scope(Build: file:/C:/Users/David/Documents/(UNIVERSIDAD)/ASW/Trivial_i2a/gW/Users-master/, , Project: ProjectReference(file:/C:/Users/David/Documents/(UNIVERSIDAD)/ASW/Trivial_i2a/gW/Users-master/,root), Config: compile, Task: AttributeKey[sbt.inc.Analysis]("compile"))),true,None)
Sending msg to client play-fork-run-97664bba-60d0-4f86-acab-131ef5ba8eb3: TaskStarted(8,575,Some(AttributeKey[sbt.compiler.IC$Result]("compileIncremental") in Scope(Build: file:/C:/Users/David/Documents/(UNIVERSIDAD)/ASW/Trivial_i2a/gW/Users-master/, , Project: ProjectReference(file:/C:/Users/David/Documents/(UNIVERSIDAD)/ASW/Trivial_i2a/gW/Users-master/,root), Config: compile)))
Sending msg to client play-fork-run-97664bba-60d0-4f86-acab-131ef5ba8eb3: TaskLogEvent(575,LogMessage(debug,
Initial source changes: 
	removed:Set()
	added: Set()
	modified: Set()
Removed products: Set()
External API changes: API Changes: Set()
Modified binary dependencies: Set()
Initial directly invalidated sources: Set()

Sources indirectly invalidated by:
	product: Set()
	binary dep: Set()
	external source: Set()))
Sending msg to client play-fork-run-97664bba-60d0-4f86-acab-131ef5ba8eb3: TaskLogEvent(575,LogMessage(debug,All initially invalidated sources: Set()
))
Sending msg to client play-fork-run-97664bba-60d0-4f86-acab-131ef5ba8eb3: TaskFinished(8,575,Some(AttributeKey[sbt.compiler.IC$Result]("compileIncremental") in Scope(Build: file:/C:/Users/David/Documents/(UNIVERSIDAD)/ASW/Trivial_i2a/gW/Users-master/, , Project: ProjectReference(file:/C:/Users/David/Documents/(UNIVERSIDAD)/ASW/Trivial_i2a/gW/Users-master/,root), Config: compile)),true,None)
Sending msg to client play-fork-run-97664bba-60d0-4f86-acab-131ef5ba8eb3: TaskStarted(8,574,Some(AttributeKey[sbt.compiler.IC$Result]("manipulateBytecode") in Scope(Build: file:/C:/Users/David/Documents/(UNIVERSIDAD)/ASW/Trivial_i2a/gW/Users-master/, , Project: ProjectReference(file:/C:/Users/David/Documents/(UNIVERSIDAD)/ASW/Trivial_i2a/gW/Users-master/,root), Config: compile)))
Sending msg to client play-fork-run-97664bba-60d0-4f86-acab-131ef5ba8eb3: TaskFinished(8,574,Some(AttributeKey[sbt.compiler.IC$Result]("manipulateBytecode") in Scope(Build: file:/C:/Users/David/Documents/(UNIVERSIDAD)/ASW/Trivial_i2a/gW/Users-master/, , Project: ProjectReference(file:/C:/Users/David/Documents/(UNIVERSIDAD)/ASW/Trivial_i2a/gW/Users-master/,root), Config: compile)),true,None)
Sending msg to client play-fork-run-97664bba-60d0-4f86-acab-131ef5ba8eb3: TaskStarted(8,573,Some(AttributeKey[sbt.inc.Analysis]("compile") in Scope(Build: file:/C:/Users/David/Documents/(UNIVERSIDAD)/ASW/Trivial_i2a/gW/Users-master/, , Project: ProjectReference(file:/C:/Users/David/Documents/(UNIVERSIDAD)/ASW/Trivial_i2a/gW/Users-master/,root), Config: compile)))
Sending msg to client play-fork-run-97664bba-60d0-4f86-acab-131ef5ba8eb3: TaskFinished(8,573,Some(AttributeKey[sbt.inc.Analysis]("compile") in Scope(Build: file:/C:/Users/David/Documents/(UNIVERSIDAD)/ASW/Trivial_i2a/gW/Users-master/, , Project: ProjectReference(file:/C:/Users/David/Documents/(UNIVERSIDAD)/ASW/Trivial_i2a/gW/Users-master/,root), Config: compile)),true,None)
Sending msg to client play-fork-run-97664bba-60d0-4f86-acab-131ef5ba8eb3: TaskStarted(8,485,Some(AttributeKey[sbt.inc.Analysis]("compile") in Scope(Build: file:/C:/Users/David/Documents/(UNIVERSIDAD)/ASW/Trivial_i2a/gW/Users-master/, , Project: ProjectReference(file:/C:/Users/David/Documents/(UNIVERSIDAD)/ASW/Trivial_i2a/gW/Users-master/,root), Config: compile)))
Sending msg to client play-fork-run-97664bba-60d0-4f86-acab-131ef5ba8eb3: TaskFinished(8,485,Some(AttributeKey[sbt.inc.Analysis]("compile") in Scope(Build: file:/C:/Users/David/Documents/(UNIVERSIDAD)/ASW/Trivial_i2a/gW/Users-master/, , Project: ProjectReference(file:/C:/Users/David/Documents/(UNIVERSIDAD)/ASW/Trivial_i2a/gW/Users-master/,root), Config: compile)),true,None)
Sending msg to client play-fork-run-97664bba-60d0-4f86-acab-131ef5ba8eb3: TaskStarted(8,484,Some(AttributeKey[scala.collection.Seq[java.lang.String]]("discoveredMainClasses") in Scope(Build: file:/C:/Users/David/Documents/(UNIVERSIDAD)/ASW/Trivial_i2a/gW/Users-master/, , Project: ProjectReference(file:/C:/Users/David/Documents/(UNIVERSIDAD)/ASW/Trivial_i2a/gW/Users-master/,root), Config: compile)))
Sending msg to client play-fork-run-97664bba-60d0-4f86-acab-131ef5ba8eb3: TaskFinished(8,484,Some(AttributeKey[scala.collection.Seq[java.lang.String]]("discoveredMainClasses") in Scope(Build: file:/C:/Users/David/Documents/(UNIVERSIDAD)/ASW/Trivial_i2a/gW/Users-master/, , Project: ProjectReference(file:/C:/Users/David/Documents/(UNIVERSIDAD)/ASW/Trivial_i2a/gW/Users-master/,root), Config: compile)),true,None)
Sending msg to client play-fork-run-97664bba-60d0-4f86-acab-131ef5ba8eb3: TaskStarted(8,483,None)
Sending msg to client play-fork-run-97664bba-60d0-4f86-acab-131ef5ba8eb3: TaskFinished(8,483,None,true,None)
Sending msg to client play-fork-run-97664bba-60d0-4f86-acab-131ef5ba8eb3: TaskStarted(8,482,None)
Sending msg to client play-fork-run-97664bba-60d0-4f86-acab-131ef5ba8eb3: TaskFinished(8,482,None,true,None)
Sending msg to client play-fork-run-97664bba-60d0-4f86-acab-131ef5ba8eb3: DetachedLogEvent(LogMessage(debug,cancel strategy finish enabled=false lastCommand=Some(LastCommand(CommandExecutionWork(ExecutionId(8),{file:/C:/Users/David/Documents/(UNIVERSIDAD)/ASW/Trivial_i2a/gW/Users-master/}root/compile:discoveredMainClasses,Set(LiveClient(activator 8dc7717c-5a1f-416e-af40-60ec0e020e63)),sbt.server.WorkCancellationStatus$$anon$1@156e230)))))
Sending msg to client play-fork-run-97664bba-60d0-4f86-acab-131ef5ba8eb3: DetachedLogEvent(LogSuccess(Total time: 5 s, completed 01-may-2015 23:44:16))
Sending msg to client play-fork-run-97664bba-60d0-4f86-acab-131ef5ba8eb3: DetachedLogEvent(LogMessage(debug,> server-post-command-cleanup))
Sending msg to client play-fork-run-97664bba-60d0-4f86-acab-131ef5ba8eb3: ExecutionSuccess(8)
Sending msg to client play-fork-run-97664bba-60d0-4f86-acab-131ef5ba8eb3: DetachedLogEvent(LogMessage(debug,> server-handle-next-server-request))
