New log file opened at Sun May 10 15:10:03 CEST 2015 by 3152@Admin-PC
Sending msg to client play-fork-run-d39ccd95-e72d-406a-87f9-24abf9ac1b38: DetachedLogEvent(LogMessage(debug,sbt server socket logs are in: C:\Users\Admin\Desktop\ASW\Trivial_i2a\Trivial_i2a\gW\Users-master\.sbtserver\connections\master.log))
Sending msg to client play-fork-run-d39ccd95-e72d-406a-87f9-24abf9ac1b38: DetachedLogEvent(LogMessage(debug,sbt client logs are in: C:\Users\Admin\Desktop\ASW\Trivial_i2a\Trivial_i2a\gW\Users-master\.sbtserver\connections\play-fork-run-d39ccd95-e72d-406a-87f9-24abf9ac1b38.log))
Sending msg to client play-fork-run-d39ccd95-e72d-406a-87f9-24abf9ac1b38: DetachedLogEvent(LogMessage(debug,sbt general server logs are in: C:\Users\Admin\Desktop\ASW\Trivial_i2a\Trivial_i2a\gW\Users-master\.sbtserver\master.log))
Reading next message from client.
Got request: DaemonRequest(true)
Reading next message from client.
Sending msg to client play-fork-run-d39ccd95-e72d-406a-87f9-24abf9ac1b38: (3,ReceivedResponse())
Got request: ListenToEvents()
Reading next message from client.
Sending msg to client play-fork-run-d39ccd95-e72d-406a-87f9-24abf9ac1b38: BackgroundJobStarted(13,BackgroundJobInfo(2,backgroundRun,AttributeKey[sbt.BackgroundJobHandle]("backgroundRun") in Scope(Build: file:/C:/Users/Admin/Desktop/ASW/Trivial_i2a/Trivial_i2a/gW/Users-master/, , Project: ProjectReference(file:/C:/Users/Admin/Desktop/ASW/Trivial_i2a/Trivial_i2a/gW/Users-master/,root), Config: compile)))
Sending msg to client play-fork-run-d39ccd95-e72d-406a-87f9-24abf9ac1b38: BackgroundJobStarted(7,BackgroundJobInfo(1,backgroundRun,AttributeKey[sbt.BackgroundJobHandle]("backgroundRun") in Scope(Build: file:/C:/Users/Admin/Desktop/ASW/Trivial_i2a/Trivial_i2a/gW/Users-master/, , Project: ProjectReference(file:/C:/Users/Admin/Desktop/ASW/Trivial_i2a/Trivial_i2a/gW/Users-master/,root), Config: compile)))
Sending msg to client play-fork-run-d39ccd95-e72d-406a-87f9-24abf9ac1b38: (4,ReceivedResponse())
Got request: KeyLookupRequest(root/playForkConfig)
Reading next message from client.
Sending msg to client play-fork-run-d39ccd95-e72d-406a-87f9-24abf9ac1b38: (5,KeyLookupResponse(root/playForkConfig,Vector(AttributeKey[play.forkrun.protocol.ForkConfig]("playForkConfig") in Scope(Build: file:/C:/Users/Admin/Desktop/ASW/Trivial_i2a/Trivial_i2a/gW/Users-master/, , Project: ProjectReference(file:/C:/Users/Admin/Desktop/ASW/Trivial_i2a/Trivial_i2a/gW/Users-master/,root)))))
Got request: ListenToValue(AttributeKey[play.forkrun.protocol.ForkConfig]("playForkConfig") in Scope(Build: file:/C:/Users/Admin/Desktop/ASW/Trivial_i2a/Trivial_i2a/gW/Users-master/, , Project: ProjectReference(file:/C:/Users/Admin/Desktop/ASW/Trivial_i2a/Trivial_i2a/gW/Users-master/,root)))
Reading next message from client.
Sending msg to client play-fork-run-d39ccd95-e72d-406a-87f9-24abf9ac1b38: (6,ReceivedResponse())
Got request: KeyExecutionRequest(AttributeKey[play.forkrun.protocol.ForkConfig]("playForkConfig") in Scope(Build: file:/C:/Users/Admin/Desktop/ASW/Trivial_i2a/Trivial_i2a/gW/Users-master/, , Project: ProjectReference(file:/C:/Users/Admin/Desktop/ASW/Trivial_i2a/Trivial_i2a/gW/Users-master/,root)))
Reading next message from client.
Sending msg to client play-fork-run-d39ccd95-e72d-406a-87f9-24abf9ac1b38: (7,ExecutionRequestReceived(14))
Sending msg to client play-fork-run-d39ccd95-e72d-406a-87f9-24abf9ac1b38: ExecutionWaiting(14,{file:/C:/Users/Admin/Desktop/ASW/Trivial_i2a/Trivial_i2a/gW/Users-master/}root/*:playForkConfig,ClientInfo(d39ccd95-e72d-406a-87f9-24abf9ac1b38,play-fork-run,Play Fork Run,1,Vector()))
Sending msg to client play-fork-run-d39ccd95-e72d-406a-87f9-24abf9ac1b38: ExecutionStarting(14)
Sending msg to client play-fork-run-d39ccd95-e72d-406a-87f9-24abf9ac1b38: DetachedLogEvent(LogMessage(debug,> {file:/C:/Users/Admin/Desktop/ASW/Trivial_i2a/Trivial_i2a/gW/Users-master/}root/*:playForkConfig))
Sending msg to client play-fork-run-d39ccd95-e72d-406a-87f9-24abf9ac1b38: DetachedLogEvent(LogMessage(debug,Evaluating tasks: *:playForkConfig))
Sending msg to client play-fork-run-d39ccd95-e72d-406a-87f9-24abf9ac1b38: DetachedLogEvent(LogMessage(debug,Running task... Cancel: sbt.server.ServerTaskCancellation@5d3d550, check cycles: false))
Sending msg to client play-fork-run-d39ccd95-e72d-406a-87f9-24abf9ac1b38: DetachedLogEvent(LogMessage(debug,cancel strategy start enabled=true lastCommand=Some(LastCommand(CommandExecutionWork(ExecutionId(14),{file:/C:/Users/Admin/Desktop/ASW/Trivial_i2a/Trivial_i2a/gW/Users-master/}root/*:playForkConfig,Set(LiveClient(play-fork-run d39ccd95-e72d-406a-87f9-24abf9ac1b38)),sbt.server.WorkCancellationStatus$$anon$1@5f05e03c)))))
Sending msg to client play-fork-run-d39ccd95-e72d-406a-87f9-24abf9ac1b38: TaskStarted(14,1236,None)
Sending msg to client play-fork-run-d39ccd95-e72d-406a-87f9-24abf9ac1b38: TaskStarted(14,1238,None)
Sending msg to client play-fork-run-d39ccd95-e72d-406a-87f9-24abf9ac1b38: TaskStarted(14,1239,None)
Sending msg to client play-fork-run-d39ccd95-e72d-406a-87f9-24abf9ac1b38: TaskStarted(14,1243,Some(AttributeKey[java.lang.String]("updateCacheName") in Scope(Build: file:/C:/Users/Admin/Desktop/ASW/Trivial_i2a/Trivial_i2a/gW/Users-master/, , Project: ProjectReference(file:/C:/Users/Admin/Desktop/ASW/Trivial_i2a/Trivial_i2a/gW/Users-master/,root))))
Sending msg to client play-fork-run-d39ccd95-e72d-406a-87f9-24abf9ac1b38: TaskStarted(14,1244,Some(AttributeKey[boolean]("skip") in Scope(Global)))
Sending msg to client play-fork-run-d39ccd95-e72d-406a-87f9-24abf9ac1b38: TaskStarted(14,1259,Some(AttributeKey[scala.Option[scala.collection.Seq[sbt.Resolver]]]("bootResolvers") in Scope(Build: file:/C:/Users/Admin/Desktop/ASW/Trivial_i2a/Trivial_i2a/gW/Users-master/, , Project: ProjectReference(file:/C:/Users/Admin/Desktop/ASW/Trivial_i2a/Trivial_i2a/gW/Users-master/,root))))
Sending msg to client play-fork-run-d39ccd95-e72d-406a-87f9-24abf9ac1b38: TaskStarted(14,1260,Some(AttributeKey[scala.collection.Seq[sbt.Resolver]]("externalResolvers") in Scope(Build: file:/C:/Users/Admin/Desktop/ASW/Trivial_i2a/Trivial_i2a/gW/Users-master/, , Project: ProjectReference(file:/C:/Users/Admin/Desktop/ASW/Trivial_i2a/Trivial_i2a/gW/Users-master/,root))))
Sending msg to client play-fork-run-d39ccd95-e72d-406a-87f9-24abf9ac1b38: TaskStarted(14,1261,Some(AttributeKey[scala.collection.Seq[sbt.Credentials]]("credentials") in Scope(Global)))
Sending msg to client play-fork-run-d39ccd95-e72d-406a-87f9-24abf9ac1b38: TaskStarted(14,1263,None)
Sending msg to client play-fork-run-d39ccd95-e72d-406a-87f9-24abf9ac1b38: TaskStarted(14,1266,None)
Sending msg to client play-fork-run-d39ccd95-e72d-406a-87f9-24abf9ac1b38: TaskStarted(14,1267,None)
Sending msg to client play-fork-run-d39ccd95-e72d-406a-87f9-24abf9ac1b38: TaskStarted(14,1278,None)
Sending msg to client play-fork-run-d39ccd95-e72d-406a-87f9-24abf9ac1b38: TaskStarted(14,1282,Some(AttributeKey[scala.collection.Seq[java.lang.String]]("javaOptions") in Scope(Global)))
Sending msg to client play-fork-run-d39ccd95-e72d-406a-87f9-24abf9ac1b38: TaskStarted(14,1284,Some(AttributeKey[scala.Tuple2[java.lang.String,java.io.File]]("playPrefixAndAssets") in Scope(Build: file:/C:/Users/Admin/Desktop/ASW/Trivial_i2a/Trivial_i2a/gW/Users-master/, , Project: ProjectReference(file:/C:/Users/Admin/Desktop/ASW/Trivial_i2a/Trivial_i2a/gW/Users-master/,root))))
Sending msg to client play-fork-run-d39ccd95-e72d-406a-87f9-24abf9ac1b38: TaskFinished(14,1236,None,true,None)
Sending msg to client play-fork-run-d39ccd95-e72d-406a-87f9-24abf9ac1b38: TaskStarted(14,1235,None)
Sending msg to client play-fork-run-d39ccd95-e72d-406a-87f9-24abf9ac1b38: TaskStarted(14,1242,None)
Sending msg to client play-fork-run-d39ccd95-e72d-406a-87f9-24abf9ac1b38: TaskStarted(14,1252,None)
Sending msg to client play-fork-run-d39ccd95-e72d-406a-87f9-24abf9ac1b38: TaskStarted(14,1254,None)
Sending msg to client play-fork-run-d39ccd95-e72d-406a-87f9-24abf9ac1b38: TaskStarted(14,1258,None)
Sending msg to client play-fork-run-d39ccd95-e72d-406a-87f9-24abf9ac1b38: TaskStarted(14,1270,None)
Sending msg to client play-fork-run-d39ccd95-e72d-406a-87f9-24abf9ac1b38: TaskStarted(14,1273,None)
Sending msg to client play-fork-run-d39ccd95-e72d-406a-87f9-24abf9ac1b38: TaskStarted(14,1280,None)
Sending msg to client play-fork-run-d39ccd95-e72d-406a-87f9-24abf9ac1b38: TaskFinished(14,1238,None,true,None)
Sending msg to client play-fork-run-d39ccd95-e72d-406a-87f9-24abf9ac1b38: TaskStarted(14,1250,Some(AttributeKey[sbt.BuildStructure]("buildStructure") in Scope(Global)))
Sending msg to client play-fork-run-d39ccd95-e72d-406a-87f9-24abf9ac1b38: TaskStarted(14,1264,Some(AttributeKey[java.io.File]("dependencyCacheDirectory") in Scope(Build: file:/C:/Users/Admin/Desktop/ASW/Trivial_i2a/Trivial_i2a/gW/Users-master/, , Project: ProjectReference(file:/C:/Users/Admin/Desktop/ASW/Trivial_i2a/Trivial_i2a/gW/Users-master/,root))))
Sending msg to client play-fork-run-d39ccd95-e72d-406a-87f9-24abf9ac1b38: TaskStarted(14,1268,Some(AttributeKey[scala.collection.Seq[java.lang.String]]("playMonitoredFiles") in Scope(Build: file:/C:/Users/Admin/Desktop/ASW/Trivial_i2a/Trivial_i2a/gW/Users-master/, , Project: ProjectReference(file:/C:/Users/Admin/Desktop/ASW/Trivial_i2a/Trivial_i2a/gW/Users-master/,root))))
Sending msg to client play-fork-run-d39ccd95-e72d-406a-87f9-24abf9ac1b38: TaskFinished(14,1239,None,true,None)
Sending msg to client play-fork-run-d39ccd95-e72d-406a-87f9-24abf9ac1b38: TaskFinished(14,1243,Some(AttributeKey[java.lang.String]("updateCacheName") in Scope(Build: file:/C:/Users/Admin/Desktop/ASW/Trivial_i2a/Trivial_i2a/gW/Users-master/, , Project: ProjectReference(file:/C:/Users/Admin/Desktop/ASW/Trivial_i2a/Trivial_i2a/gW/Users-master/,root))),true,None)
Sending msg to client play-fork-run-d39ccd95-e72d-406a-87f9-24abf9ac1b38: TaskFinished(14,1244,Some(AttributeKey[boolean]("skip") in Scope(Global)),true,None)
Sending msg to client play-fork-run-d39ccd95-e72d-406a-87f9-24abf9ac1b38: TaskFinished(14,1259,Some(AttributeKey[scala.Option[scala.collection.Seq[sbt.Resolver]]]("bootResolvers") in Scope(Build: file:/C:/Users/Admin/Desktop/ASW/Trivial_i2a/Trivial_i2a/gW/Users-master/, , Project: ProjectReference(file:/C:/Users/Admin/Desktop/ASW/Trivial_i2a/Trivial_i2a/gW/Users-master/,root))),true,None)
Sending msg to client play-fork-run-d39ccd95-e72d-406a-87f9-24abf9ac1b38: TaskFinished(14,1263,None,true,None)
Sending msg to client play-fork-run-d39ccd95-e72d-406a-87f9-24abf9ac1b38: TaskFinished(14,1266,None,true,None)
Sending msg to client play-fork-run-d39ccd95-e72d-406a-87f9-24abf9ac1b38: TaskFinished(14,1235,None,true,None)
Sending msg to client play-fork-run-d39ccd95-e72d-406a-87f9-24abf9ac1b38: TaskFinished(14,1282,Some(AttributeKey[scala.collection.Seq[java.lang.String]]("javaOptions") in Scope(Global)),true,None)
Sending msg to client play-fork-run-d39ccd95-e72d-406a-87f9-24abf9ac1b38: TaskFinished(14,1254,None,true,None)
Sending msg to client play-fork-run-d39ccd95-e72d-406a-87f9-24abf9ac1b38: TaskFinished(14,1258,None,true,None)
Sending msg to client play-fork-run-d39ccd95-e72d-406a-87f9-24abf9ac1b38: TaskFinished(14,1270,None,true,None)
Sending msg to client play-fork-run-d39ccd95-e72d-406a-87f9-24abf9ac1b38: TaskFinished(14,1267,None,true,None)
Sending msg to client play-fork-run-d39ccd95-e72d-406a-87f9-24abf9ac1b38: TaskStarted(14,1265,Some(AttributeKey[scala.collection.Seq[sbt.UpdateReport]]("transitiveUpdate") in Scope(Build: file:/C:/Users/Admin/Desktop/ASW/Trivial_i2a/Trivial_i2a/gW/Users-master/, , Project: ProjectReference(file:/C:/Users/Admin/Desktop/ASW/Trivial_i2a/Trivial_i2a/gW/Users-master/,root))))
Sending msg to client play-fork-run-d39ccd95-e72d-406a-87f9-24abf9ac1b38: TaskFinished(14,1252,None,true,None)
Sending msg to client play-fork-run-d39ccd95-e72d-406a-87f9-24abf9ac1b38: TaskFinished(14,1278,None,true,None)
Sending msg to client play-fork-run-d39ccd95-e72d-406a-87f9-24abf9ac1b38: TaskFinished(14,1260,Some(AttributeKey[scala.collection.Seq[sbt.Resolver]]("externalResolvers") in Scope(Build: file:/C:/Users/Admin/Desktop/ASW/Trivial_i2a/Trivial_i2a/gW/Users-master/, , Project: ProjectReference(file:/C:/Users/Admin/Desktop/ASW/Trivial_i2a/Trivial_i2a/gW/Users-master/,root))),true,None)
Sending msg to client play-fork-run-d39ccd95-e72d-406a-87f9-24abf9ac1b38: TaskFinished(14,1242,None,true,None)
Sending msg to client play-fork-run-d39ccd95-e72d-406a-87f9-24abf9ac1b38: TaskStarted(14,1241,Some(AttributeKey[scala.collection.immutable.Map[sbt.ModuleID,sbt.SourcePosition]]("dependencyPositions") in Scope(Build: file:/C:/Users/Admin/Desktop/ASW/Trivial_i2a/Trivial_i2a/gW/Users-master/, , Project: ProjectReference(file:/C:/Users/Admin/Desktop/ASW/Trivial_i2a/Trivial_i2a/gW/Users-master/,root))))
Sending msg to client play-fork-run-d39ccd95-e72d-406a-87f9-24abf9ac1b38: TaskFinished(14,1273,None,true,None)
Sending msg to client play-fork-run-d39ccd95-e72d-406a-87f9-24abf9ac1b38: TaskFinished(14,1261,Some(AttributeKey[scala.collection.Seq[sbt.Credentials]]("credentials") in Scope(Global)),true,None)
Sending msg to client play-fork-run-d39ccd95-e72d-406a-87f9-24abf9ac1b38: TaskFinished(14,1284,Some(AttributeKey[scala.Tuple2[java.lang.String,java.io.File]]("playPrefixAndAssets") in Scope(Build: file:/C:/Users/Admin/Desktop/ASW/Trivial_i2a/Trivial_i2a/gW/Users-master/, , Project: ProjectReference(file:/C:/Users/Admin/Desktop/ASW/Trivial_i2a/Trivial_i2a/gW/Users-master/,root))),true,None)
Sending msg to client play-fork-run-d39ccd95-e72d-406a-87f9-24abf9ac1b38: TaskStarted(14,1286,None)
Sending msg to client play-fork-run-d39ccd95-e72d-406a-87f9-24abf9ac1b38: TaskFinished(14,1280,None,true,None)
Sending msg to client play-fork-run-d39ccd95-e72d-406a-87f9-24abf9ac1b38: TaskFinished(14,1250,Some(AttributeKey[sbt.BuildStructure]("buildStructure") in Scope(Global)),true,None)
Sending msg to client play-fork-run-d39ccd95-e72d-406a-87f9-24abf9ac1b38: TaskStarted(14,1249,Some(AttributeKey[sbt.Settings[sbt.Scope]]("settingsData") in Scope(Global)))
Sending msg to client play-fork-run-d39ccd95-e72d-406a-87f9-24abf9ac1b38: TaskFinished(14,1265,Some(AttributeKey[scala.collection.Seq[sbt.UpdateReport]]("transitiveUpdate") in Scope(Build: file:/C:/Users/Admin/Desktop/ASW/Trivial_i2a/Trivial_i2a/gW/Users-master/, , Project: ProjectReference(file:/C:/Users/Admin/Desktop/ASW/Trivial_i2a/Trivial_i2a/gW/Users-master/,root))),true,None)
Sending msg to client play-fork-run-d39ccd95-e72d-406a-87f9-24abf9ac1b38: TaskFinished(14,1249,Some(AttributeKey[sbt.Settings[sbt.Scope]]("settingsData") in Scope(Global)),true,None)
Sending msg to client play-fork-run-d39ccd95-e72d-406a-87f9-24abf9ac1b38: TaskStarted(14,1248,Some(AttributeKey[scala.collection.Seq[sbt.ModuleID]]("projectDependencies") in Scope(Build: file:/C:/Users/Admin/Desktop/ASW/Trivial_i2a/Trivial_i2a/gW/Users-master/, , Project: ProjectReference(file:/C:/Users/Admin/Desktop/ASW/Trivial_i2a/Trivial_i2a/gW/Users-master/,root))))
Sending msg to client play-fork-run-d39ccd95-e72d-406a-87f9-24abf9ac1b38: TaskStarted(14,1257,Some(AttributeKey[scala.collection.immutable.Map[org.apache.ivy.core.module.id.ModuleRevisionId,org.apache.ivy.core.module.descriptor.ModuleDescriptor]]("projectDescriptors") in Scope(Build: file:/C:/Users/Admin/Desktop/ASW/Trivial_i2a/Trivial_i2a/gW/Users-master/, , Project: ProjectReference(file:/C:/Users/Admin/Desktop/ASW/Trivial_i2a/Trivial_i2a/gW/Users-master/,root))))
Sending msg to client play-fork-run-d39ccd95-e72d-406a-87f9-24abf9ac1b38: TaskStarted(14,1262,None)
Sending msg to client play-fork-run-d39ccd95-e72d-406a-87f9-24abf9ac1b38: TaskStarted(14,1281,None)
Sending msg to client play-fork-run-d39ccd95-e72d-406a-87f9-24abf9ac1b38: TaskFinished(14,1268,Some(AttributeKey[scala.collection.Seq[java.lang.String]]("playMonitoredFiles") in Scope(Build: file:/C:/Users/Admin/Desktop/ASW/Trivial_i2a/Trivial_i2a/gW/Users-master/, , Project: ProjectReference(file:/C:/Users/Admin/Desktop/ASW/Trivial_i2a/Trivial_i2a/gW/Users-master/,root))),true,None)
Sending msg to client play-fork-run-d39ccd95-e72d-406a-87f9-24abf9ac1b38: TaskFinished(14,1286,None,true,None)
Sending msg to client play-fork-run-d39ccd95-e72d-406a-87f9-24abf9ac1b38: TaskStarted(14,1285,None)
Sending msg to client play-fork-run-d39ccd95-e72d-406a-87f9-24abf9ac1b38: TaskFinished(14,1241,Some(AttributeKey[scala.collection.immutable.Map[sbt.ModuleID,sbt.SourcePosition]]("dependencyPositions") in Scope(Build: file:/C:/Users/Admin/Desktop/ASW/Trivial_i2a/Trivial_i2a/gW/Users-master/, , Project: ProjectReference(file:/C:/Users/Admin/Desktop/ASW/Trivial_i2a/Trivial_i2a/gW/Users-master/,root))),true,None)
Sending msg to client play-fork-run-d39ccd95-e72d-406a-87f9-24abf9ac1b38: TaskStarted(14,1240,Some(AttributeKey[sbt.UnresolvedWarningConfiguration]("unresolvedWarningConfiguration") in Scope(Build: file:/C:/Users/Admin/Desktop/ASW/Trivial_i2a/Trivial_i2a/gW/Users-master/, , Project: ProjectReference(file:/C:/Users/Admin/Desktop/ASW/Trivial_i2a/Trivial_i2a/gW/Users-master/,root), Task: AttributeKey[sbt.UpdateReport]("update"))))
Sending msg to client play-fork-run-d39ccd95-e72d-406a-87f9-24abf9ac1b38: TaskFinished(14,1248,Some(AttributeKey[scala.collection.Seq[sbt.ModuleID]]("projectDependencies") in Scope(Build: file:/C:/Users/Admin/Desktop/ASW/Trivial_i2a/Trivial_i2a/gW/Users-master/, , Project: ProjectReference(file:/C:/Users/Admin/Desktop/ASW/Trivial_i2a/Trivial_i2a/gW/Users-master/,root))),true,None)
Sending msg to client play-fork-run-d39ccd95-e72d-406a-87f9-24abf9ac1b38: TaskStarted(14,1247,Some(AttributeKey[scala.collection.Seq[sbt.ModuleID]]("allDependencies") in Scope(Build: file:/C:/Users/Admin/Desktop/ASW/Trivial_i2a/Trivial_i2a/gW/Users-master/, , Project: ProjectReference(file:/C:/Users/Admin/Desktop/ASW/Trivial_i2a/Trivial_i2a/gW/Users-master/,root))))
Sending msg to client play-fork-run-d39ccd95-e72d-406a-87f9-24abf9ac1b38: TaskFinished(14,1264,Some(AttributeKey[java.io.File]("dependencyCacheDirectory") in Scope(Build: file:/C:/Users/Admin/Desktop/ASW/Trivial_i2a/Trivial_i2a/gW/Users-master/, , Project: ProjectReference(file:/C:/Users/Admin/Desktop/ASW/Trivial_i2a/Trivial_i2a/gW/Users-master/,root))),true,None)
Sending msg to client play-fork-run-d39ccd95-e72d-406a-87f9-24abf9ac1b38: TaskStarted(14,1287,None)
Sending msg to client play-fork-run-d39ccd95-e72d-406a-87f9-24abf9ac1b38: TaskStarted(14,1292,None)
Sending msg to client play-fork-run-d39ccd95-e72d-406a-87f9-24abf9ac1b38: TaskStarted(14,1293,None)
Sending msg to client play-fork-run-d39ccd95-e72d-406a-87f9-24abf9ac1b38: TaskStarted(14,1295,None)
Sending msg to client play-fork-run-d39ccd95-e72d-406a-87f9-24abf9ac1b38: TaskStarted(14,1297,None)
Sending msg to client play-fork-run-d39ccd95-e72d-406a-87f9-24abf9ac1b38: TaskStarted(14,1298,None)
Sending msg to client play-fork-run-d39ccd95-e72d-406a-87f9-24abf9ac1b38: TaskFinished(14,1285,None,true,None)
Sending msg to client play-fork-run-d39ccd95-e72d-406a-87f9-24abf9ac1b38: TaskStarted(14,1283,Some(AttributeKey[scala.collection.Seq[scala.Tuple2[java.lang.String,java.io.File]]]("playAllAssets") in Scope(Build: file:/C:/Users/Admin/Desktop/ASW/Trivial_i2a/Trivial_i2a/gW/Users-master/, , Project: ProjectReference(file:/C:/Users/Admin/Desktop/ASW/Trivial_i2a/Trivial_i2a/gW/Users-master/,root))))
Sending msg to client play-fork-run-d39ccd95-e72d-406a-87f9-24abf9ac1b38: TaskStarted(14,1300,None)
Sending msg to client play-fork-run-d39ccd95-e72d-406a-87f9-24abf9ac1b38: TaskFinished(14,1240,Some(AttributeKey[sbt.UnresolvedWarningConfiguration]("unresolvedWarningConfiguration") in Scope(Build: file:/C:/Users/Admin/Desktop/ASW/Trivial_i2a/Trivial_i2a/gW/Users-master/, , Project: ProjectReference(file:/C:/Users/Admin/Desktop/ASW/Trivial_i2a/Trivial_i2a/gW/Users-master/,root), Task: AttributeKey[sbt.UpdateReport]("update"))),true,None)
Sending msg to client play-fork-run-d39ccd95-e72d-406a-87f9-24abf9ac1b38: TaskFinished(14,1247,Some(AttributeKey[scala.collection.Seq[sbt.ModuleID]]("allDependencies") in Scope(Build: file:/C:/Users/Admin/Desktop/ASW/Trivial_i2a/Trivial_i2a/gW/Users-master/, , Project: ProjectReference(file:/C:/Users/Admin/Desktop/ASW/Trivial_i2a/Trivial_i2a/gW/Users-master/,root))),true,None)
Sending msg to client play-fork-run-d39ccd95-e72d-406a-87f9-24abf9ac1b38: TaskStarted(14,1246,Some(AttributeKey[sbt.ModuleSettings]("moduleSettings") in Scope(Build: file:/C:/Users/Admin/Desktop/ASW/Trivial_i2a/Trivial_i2a/gW/Users-master/, , Project: ProjectReference(file:/C:/Users/Admin/Desktop/ASW/Trivial_i2a/Trivial_i2a/gW/Users-master/,root))))
Sending msg to client play-fork-run-d39ccd95-e72d-406a-87f9-24abf9ac1b38: TaskFinished(14,1287,None,true,None)
Sending msg to client play-fork-run-d39ccd95-e72d-406a-87f9-24abf9ac1b38: TaskFinished(14,1262,None,true,None)
Sending msg to client play-fork-run-d39ccd95-e72d-406a-87f9-24abf9ac1b38: TaskFinished(14,1293,None,true,None)
Sending msg to client play-fork-run-d39ccd95-e72d-406a-87f9-24abf9ac1b38: TaskFinished(14,1292,None,true,None)
Sending msg to client play-fork-run-d39ccd95-e72d-406a-87f9-24abf9ac1b38: TaskStarted(14,1291,Some(AttributeKey[scala.collection.Seq[sbt.Attributed[java.io.File]]]("unmanagedJars") in Scope(Build: file:/C:/Users/Admin/Desktop/ASW/Trivial_i2a/Trivial_i2a/gW/Users-master/, , Project: ProjectReference(file:/C:/Users/Admin/Desktop/ASW/Trivial_i2a/Trivial_i2a/gW/Users-master/,root), Config: compile)))
Sending msg to client play-fork-run-d39ccd95-e72d-406a-87f9-24abf9ac1b38: TaskFinished(14,1295,None,true,None)
Sending msg to client play-fork-run-d39ccd95-e72d-406a-87f9-24abf9ac1b38: TaskStarted(14,1294,None)
Sending msg to client play-fork-run-d39ccd95-e72d-406a-87f9-24abf9ac1b38: TaskFinished(14,1297,None,true,None)
Sending msg to client play-fork-run-d39ccd95-e72d-406a-87f9-24abf9ac1b38: TaskFinished(14,1298,None,true,None)
Sending msg to client play-fork-run-d39ccd95-e72d-406a-87f9-24abf9ac1b38: TaskStarted(14,1296,Some(AttributeKey[scala.collection.Seq[sbt.Attributed[java.io.File]]]("unmanagedJars") in Scope(Build: file:/C:/Users/Admin/Desktop/ASW/Trivial_i2a/Trivial_i2a/gW/Users-master/, , Project: ProjectReference(file:/C:/Users/Admin/Desktop/ASW/Trivial_i2a/Trivial_i2a/gW/Users-master/,root), Config: runtime)))
Sending msg to client play-fork-run-d39ccd95-e72d-406a-87f9-24abf9ac1b38: TaskFinished(14,1283,Some(AttributeKey[scala.collection.Seq[scala.Tuple2[java.lang.String,java.io.File]]]("playAllAssets") in Scope(Build: file:/C:/Users/Admin/Desktop/ASW/Trivial_i2a/Trivial_i2a/gW/Users-master/, , Project: ProjectReference(file:/C:/Users/Admin/Desktop/ASW/Trivial_i2a/Trivial_i2a/gW/Users-master/,root))),true,None)
Sending msg to client play-fork-run-d39ccd95-e72d-406a-87f9-24abf9ac1b38: TaskFinished(14,1300,None,true,None)
Sending msg to client play-fork-run-d39ccd95-e72d-406a-87f9-24abf9ac1b38: TaskStarted(14,1299,None)
Sending msg to client play-fork-run-d39ccd95-e72d-406a-87f9-24abf9ac1b38: TaskFinished(14,1246,Some(AttributeKey[sbt.ModuleSettings]("moduleSettings") in Scope(Build: file:/C:/Users/Admin/Desktop/ASW/Trivial_i2a/Trivial_i2a/gW/Users-master/, , Project: ProjectReference(file:/C:/Users/Admin/Desktop/ASW/Trivial_i2a/Trivial_i2a/gW/Users-master/,root))),true,None)
Sending msg to client play-fork-run-d39ccd95-e72d-406a-87f9-24abf9ac1b38: TaskStarted(14,1301,None)
Sending msg to client play-fork-run-d39ccd95-e72d-406a-87f9-24abf9ac1b38: TaskFinished(14,1301,None,true,None)
Sending msg to client play-fork-run-d39ccd95-e72d-406a-87f9-24abf9ac1b38: TaskFinished(14,1294,None,true,None)
Sending msg to client play-fork-run-d39ccd95-e72d-406a-87f9-24abf9ac1b38: TaskFinished(14,1299,None,true,None)
Sending msg to client play-fork-run-d39ccd95-e72d-406a-87f9-24abf9ac1b38: TaskFinished(14,1257,Some(AttributeKey[scala.collection.immutable.Map[org.apache.ivy.core.module.id.ModuleRevisionId,org.apache.ivy.core.module.descriptor.ModuleDescriptor]]("projectDescriptors") in Scope(Build: file:/C:/Users/Admin/Desktop/ASW/Trivial_i2a/Trivial_i2a/gW/Users-master/, , Project: ProjectReference(file:/C:/Users/Admin/Desktop/ASW/Trivial_i2a/Trivial_i2a/gW/Users-master/,root))),true,None)
Sending msg to client play-fork-run-d39ccd95-e72d-406a-87f9-24abf9ac1b38: TaskStarted(14,1256,Some(AttributeKey[sbt.Resolver]("projectResolver") in Scope(Build: file:/C:/Users/Admin/Desktop/ASW/Trivial_i2a/Trivial_i2a/gW/Users-master/, , Project: ProjectReference(file:/C:/Users/Admin/Desktop/ASW/Trivial_i2a/Trivial_i2a/gW/Users-master/,root))))
Sending msg to client play-fork-run-d39ccd95-e72d-406a-87f9-24abf9ac1b38: TaskFinished(14,1296,Some(AttributeKey[scala.collection.Seq[sbt.Attributed[java.io.File]]]("unmanagedJars") in Scope(Build: file:/C:/Users/Admin/Desktop/ASW/Trivial_i2a/Trivial_i2a/gW/Users-master/, , Project: ProjectReference(file:/C:/Users/Admin/Desktop/ASW/Trivial_i2a/Trivial_i2a/gW/Users-master/,root), Config: runtime)),true,None)
Sending msg to client play-fork-run-d39ccd95-e72d-406a-87f9-24abf9ac1b38: TaskFinished(14,1291,Some(AttributeKey[scala.collection.Seq[sbt.Attributed[java.io.File]]]("unmanagedJars") in Scope(Build: file:/C:/Users/Admin/Desktop/ASW/Trivial_i2a/Trivial_i2a/gW/Users-master/, , Project: ProjectReference(file:/C:/Users/Admin/Desktop/ASW/Trivial_i2a/Trivial_i2a/gW/Users-master/,root), Config: compile)),true,None)
Sending msg to client play-fork-run-d39ccd95-e72d-406a-87f9-24abf9ac1b38: TaskStarted(14,1290,Some(AttributeKey[scala.collection.Seq[sbt.Attributed[java.io.File]]]("unmanagedJars") in Scope(Build: file:/C:/Users/Admin/Desktop/ASW/Trivial_i2a/Trivial_i2a/gW/Users-master/, , Project: ProjectReference(file:/C:/Users/Admin/Desktop/ASW/Trivial_i2a/Trivial_i2a/gW/Users-master/,root), Config: compile)))
Sending msg to client play-fork-run-d39ccd95-e72d-406a-87f9-24abf9ac1b38: TaskFinished(14,1256,Some(AttributeKey[sbt.Resolver]("projectResolver") in Scope(Build: file:/C:/Users/Admin/Desktop/ASW/Trivial_i2a/Trivial_i2a/gW/Users-master/, , Project: ProjectReference(file:/C:/Users/Admin/Desktop/ASW/Trivial_i2a/Trivial_i2a/gW/Users-master/,root))),true,None)
Sending msg to client play-fork-run-d39ccd95-e72d-406a-87f9-24abf9ac1b38: TaskStarted(14,1255,Some(AttributeKey[scala.collection.Seq[sbt.Resolver]]("fullResolvers") in Scope(Build: file:/C:/Users/Admin/Desktop/ASW/Trivial_i2a/Trivial_i2a/gW/Users-master/, , Project: ProjectReference(file:/C:/Users/Admin/Desktop/ASW/Trivial_i2a/Trivial_i2a/gW/Users-master/,root))))
Sending msg to client play-fork-run-d39ccd95-e72d-406a-87f9-24abf9ac1b38: TaskFinished(14,1255,Some(AttributeKey[scala.collection.Seq[sbt.Resolver]]("fullResolvers") in Scope(Build: file:/C:/Users/Admin/Desktop/ASW/Trivial_i2a/Trivial_i2a/gW/Users-master/, , Project: ProjectReference(file:/C:/Users/Admin/Desktop/ASW/Trivial_i2a/Trivial_i2a/gW/Users-master/,root))),true,None)
Sending msg to client play-fork-run-d39ccd95-e72d-406a-87f9-24abf9ac1b38: TaskStarted(14,1253,Some(AttributeKey[sbt.IvyConfiguration]("ivyConfiguration") in Scope(Build: file:/C:/Users/Admin/Desktop/ASW/Trivial_i2a/Trivial_i2a/gW/Users-master/, , Project: ProjectReference(file:/C:/Users/Admin/Desktop/ASW/Trivial_i2a/Trivial_i2a/gW/Users-master/,root))))
Sending msg to client play-fork-run-d39ccd95-e72d-406a-87f9-24abf9ac1b38: TaskFinished(14,1253,Some(AttributeKey[sbt.IvyConfiguration]("ivyConfiguration") in Scope(Build: file:/C:/Users/Admin/Desktop/ASW/Trivial_i2a/Trivial_i2a/gW/Users-master/, , Project: ProjectReference(file:/C:/Users/Admin/Desktop/ASW/Trivial_i2a/Trivial_i2a/gW/Users-master/,root))),true,None)
Sending msg to client play-fork-run-d39ccd95-e72d-406a-87f9-24abf9ac1b38: TaskStarted(14,1251,Some(AttributeKey[sbt.IvySbt]("ivySbt") in Scope(Build: file:/C:/Users/Admin/Desktop/ASW/Trivial_i2a/Trivial_i2a/gW/Users-master/, , Project: ProjectReference(file:/C:/Users/Admin/Desktop/ASW/Trivial_i2a/Trivial_i2a/gW/Users-master/,root))))
Sending msg to client play-fork-run-d39ccd95-e72d-406a-87f9-24abf9ac1b38: TaskFinished(14,1251,Some(AttributeKey[sbt.IvySbt]("ivySbt") in Scope(Build: file:/C:/Users/Admin/Desktop/ASW/Trivial_i2a/Trivial_i2a/gW/Users-master/, , Project: ProjectReference(file:/C:/Users/Admin/Desktop/ASW/Trivial_i2a/Trivial_i2a/gW/Users-master/,root))),true,None)
Sending msg to client play-fork-run-d39ccd95-e72d-406a-87f9-24abf9ac1b38: TaskStarted(14,1245,Some(AttributeKey[sbt.IvySbt$Module]("ivyModule") in Scope(Build: file:/C:/Users/Admin/Desktop/ASW/Trivial_i2a/Trivial_i2a/gW/Users-master/, , Project: ProjectReference(file:/C:/Users/Admin/Desktop/ASW/Trivial_i2a/Trivial_i2a/gW/Users-master/,root))))
Sending msg to client play-fork-run-d39ccd95-e72d-406a-87f9-24abf9ac1b38: TaskFinished(14,1245,Some(AttributeKey[sbt.IvySbt$Module]("ivyModule") in Scope(Build: file:/C:/Users/Admin/Desktop/ASW/Trivial_i2a/Trivial_i2a/gW/Users-master/, , Project: ProjectReference(file:/C:/Users/Admin/Desktop/ASW/Trivial_i2a/Trivial_i2a/gW/Users-master/,root))),true,None)
Sending msg to client play-fork-run-d39ccd95-e72d-406a-87f9-24abf9ac1b38: TaskStarted(14,1237,Some(AttributeKey[sbt.UpdateReport]("update") in Scope(Build: file:/C:/Users/Admin/Desktop/ASW/Trivial_i2a/Trivial_i2a/gW/Users-master/, , Project: ProjectReference(file:/C:/Users/Admin/Desktop/ASW/Trivial_i2a/Trivial_i2a/gW/Users-master/,root))))
Sending msg to client play-fork-run-d39ccd95-e72d-406a-87f9-24abf9ac1b38: TaskFinished(14,1290,Some(AttributeKey[scala.collection.Seq[sbt.Attributed[java.io.File]]]("unmanagedJars") in Scope(Build: file:/C:/Users/Admin/Desktop/ASW/Trivial_i2a/Trivial_i2a/gW/Users-master/, , Project: ProjectReference(file:/C:/Users/Admin/Desktop/ASW/Trivial_i2a/Trivial_i2a/gW/Users-master/,root), Config: compile)),true,None)
Sending msg to client play-fork-run-d39ccd95-e72d-406a-87f9-24abf9ac1b38: TaskStarted(14,1289,None)
Sending msg to client play-fork-run-d39ccd95-e72d-406a-87f9-24abf9ac1b38: TaskFinished(14,1289,None,true,None)
Sending msg to client play-fork-run-d39ccd95-e72d-406a-87f9-24abf9ac1b38: TaskStarted(14,1288,None)
Sending msg to client play-fork-run-d39ccd95-e72d-406a-87f9-24abf9ac1b38: TaskFinished(14,1288,None,true,None)
Sending msg to client play-fork-run-d39ccd95-e72d-406a-87f9-24abf9ac1b38: TaskFinished(14,1281,None,true,None)
Sending msg to client play-fork-run-d39ccd95-e72d-406a-87f9-24abf9ac1b38: TaskStarted(14,1279,Some(AttributeKey[scala.collection.Seq[sbt.Attributed[java.io.File]]]("unmanagedClasspath") in Scope(Build: file:/C:/Users/Admin/Desktop/ASW/Trivial_i2a/Trivial_i2a/gW/Users-master/, , Project: ProjectReference(file:/C:/Users/Admin/Desktop/ASW/Trivial_i2a/Trivial_i2a/gW/Users-master/,root), Config: runtime)))
Sending msg to client play-fork-run-d39ccd95-e72d-406a-87f9-24abf9ac1b38: TaskFinished(14,1279,Some(AttributeKey[scala.collection.Seq[sbt.Attributed[java.io.File]]]("unmanagedClasspath") in Scope(Build: file:/C:/Users/Admin/Desktop/ASW/Trivial_i2a/Trivial_i2a/gW/Users-master/, , Project: ProjectReference(file:/C:/Users/Admin/Desktop/ASW/Trivial_i2a/Trivial_i2a/gW/Users-master/,root), Config: runtime)),true,None)
Sending msg to client play-fork-run-d39ccd95-e72d-406a-87f9-24abf9ac1b38: TaskFinished(14,1237,Some(AttributeKey[sbt.UpdateReport]("update") in Scope(Build: file:/C:/Users/Admin/Desktop/ASW/Trivial_i2a/Trivial_i2a/gW/Users-master/, , Project: ProjectReference(file:/C:/Users/Admin/Desktop/ASW/Trivial_i2a/Trivial_i2a/gW/Users-master/,root))),true,None)
Sending msg to client play-fork-run-d39ccd95-e72d-406a-87f9-24abf9ac1b38: TaskStarted(14,1234,Some(AttributeKey[sbt.UpdateReport]("update") in Scope(Build: file:/C:/Users/Admin/Desktop/ASW/Trivial_i2a/Trivial_i2a/gW/Users-master/, , Project: ProjectReference(file:/C:/Users/Admin/Desktop/ASW/Trivial_i2a/Trivial_i2a/gW/Users-master/,root))))
Sending msg to client play-fork-run-d39ccd95-e72d-406a-87f9-24abf9ac1b38: TaskFinished(14,1234,Some(AttributeKey[sbt.UpdateReport]("update") in Scope(Build: file:/C:/Users/Admin/Desktop/ASW/Trivial_i2a/Trivial_i2a/gW/Users-master/, , Project: ProjectReference(file:/C:/Users/Admin/Desktop/ASW/Trivial_i2a/Trivial_i2a/gW/Users-master/,root))),true,None)
Sending msg to client play-fork-run-d39ccd95-e72d-406a-87f9-24abf9ac1b38: TaskStarted(14,1233,Some(AttributeKey[scala.collection.Seq[sbt.Attributed[java.io.File]]]("managedClasspath") in Scope(Build: file:/C:/Users/Admin/Desktop/ASW/Trivial_i2a/Trivial_i2a/gW/Users-master/, , Project: ProjectReference(file:/C:/Users/Admin/Desktop/ASW/Trivial_i2a/Trivial_i2a/gW/Users-master/,root), Config: docs)))
Sending msg to client play-fork-run-d39ccd95-e72d-406a-87f9-24abf9ac1b38: TaskStarted(14,1277,Some(AttributeKey[sbt.Configuration]("classpathConfiguration") in Scope(Build: file:/C:/Users/Admin/Desktop/ASW/Trivial_i2a/Trivial_i2a/gW/Users-master/, , Project: ProjectReference(file:/C:/Users/Admin/Desktop/ASW/Trivial_i2a/Trivial_i2a/gW/Users-master/,root), Config: compile)))
Sending msg to client play-fork-run-d39ccd95-e72d-406a-87f9-24abf9ac1b38: TaskFinished(14,1233,Some(AttributeKey[scala.collection.Seq[sbt.Attributed[java.io.File]]]("managedClasspath") in Scope(Build: file:/C:/Users/Admin/Desktop/ASW/Trivial_i2a/Trivial_i2a/gW/Users-master/, , Project: ProjectReference(file:/C:/Users/Admin/Desktop/ASW/Trivial_i2a/Trivial_i2a/gW/Users-master/,root), Config: docs)),true,None)
Sending msg to client play-fork-run-d39ccd95-e72d-406a-87f9-24abf9ac1b38: TaskFinished(14,1277,Some(AttributeKey[sbt.Configuration]("classpathConfiguration") in Scope(Build: file:/C:/Users/Admin/Desktop/ASW/Trivial_i2a/Trivial_i2a/gW/Users-master/, , Project: ProjectReference(file:/C:/Users/Admin/Desktop/ASW/Trivial_i2a/Trivial_i2a/gW/Users-master/,root), Config: compile)),true,None)
Sending msg to client play-fork-run-d39ccd95-e72d-406a-87f9-24abf9ac1b38: TaskStarted(14,1276,None)
Sending msg to client play-fork-run-d39ccd95-e72d-406a-87f9-24abf9ac1b38: TaskFinished(14,1276,None,true,None)
Sending msg to client play-fork-run-d39ccd95-e72d-406a-87f9-24abf9ac1b38: TaskStarted(14,1275,Some(AttributeKey[sbt.Configuration]("classpathConfiguration") in Scope(Build: file:/C:/Users/Admin/Desktop/ASW/Trivial_i2a/Trivial_i2a/gW/Users-master/, , Project: ProjectReference(file:/C:/Users/Admin/Desktop/ASW/Trivial_i2a/Trivial_i2a/gW/Users-master/,root), Config: runtime)))
Sending msg to client play-fork-run-d39ccd95-e72d-406a-87f9-24abf9ac1b38: TaskFinished(14,1275,Some(AttributeKey[sbt.Configuration]("classpathConfiguration") in Scope(Build: file:/C:/Users/Admin/Desktop/ASW/Trivial_i2a/Trivial_i2a/gW/Users-master/, , Project: ProjectReference(file:/C:/Users/Admin/Desktop/ASW/Trivial_i2a/Trivial_i2a/gW/Users-master/,root), Config: runtime)),true,None)
Sending msg to client play-fork-run-d39ccd95-e72d-406a-87f9-24abf9ac1b38: TaskStarted(14,1274,None)
Sending msg to client play-fork-run-d39ccd95-e72d-406a-87f9-24abf9ac1b38: TaskFinished(14,1274,None,true,None)
Sending msg to client play-fork-run-d39ccd95-e72d-406a-87f9-24abf9ac1b38: TaskStarted(14,1272,Some(AttributeKey[scala.collection.Seq[sbt.Attributed[java.io.File]]]("managedClasspath") in Scope(Build: file:/C:/Users/Admin/Desktop/ASW/Trivial_i2a/Trivial_i2a/gW/Users-master/, , Project: ProjectReference(file:/C:/Users/Admin/Desktop/ASW/Trivial_i2a/Trivial_i2a/gW/Users-master/,root), Config: runtime)))
Sending msg to client play-fork-run-d39ccd95-e72d-406a-87f9-24abf9ac1b38: TaskFinished(14,1272,Some(AttributeKey[scala.collection.Seq[sbt.Attributed[java.io.File]]]("managedClasspath") in Scope(Build: file:/C:/Users/Admin/Desktop/ASW/Trivial_i2a/Trivial_i2a/gW/Users-master/, , Project: ProjectReference(file:/C:/Users/Admin/Desktop/ASW/Trivial_i2a/Trivial_i2a/gW/Users-master/,root), Config: runtime)),true,None)
Sending msg to client play-fork-run-d39ccd95-e72d-406a-87f9-24abf9ac1b38: TaskStarted(14,1271,None)
Sending msg to client play-fork-run-d39ccd95-e72d-406a-87f9-24abf9ac1b38: TaskFinished(14,1271,None,true,None)
Sending msg to client play-fork-run-d39ccd95-e72d-406a-87f9-24abf9ac1b38: TaskStarted(14,1269,Some(AttributeKey[scala.collection.Seq[sbt.Attributed[java.io.File]]]("playDependencyClasspath") in Scope(Build: file:/C:/Users/Admin/Desktop/ASW/Trivial_i2a/Trivial_i2a/gW/Users-master/, , Project: ProjectReference(file:/C:/Users/Admin/Desktop/ASW/Trivial_i2a/Trivial_i2a/gW/Users-master/,root))))
Sending msg to client play-fork-run-d39ccd95-e72d-406a-87f9-24abf9ac1b38: TaskFinished(14,1269,Some(AttributeKey[scala.collection.Seq[sbt.Attributed[java.io.File]]]("playDependencyClasspath") in Scope(Build: file:/C:/Users/Admin/Desktop/ASW/Trivial_i2a/Trivial_i2a/gW/Users-master/, , Project: ProjectReference(file:/C:/Users/Admin/Desktop/ASW/Trivial_i2a/Trivial_i2a/gW/Users-master/,root))),true,None)
Sending msg to client play-fork-run-d39ccd95-e72d-406a-87f9-24abf9ac1b38: TaskStarted(14,1232,Some(AttributeKey[play.forkrun.protocol.ForkConfig]("playForkConfig") in Scope(Build: file:/C:/Users/Admin/Desktop/ASW/Trivial_i2a/Trivial_i2a/gW/Users-master/, , Project: ProjectReference(file:/C:/Users/Admin/Desktop/ASW/Trivial_i2a/Trivial_i2a/gW/Users-master/,root))))
Sending msg to client play-fork-run-d39ccd95-e72d-406a-87f9-24abf9ac1b38: TaskFinished(14,1232,Some(AttributeKey[play.forkrun.protocol.ForkConfig]("playForkConfig") in Scope(Build: file:/C:/Users/Admin/Desktop/ASW/Trivial_i2a/Trivial_i2a/gW/Users-master/, , Project: ProjectReference(file:/C:/Users/Admin/Desktop/ASW/Trivial_i2a/Trivial_i2a/gW/Users-master/,root))),true,None)
Sending msg to client play-fork-run-d39ccd95-e72d-406a-87f9-24abf9ac1b38: ValueChanged(AttributeKey[play.forkrun.protocol.ForkConfig]("playForkConfig") in Scope(Build: file:/C:/Users/Admin/Desktop/ASW/Trivial_i2a/Trivial_i2a/gW/Users-master/, , Project: ProjectReference(file:/C:/Users/Admin/Desktop/ASW/Trivial_i2a/Trivial_i2a/gW/Users-master/,root)),TaskSuccess(BuildValue(LazyValue(ForkConfig(C:\Users\Admin\Desktop\ASW\Trivial_i2a\Trivial_i2a\gW\Users-master,List(),List(C:\Users\Admin\.ivy2\cache\org.scala-lang\scala-library\jars\scala-library-2.11.1.jar, C:\Users\Admin\.ivy2\cache\com.typesafe.play\twirl-api_2.11\jars\twirl-api_2.11-1.0.2.jar, C:\Users\Admin\.ivy2\cache\org.apache.commons\commons-lang3\jars\commons-lang3-3.1.jar, C:\Users\Admin\.ivy2\cache\org.scala-lang.modules\scala-xml_2.11\bundles\scala-xml_2.11-1.0.1.jar, C:\Users\Admin\.ivy2\cache\com.typesafe.play\play_2.11\jars\play_2.11-2.3.8.jar, C:\Users\Admin\.ivy2\cache\com.typesafe.play\build-link\jars\build-link-2.3.8.jar, C:\Users\Admin\.ivy2\cache\com.typesafe.play\play-exceptions\jars\play-exceptions-2.3.8.jar, C:\Users\Admin\.ivy2\cache\com.typesafe.play\play-iteratees_2.11\jars\play-iteratees_2.11-2.3.8.jar, C:\Users\Admin\.ivy2\cache\org.scala-stm\scala-stm_2.11\jars\scala-stm_2.11-0.7.jar, C:\Users\Admin\.ivy2\cache\com.typesafe\config\bundles\config-1.2.1.jar, C:\Users\Admin\.ivy2\cache\com.typesafe.play\play-json_2.11\jars\play-json_2.11-2.3.8.jar, C:\Users\Admin\.ivy2\cache\com.typesafe.play\play-functional_2.11\jars\play-functional_2.11-2.3.8.jar, C:\Users\Admin\.ivy2\cache\com.typesafe.play\play-datacommons_2.11\jars\play-datacommons_2.11-2.3.8.jar, C:\Users\Admin\.ivy2\cache\joda-time\joda-time\jars\joda-time-2.3.jar, C:\Users\Admin\.ivy2\cache\org.joda\joda-convert\jars\joda-convert-1.6.jar, C:\Users\Admin\.ivy2\cache\com.fasterxml.jackson.core\jackson-annotations\bundles\jackson-annotations-2.3.2.jar, C:\Users\Admin\.ivy2\cache\com.fasterxml.jackson.core\jackson-core\bundles\jackson-core-2.3.2.jar, C:\Users\Admin\.ivy2\cache\com.fasterxml.jackson.core\jackson-databind\bundles\jackson-databind-2.3.2.jar, C:\Users\Admin\.ivy2\cache\org.scala-lang\scala-reflect\jars\scala-reflect-2.11.1.jar, C:\Users\Admin\.ivy2\cache\org.scala-lang.modules\scala-parser-combinators_2.11\bundles\scala-parser-combinators_2.11-1.0.1.jar, C:\Users\Admin\.ivy2\cache\io.netty\netty\bundles\netty-3.9.3.Final.jar, C:\Users\Admin\.ivy2\cache\com.typesafe.netty\netty-http-pipelining\jars\netty-http-pipelining-1.1.2.jar, C:\Users\Admin\.ivy2\cache\org.slf4j\slf4j-api\jars\slf4j-api-1.7.6.jar, C:\Users\Admin\.ivy2\cache\org.slf4j\jul-to-slf4j\jars\jul-to-slf4j-1.7.6.jar, C:\Users\Admin\.ivy2\cache\org.slf4j\jcl-over-slf4j\jars\jcl-over-slf4j-1.7.6.jar, C:\Users\Admin\.ivy2\cache\ch.qos.logback\logback-core\jars\logback-core-1.1.1.jar, C:\Users\Admin\.ivy2\cache\ch.qos.logback\logback-classic\jars\logback-classic-1.1.1.jar, C:\Users\Admin\.ivy2\cache\com.typesafe.akka\akka-actor_2.11\jars\akka-actor_2.11-2.3.4.jar, C:\Users\Admin\.ivy2\cache\com.typesafe.akka\akka-slf4j_2.11\jars\akka-slf4j_2.11-2.3.4.jar, C:\Users\Admin\.ivy2\cache\commons-codec\commons-codec\jars\commons-codec-1.9.jar, C:\Users\Admin\.ivy2\cache\xerces\xercesImpl\jars\xercesImpl-2.11.0.jar, C:\Users\Admin\.ivy2\cache\xml-apis\xml-apis\jars\xml-apis-1.4.01.jar, C:\Users\Admin\.ivy2\cache\javax.transaction\jta\jars\jta-1.1.jar, C:\Users\Admin\.ivy2\cache\com.typesafe.play\play-java_2.11\jars\play-java_2.11-2.3.8.jar, C:\Users\Admin\.ivy2\cache\org.yaml\snakeyaml\bundles\snakeyaml-1.13.jar, C:\Users\Admin\.ivy2\cache\org.hibernate\hibernate-validator\jars\hibernate-validator-5.0.3.Final.jar, C:\Users\Admin\.ivy2\cache\javax.validation\validation-api\jars\validation-api-1.1.0.Final.jar, C:\Users\Admin\.ivy2\cache\com.fasterxml\classmate\bundles\classmate-1.0.0.jar, C:\Users\Admin\.ivy2\cache\org.jboss.logging\jboss-logging\jars\jboss-logging-3.2.0.Final.jar, C:\Users\Admin\.ivy2\cache\org.springframework\spring-context\jars\spring-context-4.0.3.RELEASE.jar, C:\Users\Admin\.ivy2\cache\org.springframework\spring-core\jars\spring-core-4.0.3.RELEASE.jar, C:\Users\Admin\.ivy2\cache\org.springframework\spring-beans\jars\spring-beans-4.0.3.RELEASE.jar, C:\Users\Admin\.ivy2\cache\org.javassist\javassist\bundles\javassist-3.19.0-GA.jar, C:\Users\Admin\.ivy2\cache\org.reflections\reflections\jars\reflections-0.9.8.jar, C:\Users\Admin\.ivy2\cache\com.google.guava\guava\bundles\guava-16.0.1.jar, C:\Users\Admin\.ivy2\cache\dom4j\dom4j\jars\dom4j-1.6.1.jar, C:\Users\Admin\.ivy2\cache\com.google.code.findbugs\jsr305\jars\jsr305-2.0.3.jar, C:\Users\Admin\.ivy2\cache\org.apache.tomcat\tomcat-servlet-api\jars\tomcat-servlet-api-8.0.5.jar, C:\Users\Admin\.ivy2\cache\com.typesafe.play\play-java-jdbc_2.11\jars\play-java-jdbc_2.11-2.3.8.jar, C:\Users\Admin\.ivy2\cache\com.typesafe.play\play-jdbc_2.11\jars\play-jdbc_2.11-2.3.8.jar, C:\Users\Admin\.ivy2\cache\com.jolbox\bonecp\bundles\bonecp-0.8.0.RELEASE.jar, C:\Users\Admin\.ivy2\cache\com.h2database\h2\jars\h2-1.3.175.jar, C:\Users\Admin\.ivy2\cache\tyrex\tyrex\jars\tyrex-1.0.1.jar, C:\Users\Admin\.ivy2\cache\com.typesafe.play\play-java-ebean_2.11\jars\play-java-ebean_2.11-2.3.8.jar, C:\Users\Admin\.ivy2\cache\org.avaje.ebeanorm\avaje-ebeanorm\jars\avaje-ebeanorm-3.3.4.jar, C:\Users\Admin\.ivy2\cache\org.avaje.ebeanorm\avaje-ebeanorm-agent\jars\avaje-ebeanorm-agent-3.2.2.jar, C:\Users\Admin\.ivy2\cache\org.hibernate.javax.persistence\hibernate-jpa-2.0-api\jars\hibernate-jpa-2.0-api-1.0.1.Final.jar, C:\Users\Admin\.ivy2\cache\com.typesafe.play\play-cache_2.11\jars\play-cache_2.11-2.3.8.jar, C:\Users\Admin\.ivy2\cache\net.sf.ehcache\ehcache-core\jars\ehcache-core-2.6.8.jar, C:\Users\Admin\.ivy2\cache\com.typesafe.play\play-java-ws_2.11\jars\play-java-ws_2.11-2.3.8.jar, C:\Users\Admin\.ivy2\cache\com.typesafe.play\play-ws_2.11\jars\play-ws_2.11-2.3.8.jar, C:\Users\Admin\.ivy2\cache\com.ning\async-http-client\jars\async-http-client-1.8.15.jar, C:\Users\Admin\.ivy2\cache\oauth.signpost\signpost-core\jars\signpost-core-1.2.1.2.jar, C:\Users\Admin\.ivy2\cache\oauth.signpost\signpost-commonshttp4\jars\signpost-commonshttp4-1.2.1.2.jar, C:\Users\Admin\.ivy2\cache\org.apache.httpcomponents\httpcore\jars\httpcore-4.0.1.jar, C:\Users\Admin\.ivy2\cache\org.apache.httpcomponents\httpclient\jars\httpclient-4.0.1.jar, C:\Users\Admin\.ivy2\cache\commons-logging\commons-logging\jars\commons-logging-1.1.1.jar, C:\Users\Admin\.ivy2\cache\com.googlecode.json-simple\json-simple\jars\json-simple-1.1.jar),List((public/,C:\Users\Admin\Desktop\ASW\Trivial_i2a\Trivial_i2a\gW\Users-master\target\web\public\main)),List(C:\Users\Admin\.ivy2\cache\com.typesafe.play\play-docs_2.11\jars\play-docs_2.11-2.3.8.jar, C:\Users\Admin\.ivy2\cache\org.scala-lang\scala-library\jars\scala-library-2.11.1.jar, C:\Users\Admin\.ivy2\cache\com.typesafe.play\play_2.11\jars\play_2.11-2.3.8.jar, C:\Users\Admin\.ivy2\cache\com.typesafe.play\build-link\jars\build-link-2.3.8.jar, C:\Users\Admin\.ivy2\cache\com.typesafe.play\play-exceptions\jars\play-exceptions-2.3.8.jar, C:\Users\Admin\.ivy2\cache\org.javassist\javassist\bundles\javassist-3.18.2-GA.jar, C:\Users\Admin\.ivy2\cache\com.typesafe.play\play-iteratees_2.11\jars\play-iteratees_2.11-2.3.8.jar, C:\Users\Admin\.ivy2\cache\org.scala-stm\scala-stm_2.11\jars\scala-stm_2.11-0.7.jar, C:\Users\Admin\.ivy2\cache\com.typesafe\config\bundles\config-1.2.1.jar, C:\Users\Admin\.ivy2\cache\com.typesafe.play\play-json_2.11\jars\play-json_2.11-2.3.8.jar, C:\Users\Admin\.ivy2\cache\com.typesafe.play\play-functional_2.11\jars\play-functional_2.11-2.3.8.jar, C:\Users\Admin\.ivy2\cache\com.typesafe.play\play-datacommons_2.11\jars\play-datacommons_2.11-2.3.8.jar, C:\Users\Admin\.ivy2\cache\joda-time\joda-time\jars\joda-time-2.3.jar, C:\Users\Admin\.ivy2\cache\org.joda\joda-convert\jars\joda-convert-1.6.jar, C:\Users\Admin\.ivy2\cache\com.fasterxml.jackson.core\jackson-annotations\bundles\jackson-annotations-2.3.2.jar, C:\Users\Admin\.ivy2\cache\com.fasterxml.jackson.core\jackson-core\bundles\jackson-core-2.3.2.jar, C:\Users\Admin\.ivy2\cache\com.fasterxml.jackson.core\jackson-databind\bundles\jackson-databind-2.3.2.jar, C:\Users\Admin\.ivy2\cache\org.scala-lang\scala-reflect\jars\scala-reflect-2.11.1.jar, C:\Users\Admin\.ivy2\cache\com.typesafe.play\twirl-api_2.11\jars\twirl-api_2.11-1.0.2.jar, C:\Users\Admin\.ivy2\cache\org.apache.commons\commons-lang3\jars\commons-lang3-3.1.jar, C:\Users\Admin\.ivy2\cache\org.scala-lang.modules\scala-xml_2.11\bundles\scala-xml_2.11-1.0.1.jar, C:\Users\Admin\.ivy2\cache\org.scala-lang.modules\scala-parser-combinators_2.11\bundles\scala-parser-combinators_2.11-1.0.1.jar, C:\Users\Admin\.ivy2\cache\io.netty\netty\bundles\netty-3.9.3.Final.jar, C:\Users\Admin\.ivy2\cache\com.typesafe.netty\netty-http-pipelining\jars\netty-http-pipelining-1.1.2.jar, C:\Users\Admin\.ivy2\cache\org.slf4j\slf4j-api\jars\slf4j-api-1.7.6.jar, C:\Users\Admin\.ivy2\cache\org.slf4j\jul-to-slf4j\jars\jul-to-slf4j-1.7.6.jar, C:\Users\Admin\.ivy2\cache\org.slf4j\jcl-over-slf4j\jars\jcl-over-slf4j-1.7.6.jar, C:\Users\Admin\.ivy2\cache\ch.qos.logback\logback-core\jars\logback-core-1.1.1.jar, C:\Users\Admin\.ivy2\cache\ch.qos.logback\logback-classic\jars\logback-classic-1.1.1.jar, C:\Users\Admin\.ivy2\cache\com.typesafe.akka\akka-actor_2.11\jars\akka-actor_2.11-2.3.4.jar, C:\Users\Admin\.ivy2\cache\com.typesafe.akka\akka-slf4j_2.11\jars\akka-slf4j_2.11-2.3.4.jar, C:\Users\Admin\.ivy2\cache\commons-codec\commons-codec\jars\commons-codec-1.9.jar, C:\Users\Admin\.ivy2\cache\xerces\xercesImpl\jars\xercesImpl-2.11.0.jar, C:\Users\Admin\.ivy2\cache\xml-apis\xml-apis\jars\xml-apis-1.4.01.jar, C:\Users\Admin\.ivy2\cache\javax.transaction\jta\jars\jta-1.1.jar, C:\Users\Admin\.ivy2\cache\com.typesafe.play\play-doc_2.11\jars\play-doc_2.11-1.1.0.jar, C:\Users\Admin\.ivy2\cache\org.pegdown\pegdown\jars\pegdown-1.4.0.jar, C:\Users\Admin\.ivy2\cache\org.parboiled\parboiled-java\bundles\parboiled-java-1.1.5.jar, C:\Users\Admin\.ivy2\cache\org.parboiled\parboiled-core\bundles\parboiled-core-1.1.5.jar, C:\Users\Admin\.ivy2\cache\org.ow2.asm\asm\jars\asm-4.1.jar, C:\Users\Admin\.ivy2\cache\org.ow2.asm\asm-tree\jars\asm-tree-4.1.jar, C:\Users\Admin\.ivy2\cache\org.ow2.asm\asm-analysis\jars\asm-analysis-4.1.jar, C:\Users\Admin\.ivy2\cache\org.ow2.asm\asm-util\jars\asm-util-4.1.jar, C:\Users\Admin\.ivy2\cache\commons-io\commons-io\jars\commons-io-2.4.jar),List(),9000,DefaultWatchService,List(C:\Users\Admin\Desktop\ASW\Trivial_i2a\Trivial_i2a\gW\Users-master\app-2.11, C:\Users\Admin\Desktop\ASW\Trivial_i2a\Trivial_i2a\gW\Users-master\app, C:\Users\Admin\Desktop\ASW\Trivial_i2a\Trivial_i2a\gW\Users-master\conf, C:\Users\Admin\Desktop\ASW\Trivial_i2a\Trivial_i2a\gW\Users-master\app\assets, C:\Users\Admin\Desktop\ASW\Trivial_i2a\Trivial_i2a\gW\Users-master\public),C:\Users\Admin\Desktop\ASW\Trivial_i2a\Trivial_i2a\gW\Users-master\target,500,root/playForkNotifyStart,root/playForkReload,300000),scala.pickling.PicklerUnpickler$DelegatingPicklerUnpickler@2b8f2f9a),ForkConfig(C:\Users\Admin\Desktop\ASW\Trivial_i2a\Trivial_i2a\gW\Users-master,List(),List(C:\Users\Admin\.ivy2\cache\org.scala-lang\scala-library\jars\scala-library-2.11.1.jar, C:\Users\Admin\.ivy2\cache\com.typesafe.play\twirl-api_2.11\jars\twirl-api_2.11-1.0.2.jar, C:\Users\Admin\.ivy2\cache\org.apache.commons\commons-lang3\jars\commons-lang3-3.1.jar, C:\Users\Admin\.ivy2\cache\org.scala-lang.modules\scala-xml_2.11\bundles\scala-xml_2.11-1.0.1.jar, C:\Users\Admin\.ivy2\cache\com.typesafe.play\play_2.11\jars\play_2.11-2.3.8.jar, C:\Users\Admin\.ivy2\cache\com.typesafe.play\build-link\jars\build-link-2.3.8.jar, C:\Users\Admin\.ivy2\cache\com.typesafe.play\play-exceptions\jars\play-exceptions-2.3.8.jar, C:\Users\Admin\.ivy2\cache\com.typesafe.play\play-iteratees_2.11\jars\play-iteratees_2.11-2.3.8.jar, C:\Users\Admin\.ivy2\cache\org.scala-stm\scala-stm_2.11\jars\scala-stm_2.11-0.7.jar, C:\Users\Admin\.ivy2\cache\com.typesafe\config\bundles\config-1.2.1.jar, C:\Users\Admin\.ivy2\cache\com.typesafe.play\play-json_2.11\jars\play-json_2.11-2.3.8.jar, C:\Users\Admin\.ivy2\cache\com.typesafe.play\play-functional_2.11\jars\play-functional_2.11-2.3.8.jar, C:\Users\Admin\.ivy2\cache\com.typesafe.play\play-datacommons_2.11\jars\play-datacommons_2.11-2.3.8.jar, C:\Users\Admin\.ivy2\cache\joda-time\joda-time\jars\joda-time-2.3.jar, C:\Users\Admin\.ivy2\cache\org.joda\joda-convert\jars\joda-convert-1.6.jar, C:\Users\Admin\.ivy2\cache\com.fasterxml.jackson.core\jackson-annotations\bundles\jackson-annotations-2.3.2.jar, C:\Users\Admin\.ivy2\cache\com.fasterxml.jackson.core\jackson-core\bundles\jackson-core-2.3.2.jar, C:\Users\Admin\.ivy2\cache\com.fasterxml.jackson.core\jackson-databind\bundles\jackson-databind-2.3.2.jar, C:\Users\Admin\.ivy2\cache\org.scala-lang\scala-reflect\jars\scala-reflect-2.11.1.jar, C:\Users\Admin\.ivy2\cache\org.scala-lang.modules\scala-parser-combinators_2.11\bundles\scala-parser-combinators_2.11-1.0.1.jar, C:\Users\Admin\.ivy2\cache\io.netty\netty\bundles\netty-3.9.3.Final.jar, C:\Users\Admin\.ivy2\cache\com.typesafe.netty\netty-http-pipelining\jars\netty-http-pipelining-1.1.2.jar, C:\Users\Admin\.ivy2\cache\org.slf4j\slf4j-api\jars\slf4j-api-1.7.6.jar, C:\Users\Admin\.ivy2\cache\org.slf4j\jul-to-slf4j\jars\jul-to-slf4j-1.7.6.jar, C:\Users\Admin\.ivy2\cache\org.slf4j\jcl-over-slf4j\jars\jcl-over-slf4j-1.7.6.jar, C:\Users\Admin\.ivy2\cache\ch.qos.logback\logback-core\jars\logback-core-1.1.1.jar, C:\Users\Admin\.ivy2\cache\ch.qos.logback\logback-classic\jars\logback-classic-1.1.1.jar, C:\Users\Admin\.ivy2\cache\com.typesafe.akka\akka-actor_2.11\jars\akka-actor_2.11-2.3.4.jar, C:\Users\Admin\.ivy2\cache\com.typesafe.akka\akka-slf4j_2.11\jars\akka-slf4j_2.11-2.3.4.jar, C:\Users\Admin\.ivy2\cache\commons-codec\commons-codec\jars\commons-codec-1.9.jar, C:\Users\Admin\.ivy2\cache\xerces\xercesImpl\jars\xercesImpl-2.11.0.jar, C:\Users\Admin\.ivy2\cache\xml-apis\xml-apis\jars\xml-apis-1.4.01.jar, C:\Users\Admin\.ivy2\cache\javax.transaction\jta\jars\jta-1.1.jar, C:\Users\Admin\.ivy2\cache\com.typesafe.play\play-java_2.11\jars\play-java_2.11-2.3.8.jar, C:\Users\Admin\.ivy2\cache\org.yaml\snakeyaml\bundles\snakeyaml-1.13.jar, C:\Users\Admin\.ivy2\cache\org.hibernate\hibernate-validator\jars\hibernate-validator-5.0.3.Final.jar, C:\Users\Admin\.ivy2\cache\javax.validation\validation-api\jars\validation-api-1.1.0.Final.jar, C:\Users\Admin\.ivy2\cache\com.fasterxml\classmate\bundles\classmate-1.0.0.jar, C:\Users\Admin\.ivy2\cache\org.jboss.logging\jboss-logging\jars\jboss-logging-3.2.0.Final.jar, C:\Users\Admin\.ivy2\cache\org.springframework\spring-context\jars\spring-context-4.0.3.RELEASE.jar, C:\Users\Admin\.ivy2\cache\org.springframework\spring-core\jars\spring-core-4.0.3.RELEASE.jar, C:\Users\Admin\.ivy2\cache\org.springframework\spring-beans\jars\spring-beans-4.0.3.RELEASE.jar, C:\Users\Admin\.ivy2\cache\org.javassist\javassist\bundles\javassist-3.19.0-GA.jar, C:\Users\Admin\.ivy2\cache\org.reflections\reflections\jars\reflections-0.9.8.jar, C:\Users\Admin\.ivy2\cache\com.google.guava\guava\bundles\guava-16.0.1.jar, C:\Users\Admin\.ivy2\cache\dom4j\dom4j\jars\dom4j-1.6.1.jar, C:\Users\Admin\.ivy2\cache\com.google.code.findbugs\jsr305\jars\jsr305-2.0.3.jar, C:\Users\Admin\.ivy2\cache\org.apache.tomcat\tomcat-servlet-api\jars\tomcat-servlet-api-8.0.5.jar, C:\Users\Admin\.ivy2\cache\com.typesafe.play\play-java-jdbc_2.11\jars\play-java-jdbc_2.11-2.3.8.jar, C:\Users\Admin\.ivy2\cache\com.typesafe.play\play-jdbc_2.11\jars\play-jdbc_2.11-2.3.8.jar, C:\Users\Admin\.ivy2\cache\com.jolbox\bonecp\bundles\bonecp-0.8.0.RELEASE.jar, C:\Users\Admin\.ivy2\cache\com.h2database\h2\jars\h2-1.3.175.jar, C:\Users\Admin\.ivy2\cache\tyrex\tyrex\jars\tyrex-1.0.1.jar, C:\Users\Admin\.ivy2\cache\com.typesafe.play\play-java-ebean_2.11\jars\play-java-ebean_2.11-2.3.8.jar, C:\Users\Admin\.ivy2\cache\org.avaje.ebeanorm\avaje-ebeanorm\jars\avaje-ebeanorm-3.3.4.jar, C:\Users\Admin\.ivy2\cache\org.avaje.ebeanorm\avaje-ebeanorm-agent\jars\avaje-ebeanorm-agent-3.2.2.jar, C:\Users\Admin\.ivy2\cache\org.hibernate.javax.persistence\hibernate-jpa-2.0-api\jars\hibernate-jpa-2.0-api-1.0.1.Final.jar, C:\Users\Admin\.ivy2\cache\com.typesafe.play\play-cache_2.11\jars\play-cache_2.11-2.3.8.jar, C:\Users\Admin\.ivy2\cache\net.sf.ehcache\ehcache-core\jars\ehcache-core-2.6.8.jar, C:\Users\Admin\.ivy2\cache\com.typesafe.play\play-java-ws_2.11\jars\play-java-ws_2.11-2.3.8.jar, C:\Users\Admin\.ivy2\cache\com.typesafe.play\play-ws_2.11\jars\play-ws_2.11-2.3.8.jar, C:\Users\Admin\.ivy2\cache\com.ning\async-http-client\jars\async-http-client-1.8.15.jar, C:\Users\Admin\.ivy2\cache\oauth.signpost\signpost-core\jars\signpost-core-1.2.1.2.jar, C:\Users\Admin\.ivy2\cache\oauth.signpost\signpost-commonshttp4\jars\signpost-commonshttp4-1.2.1.2.jar, C:\Users\Admin\.ivy2\cache\org.apache.httpcomponents\httpcore\jars\httpcore-4.0.1.jar, C:\Users\Admin\.ivy2\cache\org.apache.httpcomponents\httpclient\jars\httpclient-4.0.1.jar, C:\Users\Admin\.ivy2\cache\commons-logging\commons-logging\jars\commons-logging-1.1.1.jar, C:\Users\Admin\.ivy2\cache\com.googlecode.json-simple\json-simple\jars\json-simple-1.1.jar),List((public/,C:\Users\Admin\Desktop\ASW\Trivial_i2a\Trivial_i2a\gW\Users-master\target\web\public\main)),List(C:\Users\Admin\.ivy2\cache\com.typesafe.play\play-docs_2.11\jars\play-docs_2.11-2.3.8.jar, C:\Users\Admin\.ivy2\cache\org.scala-lang\scala-library\jars\scala-library-2.11.1.jar, C:\Users\Admin\.ivy2\cache\com.typesafe.play\play_2.11\jars\play_2.11-2.3.8.jar, C:\Users\Admin\.ivy2\cache\com.typesafe.play\build-link\jars\build-link-2.3.8.jar, C:\Users\Admin\.ivy2\cache\com.typesafe.play\play-exceptions\jars\play-exceptions-2.3.8.jar, C:\Users\Admin\.ivy2\cache\org.javassist\javassist\bundles\javassist-3.18.2-GA.jar, C:\Users\Admin\.ivy2\cache\com.typesafe.play\play-iteratees_2.11\jars\play-iteratees_2.11-2.3.8.jar, C:\Users\Admin\.ivy2\cache\org.scala-stm\scala-stm_2.11\jars\scala-stm_2.11-0.7.jar, C:\Users\Admin\.ivy2\cache\com.typesafe\config\bundles\config-1.2.1.jar, C:\Users\Admin\.ivy2\cache\com.typesafe.play\play-json_2.11\jars\play-json_2.11-2.3.8.jar, C:\Users\Admin\.ivy2\cache\com.typesafe.play\play-functional_2.11\jars\play-functional_2.11-2.3.8.jar, C:\Users\Admin\.ivy2\cache\com.typesafe.play\play-datacommons_2.11\jars\play-datacommons_2.11-2.3.8.jar, C:\Users\Admin\.ivy2\cache\joda-time\joda-time\jars\joda-time-2.3.jar, C:\Users\Admin\.ivy2\cache\org.joda\joda-convert\jars\joda-convert-1.6.jar, C:\Users\Admin\.ivy2\cache\com.fasterxml.jackson.core\jackson-annotations\bundles\jackson-annotations-2.3.2.jar, C:\Users\Admin\.ivy2\cache\com.fasterxml.jackson.core\jackson-core\bundles\jackson-core-2.3.2.jar, C:\Users\Admin\.ivy2\cache\com.fasterxml.jackson.core\jackson-databind\bundles\jackson-databind-2.3.2.jar, C:\Users\Admin\.ivy2\cache\org.scala-lang\scala-reflect\jars\scala-reflect-2.11.1.jar, C:\Users\Admin\.ivy2\cache\com.typesafe.play\twirl-api_2.11\jars\twirl-api_2.11-1.0.2.jar, C:\Users\Admin\.ivy2\cache\org.apache.commons\commons-lang3\jars\commons-lang3-3.1.jar, C:\Users\Admin\.ivy2\cache\org.scala-lang.modules\scala-xml_2.11\bundles\scala-xml_2.11-1.0.1.jar, C:\Users\Admin\.ivy2\cache\org.scala-lang.modules\scala-parser-combinators_2.11\bundles\scala-parser-combinators_2.11-1.0.1.jar, C:\Users\Admin\.ivy2\cache\io.netty\netty\bundles\netty-3.9.3.Final.jar, C:\Users\Admin\.ivy2\cache\com.typesafe.netty\netty-http-pipelining\jars\netty-http-pipelining-1.1.2.jar, C:\Users\Admin\.ivy2\cache\org.slf4j\slf4j-api\jars\slf4j-api-1.7.6.jar, C:\Users\Admin\.ivy2\cache\org.slf4j\jul-to-slf4j\jars\jul-to-slf4j-1.7.6.jar, C:\Users\Admin\.ivy2\cache\org.slf4j\jcl-over-slf4j\jars\jcl-over-slf4j-1.7.6.jar, C:\Users\Admin\.ivy2\cache\ch.qos.logback\logback-core\jars\logback-core-1.1.1.jar, C:\Users\Admin\.ivy2\cache\ch.qos.logback\logback-classic\jars\logback-classic-1.1.1.jar, C:\Users\Admin\.ivy2\cache\com.typesafe.akka\akka-actor_2.11\jars\akka-actor_2.11-2.3.4.jar, C:\Users\Admin\.ivy2\cache\com.typesafe.akka\akka-slf4j_2.11\jars\akka-slf4j_2.11-2.3.4.jar, C:\Users\Admin\.ivy2\cache\commons-codec\commons-codec\jars\commons-codec-1.9.jar, C:\Users\Admin\.ivy2\cache\xerces\xercesImpl\jars\xercesImpl-2.11.0.jar, C:\Users\Admin\.ivy2\cache\xml-apis\xml-apis\jars\xml-apis-1.4.01.jar, C:\Users\Admin\.ivy2\cache\javax.transaction\jta\jars\jta-1.1.jar, C:\Users\Admin\.ivy2\cache\com.typesafe.play\play-doc_2.11\jars\play-doc_2.11-1.1.0.jar, C:\Users\Admin\.ivy2\cache\org.pegdown\pegdown\jars\pegdown-1.4.0.jar, C:\Users\Admin\.ivy2\cache\org.parboiled\parboiled-java\bundles\parboiled-java-1.1.5.jar, C:\Users\Admin\.ivy2\cache\org.parboiled\parboiled-core\bundles\parboiled-core-1.1.5.jar, C:\Users\Admin\.ivy2\cache\org.ow2.asm\asm\jars\asm-4.1.jar, C:\Users\Admin\.ivy2\cache\org.ow2.asm\asm-tree\jars\asm-tree-4.1.jar, C:\Users\Admin\.ivy2\cache\org.ow2.asm\asm-analysis\jars\asm-analysis-4.1.jar, C:\Users\Admin\.ivy2\cache\org.ow2.asm\asm-util\jars\asm-util-4.1.jar, C:\Users\Admin\.ivy2\cache\commons-io\commons-io\jars\commons-io-2.4.jar),List(),9000,DefaultWatchService,List(C:\Users\Admin\Desktop\ASW\Trivial_i2a\Trivial_i2a\gW\Users-master\app-2.11, C:\Users\Admin\Desktop\ASW\Trivial_i2a\Trivial_i2a\gW\Users-master\app, C:\Users\Admin\Desktop\ASW\Trivial_i2a\Trivial_i2a\gW\Users-master\conf, C:\Users\Admin\Desktop\ASW\Trivial_i2a\Trivial_i2a\gW\Users-master\app\assets, C:\Users\Admin\Desktop\ASW\Trivial_i2a\Trivial_i2a\gW\Users-master\public),C:\Users\Admin\Desktop\ASW\Trivial_i2a\Trivial_i2a\gW\Users-master\target,500,root/playForkNotifyStart,root/playForkReload,300000))))
Sending msg to client play-fork-run-d39ccd95-e72d-406a-87f9-24abf9ac1b38: TaskStarted(14,1231,None)
Sending msg to client play-fork-run-d39ccd95-e72d-406a-87f9-24abf9ac1b38: TaskFinished(14,1231,None,true,None)
Sending msg to client play-fork-run-d39ccd95-e72d-406a-87f9-24abf9ac1b38: TaskStarted(14,1230,None)
Sending msg to client play-fork-run-d39ccd95-e72d-406a-87f9-24abf9ac1b38: TaskFinished(14,1230,None,true,None)
Sending msg to client play-fork-run-d39ccd95-e72d-406a-87f9-24abf9ac1b38: DetachedLogEvent(LogMessage(debug,cancel strategy finish enabled=false lastCommand=Some(LastCommand(CommandExecutionWork(ExecutionId(14),{file:/C:/Users/Admin/Desktop/ASW/Trivial_i2a/Trivial_i2a/gW/Users-master/}root/*:playForkConfig,Set(LiveClient(play-fork-run d39ccd95-e72d-406a-87f9-24abf9ac1b38)),sbt.server.WorkCancellationStatus$$anon$1@5f05e03c)))))
Sending msg to client play-fork-run-d39ccd95-e72d-406a-87f9-24abf9ac1b38: DetachedLogEvent(LogSuccess(Total time: 0 s, completed 10-may-2015 15:10:04))
Sending msg to client play-fork-run-d39ccd95-e72d-406a-87f9-24abf9ac1b38: DetachedLogEvent(LogMessage(debug,> server-post-command-cleanup))
Sending msg to client play-fork-run-d39ccd95-e72d-406a-87f9-24abf9ac1b38: ExecutionSuccess(14)
Sending msg to client play-fork-run-d39ccd95-e72d-406a-87f9-24abf9ac1b38: DetachedLogEvent(LogMessage(debug,> server-handle-next-server-request))
Sending msg to client play-fork-run-d39ccd95-e72d-406a-87f9-24abf9ac1b38: BackgroundJobLogEvent(2,LogMessage(info,))
Sending msg to client play-fork-run-d39ccd95-e72d-406a-87f9-24abf9ac1b38: BackgroundJobLogEvent(2,LogMessage(info,--- (Running the application, auto-reloading is enabled) ---))
Sending msg to client play-fork-run-d39ccd95-e72d-406a-87f9-24abf9ac1b38: BackgroundJobLogEvent(2,LogMessage(info,))
Sending msg to client play-fork-run-d39ccd95-e72d-406a-87f9-24abf9ac1b38: BackgroundJobLogEvent(2,LogMessage(error,Play fork run has failed due to:))
Sending msg to client play-fork-run-d39ccd95-e72d-406a-87f9-24abf9ac1b38: BackgroundJobLogEvent(2,LogMessage(error,java.lang.reflect.InvocationTargetException))
Sending msg to client play-fork-run-d39ccd95-e72d-406a-87f9-24abf9ac1b38: BackgroundJobLogEvent(2,LogMessage(error,	at sun.reflect.NativeMethodAccessorImpl.invoke0(Native Method)))
Sending msg to client play-fork-run-d39ccd95-e72d-406a-87f9-24abf9ac1b38: BackgroundJobLogEvent(2,LogMessage(error,	at sun.reflect.NativeMethodAccessorImpl.invoke(Unknown Source)))
Sending msg to client play-fork-run-d39ccd95-e72d-406a-87f9-24abf9ac1b38: BackgroundJobLogEvent(2,LogMessage(error,	at sun.reflect.DelegatingMethodAccessorImpl.invoke(Unknown Source)))
Sending msg to client play-fork-run-d39ccd95-e72d-406a-87f9-24abf9ac1b38: BackgroundJobLogEvent(2,LogMessage(error,	at java.lang.reflect.Method.invoke(Unknown Source)))
Sending msg to client play-fork-run-d39ccd95-e72d-406a-87f9-24abf9ac1b38: BackgroundJobLogEvent(2,LogMessage(error,	at play.runsupport.Reloader$.startDevMode(Reloader.scala:197)))
Sending msg to client play-fork-run-d39ccd95-e72d-406a-87f9-24abf9ac1b38: BackgroundJobLogEvent(2,LogMessage(error,	at play.forkrun.ForkRun$.startServer(ForkRun.scala:82)))
Sending msg to client play-fork-run-d39ccd95-e72d-406a-87f9-24abf9ac1b38: BackgroundJobLogEvent(2,LogMessage(error,	at play.forkrun.ForkRun.run(ForkRun.scala:173)))
Sending msg to client play-fork-run-d39ccd95-e72d-406a-87f9-24abf9ac1b38: BackgroundJobLogEvent(2,LogMessage(error,	at play.forkrun.ForkRun$$anonfun$settingUp$1.applyOrElse(ForkRun.scala:162)))
Sending msg to client play-fork-run-d39ccd95-e72d-406a-87f9-24abf9ac1b38: BackgroundJobLogEvent(2,LogMessage(error,	at akka.actor.Actor$class.aroundReceive(Actor.scala:465)))
Sending msg to client play-fork-run-d39ccd95-e72d-406a-87f9-24abf9ac1b38: BackgroundJobLogEvent(2,LogMessage(error,	at play.forkrun.ForkRun.aroundReceive(ForkRun.scala:148)))
Sending msg to client play-fork-run-d39ccd95-e72d-406a-87f9-24abf9ac1b38: BackgroundJobLogEvent(2,LogMessage(error,	at akka.actor.ActorCell.receiveMessage(ActorCell.scala:516)))
Sending msg to client play-fork-run-d39ccd95-e72d-406a-87f9-24abf9ac1b38: BackgroundJobLogEvent(2,LogMessage(error,	at akka.actor.ActorCell.invoke(ActorCell.scala:487)))
Sending msg to client play-fork-run-d39ccd95-e72d-406a-87f9-24abf9ac1b38: BackgroundJobLogEvent(2,LogMessage(error,	at akka.dispatch.Mailbox.processMailbox(Mailbox.scala:254)))
Sending msg to client play-fork-run-d39ccd95-e72d-406a-87f9-24abf9ac1b38: BackgroundJobLogEvent(2,LogMessage(error,	at akka.dispatch.Mailbox.run(Mailbox.scala:221)))
Sending msg to client play-fork-run-d39ccd95-e72d-406a-87f9-24abf9ac1b38: BackgroundJobLogEvent(2,LogMessage(error,	at akka.dispatch.Mailbox.exec(Mailbox.scala:231)))
Sending msg to client play-fork-run-d39ccd95-e72d-406a-87f9-24abf9ac1b38: BackgroundJobLogEvent(2,LogMessage(error,	at scala.concurrent.forkjoin.ForkJoinTask.doExec(ForkJoinTask.java:260)))
Sending msg to client play-fork-run-d39ccd95-e72d-406a-87f9-24abf9ac1b38: BackgroundJobLogEvent(2,LogMessage(error,	at scala.concurrent.forkjoin.ForkJoinPool$WorkQueue.pollAndExecAll(ForkJoinPool.java:1253)))
Sending msg to client play-fork-run-d39ccd95-e72d-406a-87f9-24abf9ac1b38: BackgroundJobLogEvent(2,LogMessage(error,	at scala.concurrent.forkjoin.ForkJoinPool$WorkQueue.runTask(ForkJoinPool.java:1346)))
Sending msg to client play-fork-run-d39ccd95-e72d-406a-87f9-24abf9ac1b38: BackgroundJobLogEvent(2,LogMessage(error,	at scala.concurrent.forkjoin.ForkJoinPool.runWorker(ForkJoinPool.java:1979)))
Sending msg to client play-fork-run-d39ccd95-e72d-406a-87f9-24abf9ac1b38: BackgroundJobLogEvent(2,LogMessage(error,	at scala.concurrent.forkjoin.ForkJoinWorkerThread.run(ForkJoinWorkerThread.java:107)))
Sending msg to client play-fork-run-d39ccd95-e72d-406a-87f9-24abf9ac1b38: BackgroundJobLogEvent(2,LogMessage(error,Caused by: org.jboss.netty.channel.ChannelException: Failed to bind to: /0.0.0.0:9000))
Sending msg to client play-fork-run-d39ccd95-e72d-406a-87f9-24abf9ac1b38: BackgroundJobLogEvent(2,LogMessage(error,	at org.jboss.netty.bootstrap.ServerBootstrap.bind(ServerBootstrap.java:272)))
Sending msg to client play-fork-run-d39ccd95-e72d-406a-87f9-24abf9ac1b38: BackgroundJobLogEvent(2,LogMessage(error,	at play.core.server.NettyServer$$anonfun$8.apply(NettyServer.scala:138)))
Sending msg to client play-fork-run-d39ccd95-e72d-406a-87f9-24abf9ac1b38: BackgroundJobLogEvent(2,LogMessage(error,	at play.core.server.NettyServer$$anonfun$8.apply(NettyServer.scala:135)))
Sending msg to client play-fork-run-d39ccd95-e72d-406a-87f9-24abf9ac1b38: BackgroundJobLogEvent(2,LogMessage(error,	at scala.Option.map(Option.scala:145)))
Sending msg to client play-fork-run-d39ccd95-e72d-406a-87f9-24abf9ac1b38: BackgroundJobLogEvent(2,LogMessage(error,	at play.core.server.NettyServer.<init>(NettyServer.scala:135)))
Sending msg to client play-fork-run-d39ccd95-e72d-406a-87f9-24abf9ac1b38: BackgroundJobLogEvent(2,LogMessage(error,	at play.core.server.NettyServer$$anonfun$mainDev$1.apply(NettyServer.scala:320)))
Sending msg to client play-fork-run-d39ccd95-e72d-406a-87f9-24abf9ac1b38: BackgroundJobLogEvent(2,LogMessage(error,	at play.core.server.NettyServer$$anonfun$mainDev$1.apply(NettyServer.scala:318)))
Sending msg to client play-fork-run-d39ccd95-e72d-406a-87f9-24abf9ac1b38: BackgroundJobLogEvent(2,LogMessage(error,	at play.utils.Threads$.withContextClassLoader(Threads.scala:21)))
Sending msg to client play-fork-run-d39ccd95-e72d-406a-87f9-24abf9ac1b38: BackgroundJobLogEvent(2,LogMessage(error,	at play.core.server.NettyServer$.mainDev(NettyServer.scala:317)))
Sending msg to client play-fork-run-d39ccd95-e72d-406a-87f9-24abf9ac1b38: BackgroundJobLogEvent(2,LogMessage(error,	at play.core.server.NettyServer$.mainDevHttpMode(NettyServer.scala:313)))
Sending msg to client play-fork-run-d39ccd95-e72d-406a-87f9-24abf9ac1b38: BackgroundJobLogEvent(2,LogMessage(error,	at play.core.server.NettyServer.mainDevHttpMode(NettyServer.scala)))
Sending msg to client play-fork-run-d39ccd95-e72d-406a-87f9-24abf9ac1b38: BackgroundJobLogEvent(2,LogMessage(error,	... 20 more))
Sending msg to client play-fork-run-d39ccd95-e72d-406a-87f9-24abf9ac1b38: BackgroundJobLogEvent(2,LogMessage(error,Caused by: java.net.BindException: Address already in use: bind))
Sending msg to client play-fork-run-d39ccd95-e72d-406a-87f9-24abf9ac1b38: BackgroundJobLogEvent(2,LogMessage(error,	at sun.nio.ch.Net.bind0(Native Method)))
Sending msg to client play-fork-run-d39ccd95-e72d-406a-87f9-24abf9ac1b38: BackgroundJobLogEvent(2,LogMessage(error,	at sun.nio.ch.Net.bind(Unknown Source)))
Sending msg to client play-fork-run-d39ccd95-e72d-406a-87f9-24abf9ac1b38: BackgroundJobLogEvent(2,LogMessage(error,	at sun.nio.ch.Net.bind(Unknown Source)))
Sending msg to client play-fork-run-d39ccd95-e72d-406a-87f9-24abf9ac1b38: BackgroundJobLogEvent(2,LogMessage(error,	at sun.nio.ch.ServerSocketChannelImpl.bind(Unknown Source)))
Sending msg to client play-fork-run-d39ccd95-e72d-406a-87f9-24abf9ac1b38: BackgroundJobLogEvent(2,LogMessage(error,	at sun.nio.ch.ServerSocketAdaptor.bind(Unknown Source)))
Sending msg to client play-fork-run-d39ccd95-e72d-406a-87f9-24abf9ac1b38: BackgroundJobLogEvent(2,LogMessage(error,	at org.jboss.netty.channel.socket.nio.NioServerBoss$RegisterTask.run(NioServerBoss.java:193)))
Sending msg to client play-fork-run-d39ccd95-e72d-406a-87f9-24abf9ac1b38: BackgroundJobLogEvent(2,LogMessage(error,	at org.jboss.netty.channel.socket.nio.AbstractNioSelector.processTaskQueue(AbstractNioSelector.java:372)))
Sending msg to client play-fork-run-d39ccd95-e72d-406a-87f9-24abf9ac1b38: BackgroundJobLogEvent(2,LogMessage(error,	at org.jboss.netty.channel.socket.nio.AbstractNioSelector.run(AbstractNioSelector.java:296)))
Sending msg to client play-fork-run-d39ccd95-e72d-406a-87f9-24abf9ac1b38: BackgroundJobLogEvent(2,LogMessage(error,	at org.jboss.netty.channel.socket.nio.NioServerBoss.run(NioServerBoss.java:42)))
Sending msg to client play-fork-run-d39ccd95-e72d-406a-87f9-24abf9ac1b38: BackgroundJobLogEvent(2,LogMessage(error,	at org.jboss.netty.util.ThreadRenamingRunnable.run(ThreadRenamingRunnable.java:108)))
Sending msg to client play-fork-run-d39ccd95-e72d-406a-87f9-24abf9ac1b38: BackgroundJobLogEvent(2,LogMessage(error,	at org.jboss.netty.util.internal.DeadLockProofWorker$1.run(DeadLockProofWorker.java:42)))
Sending msg to client play-fork-run-d39ccd95-e72d-406a-87f9-24abf9ac1b38: BackgroundJobLogEvent(2,LogMessage(error,	at java.util.concurrent.ThreadPoolExecutor.runWorker(Unknown Source)))
Sending msg to client play-fork-run-d39ccd95-e72d-406a-87f9-24abf9ac1b38: BackgroundJobLogEvent(2,LogMessage(error,	at java.util.concurrent.ThreadPoolExecutor$Worker.run(Unknown Source)))
Sending msg to client play-fork-run-d39ccd95-e72d-406a-87f9-24abf9ac1b38: BackgroundJobLogEvent(2,LogMessage(error,	at java.lang.Thread.run(Unknown Source)))
Got request: UnlistenToEvents()
Reading next message from client.
Sending msg to client play-fork-run-d39ccd95-e72d-406a-87f9-24abf9ac1b38: (8,ReceivedResponse())
Got request: UnlistenToValue(AttributeKey[play.forkrun.protocol.ForkConfig]("playForkConfig") in Scope(Build: file:/C:/Users/Admin/Desktop/ASW/Trivial_i2a/Trivial_i2a/gW/Users-master/, , Project: ProjectReference(file:/C:/Users/Admin/Desktop/ASW/Trivial_i2a/Trivial_i2a/gW/Users-master/,root)))
Reading next message from client.
Client play-fork-run-d39ccd95-e72d-406a-87f9-24abf9ac1b38 EOF, shutting down.
Stopping client.
Dropping message (9,ReceivedResponse()) to dead client play-fork-run-d39ccd95-e72d-406a-87f9-24abf9ac1b38
Dropping message (0,ReceivedResponse()) to dead client play-fork-run-d39ccd95-e72d-406a-87f9-24abf9ac1b38
Client play-fork-run-d39ccd95-e72d-406a-87f9-24abf9ac1b38 thread exiting.
